<?xml version="1.0" encoding="UTF-8"?>
<testsuites name="Language_test_cases" time="475" tests="10" failures="1" errors="0">
   <testsuite name="Language_test_cases" tests="10" failures="1" errors="0" time="475" timestamp="2018-03-27 12:12:58" hostname="user - BrainPc" id="Test Suites/Language_test_cases">
      <properties>
         <property name="deviceName" value=""/>
         <property name="devicePlatform" value=""/>
         <property name="logFolder" value="C:\\Users\\user\\Katalon Studio\\Route_report_WEB\\Reports\\Language_test_cases\\20180327_121255"/>
         <property name="logFiles" value="C:\\Users\\user\\Katalon Studio\\Route_report_WEB\\Reports\\Language_test_cases\\20180327_121255\\execution0.log"/>
         <property name="attachments" value="C:\\Users\\user\\Katalon Studio\\Route_report_WEB\\Reports\\Language_test_cases\\20180327_121255\\1522142259589.png"/>
         <property name="hostName" value="user - BrainPc"/>
         <property name="os" value="Windows 8.1 64bit"/>
         <property name="katalonVersion" value="5.3.1.1"/>
         <property name="browser" value="Chrome 65.0.3325.181"/>
         <property name="hostAddress" value="10.1.2.105"/>
         <property name="sessionId" value="fbf340390bd632ca4ebc08657ed39d4d"/>
         <property name="seleniumVersion" value="3.7.1"/>
         <property name="proxyInformation" value="ProxyInformation{proxyOption=NO_PROXY, proxyServerType=HTTP, password=, proxyServerAddress=, proxyServerPort=0}"/>
         <property name="platform" value="Windows 8.1"/>
      </properties>
      <testcase name="Test Cases/Language_test_cases/Language_Change_About_Us" classname="Test Cases/Language_test_cases/Language_Change_About_Us" status="PASSED">
         <system-out><![CDATA[2018-03-27 12:12:59 - [TEST_CASE][PASSED] - Test Cases/Language_test_cases/Language_Change_About_Us: Test Cases/Language_test_cases/Language_Change_About_Us

2018-03-27 12:12:59 - [TEST_STEP][PASSED] - openBrowser: Browser is opened with url: ''

2018-03-27 12:13:03 - [MESSAGE][PASSED] - Browser is opened with url: ''

2018-03-27 12:13:03 - [TEST_STEP][PASSED] - navigateToUrl: Navigate to 'https://www.route-report.com/' successfully

2018-03-27 12:13:09 - [MESSAGE][PASSED] - Navigate to 'https://www.route-report.com/' successfully

2018-03-27 12:13:09 - [TEST_STEP][PASSED] - maximizeWindow: Current window maximized

2018-03-27 12:13:10 - [MESSAGE][PASSED] - Current window maximized

2018-03-27 12:13:10 - [TEST_STEP][PASSED] - click: Object: 'Object Repository/Header-Footer/Header buttons/Header_Button_About us' is clicked on

2018-03-27 12:13:11 - [MESSAGE][PASSED] - Object: 'Object Repository/Header-Footer/Header buttons/Header_Button_About us' is clicked on

2018-03-27 12:13:11 - [TEST_STEP][PASSED] - waitForElementPresent: Object 'Object Repository/Header-Footer/Ver_Buttons/ver_JOIN US NOW' is present

2018-03-27 12:13:11 - [MESSAGE][PASSED] - Object 'Object Repository/Header-Footer/Ver_Buttons/ver_JOIN US NOW' is present

2018-03-27 12:13:11 - [TEST_STEP][PASSED] - click: Object: 'Object Repository/Header-Footer/Header buttons/Language_Button_DE' is clicked on

2018-03-27 12:13:12 - [MESSAGE][PASSED] - Object: 'Object Repository/Header-Footer/Header buttons/Language_Button_DE' is clicked on

2018-03-27 12:13:12 - [TEST_STEP][PASSED] - verifyElementText: Actual text and expected text of test object 'Object Repository/Header-Footer/Header buttons/Header_Button_About us' are matched.

2018-03-27 12:13:12 - [MESSAGE][PASSED] - Actual text and expected text of test object 'Object Repository/Header-Footer/Header buttons/Header_Button_About us' are matched.

2018-03-27 12:13:12 - [TEST_STEP][PASSED] - click: Object: 'Object Repository/Header-Footer/Header buttons/Language_Button_RU' is clicked on

2018-03-27 12:13:13 - [MESSAGE][PASSED] - Object: 'Object Repository/Header-Footer/Header buttons/Language_Button_RU' is clicked on

2018-03-27 12:13:13 - [TEST_STEP][PASSED] - waitForElementPresent: Object 'Object Repository/Header-Footer/Header buttons/Header_Button_Create a report' is not present after 2 second(s)

2018-03-27 12:13:15 - [MESSAGE][WARNING] - Object 'Object Repository/Header-Footer/Header buttons/Header_Button_Create a report' is not present after 2 second(s)

2018-03-27 12:13:15 - [TEST_STEP][PASSED] - verifyElementText: Actual text and expected text of test object 'Object Repository/Header-Footer/Header buttons/Header_Button_About us' are matched.

2018-03-27 12:13:15 - [MESSAGE][PASSED] - Actual text and expected text of test object 'Object Repository/Header-Footer/Header buttons/Header_Button_About us' are matched.

2018-03-27 12:13:15 - [TEST_STEP][PASSED] - click: Object: 'Object Repository/Header-Footer/Header buttons/Language_Button_FR' is clicked on

2018-03-27 12:13:15 - [MESSAGE][PASSED] - Object: 'Object Repository/Header-Footer/Header buttons/Language_Button_FR' is clicked on

2018-03-27 12:13:15 - [TEST_STEP][PASSED] - waitForElementPresent: Object 'Object Repository/Header-Footer/Header buttons/Header_Button_Create a report' is not present after 2 second(s)

2018-03-27 12:13:18 - [MESSAGE][WARNING] - Object 'Object Repository/Header-Footer/Header buttons/Header_Button_Create a report' is not present after 2 second(s)

2018-03-27 12:13:18 - [TEST_STEP][PASSED] - verifyElementText: Actual text and expected text of test object 'Object Repository/Header-Footer/Header buttons/Header_Button_About us' are matched.

2018-03-27 12:13:18 - [MESSAGE][PASSED] - Actual text and expected text of test object 'Object Repository/Header-Footer/Header buttons/Header_Button_About us' are matched.

2018-03-27 12:13:18 - [TEST_STEP][PASSED] - click: Object: 'Object Repository/Header-Footer/Header buttons/Language_Button_ES' is clicked on

2018-03-27 12:13:19 - [MESSAGE][PASSED] - Object: 'Object Repository/Header-Footer/Header buttons/Language_Button_ES' is clicked on

2018-03-27 12:13:19 - [TEST_STEP][PASSED] - waitForElementPresent: Object 'Object Repository/Header-Footer/Header buttons/Header_Button_Create a report' is not present after 2 second(s)

2018-03-27 12:13:21 - [MESSAGE][WARNING] - Object 'Object Repository/Header-Footer/Header buttons/Header_Button_Create a report' is not present after 2 second(s)

2018-03-27 12:13:21 - [TEST_STEP][PASSED] - verifyElementText: Actual text and expected text of test object 'Object Repository/Header-Footer/Header buttons/Header_Button_About us' are matched.

2018-03-27 12:13:21 - [MESSAGE][PASSED] - Actual text and expected text of test object 'Object Repository/Header-Footer/Header buttons/Header_Button_About us' are matched.

2018-03-27 12:13:21 - [TEST_STEP][PASSED] - click: Object: 'Object Repository/Header-Footer/Header buttons/Language_Button_IT' is clicked on

2018-03-27 12:13:22 - [MESSAGE][PASSED] - Object: 'Object Repository/Header-Footer/Header buttons/Language_Button_IT' is clicked on

2018-03-27 12:13:22 - [TEST_STEP][PASSED] - waitForElementPresent: Object 'Object Repository/Header-Footer/Header buttons/Header_Button_Create a report' is not present after 2 second(s)

2018-03-27 12:13:24 - [MESSAGE][WARNING] - Object 'Object Repository/Header-Footer/Header buttons/Header_Button_Create a report' is not present after 2 second(s)

2018-03-27 12:13:24 - [TEST_STEP][PASSED] - verifyElementText: Actual text and expected text of test object 'Object Repository/Header-Footer/Header buttons/Header_Button_About us' are matched.

2018-03-27 12:13:24 - [MESSAGE][PASSED] - Actual text and expected text of test object 'Object Repository/Header-Footer/Header buttons/Header_Button_About us' are matched.

2018-03-27 12:13:24 - [TEST_STEP][PASSED] - click: Object: 'Object Repository/Header-Footer/Header buttons/Language_Button_PL' is clicked on

2018-03-27 12:13:24 - [MESSAGE][PASSED] - Object: 'Object Repository/Header-Footer/Header buttons/Language_Button_PL' is clicked on

2018-03-27 12:13:24 - [TEST_STEP][PASSED] - waitForElementPresent: Object 'Object Repository/Header-Footer/Header buttons/Header_Button_Create a report' is not present after 2 second(s)

2018-03-27 12:13:26 - [MESSAGE][WARNING] - Object 'Object Repository/Header-Footer/Header buttons/Header_Button_Create a report' is not present after 2 second(s)

2018-03-27 12:13:26 - [TEST_STEP][PASSED] - verifyElementText: Actual text and expected text of test object 'Object Repository/Header-Footer/Header buttons/Header_Button_About us' are matched.

2018-03-27 12:13:27 - [MESSAGE][PASSED] - Actual text and expected text of test object 'Object Repository/Header-Footer/Header buttons/Header_Button_About us' are matched.

2018-03-27 12:13:27 - [TEST_STEP][PASSED] - click: Object: 'Object Repository/Header-Footer/Header buttons/Language_Button_EN' is clicked on

2018-03-27 12:13:28 - [MESSAGE][PASSED] - Object: 'Object Repository/Header-Footer/Header buttons/Language_Button_EN' is clicked on

2018-03-27 12:13:28 - [TEST_STEP][PASSED] - waitForElementPresent: Object 'Object Repository/Header-Footer/Header buttons/Header_Button_Create a report' is present

2018-03-27 12:13:28 - [MESSAGE][PASSED] - Object 'Object Repository/Header-Footer/Header buttons/Header_Button_Create a report' is present

2018-03-27 12:13:28 - [TEST_STEP][PASSED] - verifyElementText: Actual text and expected text of test object 'Object Repository/Header-Footer/Header buttons/Header_Button_About us' are matched.

2018-03-27 12:13:28 - [MESSAGE][PASSED] - Actual text and expected text of test object 'Object Repository/Header-Footer/Header buttons/Header_Button_About us' are matched.

2018-03-27 12:13:28 - [TEST_STEP][PASSED] - closeBrowser: Browser is closed

2018-03-27 12:13:28 - [MESSAGE][PASSED] - Browser is closed]]></system-out>
         <system-err><![CDATA[]]></system-err>
      </testcase>
      <testcase name="Test Cases/Language_test_cases/Language_Change_Authors" classname="Test Cases/Language_test_cases/Language_Change_Authors" status="PASSED">
         <system-out><![CDATA[2018-03-27 12:13:28 - [TEST_CASE][PASSED] - Test Cases/Language_test_cases/Language_Change_Authors: Test Cases/Language_test_cases/Language_Change_Authors

2018-03-27 12:13:29 - [TEST_STEP][PASSED] - openBrowser: Browser is opened with url: ''

2018-03-27 12:13:31 - [MESSAGE][PASSED] - Browser is opened with url: ''

2018-03-27 12:13:31 - [TEST_STEP][PASSED] - navigateToUrl: Navigate to 'https://www.route-report.com/' successfully

2018-03-27 12:13:42 - [MESSAGE][PASSED] - Navigate to 'https://www.route-report.com/' successfully

2018-03-27 12:13:42 - [TEST_STEP][PASSED] - maximizeWindow: Current window maximized

2018-03-27 12:13:43 - [MESSAGE][PASSED] - Current window maximized

2018-03-27 12:13:43 - [TEST_STEP][PASSED] - click: Object: 'Object Repository/Header-Footer/Header buttons/Header_Button__Authors' is clicked on

2018-03-27 12:13:51 - [MESSAGE][PASSED] - Object: 'Object Repository/Header-Footer/Header buttons/Header_Button__Authors' is clicked on

2018-03-27 12:13:51 - [TEST_STEP][PASSED] - waitForElementPresent: Object 'Object Repository/Header-Footer/Ver_Buttons/ver_block_TOP AUTHORS' is present

2018-03-27 12:13:51 - [MESSAGE][PASSED] - Object 'Object Repository/Header-Footer/Ver_Buttons/ver_block_TOP AUTHORS' is present

2018-03-27 12:13:51 - [TEST_STEP][PASSED] - delay: Delayed 4 second(s)

2018-03-27 12:13:55 - [MESSAGE][PASSED] - Delayed 4 second(s)

2018-03-27 12:13:55 - [TEST_STEP][PASSED] - click: Object: 'Object Repository/Header-Footer/Header buttons/Language_Button_DE' is clicked on

2018-03-27 12:14:04 - [MESSAGE][PASSED] - Object: 'Object Repository/Header-Footer/Header buttons/Language_Button_DE' is clicked on

2018-03-27 12:14:04 - [TEST_STEP][PASSED] - waitForElementPresent: Object 'Object Repository/Header-Footer/Header buttons/Header_Button_Create a report' is not present after 2 second(s)

2018-03-27 12:14:07 - [MESSAGE][WARNING] - Object 'Object Repository/Header-Footer/Header buttons/Header_Button_Create a report' is not present after 2 second(s)

2018-03-27 12:14:07 - [TEST_STEP][PASSED] - verifyElementText: Actual text and expected text of test object 'Object Repository/Header-Footer/Header buttons/Header_Button_About us' are matched.

2018-03-27 12:14:07 - [MESSAGE][PASSED] - Actual text and expected text of test object 'Object Repository/Header-Footer/Header buttons/Header_Button_About us' are matched.

2018-03-27 12:14:07 - [TEST_STEP][PASSED] - click: Object: 'Object Repository/Header-Footer/Header buttons/Language_Button_RU' is clicked on

2018-03-27 12:14:16 - [MESSAGE][PASSED] - Object: 'Object Repository/Header-Footer/Header buttons/Language_Button_RU' is clicked on

2018-03-27 12:14:16 - [TEST_STEP][PASSED] - waitForElementPresent: Object 'Object Repository/Header-Footer/Header buttons/Header_Button_Create a report' is not present after 2 second(s)

2018-03-27 12:14:18 - [MESSAGE][WARNING] - Object 'Object Repository/Header-Footer/Header buttons/Header_Button_Create a report' is not present after 2 second(s)

2018-03-27 12:14:18 - [TEST_STEP][PASSED] - verifyElementText: Actual text and expected text of test object 'Object Repository/Header-Footer/Header buttons/Header_Button_About us' are matched.

2018-03-27 12:14:18 - [MESSAGE][PASSED] - Actual text and expected text of test object 'Object Repository/Header-Footer/Header buttons/Header_Button_About us' are matched.

2018-03-27 12:14:18 - [TEST_STEP][PASSED] - click: Object: 'Object Repository/Header-Footer/Header buttons/Language_Button_FR' is clicked on

2018-03-27 12:14:27 - [MESSAGE][PASSED] - Object: 'Object Repository/Header-Footer/Header buttons/Language_Button_FR' is clicked on

2018-03-27 12:14:27 - [TEST_STEP][PASSED] - waitForElementPresent: Object 'Object Repository/Header-Footer/Header buttons/Header_Button_Create a report' is not present after 3 second(s)

2018-03-27 12:14:30 - [MESSAGE][WARNING] - Object 'Object Repository/Header-Footer/Header buttons/Header_Button_Create a report' is not present after 3 second(s)

2018-03-27 12:14:30 - [TEST_STEP][PASSED] - verifyElementText: Actual text and expected text of test object 'Object Repository/Header-Footer/Header buttons/Header_Button_About us' are matched.

2018-03-27 12:14:30 - [MESSAGE][PASSED] - Actual text and expected text of test object 'Object Repository/Header-Footer/Header buttons/Header_Button_About us' are matched.

2018-03-27 12:14:30 - [TEST_STEP][PASSED] - click: Object: 'Object Repository/Header-Footer/Header buttons/Language_Button_ES' is clicked on

2018-03-27 12:14:39 - [MESSAGE][PASSED] - Object: 'Object Repository/Header-Footer/Header buttons/Language_Button_ES' is clicked on

2018-03-27 12:14:39 - [TEST_STEP][PASSED] - waitForElementPresent: Object 'Object Repository/Header-Footer/Header buttons/Header_Button_Create a report' is not present after 3 second(s)

2018-03-27 12:14:42 - [MESSAGE][WARNING] - Object 'Object Repository/Header-Footer/Header buttons/Header_Button_Create a report' is not present after 3 second(s)

2018-03-27 12:14:42 - [TEST_STEP][PASSED] - verifyElementText: Actual text and expected text of test object 'Object Repository/Header-Footer/Header buttons/Header_Button_About us' are matched.

2018-03-27 12:14:42 - [MESSAGE][PASSED] - Actual text and expected text of test object 'Object Repository/Header-Footer/Header buttons/Header_Button_About us' are matched.

2018-03-27 12:14:42 - [TEST_STEP][PASSED] - click: Object: 'Object Repository/Header-Footer/Header buttons/Language_Button_IT' is clicked on

2018-03-27 12:14:51 - [MESSAGE][PASSED] - Object: 'Object Repository/Header-Footer/Header buttons/Language_Button_IT' is clicked on

2018-03-27 12:14:51 - [TEST_STEP][PASSED] - waitForElementPresent: Object 'Object Repository/Header-Footer/Header buttons/Header_Button_Create a report' is not present after 2 second(s)

2018-03-27 12:14:53 - [MESSAGE][WARNING] - Object 'Object Repository/Header-Footer/Header buttons/Header_Button_Create a report' is not present after 2 second(s)

2018-03-27 12:14:53 - [TEST_STEP][PASSED] - verifyElementText: Actual text and expected text of test object 'Object Repository/Header-Footer/Header buttons/Header_Button_About us' are matched.

2018-03-27 12:14:53 - [MESSAGE][PASSED] - Actual text and expected text of test object 'Object Repository/Header-Footer/Header buttons/Header_Button_About us' are matched.

2018-03-27 12:14:53 - [TEST_STEP][PASSED] - click: Object: 'Object Repository/Header-Footer/Header buttons/Language_Button_PL' is clicked on

2018-03-27 12:15:02 - [MESSAGE][PASSED] - Object: 'Object Repository/Header-Footer/Header buttons/Language_Button_PL' is clicked on

2018-03-27 12:15:02 - [TEST_STEP][PASSED] - waitForElementPresent: Object 'Object Repository/Header-Footer/Header buttons/Header_Button_Create a report' is not present after 2 second(s)

2018-03-27 12:15:05 - [MESSAGE][WARNING] - Object 'Object Repository/Header-Footer/Header buttons/Header_Button_Create a report' is not present after 2 second(s)

2018-03-27 12:15:05 - [TEST_STEP][PASSED] - verifyElementText: Actual text and expected text of test object 'Object Repository/Header-Footer/Header buttons/Header_Button_About us' are matched.

2018-03-27 12:15:05 - [MESSAGE][PASSED] - Actual text and expected text of test object 'Object Repository/Header-Footer/Header buttons/Header_Button_About us' are matched.

2018-03-27 12:15:05 - [TEST_STEP][PASSED] - click: Object: 'Object Repository/Header-Footer/Header buttons/Language_Button_EN' is clicked on

2018-03-27 12:15:14 - [MESSAGE][PASSED] - Object: 'Object Repository/Header-Footer/Header buttons/Language_Button_EN' is clicked on

2018-03-27 12:15:14 - [TEST_STEP][PASSED] - waitForElementPresent: Object 'Object Repository/Header-Footer/Header buttons/Header_Button_Create a report' is present

2018-03-27 12:15:14 - [MESSAGE][PASSED] - Object 'Object Repository/Header-Footer/Header buttons/Header_Button_Create a report' is present

2018-03-27 12:15:14 - [TEST_STEP][PASSED] - verifyElementText: Actual text and expected text of test object 'Object Repository/Header-Footer/Header buttons/Header_Button_About us' are matched.

2018-03-27 12:15:14 - [MESSAGE][PASSED] - Actual text and expected text of test object 'Object Repository/Header-Footer/Header buttons/Header_Button_About us' are matched.

2018-03-27 12:15:14 - [TEST_STEP][PASSED] - closeBrowser: Browser is closed

2018-03-27 12:15:15 - [MESSAGE][PASSED] - Browser is closed]]></system-out>
         <system-err><![CDATA[]]></system-err>
      </testcase>
      <testcase name="Test Cases/Language_test_cases/Language_Change_Contacts_Us" classname="Test Cases/Language_test_cases/Language_Change_Contacts_Us" status="PASSED">
         <system-out><![CDATA[2018-03-27 12:15:15 - [TEST_CASE][PASSED] - Test Cases/Language_test_cases/Language_Change_Contacts_Us: Test Cases/Language_test_cases/Language_Change_Contacts_Us

2018-03-27 12:15:15 - [TEST_STEP][PASSED] - openBrowser: Browser is opened with url: ''

2018-03-27 12:15:18 - [MESSAGE][PASSED] - Browser is opened with url: ''

2018-03-27 12:15:18 - [TEST_STEP][PASSED] - navigateToUrl: Navigate to 'https://www.route-report.com/' successfully

2018-03-27 12:15:20 - [MESSAGE][PASSED] - Navigate to 'https://www.route-report.com/' successfully

2018-03-27 12:15:20 - [TEST_STEP][PASSED] - maximizeWindow: Current window maximized

2018-03-27 12:15:21 - [MESSAGE][PASSED] - Current window maximized

2018-03-27 12:15:21 - [TEST_STEP][PASSED] - click: Object: 'Object Repository/Header-Footer/Header buttons/Header_Button_Contact us' is clicked on

2018-03-27 12:15:23 - [MESSAGE][PASSED] - Object: 'Object Repository/Header-Footer/Header buttons/Header_Button_Contact us' is clicked on

2018-03-27 12:15:23 - [TEST_STEP][PASSED] - waitForElementPresent: Object 'Object Repository/Header-Footer/Ver_Buttons/ver_Contact form' is present

2018-03-27 12:15:23 - [MESSAGE][PASSED] - Object 'Object Repository/Header-Footer/Ver_Buttons/ver_Contact form' is present

2018-03-27 12:15:23 - [TEST_STEP][PASSED] - click: Object: 'Object Repository/Header-Footer/Header buttons/Language_Button_DE' is clicked on

2018-03-27 12:15:23 - [MESSAGE][PASSED] - Object: 'Object Repository/Header-Footer/Header buttons/Language_Button_DE' is clicked on

2018-03-27 12:15:23 - [TEST_STEP][PASSED] - waitForElementPresent: Object 'Object Repository/Header-Footer/Header buttons/Header_Button_Create a report' is not present after 2 second(s)

2018-03-27 12:15:26 - [MESSAGE][WARNING] - Object 'Object Repository/Header-Footer/Header buttons/Header_Button_Create a report' is not present after 2 second(s)

2018-03-27 12:15:26 - [TEST_STEP][PASSED] - verifyElementText: Actual text and expected text of test object 'Object Repository/Header-Footer/Header buttons/Header_Button_About us' are matched.

2018-03-27 12:15:26 - [MESSAGE][PASSED] - Actual text and expected text of test object 'Object Repository/Header-Footer/Header buttons/Header_Button_About us' are matched.

2018-03-27 12:15:26 - [TEST_STEP][PASSED] - click: Object: 'Object Repository/Header-Footer/Header buttons/Language_Button_RU' is clicked on

2018-03-27 12:15:26 - [MESSAGE][PASSED] - Object: 'Object Repository/Header-Footer/Header buttons/Language_Button_RU' is clicked on

2018-03-27 12:15:26 - [TEST_STEP][PASSED] - waitForElementPresent: Object 'Object Repository/Header-Footer/Header buttons/Header_Button_Create a report' is not present after 2 second(s)

2018-03-27 12:15:28 - [MESSAGE][WARNING] - Object 'Object Repository/Header-Footer/Header buttons/Header_Button_Create a report' is not present after 2 second(s)

2018-03-27 12:15:28 - [TEST_STEP][PASSED] - verifyElementText: Actual text and expected text of test object 'Object Repository/Header-Footer/Header buttons/Header_Button_About us' are matched.

2018-03-27 12:15:28 - [MESSAGE][PASSED] - Actual text and expected text of test object 'Object Repository/Header-Footer/Header buttons/Header_Button_About us' are matched.

2018-03-27 12:15:28 - [TEST_STEP][PASSED] - click: Object: 'Object Repository/Header-Footer/Header buttons/Language_Button_FR' is clicked on

2018-03-27 12:15:29 - [MESSAGE][PASSED] - Object: 'Object Repository/Header-Footer/Header buttons/Language_Button_FR' is clicked on

2018-03-27 12:15:29 - [TEST_STEP][PASSED] - waitForElementPresent: Object 'Object Repository/Header-Footer/Header buttons/Header_Button_Create a report' is not present after 2 second(s)

2018-03-27 12:15:31 - [MESSAGE][WARNING] - Object 'Object Repository/Header-Footer/Header buttons/Header_Button_Create a report' is not present after 2 second(s)

2018-03-27 12:15:31 - [TEST_STEP][PASSED] - verifyElementText: Actual text and expected text of test object 'Object Repository/Header-Footer/Header buttons/Header_Button_About us' are matched.

2018-03-27 12:15:32 - [MESSAGE][PASSED] - Actual text and expected text of test object 'Object Repository/Header-Footer/Header buttons/Header_Button_About us' are matched.

2018-03-27 12:15:32 - [TEST_STEP][PASSED] - click: Object: 'Object Repository/Header-Footer/Header buttons/Language_Button_ES' is clicked on

2018-03-27 12:15:33 - [MESSAGE][PASSED] - Object: 'Object Repository/Header-Footer/Header buttons/Language_Button_ES' is clicked on

2018-03-27 12:15:33 - [TEST_STEP][PASSED] - waitForElementPresent: Object 'Object Repository/Header-Footer/Header buttons/Header_Button_Create a report' is not present after 2 second(s)

2018-03-27 12:15:35 - [MESSAGE][WARNING] - Object 'Object Repository/Header-Footer/Header buttons/Header_Button_Create a report' is not present after 2 second(s)

2018-03-27 12:15:35 - [TEST_STEP][PASSED] - verifyElementText: Actual text and expected text of test object 'Object Repository/Header-Footer/Header buttons/Header_Button_About us' are matched.

2018-03-27 12:15:35 - [MESSAGE][PASSED] - Actual text and expected text of test object 'Object Repository/Header-Footer/Header buttons/Header_Button_About us' are matched.

2018-03-27 12:15:35 - [TEST_STEP][PASSED] - click: Object: 'Object Repository/Header-Footer/Header buttons/Language_Button_IT' is clicked on

2018-03-27 12:15:36 - [MESSAGE][PASSED] - Object: 'Object Repository/Header-Footer/Header buttons/Language_Button_IT' is clicked on

2018-03-27 12:15:36 - [TEST_STEP][PASSED] - waitForElementPresent: Object 'Object Repository/Header-Footer/Header buttons/Header_Button_Create a report' is not present after 2 second(s)

2018-03-27 12:15:38 - [MESSAGE][WARNING] - Object 'Object Repository/Header-Footer/Header buttons/Header_Button_Create a report' is not present after 2 second(s)

2018-03-27 12:15:38 - [TEST_STEP][PASSED] - verifyElementText: Actual text and expected text of test object 'Object Repository/Header-Footer/Header buttons/Header_Button_About us' are matched.

2018-03-27 12:15:38 - [MESSAGE][PASSED] - Actual text and expected text of test object 'Object Repository/Header-Footer/Header buttons/Header_Button_About us' are matched.

2018-03-27 12:15:38 - [TEST_STEP][PASSED] - click: Object: 'Object Repository/Header-Footer/Header buttons/Language_Button_PL' is clicked on

2018-03-27 12:15:39 - [MESSAGE][PASSED] - Object: 'Object Repository/Header-Footer/Header buttons/Language_Button_PL' is clicked on

2018-03-27 12:15:39 - [TEST_STEP][PASSED] - waitForElementPresent: Object 'Object Repository/Header-Footer/Header buttons/Header_Button_Create a report' is not present after 2 second(s)

2018-03-27 12:15:41 - [MESSAGE][WARNING] - Object 'Object Repository/Header-Footer/Header buttons/Header_Button_Create a report' is not present after 2 second(s)

2018-03-27 12:15:41 - [TEST_STEP][PASSED] - verifyElementText: Actual text and expected text of test object 'Object Repository/Header-Footer/Header buttons/Header_Button_About us' are matched.

2018-03-27 12:15:41 - [MESSAGE][PASSED] - Actual text and expected text of test object 'Object Repository/Header-Footer/Header buttons/Header_Button_About us' are matched.

2018-03-27 12:15:41 - [TEST_STEP][PASSED] - click: Object: 'Object Repository/Header-Footer/Header buttons/Language_Button_EN' is clicked on

2018-03-27 12:15:42 - [MESSAGE][PASSED] - Object: 'Object Repository/Header-Footer/Header buttons/Language_Button_EN' is clicked on

2018-03-27 12:15:42 - [TEST_STEP][PASSED] - waitForElementPresent: Object 'Object Repository/Header-Footer/Header buttons/Header_Button_Create a report' is present

2018-03-27 12:15:42 - [MESSAGE][PASSED] - Object 'Object Repository/Header-Footer/Header buttons/Header_Button_Create a report' is present

2018-03-27 12:15:42 - [TEST_STEP][PASSED] - verifyElementText: Actual text and expected text of test object 'Object Repository/Header-Footer/Header buttons/Header_Button_About us' are matched.

2018-03-27 12:15:42 - [MESSAGE][PASSED] - Actual text and expected text of test object 'Object Repository/Header-Footer/Header buttons/Header_Button_About us' are matched.

2018-03-27 12:15:42 - [TEST_STEP][PASSED] - closeBrowser: Browser is closed

2018-03-27 12:15:43 - [MESSAGE][PASSED] - Browser is closed]]></system-out>
         <system-err><![CDATA[]]></system-err>
      </testcase>
      <testcase name="Test Cases/Language_test_cases/Language_Change_FAQ" classname="Test Cases/Language_test_cases/Language_Change_FAQ" status="PASSED">
         <system-out><![CDATA[2018-03-27 12:15:43 - [TEST_CASE][PASSED] - Test Cases/Language_test_cases/Language_Change_FAQ: Test Cases/Language_test_cases/Language_Change_FAQ

2018-03-27 12:15:43 - [TEST_STEP][PASSED] - openBrowser: Browser is opened with url: ''

2018-03-27 12:15:45 - [MESSAGE][PASSED] - Browser is opened with url: ''

2018-03-27 12:15:45 - [TEST_STEP][PASSED] - navigateToUrl: Navigate to 'https://www.route-report.com/' successfully

2018-03-27 12:15:48 - [MESSAGE][PASSED] - Navigate to 'https://www.route-report.com/' successfully

2018-03-27 12:15:48 - [TEST_STEP][PASSED] - maximizeWindow: Current window maximized

2018-03-27 12:15:49 - [MESSAGE][PASSED] - Current window maximized

2018-03-27 12:15:49 - [TEST_STEP][PASSED] - click: Object: 'Object Repository/Header-Footer/Header buttons/Header_Button_FAQ' is clicked on

2018-03-27 12:15:51 - [MESSAGE][PASSED] - Object: 'Object Repository/Header-Footer/Header buttons/Header_Button_FAQ' is clicked on

2018-03-27 12:15:51 - [TEST_STEP][PASSED] - waitForElementPresent: Object 'Object Repository/Header-Footer/Ver_Buttons/ver_FAQ' is present

2018-03-27 12:15:51 - [MESSAGE][PASSED] - Object 'Object Repository/Header-Footer/Ver_Buttons/ver_FAQ' is present

2018-03-27 12:15:51 - [TEST_STEP][PASSED] - click: Object: 'Object Repository/Header-Footer/Header buttons/Language_Button_DE' is clicked on

2018-03-27 12:15:51 - [MESSAGE][PASSED] - Object: 'Object Repository/Header-Footer/Header buttons/Language_Button_DE' is clicked on

2018-03-27 12:15:51 - [TEST_STEP][PASSED] - waitForElementPresent: Object 'Object Repository/Header-Footer/Header buttons/Header_Button_Create a report' is not present after 2 second(s)

2018-03-27 12:15:53 - [MESSAGE][WARNING] - Object 'Object Repository/Header-Footer/Header buttons/Header_Button_Create a report' is not present after 2 second(s)

2018-03-27 12:15:53 - [TEST_STEP][PASSED] - verifyElementText: Actual text and expected text of test object 'Object Repository/Header-Footer/Header buttons/Header_Button_About us' are matched.

2018-03-27 12:15:53 - [MESSAGE][PASSED] - Actual text and expected text of test object 'Object Repository/Header-Footer/Header buttons/Header_Button_About us' are matched.

2018-03-27 12:15:53 - [TEST_STEP][PASSED] - click: Object: 'Object Repository/Header-Footer/Header buttons/Language_Button_RU' is clicked on

2018-03-27 12:15:54 - [MESSAGE][PASSED] - Object: 'Object Repository/Header-Footer/Header buttons/Language_Button_RU' is clicked on

2018-03-27 12:15:54 - [TEST_STEP][PASSED] - waitForElementPresent: Object 'Object Repository/Header-Footer/Header buttons/Header_Button_Create a report' is not present after 2 second(s)

2018-03-27 12:15:56 - [MESSAGE][WARNING] - Object 'Object Repository/Header-Footer/Header buttons/Header_Button_Create a report' is not present after 2 second(s)

2018-03-27 12:15:56 - [TEST_STEP][PASSED] - verifyElementText: Actual text and expected text of test object 'Object Repository/Header-Footer/Header buttons/Header_Button_About us' are matched.

2018-03-27 12:15:56 - [MESSAGE][PASSED] - Actual text and expected text of test object 'Object Repository/Header-Footer/Header buttons/Header_Button_About us' are matched.

2018-03-27 12:15:56 - [TEST_STEP][PASSED] - click: Object: 'Object Repository/Header-Footer/Header buttons/Language_Button_FR' is clicked on

2018-03-27 12:15:57 - [MESSAGE][PASSED] - Object: 'Object Repository/Header-Footer/Header buttons/Language_Button_FR' is clicked on

2018-03-27 12:15:57 - [TEST_STEP][PASSED] - waitForElementPresent: Object 'Object Repository/Header-Footer/Header buttons/Header_Button_Create a report' is not present after 2 second(s)

2018-03-27 12:15:59 - [MESSAGE][WARNING] - Object 'Object Repository/Header-Footer/Header buttons/Header_Button_Create a report' is not present after 2 second(s)

2018-03-27 12:15:59 - [TEST_STEP][PASSED] - verifyElementText: Actual text and expected text of test object 'Object Repository/Header-Footer/Header buttons/Header_Button_About us' are matched.

2018-03-27 12:15:59 - [MESSAGE][PASSED] - Actual text and expected text of test object 'Object Repository/Header-Footer/Header buttons/Header_Button_About us' are matched.

2018-03-27 12:15:59 - [TEST_STEP][PASSED] - click: Object: 'Object Repository/Header-Footer/Header buttons/Language_Button_ES' is clicked on

2018-03-27 12:16:00 - [MESSAGE][PASSED] - Object: 'Object Repository/Header-Footer/Header buttons/Language_Button_ES' is clicked on

2018-03-27 12:16:00 - [TEST_STEP][PASSED] - waitForElementPresent: Object 'Object Repository/Header-Footer/Header buttons/Header_Button_Create a report' is not present after 2 second(s)

2018-03-27 12:16:03 - [MESSAGE][WARNING] - Object 'Object Repository/Header-Footer/Header buttons/Header_Button_Create a report' is not present after 2 second(s)

2018-03-27 12:16:03 - [TEST_STEP][PASSED] - verifyElementText: Actual text and expected text of test object 'Object Repository/Header-Footer/Header buttons/Header_Button_About us' are matched.

2018-03-27 12:16:03 - [MESSAGE][PASSED] - Actual text and expected text of test object 'Object Repository/Header-Footer/Header buttons/Header_Button_About us' are matched.

2018-03-27 12:16:03 - [TEST_STEP][PASSED] - click: Object: 'Object Repository/Header-Footer/Header buttons/Language_Button_IT' is clicked on

2018-03-27 12:16:04 - [MESSAGE][PASSED] - Object: 'Object Repository/Header-Footer/Header buttons/Language_Button_IT' is clicked on

2018-03-27 12:16:04 - [TEST_STEP][PASSED] - waitForElementPresent: Object 'Object Repository/Header-Footer/Header buttons/Header_Button_Create a report' is not present after 2 second(s)

2018-03-27 12:16:06 - [MESSAGE][WARNING] - Object 'Object Repository/Header-Footer/Header buttons/Header_Button_Create a report' is not present after 2 second(s)

2018-03-27 12:16:06 - [TEST_STEP][PASSED] - verifyElementText: Actual text and expected text of test object 'Object Repository/Header-Footer/Header buttons/Header_Button_About us' are matched.

2018-03-27 12:16:06 - [MESSAGE][PASSED] - Actual text and expected text of test object 'Object Repository/Header-Footer/Header buttons/Header_Button_About us' are matched.

2018-03-27 12:16:06 - [TEST_STEP][PASSED] - click: Object: 'Object Repository/Header-Footer/Header buttons/Language_Button_PL' is clicked on

2018-03-27 12:16:07 - [MESSAGE][PASSED] - Object: 'Object Repository/Header-Footer/Header buttons/Language_Button_PL' is clicked on

2018-03-27 12:16:07 - [TEST_STEP][PASSED] - waitForElementPresent: Object 'Object Repository/Header-Footer/Header buttons/Header_Button_Create a report' is not present after 2 second(s)

2018-03-27 12:16:09 - [MESSAGE][WARNING] - Object 'Object Repository/Header-Footer/Header buttons/Header_Button_Create a report' is not present after 2 second(s)

2018-03-27 12:16:09 - [TEST_STEP][PASSED] - verifyElementText: Actual text and expected text of test object 'Object Repository/Header-Footer/Header buttons/Header_Button_About us' are matched.

2018-03-27 12:16:09 - [MESSAGE][PASSED] - Actual text and expected text of test object 'Object Repository/Header-Footer/Header buttons/Header_Button_About us' are matched.

2018-03-27 12:16:09 - [TEST_STEP][PASSED] - click: Object: 'Object Repository/Header-Footer/Header buttons/Language_Button_EN' is clicked on

2018-03-27 12:16:10 - [MESSAGE][PASSED] - Object: 'Object Repository/Header-Footer/Header buttons/Language_Button_EN' is clicked on

2018-03-27 12:16:10 - [TEST_STEP][PASSED] - waitForElementPresent: Object 'Object Repository/Header-Footer/Header buttons/Header_Button_Create a report' is present

2018-03-27 12:16:10 - [MESSAGE][PASSED] - Object 'Object Repository/Header-Footer/Header buttons/Header_Button_Create a report' is present

2018-03-27 12:16:10 - [TEST_STEP][PASSED] - verifyElementText: Actual text and expected text of test object 'Object Repository/Header-Footer/Header buttons/Header_Button_About us' are matched.

2018-03-27 12:16:10 - [MESSAGE][PASSED] - Actual text and expected text of test object 'Object Repository/Header-Footer/Header buttons/Header_Button_About us' are matched.

2018-03-27 12:16:10 - [TEST_STEP][PASSED] - closeBrowser: Browser is closed

2018-03-27 12:16:11 - [MESSAGE][PASSED] - Browser is closed]]></system-out>
         <system-err><![CDATA[]]></system-err>
      </testcase>
      <testcase name="Test Cases/Language_test_cases/Language_Change_Manual" classname="Test Cases/Language_test_cases/Language_Change_Manual" status="PASSED">
         <system-out><![CDATA[2018-03-27 12:16:11 - [TEST_CASE][PASSED] - Test Cases/Language_test_cases/Language_Change_Manual: Test Cases/Language_test_cases/Language_Change_Manual

2018-03-27 12:16:11 - [TEST_STEP][PASSED] - openBrowser: Browser is opened with url: ''

2018-03-27 12:16:13 - [MESSAGE][PASSED] - Browser is opened with url: ''

2018-03-27 12:16:13 - [TEST_STEP][PASSED] - navigateToUrl: Navigate to 'https://www.route-report.com/' successfully

2018-03-27 12:16:16 - [MESSAGE][PASSED] - Navigate to 'https://www.route-report.com/' successfully

2018-03-27 12:16:16 - [TEST_STEP][PASSED] - maximizeWindow: Current window maximized

2018-03-27 12:16:17 - [MESSAGE][PASSED] - Current window maximized

2018-03-27 12:16:17 - [TEST_STEP][PASSED] - click: Object: 'Object Repository/Header-Footer/Header buttons/Header_Button_User Manual' is clicked on

2018-03-27 12:16:19 - [MESSAGE][PASSED] - Object: 'Object Repository/Header-Footer/Header buttons/Header_Button_User Manual' is clicked on

2018-03-27 12:16:19 - [TEST_STEP][PASSED] - waitForElementPresent: Object 'Object Repository/Header-Footer/Ver_Buttons/ver_Users Manual' is present

2018-03-27 12:16:19 - [MESSAGE][PASSED] - Object 'Object Repository/Header-Footer/Ver_Buttons/ver_Users Manual' is present

2018-03-27 12:16:19 - [TEST_STEP][PASSED] - click: Object: 'Object Repository/Header-Footer/Header buttons/Language_Button_DE' is clicked on

2018-03-27 12:16:19 - [MESSAGE][PASSED] - Object: 'Object Repository/Header-Footer/Header buttons/Language_Button_DE' is clicked on

2018-03-27 12:16:19 - [TEST_STEP][PASSED] - waitForElementPresent: Object 'Object Repository/Header-Footer/Header buttons/Header_Button_Create a report' is not present after 2 second(s)

2018-03-27 12:16:22 - [MESSAGE][WARNING] - Object 'Object Repository/Header-Footer/Header buttons/Header_Button_Create a report' is not present after 2 second(s)

2018-03-27 12:16:22 - [TEST_STEP][PASSED] - verifyElementText: Actual text and expected text of test object 'Object Repository/Header-Footer/Header buttons/Header_Button_About us' are matched.

2018-03-27 12:16:22 - [MESSAGE][PASSED] - Actual text and expected text of test object 'Object Repository/Header-Footer/Header buttons/Header_Button_About us' are matched.

2018-03-27 12:16:22 - [TEST_STEP][PASSED] - click: Object: 'Object Repository/Header-Footer/Header buttons/Language_Button_RU' is clicked on

2018-03-27 12:16:22 - [MESSAGE][PASSED] - Object: 'Object Repository/Header-Footer/Header buttons/Language_Button_RU' is clicked on

2018-03-27 12:16:22 - [TEST_STEP][PASSED] - waitForElementPresent: Object 'Object Repository/Header-Footer/Header buttons/Header_Button_Create a report' is not present after 2 second(s)

2018-03-27 12:16:24 - [MESSAGE][WARNING] - Object 'Object Repository/Header-Footer/Header buttons/Header_Button_Create a report' is not present after 2 second(s)

2018-03-27 12:16:24 - [TEST_STEP][PASSED] - verifyElementText: Actual text and expected text of test object 'Object Repository/Header-Footer/Header buttons/Header_Button_About us' are matched.

2018-03-27 12:16:25 - [MESSAGE][PASSED] - Actual text and expected text of test object 'Object Repository/Header-Footer/Header buttons/Header_Button_About us' are matched.

2018-03-27 12:16:25 - [TEST_STEP][PASSED] - click: Object: 'Object Repository/Header-Footer/Header buttons/Language_Button_FR' is clicked on

2018-03-27 12:16:25 - [MESSAGE][PASSED] - Object: 'Object Repository/Header-Footer/Header buttons/Language_Button_FR' is clicked on

2018-03-27 12:16:25 - [TEST_STEP][PASSED] - waitForElementPresent: Object 'Object Repository/Header-Footer/Header buttons/Header_Button_Create a report' is not present after 2 second(s)

2018-03-27 12:16:28 - [MESSAGE][WARNING] - Object 'Object Repository/Header-Footer/Header buttons/Header_Button_Create a report' is not present after 2 second(s)

2018-03-27 12:16:28 - [TEST_STEP][PASSED] - verifyElementText: Actual text and expected text of test object 'Object Repository/Header-Footer/Header buttons/Header_Button_About us' are matched.

2018-03-27 12:16:28 - [MESSAGE][PASSED] - Actual text and expected text of test object 'Object Repository/Header-Footer/Header buttons/Header_Button_About us' are matched.

2018-03-27 12:16:28 - [TEST_STEP][PASSED] - click: Object: 'Object Repository/Header-Footer/Header buttons/Language_Button_ES' is clicked on

2018-03-27 12:16:29 - [MESSAGE][PASSED] - Object: 'Object Repository/Header-Footer/Header buttons/Language_Button_ES' is clicked on

2018-03-27 12:16:29 - [TEST_STEP][PASSED] - waitForElementPresent: Object 'Object Repository/Header-Footer/Header buttons/Header_Button_Create a report' is not present after 2 second(s)

2018-03-27 12:16:31 - [MESSAGE][WARNING] - Object 'Object Repository/Header-Footer/Header buttons/Header_Button_Create a report' is not present after 2 second(s)

2018-03-27 12:16:31 - [TEST_STEP][PASSED] - verifyElementText: Actual text and expected text of test object 'Object Repository/Header-Footer/Header buttons/Header_Button_About us' are matched.

2018-03-27 12:16:31 - [MESSAGE][PASSED] - Actual text and expected text of test object 'Object Repository/Header-Footer/Header buttons/Header_Button_About us' are matched.

2018-03-27 12:16:31 - [TEST_STEP][PASSED] - click: Object: 'Object Repository/Header-Footer/Header buttons/Language_Button_IT' is clicked on

2018-03-27 12:16:32 - [MESSAGE][PASSED] - Object: 'Object Repository/Header-Footer/Header buttons/Language_Button_IT' is clicked on

2018-03-27 12:16:32 - [TEST_STEP][PASSED] - waitForElementPresent: Object 'Object Repository/Header-Footer/Header buttons/Header_Button_Create a report' is not present after 2 second(s)

2018-03-27 12:16:34 - [MESSAGE][WARNING] - Object 'Object Repository/Header-Footer/Header buttons/Header_Button_Create a report' is not present after 2 second(s)

2018-03-27 12:16:34 - [TEST_STEP][PASSED] - verifyElementText: Actual text and expected text of test object 'Object Repository/Header-Footer/Header buttons/Header_Button_About us' are matched.

2018-03-27 12:16:34 - [MESSAGE][PASSED] - Actual text and expected text of test object 'Object Repository/Header-Footer/Header buttons/Header_Button_About us' are matched.

2018-03-27 12:16:34 - [TEST_STEP][PASSED] - click: Object: 'Object Repository/Header-Footer/Header buttons/Language_Button_PL' is clicked on

2018-03-27 12:16:35 - [MESSAGE][PASSED] - Object: 'Object Repository/Header-Footer/Header buttons/Language_Button_PL' is clicked on

2018-03-27 12:16:35 - [TEST_STEP][PASSED] - waitForElementPresent: Object 'Object Repository/Header-Footer/Header buttons/Header_Button_Create a report' is not present after 2 second(s)

2018-03-27 12:16:37 - [MESSAGE][WARNING] - Object 'Object Repository/Header-Footer/Header buttons/Header_Button_Create a report' is not present after 2 second(s)

2018-03-27 12:16:37 - [TEST_STEP][PASSED] - verifyElementText: Actual text and expected text of test object 'Object Repository/Header-Footer/Header buttons/Header_Button_About us' are matched.

2018-03-27 12:16:37 - [MESSAGE][PASSED] - Actual text and expected text of test object 'Object Repository/Header-Footer/Header buttons/Header_Button_About us' are matched.

2018-03-27 12:16:37 - [TEST_STEP][PASSED] - click: Object: 'Object Repository/Header-Footer/Header buttons/Language_Button_EN' is clicked on

2018-03-27 12:16:38 - [MESSAGE][PASSED] - Object: 'Object Repository/Header-Footer/Header buttons/Language_Button_EN' is clicked on

2018-03-27 12:16:38 - [TEST_STEP][PASSED] - waitForElementPresent: Object 'Object Repository/Header-Footer/Header buttons/Header_Button_Create a report' is present

2018-03-27 12:16:38 - [MESSAGE][PASSED] - Object 'Object Repository/Header-Footer/Header buttons/Header_Button_Create a report' is present

2018-03-27 12:16:38 - [TEST_STEP][PASSED] - verifyElementText: Actual text and expected text of test object 'Object Repository/Header-Footer/Header buttons/Header_Button_About us' are matched.

2018-03-27 12:16:38 - [MESSAGE][PASSED] - Actual text and expected text of test object 'Object Repository/Header-Footer/Header buttons/Header_Button_About us' are matched.

2018-03-27 12:16:38 - [TEST_STEP][PASSED] - closeBrowser: Browser is closed

2018-03-27 12:16:39 - [MESSAGE][PASSED] - Browser is closed]]></system-out>
         <system-err><![CDATA[]]></system-err>
      </testcase>
      <testcase name="Test Cases/Language_test_cases/Language_Change_News" classname="Test Cases/Language_test_cases/Language_Change_News" status="PASSED">
         <system-out><![CDATA[2018-03-27 12:16:39 - [TEST_CASE][PASSED] - Test Cases/Language_test_cases/Language_Change_News: Test Cases/Language_test_cases/Language_Change_News

2018-03-27 12:16:39 - [TEST_STEP][PASSED] - openBrowser: Browser is opened with url: ''

2018-03-27 12:16:41 - [MESSAGE][PASSED] - Browser is opened with url: ''

2018-03-27 12:16:41 - [TEST_STEP][PASSED] - navigateToUrl: Navigate to 'https://www.route-report.com/' successfully

2018-03-27 12:16:44 - [MESSAGE][PASSED] - Navigate to 'https://www.route-report.com/' successfully

2018-03-27 12:16:44 - [TEST_STEP][PASSED] - maximizeWindow: Current window maximized

2018-03-27 12:16:45 - [MESSAGE][PASSED] - Current window maximized

2018-03-27 12:16:45 - [TEST_STEP][PASSED] - click: Object: 'Object Repository/Header-Footer/Header buttons/Header_Button_NewsOffers' is clicked on

2018-03-27 12:16:47 - [MESSAGE][PASSED] - Object: 'Object Repository/Header-Footer/Header buttons/Header_Button_NewsOffers' is clicked on

2018-03-27 12:16:47 - [TEST_STEP][PASSED] - waitForElementPresent: Object 'Object Repository/Header-Footer/Ver_Buttons/ver_news' is present

2018-03-27 12:16:47 - [MESSAGE][PASSED] - Object 'Object Repository/Header-Footer/Ver_Buttons/ver_news' is present

2018-03-27 12:16:47 - [TEST_STEP][PASSED] - click: Object: 'Object Repository/Header-Footer/Header buttons/Language_Button_DE' is clicked on

2018-03-27 12:16:48 - [MESSAGE][PASSED] - Object: 'Object Repository/Header-Footer/Header buttons/Language_Button_DE' is clicked on

2018-03-27 12:16:48 - [TEST_STEP][PASSED] - waitForElementPresent: Object 'Object Repository/Header-Footer/Header buttons/Header_Button_Create a report' is not present after 2 second(s)

2018-03-27 12:16:50 - [MESSAGE][WARNING] - Object 'Object Repository/Header-Footer/Header buttons/Header_Button_Create a report' is not present after 2 second(s)

2018-03-27 12:16:50 - [TEST_STEP][PASSED] - verifyElementText: Actual text and expected text of test object 'Object Repository/Header-Footer/Header buttons/Header_Button_About us' are matched.

2018-03-27 12:16:50 - [MESSAGE][PASSED] - Actual text and expected text of test object 'Object Repository/Header-Footer/Header buttons/Header_Button_About us' are matched.

2018-03-27 12:16:50 - [TEST_STEP][PASSED] - click: Object: 'Object Repository/Header-Footer/Header buttons/Language_Button_RU' is clicked on

2018-03-27 12:16:52 - [MESSAGE][PASSED] - Object: 'Object Repository/Header-Footer/Header buttons/Language_Button_RU' is clicked on

2018-03-27 12:16:52 - [TEST_STEP][PASSED] - waitForElementPresent: Object 'Object Repository/Header-Footer/Header buttons/Header_Button_Create a report' is not present after 2 second(s)

2018-03-27 12:16:54 - [MESSAGE][WARNING] - Object 'Object Repository/Header-Footer/Header buttons/Header_Button_Create a report' is not present after 2 second(s)

2018-03-27 12:16:54 - [TEST_STEP][PASSED] - verifyElementText: Actual text and expected text of test object 'Object Repository/Header-Footer/Header buttons/Header_Button_About us' are matched.

2018-03-27 12:16:54 - [MESSAGE][PASSED] - Actual text and expected text of test object 'Object Repository/Header-Footer/Header buttons/Header_Button_About us' are matched.

2018-03-27 12:16:54 - [TEST_STEP][PASSED] - click: Object: 'Object Repository/Header-Footer/Header buttons/Language_Button_FR' is clicked on

2018-03-27 12:16:55 - [MESSAGE][PASSED] - Object: 'Object Repository/Header-Footer/Header buttons/Language_Button_FR' is clicked on

2018-03-27 12:16:55 - [TEST_STEP][PASSED] - waitForElementPresent: Object 'Object Repository/Header-Footer/Header buttons/Header_Button_Create a report' is not present after 2 second(s)

2018-03-27 12:16:57 - [MESSAGE][WARNING] - Object 'Object Repository/Header-Footer/Header buttons/Header_Button_Create a report' is not present after 2 second(s)

2018-03-27 12:16:57 - [TEST_STEP][PASSED] - verifyElementText: Actual text and expected text of test object 'Object Repository/Header-Footer/Header buttons/Header_Button_About us' are matched.

2018-03-27 12:16:57 - [MESSAGE][PASSED] - Actual text and expected text of test object 'Object Repository/Header-Footer/Header buttons/Header_Button_About us' are matched.

2018-03-27 12:16:57 - [TEST_STEP][PASSED] - click: Object: 'Object Repository/Header-Footer/Header buttons/Language_Button_ES' is clicked on

2018-03-27 12:16:59 - [MESSAGE][PASSED] - Object: 'Object Repository/Header-Footer/Header buttons/Language_Button_ES' is clicked on

2018-03-27 12:16:59 - [TEST_STEP][PASSED] - waitForElementPresent: Object 'Object Repository/Header-Footer/Header buttons/Header_Button_Create a report' is not present after 2 second(s)

2018-03-27 12:17:01 - [MESSAGE][WARNING] - Object 'Object Repository/Header-Footer/Header buttons/Header_Button_Create a report' is not present after 2 second(s)

2018-03-27 12:17:01 - [TEST_STEP][PASSED] - verifyElementText: Actual text and expected text of test object 'Object Repository/Header-Footer/Header buttons/Header_Button_About us' are matched.

2018-03-27 12:17:01 - [MESSAGE][PASSED] - Actual text and expected text of test object 'Object Repository/Header-Footer/Header buttons/Header_Button_About us' are matched.

2018-03-27 12:17:01 - [TEST_STEP][PASSED] - click: Object: 'Object Repository/Header-Footer/Header buttons/Language_Button_IT' is clicked on

2018-03-27 12:17:03 - [MESSAGE][PASSED] - Object: 'Object Repository/Header-Footer/Header buttons/Language_Button_IT' is clicked on

2018-03-27 12:17:03 - [TEST_STEP][PASSED] - waitForElementPresent: Object 'Object Repository/Header-Footer/Header buttons/Header_Button_Create a report' is not present after 2 second(s)

2018-03-27 12:17:05 - [MESSAGE][WARNING] - Object 'Object Repository/Header-Footer/Header buttons/Header_Button_Create a report' is not present after 2 second(s)

2018-03-27 12:17:05 - [TEST_STEP][PASSED] - verifyElementText: Actual text and expected text of test object 'Object Repository/Header-Footer/Header buttons/Header_Button_About us' are matched.

2018-03-27 12:17:05 - [MESSAGE][PASSED] - Actual text and expected text of test object 'Object Repository/Header-Footer/Header buttons/Header_Button_About us' are matched.

2018-03-27 12:17:05 - [TEST_STEP][PASSED] - click: Object: 'Object Repository/Header-Footer/Header buttons/Language_Button_PL' is clicked on

2018-03-27 12:17:08 - [MESSAGE][PASSED] - Object: 'Object Repository/Header-Footer/Header buttons/Language_Button_PL' is clicked on

2018-03-27 12:17:08 - [TEST_STEP][PASSED] - waitForElementPresent: Object 'Object Repository/Header-Footer/Header buttons/Header_Button_Create a report' is not present after 2 second(s)

2018-03-27 12:17:10 - [MESSAGE][WARNING] - Object 'Object Repository/Header-Footer/Header buttons/Header_Button_Create a report' is not present after 2 second(s)

2018-03-27 12:17:10 - [TEST_STEP][PASSED] - verifyElementText: Actual text and expected text of test object 'Object Repository/Header-Footer/Header buttons/Header_Button_About us' are matched.

2018-03-27 12:17:10 - [MESSAGE][PASSED] - Actual text and expected text of test object 'Object Repository/Header-Footer/Header buttons/Header_Button_About us' are matched.

2018-03-27 12:17:10 - [TEST_STEP][PASSED] - click: Object: 'Object Repository/Header-Footer/Header buttons/Language_Button_EN' is clicked on

2018-03-27 12:17:11 - [MESSAGE][PASSED] - Object: 'Object Repository/Header-Footer/Header buttons/Language_Button_EN' is clicked on

2018-03-27 12:17:11 - [TEST_STEP][PASSED] - waitForElementPresent: Object 'Object Repository/Header-Footer/Header buttons/Header_Button_Create a report' is present

2018-03-27 12:17:11 - [MESSAGE][PASSED] - Object 'Object Repository/Header-Footer/Header buttons/Header_Button_Create a report' is present

2018-03-27 12:17:11 - [TEST_STEP][PASSED] - verifyElementText: Actual text and expected text of test object 'Object Repository/Header-Footer/Header buttons/Header_Button_About us' are matched.

2018-03-27 12:17:11 - [MESSAGE][PASSED] - Actual text and expected text of test object 'Object Repository/Header-Footer/Header buttons/Header_Button_About us' are matched.

2018-03-27 12:17:11 - [TEST_STEP][PASSED] - closeBrowser: Browser is closed

2018-03-27 12:17:12 - [MESSAGE][PASSED] - Browser is closed]]></system-out>
         <system-err><![CDATA[]]></system-err>
      </testcase>
      <testcase name="Test Cases/Language_test_cases/Language_Change_Search" classname="Test Cases/Language_test_cases/Language_Change_Search" status="FAILED">
         <failure type="FAILED" message="Unable to click on object 'Object Repository/Header-Footer/Header buttons/Language_Button_ES' (Root cause: org.openqa.selenium.WebDriverException: unknown error: Element &lt;a href=&quot;https://www.route-report.com/es/report-search-set/report-search-route-report/&quot; class=&quot;lang_item_l hfg-es-ES&quot; data-language=&quot;es-ES&quot;>&lt;/a> is not clickable at point (1365, 20). Other element would receive the click: &lt;div id=&quot;body_fail_server&quot; class=&quot;body_fail_server&quot;>...&lt;/div>
  (Session info: chrome=65.0.3325.181)
  (Driver info: chromedriver=2.35.528161 (5b82f2d2aae0ca24b877009200ced9065a772e73),platform=Windows NT 6.3.9600 x86_64) (WARNING: The server did not provide any stacktrace information)
Command duration or timeout: 0 milliseconds
Build info: version: '3.7.1', revision: '8a0099a', time: '2017-11-06T21:07:36.161Z'
System info: host: 'BRAINPC', ip: '10.1.2.105', os.name: 'Windows 8.1', os.arch: 'amd64', os.version: '6.3', java.version: '1.8.0_102'
Driver info: com.kms.katalon.selenium.driver.CChromeDriver
Capabilities {acceptInsecureCerts: false, acceptSslCerts: false, applicationCacheEnabled: false, browserConnectionEnabled: false, browserName: chrome, chrome: {chromedriverVersion: 2.35.528161 (5b82f2d2aae0ca..., userDataDir: C:\Users\user\AppData\Local...}, cssSelectorsEnabled: true, databaseEnabled: false, handlesAlerts: true, hasTouchScreen: false, javascriptEnabled: true, locationContextEnabled: true, mobileEmulationEnabled: false, nativeEvents: true, networkConnectionEnabled: false, pageLoadStrategy: normal, platform: XP, platformName: XP, rotatable: false, setWindowRect: true, takesHeapSnapshot: true, takesScreenshot: true, unexpectedAlertBehaviour: , unhandledPromptBehavior: , version: 65.0.3325.181, webStorageEnabled: true}
Session ID: 6cde3c2ad2b2d55626e94d499e45cf0a)"/>
         <system-out><![CDATA[2018-03-27 12:17:12 - [TEST_CASE][FAILED] - Test Cases/Language_test_cases/Language_Change_Search: Test Cases/Language_test_cases/Language_Change_Search FAILED because (of) Unable to click on object 'Object Repository/Header-Footer/Header buttons/Language_Button_ES' (Root cause: org.openqa.selenium.WebDriverException: unknown error: Element <a href="https://www.route-report.com/es/report-search-set/report-search-route-report/" class="lang_item_l hfg-es-ES" data-language="es-ES"></a> is not clickable at point (1365, 20). Other element would receive the click: <div id="body_fail_server" class="body_fail_server">...</div>
  (Session info: chrome=65.0.3325.181)
  (Driver info: chromedriver=2.35.528161 (5b82f2d2aae0ca24b877009200ced9065a772e73),platform=Windows NT 6.3.9600 x86_64) (WARNING: The server did not provide any stacktrace information)
Command duration or timeout: 0 milliseconds
Build info: version: '3.7.1', revision: '8a0099a', time: '2017-11-06T21:07:36.161Z'
System info: host: 'BRAINPC', ip: '10.1.2.105', os.name: 'Windows 8.1', os.arch: 'amd64', os.version: '6.3', java.version: '1.8.0_102'
Driver info: com.kms.katalon.selenium.driver.CChromeDriver
Capabilities {acceptInsecureCerts: false, acceptSslCerts: false, applicationCacheEnabled: false, browserConnectionEnabled: false, browserName: chrome, chrome: {chromedriverVersion: 2.35.528161 (5b82f2d2aae0ca..., userDataDir: C:\Users\user\AppData\Local...}, cssSelectorsEnabled: true, databaseEnabled: false, handlesAlerts: true, hasTouchScreen: false, javascriptEnabled: true, locationContextEnabled: true, mobileEmulationEnabled: false, nativeEvents: true, networkConnectionEnabled: false, pageLoadStrategy: normal, platform: XP, platformName: XP, rotatable: false, setWindowRect: true, takesHeapSnapshot: true, takesScreenshot: true, unexpectedAlertBehaviour: , unhandledPromptBehavior: , version: 65.0.3325.181, webStorageEnabled: true}
Session ID: 6cde3c2ad2b2d55626e94d499e45cf0a)

2018-03-27 12:17:12 - [TEST_STEP][PASSED] - openBrowser: Browser is opened with url: ''

2018-03-27 12:17:15 - [MESSAGE][PASSED] - Browser is opened with url: ''

2018-03-27 12:17:15 - [TEST_STEP][PASSED] - navigateToUrl: Navigate to 'https://www.route-report.com/' successfully

2018-03-27 12:17:18 - [MESSAGE][PASSED] - Navigate to 'https://www.route-report.com/' successfully

2018-03-27 12:17:18 - [TEST_STEP][PASSED] - maximizeWindow: Current window maximized

2018-03-27 12:17:19 - [MESSAGE][PASSED] - Current window maximized

2018-03-27 12:17:19 - [TEST_STEP][PASSED] - click: Object: 'Object Repository/Header-Footer/Header buttons/Header_Button_Search report' is clicked on

2018-03-27 12:17:22 - [MESSAGE][PASSED] - Object: 'Object Repository/Header-Footer/Header buttons/Header_Button_Search report' is clicked on

2018-03-27 12:17:22 - [TEST_STEP][PASSED] - waitForElementPresent: Object 'Object Repository/Header-Footer/Ver_Buttons/ver_Search block' is not present after 2 second(s)

2018-03-27 12:17:24 - [MESSAGE][WARNING] - Object 'Object Repository/Header-Footer/Ver_Buttons/ver_Search block' is not present after 2 second(s)

2018-03-27 12:17:24 - [TEST_STEP][PASSED] - click: Object: 'Object Repository/Header-Footer/Header buttons/Language_Button_DE' is clicked on

2018-03-27 12:17:27 - [MESSAGE][PASSED] - Object: 'Object Repository/Header-Footer/Header buttons/Language_Button_DE' is clicked on

2018-03-27 12:17:27 - [TEST_STEP][PASSED] - waitForElementPresent: Object 'Object Repository/Header-Footer/Header buttons/Header_Button_Create a report' is not present after 2 second(s)

2018-03-27 12:17:29 - [MESSAGE][WARNING] - Object 'Object Repository/Header-Footer/Header buttons/Header_Button_Create a report' is not present after 2 second(s)

2018-03-27 12:17:29 - [TEST_STEP][PASSED] - verifyElementText: Actual text and expected text of test object 'Object Repository/Header-Footer/Header buttons/Header_Button_About us' are matched.

2018-03-27 12:17:30 - [MESSAGE][PASSED] - Actual text and expected text of test object 'Object Repository/Header-Footer/Header buttons/Header_Button_About us' are matched.

2018-03-27 12:17:30 - [TEST_STEP][PASSED] - click: Object: 'Object Repository/Header-Footer/Header buttons/Language_Button_RU' is clicked on

2018-03-27 12:17:31 - [MESSAGE][PASSED] - Object: 'Object Repository/Header-Footer/Header buttons/Language_Button_RU' is clicked on

2018-03-27 12:17:31 - [TEST_STEP][PASSED] - waitForElementPresent: Object 'Object Repository/Header-Footer/Header buttons/Header_Button_Create a report' is not present after 2 second(s)

2018-03-27 12:17:33 - [MESSAGE][WARNING] - Object 'Object Repository/Header-Footer/Header buttons/Header_Button_Create a report' is not present after 2 second(s)

2018-03-27 12:17:33 - [TEST_STEP][PASSED] - verifyElementText: Actual text and expected text of test object 'Object Repository/Header-Footer/Header buttons/Header_Button_About us' are matched.

2018-03-27 12:17:34 - [MESSAGE][PASSED] - Actual text and expected text of test object 'Object Repository/Header-Footer/Header buttons/Header_Button_About us' are matched.

2018-03-27 12:17:34 - [TEST_STEP][PASSED] - click: Object: 'Object Repository/Header-Footer/Header buttons/Language_Button_FR' is clicked on

2018-03-27 12:17:36 - [MESSAGE][PASSED] - Object: 'Object Repository/Header-Footer/Header buttons/Language_Button_FR' is clicked on

2018-03-27 12:17:36 - [TEST_STEP][PASSED] - waitForElementPresent: Object 'Object Repository/Header-Footer/Header buttons/Header_Button_Create a report' is not present after 2 second(s)

2018-03-27 12:17:39 - [MESSAGE][WARNING] - Object 'Object Repository/Header-Footer/Header buttons/Header_Button_Create a report' is not present after 2 second(s)

2018-03-27 12:17:39 - [TEST_STEP][PASSED] - verifyElementText: Actual text and expected text of test object 'Object Repository/Header-Footer/Header buttons/Header_Button_About us' are matched.

2018-03-27 12:17:39 - [MESSAGE][PASSED] - Actual text and expected text of test object 'Object Repository/Header-Footer/Header buttons/Header_Button_About us' are matched.

2018-03-27 12:17:39 - [TEST_STEP][FAILED] - click: Unable to click on object 'Object Repository/Header-Footer/Header buttons/Language_Button_ES' (Root cause: org.openqa.selenium.WebDriverException: unknown error: Element <a href="https://www.route-report.com/es/report-search-set/report-search-route-report/" class="lang_item_l hfg-es-ES" data-language="es-ES"></a> is not clickable at point (1365, 20). Other element would receive the click: <div id="body_fail_server" class="body_fail_server">...</div>
  (Session info: chrome=65.0.3325.181)
  (Driver info: chromedriver=2.35.528161 (5b82f2d2aae0ca24b877009200ced9065a772e73),platform=Windows NT 6.3.9600 x86_64) (WARNING: The server did not provide any stacktrace information)
Command duration or timeout: 0 milliseconds
Build info: version: '3.7.1', revision: '8a0099a', time: '2017-11-06T21:07:36.161Z'
System info: host: 'BRAINPC', ip: '10.1.2.105', os.name: 'Windows 8.1', os.arch: 'amd64', os.version: '6.3', java.version: '1.8.0_102'
Driver info: com.kms.katalon.selenium.driver.CChromeDriver
Capabilities {acceptInsecureCerts: false, acceptSslCerts: false, applicationCacheEnabled: false, browserConnectionEnabled: false, browserName: chrome, chrome: {chromedriverVersion: 2.35.528161 (5b82f2d2aae0ca..., userDataDir: C:\Users\user\AppData\Local...}, cssSelectorsEnabled: true, databaseEnabled: false, handlesAlerts: true, hasTouchScreen: false, javascriptEnabled: true, locationContextEnabled: true, mobileEmulationEnabled: false, nativeEvents: true, networkConnectionEnabled: false, pageLoadStrategy: normal, platform: XP, platformName: XP, rotatable: false, setWindowRect: true, takesHeapSnapshot: true, takesScreenshot: true, unexpectedAlertBehaviour: , unhandledPromptBehavior: , version: 65.0.3325.181, webStorageEnabled: true}
Session ID: 6cde3c2ad2b2d55626e94d499e45cf0a)

2018-03-27 12:17:40 - [MESSAGE][FAILED] - Unable to click on object 'Object Repository/Header-Footer/Header buttons/Language_Button_ES' (Root cause: org.openqa.selenium.WebDriverException: unknown error: Element <a href="https://www.route-report.com/es/report-search-set/report-search-route-report/" class="lang_item_l hfg-es-ES" data-language="es-ES"></a> is not clickable at point (1365, 20). Other element would receive the click: <div id="body_fail_server" class="body_fail_server">...</div>
  (Session info: chrome=65.0.3325.181)
  (Driver info: chromedriver=2.35.528161 (5b82f2d2aae0ca24b877009200ced9065a772e73),platform=Windows NT 6.3.9600 x86_64) (WARNING: The server did not provide any stacktrace information)
Command duration or timeout: 0 milliseconds
Build info: version: '3.7.1', revision: '8a0099a', time: '2017-11-06T21:07:36.161Z'
System info: host: 'BRAINPC', ip: '10.1.2.105', os.name: 'Windows 8.1', os.arch: 'amd64', os.version: '6.3', java.version: '1.8.0_102'
Driver info: com.kms.katalon.selenium.driver.CChromeDriver
Capabilities {acceptInsecureCerts: false, acceptSslCerts: false, applicationCacheEnabled: false, browserConnectionEnabled: false, browserName: chrome, chrome: {chromedriverVersion: 2.35.528161 (5b82f2d2aae0ca..., userDataDir: C:\Users\user\AppData\Local...}, cssSelectorsEnabled: true, databaseEnabled: false, handlesAlerts: true, hasTouchScreen: false, javascriptEnabled: true, locationContextEnabled: true, mobileEmulationEnabled: false, nativeEvents: true, networkConnectionEnabled: false, pageLoadStrategy: normal, platform: XP, platformName: XP, rotatable: false, setWindowRect: true, takesHeapSnapshot: true, takesScreenshot: true, unexpectedAlertBehaviour: , unhandledPromptBehavior: , version: 65.0.3325.181, webStorageEnabled: true}
Session ID: 6cde3c2ad2b2d55626e94d499e45cf0a)
[[ATTACHMENT|C:\\Users\\user\\Katalon Studio\\Route_report_WEB\\Reports\\Language_test_cases\\20180327_121255\\1522142259589.png]]]]></system-out>
         <system-err><![CDATA[2018-03-27 12:17:12 - [TEST_CASE][FAILED] - Test Cases/Language_test_cases/Language_Change_Search: Test Cases/Language_test_cases/Language_Change_Search FAILED because (of) Unable to click on object 'Object Repository/Header-Footer/Header buttons/Language_Button_ES' (Root cause: org.openqa.selenium.WebDriverException: unknown error: Element <a href="https://www.route-report.com/es/report-search-set/report-search-route-report/" class="lang_item_l hfg-es-ES" data-language="es-ES"></a> is not clickable at point (1365, 20). Other element would receive the click: <div id="body_fail_server" class="body_fail_server">...</div>
  (Session info: chrome=65.0.3325.181)
  (Driver info: chromedriver=2.35.528161 (5b82f2d2aae0ca24b877009200ced9065a772e73),platform=Windows NT 6.3.9600 x86_64) (WARNING: The server did not provide any stacktrace information)
Command duration or timeout: 0 milliseconds
Build info: version: '3.7.1', revision: '8a0099a', time: '2017-11-06T21:07:36.161Z'
System info: host: 'BRAINPC', ip: '10.1.2.105', os.name: 'Windows 8.1', os.arch: 'amd64', os.version: '6.3', java.version: '1.8.0_102'
Driver info: com.kms.katalon.selenium.driver.CChromeDriver
Capabilities {acceptInsecureCerts: false, acceptSslCerts: false, applicationCacheEnabled: false, browserConnectionEnabled: false, browserName: chrome, chrome: {chromedriverVersion: 2.35.528161 (5b82f2d2aae0ca..., userDataDir: C:\Users\user\AppData\Local...}, cssSelectorsEnabled: true, databaseEnabled: false, handlesAlerts: true, hasTouchScreen: false, javascriptEnabled: true, locationContextEnabled: true, mobileEmulationEnabled: false, nativeEvents: true, networkConnectionEnabled: false, pageLoadStrategy: normal, platform: XP, platformName: XP, rotatable: false, setWindowRect: true, takesHeapSnapshot: true, takesScreenshot: true, unexpectedAlertBehaviour: , unhandledPromptBehavior: , version: 65.0.3325.181, webStorageEnabled: true}
Session ID: 6cde3c2ad2b2d55626e94d499e45cf0a)]]></system-err>
      </testcase>
      <testcase name="Test Cases/Language_test_cases/Language_Change_Account" classname="Test Cases/Language_test_cases/Language_Change_Account" status="PASSED">
         <system-out><![CDATA[2018-03-27 12:17:40 - [TEST_CASE][PASSED] - Test Cases/Language_test_cases/Language_Change_Account: Test Cases/Language_test_cases/Language_Change_Account

2018-03-27 12:17:40 - [TEST_STEP][PASSED] - openBrowser: Browser is opened with url: ''

2018-03-27 12:17:40 - [MESSAGE][WARNING] - A browser is already opened. Closing browser and opening a new one

2018-03-27 12:17:43 - [MESSAGE][PASSED] - Browser is opened with url: ''

2018-03-27 12:17:43 - [TEST_STEP][PASSED] - navigateToUrl: Navigate to 'https://www.route-report.com/' successfully

2018-03-27 12:17:47 - [MESSAGE][PASSED] - Navigate to 'https://www.route-report.com/' successfully

2018-03-27 12:17:47 - [TEST_STEP][PASSED] - maximizeWindow: Current window maximized

2018-03-27 12:17:49 - [MESSAGE][PASSED] - Current window maximized

2018-03-27 12:17:49 - [TEST_STEP][PASSED] - click: Object: 'Object Repository/Login_registration/span_Login' is clicked on

2018-03-27 12:17:49 - [MESSAGE][PASSED] - Object: 'Object Repository/Login_registration/span_Login' is clicked on

2018-03-27 12:17:49 - [TEST_STEP][PASSED] - setText: Text 'rostyslav.biliaiev@route-report.com' is set on object 'Object Repository/Login_registration/input_in_login'

2018-03-27 12:17:50 - [MESSAGE][PASSED] - Text 'rostyslav.biliaiev@route-report.com' is set on object 'Object Repository/Login_registration/input_in_login'

2018-03-27 12:17:50 - [TEST_STEP][PASSED] - setText: Text '111111' is set on object 'Object Repository/Login_registration/input_in_password'

2018-03-27 12:17:50 - [MESSAGE][PASSED] - Text '111111' is set on object 'Object Repository/Login_registration/input_in_password'

2018-03-27 12:17:50 - [TEST_STEP][PASSED] - click: Object: 'Object Repository/Login_registration/button_LOG IN' is clicked on

2018-03-27 12:17:50 - [MESSAGE][PASSED] - Object: 'Object Repository/Login_registration/button_LOG IN' is clicked on

2018-03-27 12:17:50 - [TEST_STEP][PASSED] - verifyElementPresent: Object 'Object Repository/Login_registration/span_My spoken languages' is present

2018-03-27 12:17:56 - [MESSAGE][PASSED] - Object 'Object Repository/Login_registration/span_My spoken languages' is present

2018-03-27 12:17:56 - [TEST_STEP][PASSED] - click: Object: 'Object Repository/Header-Footer/Header buttons/Language_Button_DE' is clicked on

2018-03-27 12:17:59 - [MESSAGE][PASSED] - Object: 'Object Repository/Header-Footer/Header buttons/Language_Button_DE' is clicked on

2018-03-27 12:17:59 - [TEST_STEP][PASSED] - waitForElementPresent: Object 'Object Repository/Header-Footer/Header buttons/Header_Button_Create a report' is not present after 2 second(s)

2018-03-27 12:18:01 - [MESSAGE][WARNING] - Object 'Object Repository/Header-Footer/Header buttons/Header_Button_Create a report' is not present after 2 second(s)

2018-03-27 12:18:01 - [TEST_STEP][PASSED] - verifyElementText: Actual text and expected text of test object 'Object Repository/Header-Footer/Header buttons/Header_Button_About us' are matched.

2018-03-27 12:18:01 - [MESSAGE][PASSED] - Actual text and expected text of test object 'Object Repository/Header-Footer/Header buttons/Header_Button_About us' are matched.

2018-03-27 12:18:01 - [TEST_STEP][PASSED] - click: Object: 'Object Repository/Header-Footer/Header buttons/Language_Button_RU' is clicked on

2018-03-27 12:18:03 - [MESSAGE][PASSED] - Object: 'Object Repository/Header-Footer/Header buttons/Language_Button_RU' is clicked on

2018-03-27 12:18:03 - [TEST_STEP][PASSED] - waitForElementPresent: Object 'Object Repository/Header-Footer/Header buttons/Header_Button_Create a report' is not present after 2 second(s)

2018-03-27 12:18:05 - [MESSAGE][WARNING] - Object 'Object Repository/Header-Footer/Header buttons/Header_Button_Create a report' is not present after 2 second(s)

2018-03-27 12:18:05 - [TEST_STEP][PASSED] - verifyElementText: Actual text and expected text of test object 'Object Repository/Header-Footer/Header buttons/Header_Button_About us' are matched.

2018-03-27 12:18:05 - [MESSAGE][PASSED] - Actual text and expected text of test object 'Object Repository/Header-Footer/Header buttons/Header_Button_About us' are matched.

2018-03-27 12:18:05 - [TEST_STEP][PASSED] - click: Object: 'Object Repository/Header-Footer/Header buttons/Language_Button_FR' is clicked on

2018-03-27 12:18:07 - [MESSAGE][PASSED] - Object: 'Object Repository/Header-Footer/Header buttons/Language_Button_FR' is clicked on

2018-03-27 12:18:07 - [TEST_STEP][PASSED] - waitForElementPresent: Object 'Object Repository/Header-Footer/Header buttons/Header_Button_Create a report' is not present after 3 second(s)

2018-03-27 12:18:11 - [MESSAGE][WARNING] - Object 'Object Repository/Header-Footer/Header buttons/Header_Button_Create a report' is not present after 3 second(s)

2018-03-27 12:18:11 - [TEST_STEP][PASSED] - verifyElementText: Actual text and expected text of test object 'Object Repository/Header-Footer/Header buttons/Header_Button_About us' are matched.

2018-03-27 12:18:11 - [MESSAGE][PASSED] - Actual text and expected text of test object 'Object Repository/Header-Footer/Header buttons/Header_Button_About us' are matched.

2018-03-27 12:18:11 - [TEST_STEP][PASSED] - click: Object: 'Object Repository/Header-Footer/Header buttons/Language_Button_ES' is clicked on

2018-03-27 12:18:13 - [MESSAGE][PASSED] - Object: 'Object Repository/Header-Footer/Header buttons/Language_Button_ES' is clicked on

2018-03-27 12:18:13 - [TEST_STEP][PASSED] - waitForElementPresent: Object 'Object Repository/Header-Footer/Header buttons/Header_Button_Create a report' is not present after 3 second(s)

2018-03-27 12:18:16 - [MESSAGE][WARNING] - Object 'Object Repository/Header-Footer/Header buttons/Header_Button_Create a report' is not present after 3 second(s)

2018-03-27 12:18:16 - [TEST_STEP][PASSED] - verifyElementText: Actual text and expected text of test object 'Object Repository/Header-Footer/Header buttons/Header_Button_About us' are matched.

2018-03-27 12:18:16 - [MESSAGE][PASSED] - Actual text and expected text of test object 'Object Repository/Header-Footer/Header buttons/Header_Button_About us' are matched.

2018-03-27 12:18:16 - [TEST_STEP][PASSED] - click: Object: 'Object Repository/Header-Footer/Header buttons/Language_Button_IT' is clicked on

2018-03-27 12:18:18 - [MESSAGE][PASSED] - Object: 'Object Repository/Header-Footer/Header buttons/Language_Button_IT' is clicked on

2018-03-27 12:18:18 - [TEST_STEP][PASSED] - waitForElementPresent: Object 'Object Repository/Header-Footer/Header buttons/Header_Button_Create a report' is not present after 2 second(s)

2018-03-27 12:18:20 - [MESSAGE][WARNING] - Object 'Object Repository/Header-Footer/Header buttons/Header_Button_Create a report' is not present after 2 second(s)

2018-03-27 12:18:20 - [TEST_STEP][PASSED] - verifyElementText: Actual text and expected text of test object 'Object Repository/Header-Footer/Header buttons/Header_Button_About us' are matched.

2018-03-27 12:18:20 - [MESSAGE][PASSED] - Actual text and expected text of test object 'Object Repository/Header-Footer/Header buttons/Header_Button_About us' are matched.

2018-03-27 12:18:20 - [TEST_STEP][PASSED] - click: Object: 'Object Repository/Header-Footer/Header buttons/Language_Button_PL' is clicked on

2018-03-27 12:18:22 - [MESSAGE][PASSED] - Object: 'Object Repository/Header-Footer/Header buttons/Language_Button_PL' is clicked on

2018-03-27 12:18:22 - [TEST_STEP][PASSED] - waitForElementPresent: Object 'Object Repository/Header-Footer/Header buttons/Header_Button_Create a report' is not present after 2 second(s)

2018-03-27 12:18:25 - [MESSAGE][WARNING] - Object 'Object Repository/Header-Footer/Header buttons/Header_Button_Create a report' is not present after 2 second(s)

2018-03-27 12:18:25 - [TEST_STEP][PASSED] - verifyElementText: Actual text and expected text of test object 'Object Repository/Header-Footer/Header buttons/Header_Button_About us' are matched.

2018-03-27 12:18:25 - [MESSAGE][PASSED] - Actual text and expected text of test object 'Object Repository/Header-Footer/Header buttons/Header_Button_About us' are matched.

2018-03-27 12:18:25 - [TEST_STEP][PASSED] - click: Object: 'Object Repository/Header-Footer/Header buttons/Language_Button_EN' is clicked on

2018-03-27 12:18:27 - [MESSAGE][PASSED] - Object: 'Object Repository/Header-Footer/Header buttons/Language_Button_EN' is clicked on

2018-03-27 12:18:27 - [TEST_STEP][PASSED] - waitForElementPresent: Object 'Object Repository/Header-Footer/Header buttons/Header_Button_Create a report' is present

2018-03-27 12:18:27 - [MESSAGE][PASSED] - Object 'Object Repository/Header-Footer/Header buttons/Header_Button_Create a report' is present

2018-03-27 12:18:27 - [TEST_STEP][PASSED] - verifyElementText: Actual text and expected text of test object 'Object Repository/Header-Footer/Header buttons/Header_Button_About us' are matched.

2018-03-27 12:18:27 - [MESSAGE][PASSED] - Actual text and expected text of test object 'Object Repository/Header-Footer/Header buttons/Header_Button_About us' are matched.

2018-03-27 12:18:27 - [TEST_STEP][PASSED] - closeBrowser: Browser is closed

2018-03-27 12:18:28 - [MESSAGE][PASSED] - Browser is closed]]></system-out>
         <system-err><![CDATA[]]></system-err>
      </testcase>
      <testcase name="Test Cases/Language_test_cases/Language_change_report_Detail_page" classname="Test Cases/Language_test_cases/Language_change_report_Detail_page" status="PASSED">
         <system-out><![CDATA[2018-03-27 12:18:28 - [TEST_CASE][PASSED] - Test Cases/Language_test_cases/Language_change_report_Detail_page: Test Cases/Language_test_cases/Language_change_report_Detail_page

2018-03-27 12:18:28 - [TEST_STEP][PASSED] - openBrowser: Browser is opened with url: ''

2018-03-27 12:18:30 - [MESSAGE][PASSED] - Browser is opened with url: ''

2018-03-27 12:18:30 - [TEST_STEP][PASSED] - navigateToUrl: Navigate to 'https://www.route-report.com/' successfully

2018-03-27 12:18:34 - [MESSAGE][PASSED] - Navigate to 'https://www.route-report.com/' successfully

2018-03-27 12:18:34 - [TEST_STEP][PASSED] - maximizeWindow: Current window maximized

2018-03-27 12:18:35 - [MESSAGE][PASSED] - Current window maximized

2018-03-27 12:18:35 - [TEST_STEP][PASSED] - click: Object: 'Object Repository/Header-Footer/Header buttons/Header_Button__Authors' is clicked on

2018-03-27 12:18:37 - [MESSAGE][PASSED] - Object: 'Object Repository/Header-Footer/Header buttons/Header_Button__Authors' is clicked on

2018-03-27 12:18:37 - [TEST_STEP][PASSED] - waitForElementPresent: Object 'Object Repository/Header-Footer/Ver_Buttons/ver_block_TOP AUTHORS' is present

2018-03-27 12:18:37 - [MESSAGE][PASSED] - Object 'Object Repository/Header-Footer/Ver_Buttons/ver_block_TOP AUTHORS' is present

2018-03-27 12:18:37 - [TEST_STEP][PASSED] - click: Object: 'Object Repository/Search_Authors/link_Ana Maria Diez Venezuela01' is clicked on

2018-03-27 12:18:37 - [MESSAGE][PASSED] - Object: 'Object Repository/Search_Authors/link_Ana Maria Diez Venezuela01' is clicked on

2018-03-27 12:18:37 - [TEST_STEP][PASSED] - switchToWindowIndex: Switched to window with index: '1'

2018-03-27 12:18:38 - [MESSAGE][PASSED] - Switched to window with index: '1'

2018-03-27 12:18:38 - [TEST_STEP][PASSED] - waitForElementPresent: Object 'Object Repository/Header-Footer/Ver_Buttons/ver_Authors_page' is present

2018-03-27 12:18:45 - [MESSAGE][PASSED] - Object 'Object Repository/Header-Footer/Ver_Buttons/ver_Authors_page' is present

2018-03-27 12:18:45 - [TEST_STEP][PASSED] - click: Object: 'Object Repository/Header-Footer/link-details detail' is clicked on

2018-03-27 12:18:45 - [MESSAGE][PASSED] - Object: 'Object Repository/Header-Footer/link-details detail' is clicked on

2018-03-27 12:18:45 - [TEST_STEP][PASSED] - switchToWindowIndex: Switched to window with index: '2'

2018-03-27 12:18:45 - [MESSAGE][PASSED] - Switched to window with index: '2'

2018-03-27 12:18:45 - [TEST_STEP][PASSED] - waitForElementPresent: Object 'Object Repository/Header-Footer/Ver_Buttons/ver_detail_report_page' is present

2018-03-27 12:18:45 - [MESSAGE][WARNING] - Timeout '0' is invalid. Using default page load timeout: '30'

2018-03-27 12:18:48 - [MESSAGE][PASSED] - Object 'Object Repository/Header-Footer/Ver_Buttons/ver_detail_report_page' is present

2018-03-27 12:18:48 - [TEST_STEP][PASSED] - click: Object: 'Object Repository/Header-Footer/Header buttons/Language_Button_DE' is clicked on

2018-03-27 12:18:52 - [MESSAGE][PASSED] - Object: 'Object Repository/Header-Footer/Header buttons/Language_Button_DE' is clicked on

2018-03-27 12:18:52 - [TEST_STEP][PASSED] - waitForElementPresent: Object 'Object Repository/Header-Footer/Header buttons/Header_Button_Create a report' is not present after 2 second(s)

2018-03-27 12:18:54 - [MESSAGE][WARNING] - Object 'Object Repository/Header-Footer/Header buttons/Header_Button_Create a report' is not present after 2 second(s)

2018-03-27 12:18:54 - [TEST_STEP][PASSED] - verifyElementText: Actual text and expected text of test object 'Object Repository/Header-Footer/Header buttons/Header_Button_About us' are matched.

2018-03-27 12:18:54 - [MESSAGE][PASSED] - Actual text and expected text of test object 'Object Repository/Header-Footer/Header buttons/Header_Button_About us' are matched.

2018-03-27 12:18:54 - [TEST_STEP][PASSED] - click: Object: 'Object Repository/Header-Footer/Header buttons/Language_Button_RU' is clicked on

2018-03-27 12:18:57 - [MESSAGE][PASSED] - Object: 'Object Repository/Header-Footer/Header buttons/Language_Button_RU' is clicked on

2018-03-27 12:18:57 - [TEST_STEP][PASSED] - waitForElementPresent: Object 'Object Repository/Header-Footer/Header buttons/Header_Button_Create a report' is not present after 2 second(s)

2018-03-27 12:18:59 - [MESSAGE][WARNING] - Object 'Object Repository/Header-Footer/Header buttons/Header_Button_Create a report' is not present after 2 second(s)

2018-03-27 12:18:59 - [TEST_STEP][PASSED] - verifyElementText: Actual text and expected text of test object 'Object Repository/Header-Footer/Header buttons/Header_Button_About us' are matched.

2018-03-27 12:18:59 - [MESSAGE][PASSED] - Actual text and expected text of test object 'Object Repository/Header-Footer/Header buttons/Header_Button_About us' are matched.

2018-03-27 12:18:59 - [TEST_STEP][PASSED] - click: Object: 'Object Repository/Header-Footer/Header buttons/Language_Button_FR' is clicked on

2018-03-27 12:19:02 - [MESSAGE][PASSED] - Object: 'Object Repository/Header-Footer/Header buttons/Language_Button_FR' is clicked on

2018-03-27 12:19:02 - [TEST_STEP][PASSED] - waitForElementPresent: Object 'Object Repository/Header-Footer/Header buttons/Header_Button_Create a report' is not present after 3 second(s)

2018-03-27 12:19:05 - [MESSAGE][WARNING] - Object 'Object Repository/Header-Footer/Header buttons/Header_Button_Create a report' is not present after 3 second(s)

2018-03-27 12:19:05 - [TEST_STEP][PASSED] - verifyElementText: Actual text and expected text of test object 'Object Repository/Header-Footer/Header buttons/Header_Button_About us' are matched.

2018-03-27 12:19:05 - [MESSAGE][PASSED] - Actual text and expected text of test object 'Object Repository/Header-Footer/Header buttons/Header_Button_About us' are matched.

2018-03-27 12:19:05 - [TEST_STEP][PASSED] - click: Object: 'Object Repository/Header-Footer/Header buttons/Language_Button_ES' is clicked on

2018-03-27 12:19:08 - [MESSAGE][PASSED] - Object: 'Object Repository/Header-Footer/Header buttons/Language_Button_ES' is clicked on

2018-03-27 12:19:08 - [TEST_STEP][PASSED] - waitForElementPresent: Object 'Object Repository/Header-Footer/Header buttons/Header_Button_Create a report' is not present after 3 second(s)

2018-03-27 12:19:11 - [MESSAGE][WARNING] - Object 'Object Repository/Header-Footer/Header buttons/Header_Button_Create a report' is not present after 3 second(s)

2018-03-27 12:19:11 - [TEST_STEP][PASSED] - verifyElementText: Actual text and expected text of test object 'Object Repository/Header-Footer/Header buttons/Header_Button_About us' are matched.

2018-03-27 12:19:11 - [MESSAGE][PASSED] - Actual text and expected text of test object 'Object Repository/Header-Footer/Header buttons/Header_Button_About us' are matched.

2018-03-27 12:19:11 - [TEST_STEP][PASSED] - click: Object: 'Object Repository/Header-Footer/Header buttons/Language_Button_IT' is clicked on

2018-03-27 12:19:14 - [MESSAGE][PASSED] - Object: 'Object Repository/Header-Footer/Header buttons/Language_Button_IT' is clicked on

2018-03-27 12:19:14 - [TEST_STEP][PASSED] - waitForElementPresent: Object 'Object Repository/Header-Footer/Header buttons/Header_Button_Create a report' is not present after 2 second(s)

2018-03-27 12:19:16 - [MESSAGE][WARNING] - Object 'Object Repository/Header-Footer/Header buttons/Header_Button_Create a report' is not present after 2 second(s)

2018-03-27 12:19:16 - [TEST_STEP][PASSED] - verifyElementText: Actual text and expected text of test object 'Object Repository/Header-Footer/Header buttons/Header_Button_About us' are matched.

2018-03-27 12:19:17 - [MESSAGE][PASSED] - Actual text and expected text of test object 'Object Repository/Header-Footer/Header buttons/Header_Button_About us' are matched.

2018-03-27 12:19:17 - [TEST_STEP][PASSED] - click: Object: 'Object Repository/Header-Footer/Header buttons/Language_Button_PL' is clicked on

2018-03-27 12:19:19 - [MESSAGE][PASSED] - Object: 'Object Repository/Header-Footer/Header buttons/Language_Button_PL' is clicked on

2018-03-27 12:19:19 - [TEST_STEP][PASSED] - waitForElementPresent: Object 'Object Repository/Header-Footer/Header buttons/Header_Button_Create a report' is not present after 2 second(s)

2018-03-27 12:19:22 - [MESSAGE][WARNING] - Object 'Object Repository/Header-Footer/Header buttons/Header_Button_Create a report' is not present after 2 second(s)

2018-03-27 12:19:22 - [TEST_STEP][PASSED] - verifyElementText: Actual text and expected text of test object 'Object Repository/Header-Footer/Header buttons/Header_Button_About us' are matched.

2018-03-27 12:19:22 - [MESSAGE][PASSED] - Actual text and expected text of test object 'Object Repository/Header-Footer/Header buttons/Header_Button_About us' are matched.

2018-03-27 12:19:22 - [TEST_STEP][PASSED] - click: Object: 'Object Repository/Header-Footer/Header buttons/Language_Button_EN' is clicked on

2018-03-27 12:19:24 - [MESSAGE][PASSED] - Object: 'Object Repository/Header-Footer/Header buttons/Language_Button_EN' is clicked on

2018-03-27 12:19:24 - [TEST_STEP][PASSED] - waitForElementPresent: Object 'Object Repository/Header-Footer/Header buttons/Header_Button_Create a report' is present

2018-03-27 12:19:24 - [MESSAGE][PASSED] - Object 'Object Repository/Header-Footer/Header buttons/Header_Button_Create a report' is present

2018-03-27 12:19:24 - [TEST_STEP][PASSED] - verifyElementText: Actual text and expected text of test object 'Object Repository/Header-Footer/Header buttons/Header_Button_About us' are matched.

2018-03-27 12:19:24 - [MESSAGE][PASSED] - Actual text and expected text of test object 'Object Repository/Header-Footer/Header buttons/Header_Button_About us' are matched.

2018-03-27 12:19:24 - [TEST_STEP][PASSED] - closeBrowser: Browser is closed

2018-03-27 12:19:25 - [MESSAGE][PASSED] - Browser is closed]]></system-out>
         <system-err><![CDATA[]]></system-err>
      </testcase>
      <testcase name="Test Cases/Language_test_cases/Languge_Change_Report_View" classname="Test Cases/Language_test_cases/Languge_Change_Report_View" status="PASSED">
         <system-out><![CDATA[2018-03-27 12:19:25 - [TEST_CASE][PASSED] - Test Cases/Language_test_cases/Languge_Change_Report_View: Test Cases/Language_test_cases/Languge_Change_Report_View

2018-03-27 12:19:26 - [TEST_STEP][PASSED] - openBrowser: Browser is opened with url: ''

2018-03-27 12:19:28 - [MESSAGE][PASSED] - Browser is opened with url: ''

2018-03-27 12:19:28 - [TEST_STEP][PASSED] - navigateToUrl: Navigate to 'https://www.route-report.com/' successfully

2018-03-27 12:19:32 - [MESSAGE][PASSED] - Navigate to 'https://www.route-report.com/' successfully

2018-03-27 12:19:32 - [TEST_STEP][PASSED] - maximizeWindow: Current window maximized

2018-03-27 12:19:33 - [MESSAGE][PASSED] - Current window maximized

2018-03-27 12:19:33 - [TEST_STEP][PASSED] - click: Object: 'Object Repository/Login_registration/span_Login' is clicked on

2018-03-27 12:19:33 - [MESSAGE][PASSED] - Object: 'Object Repository/Login_registration/span_Login' is clicked on

2018-03-27 12:19:33 - [TEST_STEP][PASSED] - setText: Text 'rostyslav.biliaiev@route-report.com' is set on object 'Object Repository/Login_registration/input_in_login'

2018-03-27 12:19:34 - [MESSAGE][PASSED] - Text 'rostyslav.biliaiev@route-report.com' is set on object 'Object Repository/Login_registration/input_in_login'

2018-03-27 12:19:34 - [TEST_STEP][PASSED] - setText: Text '111111' is set on object 'Object Repository/Login_registration/input_in_password'

2018-03-27 12:19:34 - [MESSAGE][PASSED] - Text '111111' is set on object 'Object Repository/Login_registration/input_in_password'

2018-03-27 12:19:34 - [TEST_STEP][PASSED] - click: Object: 'Object Repository/Login_registration/button_LOG IN' is clicked on

2018-03-27 12:19:35 - [MESSAGE][PASSED] - Object: 'Object Repository/Login_registration/button_LOG IN' is clicked on

2018-03-27 12:19:35 - [TEST_STEP][PASSED] - verifyElementPresent: Object 'Object Repository/Login_registration/span_My spoken languages' is present

2018-03-27 12:19:40 - [MESSAGE][PASSED] - Object 'Object Repository/Login_registration/span_My spoken languages' is present

2018-03-27 12:19:40 - [TEST_STEP][PASSED] - delay: Delayed 1 second(s)

2018-03-27 12:19:41 - [MESSAGE][PASSED] - Delayed 1 second(s)

2018-03-27 12:19:41 - [TEST_STEP][PASSED] - click: Object: 'Object Repository/Header-Footer/Block_Purchased reports' is clicked on

2018-03-27 12:19:41 - [MESSAGE][PASSED] - Object: 'Object Repository/Header-Footer/Block_Purchased reports' is clicked on

2018-03-27 12:19:41 - [TEST_STEP][PASSED] - waitForElementPresent: Object 'Object Repository/Header-Footer/Button_More' is present

2018-03-27 12:19:41 - [MESSAGE][WARNING] - Timeout '0' is invalid. Using default page load timeout: '30'

2018-03-27 12:19:42 - [MESSAGE][PASSED] - Object 'Object Repository/Header-Footer/Button_More' is present

2018-03-27 12:19:42 - [TEST_STEP][PASSED] - click: Object: 'Object Repository/Header-Footer/Button_More' is clicked on

2018-03-27 12:19:42 - [MESSAGE][PASSED] - Object: 'Object Repository/Header-Footer/Button_More' is clicked on

2018-03-27 12:19:42 - [TEST_STEP][PASSED] - switchToWindowIndex: Switched to window with index: '1'

2018-03-27 12:19:42 - [MESSAGE][PASSED] - Switched to window with index: '1'

2018-03-27 12:19:42 - [TEST_STEP][PASSED] - waitForPageLoad: Wait for page load successfully

2018-03-27 12:19:46 - [MESSAGE][PASSED] - Wait for page load successfully

2018-03-27 12:19:46 - [TEST_STEP][PASSED] - delay: Delayed 2 second(s)

2018-03-27 12:19:48 - [MESSAGE][PASSED] - Delayed 2 second(s)

2018-03-27 12:19:48 - [TEST_STEP][PASSED] - click: Object: 'Object Repository/Header-Footer/View report language buttons/View_report_a_lang_item_l de' is clicked on

2018-03-27 12:19:49 - [MESSAGE][PASSED] - Object: 'Object Repository/Header-Footer/View report language buttons/View_report_a_lang_item_l de' is clicked on

2018-03-27 12:19:49 - [TEST_STEP][PASSED] - waitForElementPresent: Object 'Object Repository/Header-Footer/Ver_Buttons/ver_View_report' is present

2018-03-27 12:19:49 - [MESSAGE][WARNING] - Timeout '0' is invalid. Using default page load timeout: '30'

2018-03-27 12:19:49 - [MESSAGE][PASSED] - Object 'Object Repository/Header-Footer/Ver_Buttons/ver_View_report' is present

2018-03-27 12:19:49 - [TEST_STEP][PASSED] - verifyElementText: Actual text and expected text of test object 'Object Repository/Header-Footer/Button_Download the report' are matched.

2018-03-27 12:19:49 - [MESSAGE][PASSED] - Actual text and expected text of test object 'Object Repository/Header-Footer/Button_Download the report' are matched.

2018-03-27 12:19:49 - [TEST_STEP][PASSED] - click: Object: 'Object Repository/Header-Footer/View report language buttons/View_report_a_lang_item_l ru' is clicked on

2018-03-27 12:19:51 - [MESSAGE][PASSED] - Object: 'Object Repository/Header-Footer/View report language buttons/View_report_a_lang_item_l ru' is clicked on

2018-03-27 12:19:51 - [TEST_STEP][PASSED] - waitForElementPresent: Object 'Object Repository/Header-Footer/Ver_Buttons/ver_View_report' is present

2018-03-27 12:19:51 - [MESSAGE][WARNING] - Timeout '0' is invalid. Using default page load timeout: '30'

2018-03-27 12:19:51 - [MESSAGE][PASSED] - Object 'Object Repository/Header-Footer/Ver_Buttons/ver_View_report' is present

2018-03-27 12:19:51 - [TEST_STEP][PASSED] - verifyElementText: Actual text and expected text of test object 'Object Repository/Header-Footer/Button_Download the report' are matched.

2018-03-27 12:19:51 - [MESSAGE][PASSED] - Actual text and expected text of test object 'Object Repository/Header-Footer/Button_Download the report' are matched.

2018-03-27 12:19:51 - [TEST_STEP][PASSED] - click: Object: 'Object Repository/Header-Footer/View report language buttons/View_report_a_lang_item_l fr' is clicked on

2018-03-27 12:19:52 - [MESSAGE][PASSED] - Object: 'Object Repository/Header-Footer/View report language buttons/View_report_a_lang_item_l fr' is clicked on

2018-03-27 12:19:52 - [TEST_STEP][PASSED] - waitForElementPresent: Object 'Object Repository/Header-Footer/Ver_Buttons/ver_View_report' is present

2018-03-27 12:19:52 - [MESSAGE][WARNING] - Timeout '0' is invalid. Using default page load timeout: '30'

2018-03-27 12:19:53 - [MESSAGE][PASSED] - Object 'Object Repository/Header-Footer/Ver_Buttons/ver_View_report' is present

2018-03-27 12:19:53 - [TEST_STEP][PASSED] - verifyElementText: Actual text and expected text of test object 'Object Repository/Header-Footer/Button_Download the report' are matched.

2018-03-27 12:19:53 - [MESSAGE][PASSED] - Actual text and expected text of test object 'Object Repository/Header-Footer/Button_Download the report' are matched.

2018-03-27 12:19:53 - [TEST_STEP][PASSED] - click: Object: 'Object Repository/Header-Footer/View report language buttons/View_report_a_lang_item_l es' is clicked on

2018-03-27 12:19:54 - [MESSAGE][PASSED] - Object: 'Object Repository/Header-Footer/View report language buttons/View_report_a_lang_item_l es' is clicked on

2018-03-27 12:19:54 - [TEST_STEP][PASSED] - waitForElementPresent: Object 'Object Repository/Header-Footer/Ver_Buttons/ver_View_report' is present

2018-03-27 12:19:54 - [MESSAGE][WARNING] - Timeout '0' is invalid. Using default page load timeout: '30'

2018-03-27 12:19:54 - [MESSAGE][PASSED] - Object 'Object Repository/Header-Footer/Ver_Buttons/ver_View_report' is present

2018-03-27 12:19:54 - [TEST_STEP][PASSED] - verifyElementText: Actual text and expected text of test object 'Object Repository/Header-Footer/Button_Download the report' are matched.

2018-03-27 12:19:55 - [MESSAGE][PASSED] - Actual text and expected text of test object 'Object Repository/Header-Footer/Button_Download the report' are matched.

2018-03-27 12:19:55 - [TEST_STEP][PASSED] - click: Object: 'Object Repository/Header-Footer/View report language buttons/View_report_a_lang_item_l it' is clicked on

2018-03-27 12:19:56 - [MESSAGE][PASSED] - Object: 'Object Repository/Header-Footer/View report language buttons/View_report_a_lang_item_l it' is clicked on

2018-03-27 12:19:56 - [TEST_STEP][PASSED] - waitForElementPresent: Object 'Object Repository/Header-Footer/Ver_Buttons/ver_View_report' is present

2018-03-27 12:19:56 - [MESSAGE][WARNING] - Timeout '0' is invalid. Using default page load timeout: '30'

2018-03-27 12:19:56 - [MESSAGE][PASSED] - Object 'Object Repository/Header-Footer/Ver_Buttons/ver_View_report' is present

2018-03-27 12:19:56 - [TEST_STEP][PASSED] - verifyElementText: Actual text and expected text of test object 'Object Repository/Header-Footer/Button_Download the report' are matched.

2018-03-27 12:19:56 - [MESSAGE][PASSED] - Actual text and expected text of test object 'Object Repository/Header-Footer/Button_Download the report' are matched.

2018-03-27 12:19:56 - [TEST_STEP][PASSED] - click: Object: 'Object Repository/Header-Footer/View report language buttons/View_report_a_lang_item_l pl' is clicked on

2018-03-27 12:19:58 - [MESSAGE][PASSED] - Object: 'Object Repository/Header-Footer/View report language buttons/View_report_a_lang_item_l pl' is clicked on

2018-03-27 12:19:58 - [TEST_STEP][PASSED] - waitForElementPresent: Object 'Object Repository/Header-Footer/Ver_Buttons/ver_View_report' is present

2018-03-27 12:19:58 - [MESSAGE][WARNING] - Timeout '0' is invalid. Using default page load timeout: '30'

2018-03-27 12:19:58 - [MESSAGE][PASSED] - Object 'Object Repository/Header-Footer/Ver_Buttons/ver_View_report' is present

2018-03-27 12:19:58 - [TEST_STEP][PASSED] - verifyElementText: Actual text and expected text of test object 'Object Repository/Header-Footer/Button_Download the report' are matched.

2018-03-27 12:19:58 - [MESSAGE][PASSED] - Actual text and expected text of test object 'Object Repository/Header-Footer/Button_Download the report' are matched.

2018-03-27 12:19:58 - [TEST_STEP][PASSED] - click: Object: 'Object Repository/Header-Footer/View report language buttons/View_report_a_lang_item_l gb' is clicked on

2018-03-27 12:20:00 - [MESSAGE][PASSED] - Object: 'Object Repository/Header-Footer/View report language buttons/View_report_a_lang_item_l gb' is clicked on

2018-03-27 12:20:00 - [TEST_STEP][PASSED] - waitForElementPresent: Object 'Object Repository/Header-Footer/Ver_Buttons/ver_View_report' is present

2018-03-27 12:20:00 - [MESSAGE][WARNING] - Timeout '0' is invalid. Using default page load timeout: '30'

2018-03-27 12:20:00 - [MESSAGE][PASSED] - Object 'Object Repository/Header-Footer/Ver_Buttons/ver_View_report' is present

2018-03-27 12:20:00 - [TEST_STEP][PASSED] - verifyElementText: Actual text and expected text of test object 'Object Repository/Header-Footer/Button_Download the report' are matched.

2018-03-27 12:20:00 - [MESSAGE][PASSED] - Actual text and expected text of test object 'Object Repository/Header-Footer/Button_Download the report' are matched.

2018-03-27 12:20:00 - [TEST_STEP][PASSED] - closeBrowser: Browser is closed

2018-03-27 12:20:01 - [MESSAGE][PASSED] - Browser is closed]]></system-out>
         <system-err><![CDATA[]]></system-err>
      </testcase>
      <testcase name="Test Cases/Language_test_cases/Language_Change_Authors_page" classname="Test Cases/Language_test_cases/Language_Change_Authors_page" status="PASSED">
         <system-out><![CDATA[2018-03-27 12:20:01 - [TEST_CASE][PASSED] - Test Cases/Language_test_cases/Language_Change_Authors_page: Test Cases/Language_test_cases/Language_Change_Authors_page

2018-03-27 12:20:01 - [TEST_STEP][PASSED] - openBrowser: Browser is opened with url: ''

2018-03-27 12:20:04 - [MESSAGE][PASSED] - Browser is opened with url: ''

2018-03-27 12:20:04 - [TEST_STEP][PASSED] - navigateToUrl: Navigate to 'https://www.route-report.com/' successfully

2018-03-27 12:20:07 - [MESSAGE][PASSED] - Navigate to 'https://www.route-report.com/' successfully

2018-03-27 12:20:07 - [TEST_STEP][PASSED] - maximizeWindow: Current window maximized

2018-03-27 12:20:08 - [MESSAGE][PASSED] - Current window maximized

2018-03-27 12:20:08 - [TEST_STEP][PASSED] - click: Object: 'Object Repository/Header-Footer/Header buttons/Header_Button__Authors' is clicked on

2018-03-27 12:20:11 - [MESSAGE][PASSED] - Object: 'Object Repository/Header-Footer/Header buttons/Header_Button__Authors' is clicked on

2018-03-27 12:20:11 - [TEST_STEP][PASSED] - waitForElementPresent: Object 'Object Repository/Header-Footer/Ver_Buttons/ver_block_TOP AUTHORS' is present

2018-03-27 12:20:11 - [MESSAGE][PASSED] - Object 'Object Repository/Header-Footer/Ver_Buttons/ver_block_TOP AUTHORS' is present

2018-03-27 12:20:11 - [TEST_STEP][PASSED] - click: Object: 'Object Repository/Search_Authors/link_Ana Maria Diez Venezuela01' is clicked on

2018-03-27 12:20:11 - [MESSAGE][PASSED] - Object: 'Object Repository/Search_Authors/link_Ana Maria Diez Venezuela01' is clicked on

2018-03-27 12:20:11 - [TEST_STEP][PASSED] - switchToWindowIndex: Switched to window with index: '1'

2018-03-27 12:20:11 - [MESSAGE][PASSED] - Switched to window with index: '1'

2018-03-27 12:20:11 - [TEST_STEP][PASSED] - waitForElementPresent: Object 'Object Repository/Header-Footer/Ver_Buttons/ver_Authors_page' is present

2018-03-27 12:20:18 - [MESSAGE][PASSED] - Object 'Object Repository/Header-Footer/Ver_Buttons/ver_Authors_page' is present

2018-03-27 12:20:18 - [TEST_STEP][PASSED] - click: Object: 'Object Repository/Header-Footer/Header buttons/Language_Button_DE' is clicked on

2018-03-27 12:20:21 - [MESSAGE][PASSED] - Object: 'Object Repository/Header-Footer/Header buttons/Language_Button_DE' is clicked on

2018-03-27 12:20:21 - [TEST_STEP][PASSED] - waitForElementPresent: Object 'Object Repository/Header-Footer/Header buttons/Header_Button_Create a report' is not present after 2 second(s)

2018-03-27 12:20:23 - [MESSAGE][WARNING] - Object 'Object Repository/Header-Footer/Header buttons/Header_Button_Create a report' is not present after 2 second(s)

2018-03-27 12:20:23 - [TEST_STEP][PASSED] - verifyElementText: Actual text and expected text of test object 'Object Repository/Header-Footer/Header buttons/Header_Button_About us' are matched.

2018-03-27 12:20:23 - [MESSAGE][PASSED] - Actual text and expected text of test object 'Object Repository/Header-Footer/Header buttons/Header_Button_About us' are matched.

2018-03-27 12:20:23 - [TEST_STEP][PASSED] - click: Object: 'Object Repository/Header-Footer/Header buttons/Language_Button_RU' is clicked on

2018-03-27 12:20:26 - [MESSAGE][PASSED] - Object: 'Object Repository/Header-Footer/Header buttons/Language_Button_RU' is clicked on

2018-03-27 12:20:26 - [TEST_STEP][PASSED] - waitForElementPresent: Object 'Object Repository/Header-Footer/Header buttons/Header_Button_Create a report' is not present after 2 second(s)

2018-03-27 12:20:28 - [MESSAGE][WARNING] - Object 'Object Repository/Header-Footer/Header buttons/Header_Button_Create a report' is not present after 2 second(s)

2018-03-27 12:20:28 - [TEST_STEP][PASSED] - verifyElementText: Actual text and expected text of test object 'Object Repository/Header-Footer/Header buttons/Header_Button_About us' are matched.

2018-03-27 12:20:28 - [MESSAGE][PASSED] - Actual text and expected text of test object 'Object Repository/Header-Footer/Header buttons/Header_Button_About us' are matched.

2018-03-27 12:20:28 - [TEST_STEP][PASSED] - click: Object: 'Object Repository/Header-Footer/Header buttons/Language_Button_FR' is clicked on

2018-03-27 12:20:31 - [MESSAGE][PASSED] - Object: 'Object Repository/Header-Footer/Header buttons/Language_Button_FR' is clicked on

2018-03-27 12:20:31 - [TEST_STEP][PASSED] - waitForElementPresent: Object 'Object Repository/Header-Footer/Header buttons/Header_Button_Create a report' is not present after 3 second(s)

2018-03-27 12:20:34 - [MESSAGE][WARNING] - Object 'Object Repository/Header-Footer/Header buttons/Header_Button_Create a report' is not present after 3 second(s)

2018-03-27 12:20:34 - [TEST_STEP][PASSED] - verifyElementText: Actual text and expected text of test object 'Object Repository/Header-Footer/Header buttons/Header_Button_About us' are matched.

2018-03-27 12:20:34 - [MESSAGE][PASSED] - Actual text and expected text of test object 'Object Repository/Header-Footer/Header buttons/Header_Button_About us' are matched.

2018-03-27 12:20:34 - [TEST_STEP][PASSED] - click: Object: 'Object Repository/Header-Footer/Header buttons/Language_Button_ES' is clicked on

2018-03-27 12:20:37 - [MESSAGE][PASSED] - Object: 'Object Repository/Header-Footer/Header buttons/Language_Button_ES' is clicked on

2018-03-27 12:20:37 - [TEST_STEP][PASSED] - waitForElementPresent: Object 'Object Repository/Header-Footer/Header buttons/Header_Button_Create a report' is not present after 3 second(s)

2018-03-27 12:20:40 - [MESSAGE][WARNING] - Object 'Object Repository/Header-Footer/Header buttons/Header_Button_Create a report' is not present after 3 second(s)

2018-03-27 12:20:40 - [TEST_STEP][PASSED] - verifyElementText: Actual text and expected text of test object 'Object Repository/Header-Footer/Header buttons/Header_Button_About us' are matched.

2018-03-27 12:20:40 - [MESSAGE][PASSED] - Actual text and expected text of test object 'Object Repository/Header-Footer/Header buttons/Header_Button_About us' are matched.

2018-03-27 12:20:40 - [TEST_STEP][PASSED] - click: Object: 'Object Repository/Header-Footer/Header buttons/Language_Button_IT' is clicked on

2018-03-27 12:20:43 - [MESSAGE][PASSED] - Object: 'Object Repository/Header-Footer/Header buttons/Language_Button_IT' is clicked on

2018-03-27 12:20:43 - [TEST_STEP][PASSED] - waitForElementPresent: Object 'Object Repository/Header-Footer/Header buttons/Header_Button_Create a report' is not present after 2 second(s)

2018-03-27 12:20:45 - [MESSAGE][WARNING] - Object 'Object Repository/Header-Footer/Header buttons/Header_Button_Create a report' is not present after 2 second(s)

2018-03-27 12:20:45 - [TEST_STEP][PASSED] - verifyElementText: Actual text and expected text of test object 'Object Repository/Header-Footer/Header buttons/Header_Button_About us' are matched.

2018-03-27 12:20:45 - [MESSAGE][PASSED] - Actual text and expected text of test object 'Object Repository/Header-Footer/Header buttons/Header_Button_About us' are matched.

2018-03-27 12:20:45 - [TEST_STEP][PASSED] - click: Object: 'Object Repository/Header-Footer/Header buttons/Language_Button_PL' is clicked on

2018-03-27 12:20:48 - [MESSAGE][PASSED] - Object: 'Object Repository/Header-Footer/Header buttons/Language_Button_PL' is clicked on

2018-03-27 12:20:48 - [TEST_STEP][PASSED] - waitForElementPresent: Object 'Object Repository/Header-Footer/Header buttons/Header_Button_Create a report' is not present after 2 second(s)

2018-03-27 12:20:50 - [MESSAGE][WARNING] - Object 'Object Repository/Header-Footer/Header buttons/Header_Button_Create a report' is not present after 2 second(s)

2018-03-27 12:20:50 - [TEST_STEP][PASSED] - verifyElementText: Actual text and expected text of test object 'Object Repository/Header-Footer/Header buttons/Header_Button_About us' are matched.

2018-03-27 12:20:50 - [MESSAGE][PASSED] - Actual text and expected text of test object 'Object Repository/Header-Footer/Header buttons/Header_Button_About us' are matched.

2018-03-27 12:20:50 - [TEST_STEP][PASSED] - click: Object: 'Object Repository/Header-Footer/Header buttons/Language_Button_EN' is clicked on

2018-03-27 12:20:53 - [MESSAGE][PASSED] - Object: 'Object Repository/Header-Footer/Header buttons/Language_Button_EN' is clicked on

2018-03-27 12:20:53 - [TEST_STEP][PASSED] - waitForElementPresent: Object 'Object Repository/Header-Footer/Header buttons/Header_Button_Create a report' is present

2018-03-27 12:20:53 - [MESSAGE][PASSED] - Object 'Object Repository/Header-Footer/Header buttons/Header_Button_Create a report' is present

2018-03-27 12:20:53 - [TEST_STEP][PASSED] - verifyElementText: Actual text and expected text of test object 'Object Repository/Header-Footer/Header buttons/Header_Button_About us' are matched.

2018-03-27 12:20:53 - [MESSAGE][PASSED] - Actual text and expected text of test object 'Object Repository/Header-Footer/Header buttons/Header_Button_About us' are matched.

2018-03-27 12:20:53 - [TEST_STEP][PASSED] - closeBrowser: Browser is closed

2018-03-27 12:20:54 - [MESSAGE][PASSED] - Browser is closed]]></system-out>
         <system-err><![CDATA[]]></system-err>
      </testcase>
      <system-out><![CDATA[2018-03-27 12:12:58 - [TEST_SUITE][FAILED] - Language_test_cases: Test Cases/Language_test_cases/Language_Change_Search FAILED because (of) Unable to click on object 'Object Repository/Header-Footer/Header buttons/Language_Button_ES' (Root cause: org.openqa.selenium.WebDriverException: unknown error: Element <a href="https://www.route-report.com/es/report-search-set/report-search-route-report/" class="lang_item_l hfg-es-ES" data-language="es-ES"></a> is not clickable at point (1365, 20). Other element would receive the click: <div id="body_fail_server" class="body_fail_server">...</div>
  (Session info: chrome=65.0.3325.181)
  (Driver info: chromedriver=2.35.528161 (5b82f2d2aae0ca24b877009200ced9065a772e73),platform=Windows NT 6.3.9600 x86_64) (WARNING: The server did not provide any stacktrace information)
Command duration or timeout: 0 milliseconds
Build info: version: '3.7.1', revision: '8a0099a', time: '2017-11-06T21:07:36.161Z'
System info: host: 'BRAINPC', ip: '10.1.2.105', os.name: 'Windows 8.1', os.arch: 'amd64', os.version: '6.3', java.version: '1.8.0_102'
Driver info: com.kms.katalon.selenium.driver.CChromeDriver
Capabilities {acceptInsecureCerts: false, acceptSslCerts: false, applicationCacheEnabled: false, browserConnectionEnabled: false, browserName: chrome, chrome: {chromedriverVersion: 2.35.528161 (5b82f2d2aae0ca..., userDataDir: C:\Users\user\AppData\Local...}, cssSelectorsEnabled: true, databaseEnabled: false, handlesAlerts: true, hasTouchScreen: false, javascriptEnabled: true, locationContextEnabled: true, mobileEmulationEnabled: false, nativeEvents: true, networkConnectionEnabled: false, pageLoadStrategy: normal, platform: XP, platformName: XP, rotatable: false, setWindowRect: true, takesHeapSnapshot: true, takesScreenshot: true, unexpectedAlertBehaviour: , unhandledPromptBehavior: , version: 65.0.3325.181, webStorageEnabled: true}
Session ID: 6cde3c2ad2b2d55626e94d499e45cf0a)]]></system-out>
      <system-err><![CDATA[2018-03-27 12:12:58 - [TEST_SUITE][FAILED] - Language_test_cases: Test Cases/Language_test_cases/Language_Change_Search FAILED because (of) Unable to click on object 'Object Repository/Header-Footer/Header buttons/Language_Button_ES' (Root cause: org.openqa.selenium.WebDriverException: unknown error: Element <a href="https://www.route-report.com/es/report-search-set/report-search-route-report/" class="lang_item_l hfg-es-ES" data-language="es-ES"></a> is not clickable at point (1365, 20). Other element would receive the click: <div id="body_fail_server" class="body_fail_server">...</div>
  (Session info: chrome=65.0.3325.181)
  (Driver info: chromedriver=2.35.528161 (5b82f2d2aae0ca24b877009200ced9065a772e73),platform=Windows NT 6.3.9600 x86_64) (WARNING: The server did not provide any stacktrace information)
Command duration or timeout: 0 milliseconds
Build info: version: '3.7.1', revision: '8a0099a', time: '2017-11-06T21:07:36.161Z'
System info: host: 'BRAINPC', ip: '10.1.2.105', os.name: 'Windows 8.1', os.arch: 'amd64', os.version: '6.3', java.version: '1.8.0_102'
Driver info: com.kms.katalon.selenium.driver.CChromeDriver
Capabilities {acceptInsecureCerts: false, acceptSslCerts: false, applicationCacheEnabled: false, browserConnectionEnabled: false, browserName: chrome, chrome: {chromedriverVersion: 2.35.528161 (5b82f2d2aae0ca..., userDataDir: C:\Users\user\AppData\Local...}, cssSelectorsEnabled: true, databaseEnabled: false, handlesAlerts: true, hasTouchScreen: false, javascriptEnabled: true, locationContextEnabled: true, mobileEmulationEnabled: false, nativeEvents: true, networkConnectionEnabled: false, pageLoadStrategy: normal, platform: XP, platformName: XP, rotatable: false, setWindowRect: true, takesHeapSnapshot: true, takesScreenshot: true, unexpectedAlertBehaviour: , unhandledPromptBehavior: , version: 65.0.3325.181, webStorageEnabled: true}
Session ID: 6cde3c2ad2b2d55626e94d499e45cf0a)]]></system-err>
   </testsuite>
</testsuites>
