<?xml version="1.0" encoding="UTF-8"?>
<testsuites name="Account" time="140" tests="3" failures="2" errors="0">
   <testsuite name="Account" tests="3" failures="2" errors="0" time="140" timestamp="2018-03-29 15:51:43" hostname="user - BrainPc" id="Test Suites/Account">
      <properties>
         <property name="deviceName" value=""/>
         <property name="devicePlatform" value=""/>
         <property name="logFolder" value="C:\\Users\\user\\Katalon Studio\\Route_report_WEB\\Reports\\Account\\20180329_153550"/>
         <property name="logFiles" value="C:\\Users\\user\\Katalon Studio\\Route_report_WEB\\Reports\\Account\\20180329_153550\\execution0.log"/>
         <property name="attachments" value="C:\\Users\\user\\Katalon Studio\\Route_report_WEB\\Reports\\Account\\20180329_153550\\1522327975781.png, C:\\Users\\user\\Katalon Studio\\Route_report_WEB\\Reports\\Account\\20180329_153550\\1522327984219.png"/>
         <property name="hostName" value="user - BrainPc"/>
         <property name="os" value="Windows 8.1 64bit"/>
         <property name="katalonVersion" value="5.3.1.1"/>
         <property name="browser" value="Chrome 65.0.3325.181"/>
         <property name="hostAddress" value="192.168.137.2"/>
         <property name="sessionId" value="33a9f5e72000fd477ec4a19e18f218a9"/>
         <property name="seleniumVersion" value="3.7.1"/>
         <property name="proxyInformation" value="ProxyInformation{proxyOption=NO_PROXY, proxyServerType=HTTP, password=, proxyServerAddress=, proxyServerPort=0}"/>
         <property name="platform" value="Windows 8.1"/>
      </properties>
      <testcase name="Test Cases/Account/Account_Change_data" classname="Test Cases/Account/Account_Change_data" status="PASSED">
         <system-out><![CDATA[2018-03-29 15:51:44 - [TEST_CASE][PASSED] - Test Cases/Account/Account_Change_data: Test Cases/Account/Account_Change_data

2018-03-29 15:51:44 - [TEST_STEP][PASSED] - openBrowser: Browser is opened with url: ''

2018-03-29 15:51:47 - [MESSAGE][PASSED] - Browser is opened with url: ''

2018-03-29 15:51:47 - [TEST_STEP][PASSED] - navigateToUrl: Navigate to 'http://route-report.doinsane.com/' successfully

2018-03-29 15:51:50 - [MESSAGE][PASSED] - Navigate to 'http://route-report.doinsane.com/' successfully

2018-03-29 15:51:50 - [TEST_STEP][PASSED] - maximizeWindow: Current window maximized

2018-03-29 15:51:51 - [MESSAGE][PASSED] - Current window maximized

2018-03-29 15:51:51 - [TEST_STEP][PASSED] - click: Object: 'Object Repository/Login_registration/span_Login' is clicked on

2018-03-29 15:51:51 - [MESSAGE][PASSED] - Object: 'Object Repository/Login_registration/span_Login' is clicked on

2018-03-29 15:51:51 - [TEST_STEP][PASSED] - Statement - mydate = new java.util.Date(): null

2018-03-29 15:51:51 - [TEST_STEP][PASSED] - Statement - dateHour = mydate.format("HHmmss"): null

2018-03-29 15:51:51 - [TEST_STEP][PASSED] - Statement - x = "time" + dateHour: null

2018-03-29 15:51:51 - [TEST_STEP][PASSED] - setText: Text 'time155151' is set on object 'Object Repository/Login_registration/input_in_nickname'

2018-03-29 15:51:52 - [MESSAGE][PASSED] - Text 'time155151' is set on object 'Object Repository/Login_registration/input_in_nickname'

2018-03-29 15:51:52 - [TEST_STEP][PASSED] - setText: Text 'time155151@test.com' is set on object 'Object Repository/Login_registration/input_in_email_registration_field'

2018-03-29 15:51:52 - [MESSAGE][PASSED] - Text 'time155151@test.com' is set on object 'Object Repository/Login_registration/input_in_email_registration_field'

2018-03-29 15:51:52 - [TEST_STEP][PASSED] - click: Object: 'Object Repository/Login_registration/button_SIGN UP' is clicked on

2018-03-29 15:51:53 - [MESSAGE][PASSED] - Object: 'Object Repository/Login_registration/button_SIGN UP' is clicked on

2018-03-29 15:51:53 - [TEST_STEP][PASSED] - waitForElementPresent: Object 'Object Repository/Login_registration/span_My spoken languages' is present

2018-03-29 15:51:57 - [MESSAGE][PASSED] - Object 'Object Repository/Login_registration/span_My spoken languages' is present

2018-03-29 15:51:57 - [TEST_STEP][PASSED] - verifyElementText: Actual text and expected text of test object 'Object Repository/Login_registration/span_mail_field_account' are matched.

2018-03-29 15:51:57 - [MESSAGE][PASSED] - Actual text and expected text of test object 'Object Repository/Login_registration/span_mail_field_account' are matched.

2018-03-29 15:51:57 - [TEST_STEP][PASSED] - click: Object: 'Object Repository/Account/Buttons/button_change_name_mail_phone' is clicked on

2018-03-29 15:51:58 - [MESSAGE][PASSED] - Object: 'Object Repository/Account/Buttons/button_change_name_mail_phone' is clicked on

2018-03-29 15:51:58 - [TEST_STEP][PASSED] - clearText: Text of object 'Object Repository/Account/Input_fields/input_field_Name' is cleared

2018-03-29 15:51:58 - [MESSAGE][PASSED] - Text of object 'Object Repository/Account/Input_fields/input_field_Name' is cleared

2018-03-29 15:51:58 - [TEST_STEP][PASSED] - verifyElementPresent: Object 'Object Repository/Account/warnings(validator_msg)/warning_Name_field' is present

2018-03-29 15:51:58 - [MESSAGE][PASSED] - Object 'Object Repository/Account/warnings(validator_msg)/warning_Name_field' is present

2018-03-29 15:51:58 - [TEST_STEP][PASSED] - setText: Text 'Nametime155151' is set on object 'Object Repository/Account/Input_fields/input_field_Name'

2018-03-29 15:51:58 - [MESSAGE][PASSED] - Text 'Nametime155151' is set on object 'Object Repository/Account/Input_fields/input_field_Name'

2018-03-29 15:51:58 - [TEST_STEP][PASSED] - clearText: Text of object 'Object Repository/Account/Input_fields/input_field_Last_name' is cleared

2018-03-29 15:51:58 - [MESSAGE][PASSED] - Text of object 'Object Repository/Account/Input_fields/input_field_Last_name' is cleared

2018-03-29 15:51:58 - [TEST_STEP][PASSED] - verifyElementPresent: Object 'Object Repository/Account/warnings(validator_msg)/warning_Last_name_Field' is present

2018-03-29 15:51:58 - [MESSAGE][PASSED] - Object 'Object Repository/Account/warnings(validator_msg)/warning_Last_name_Field' is present

2018-03-29 15:51:58 - [TEST_STEP][PASSED] - setText: Text 'Lasttime155151' is set on object 'Object Repository/Account/Input_fields/input_field_Last_name'

2018-03-29 15:51:58 - [MESSAGE][PASSED] - Text 'Lasttime155151' is set on object 'Object Repository/Account/Input_fields/input_field_Last_name'

2018-03-29 15:51:58 - [TEST_STEP][PASSED] - clearText: Text of object 'Object Repository/Account/Input_fields/input_Nick_Field' is cleared

2018-03-29 15:51:58 - [MESSAGE][PASSED] - Text of object 'Object Repository/Account/Input_fields/input_Nick_Field' is cleared

2018-03-29 15:51:58 - [TEST_STEP][PASSED] - verifyElementPresent: Object 'Object Repository/Account/warnings(validator_msg)/warning_Nick_Field' is present

2018-03-29 15:51:58 - [MESSAGE][PASSED] - Object 'Object Repository/Account/warnings(validator_msg)/warning_Nick_Field' is present

2018-03-29 15:51:58 - [TEST_STEP][PASSED] - setText: Text 'Nicktime155151' is set on object 'Object Repository/Account/Input_fields/input_Nick_Field'

2018-03-29 15:51:59 - [MESSAGE][PASSED] - Text 'Nicktime155151' is set on object 'Object Repository/Account/Input_fields/input_Nick_Field'

2018-03-29 15:51:59 - [TEST_STEP][PASSED] - clearText: Text of object 'Object Repository/Account/Input_fields/input_Mail_Field' is cleared

2018-03-29 15:51:59 - [MESSAGE][PASSED] - Text of object 'Object Repository/Account/Input_fields/input_Mail_Field' is cleared

2018-03-29 15:51:59 - [TEST_STEP][PASSED] - verifyElementPresent: Object 'Object Repository/Account/warnings(validator_msg)/warning_Mail_Field' is present

2018-03-29 15:51:59 - [MESSAGE][PASSED] - Object 'Object Repository/Account/warnings(validator_msg)/warning_Mail_Field' is present

2018-03-29 15:51:59 - [TEST_STEP][PASSED] - setText: Text 'time155151@new.com' is set on object 'Object Repository/Account/Input_fields/input_Mail_Field'

2018-03-29 15:51:59 - [MESSAGE][PASSED] - Text 'time155151@new.com' is set on object 'Object Repository/Account/Input_fields/input_Mail_Field'

2018-03-29 15:51:59 - [TEST_STEP][PASSED] - setText: Text '123456789' is set on object 'Object Repository/Account/Input_fields/input_Phone_Field'

2018-03-29 15:51:59 - [MESSAGE][PASSED] - Text '123456789' is set on object 'Object Repository/Account/Input_fields/input_Phone_Field'

2018-03-29 15:51:59 - [TEST_STEP][PASSED] - click: Object: 'Object Repository/Account/Buttons/button_Gender_Male' is clicked on

2018-03-29 15:51:59 - [MESSAGE][PASSED] - Object: 'Object Repository/Account/Buttons/button_Gender_Male' is clicked on

2018-03-29 15:51:59 - [TEST_STEP][PASSED] - click: Object: 'Object Repository/Account/Buttons/button_Calendar' is clicked on

2018-03-29 15:51:59 - [MESSAGE][PASSED] - Object: 'Object Repository/Account/Buttons/button_Calendar' is clicked on

2018-03-29 15:51:59 - [TEST_STEP][PASSED] - verifyElementPresent: Object 'Object Repository/Account/Other/Date_picker_calendar' is present

2018-03-29 15:51:59 - [MESSAGE][PASSED] - Object 'Object Repository/Account/Other/Date_picker_calendar' is present

2018-03-29 15:51:59 - [TEST_STEP][PASSED] - selectOptionByIndex: All options with index in [2] are selected on object 'Object Repository/Account/Other/date_picker_dropdawn_list_month'

2018-03-29 15:51:59 - [MESSAGE][PASSED] - All options with index in [2] are selected on object 'Object Repository/Account/Other/date_picker_dropdawn_list_month'

2018-03-29 15:51:59 - [TEST_STEP][PASSED] - selectOptionByIndex: All options with index in [1] are selected on object 'Object Repository/Account/Other/date_picker_Year'

2018-03-29 15:52:00 - [MESSAGE][PASSED] - All options with index in [1] are selected on object 'Object Repository/Account/Other/date_picker_Year'

2018-03-29 15:52:00 - [TEST_STEP][PASSED] - click: Object: 'Object Repository/Account/Other/date_picker_Select_date' is clicked on

2018-03-29 15:52:00 - [MESSAGE][PASSED] - Object: 'Object Repository/Account/Other/date_picker_Select_date' is clicked on

2018-03-29 15:52:00 - [TEST_STEP][PASSED] - delay: Delayed 1 second(s)

2018-03-29 15:52:01 - [MESSAGE][PASSED] - Delayed 1 second(s)

2018-03-29 15:52:01 - [TEST_STEP][PASSED] - doubleClick: Object: 'Object Repository/Account/Buttons/button_save_changes' is double clicked on

2018-03-29 15:52:01 - [MESSAGE][PASSED] - Object: 'Object Repository/Account/Buttons/button_save_changes' is double clicked on

2018-03-29 15:52:01 - [TEST_STEP][PASSED] - verifyElementPresent: Object 'Object Repository/Account/Buttons/button_Gender_Female' is present

2018-03-29 15:52:01 - [MESSAGE][PASSED] - Object 'Object Repository/Account/Buttons/button_Gender_Female' is present

2018-03-29 15:52:01 - [TEST_STEP][PASSED] - click: Object: 'Object Repository/Account/Buttons/button_add_language_PLUS' is clicked on

2018-03-29 15:52:01 - [MESSAGE][PASSED] - Object: 'Object Repository/Account/Buttons/button_add_language_PLUS' is clicked on

2018-03-29 15:52:01 - [TEST_STEP][PASSED] - verifyElementPresent: Object 'Object Repository/Account/Buttons/button_add_language_DE' is present

2018-03-29 15:52:01 - [MESSAGE][PASSED] - Object 'Object Repository/Account/Buttons/button_add_language_DE' is present

2018-03-29 15:52:01 - [TEST_STEP][PASSED] - click: Object: 'Object Repository/Account/Buttons/button_add_language_DE' is clicked on

2018-03-29 15:52:01 - [MESSAGE][PASSED] - Object: 'Object Repository/Account/Buttons/button_add_language_DE' is clicked on

2018-03-29 15:52:01 - [TEST_STEP][PASSED] - delay: Delayed 1 second(s)

2018-03-29 15:52:02 - [MESSAGE][PASSED] - Delayed 1 second(s)

2018-03-29 15:52:02 - [TEST_STEP][PASSED] - verifyElementPresent: Object 'Object Repository/Account/ver/ver_2nd_added_language' is present

2018-03-29 15:52:02 - [MESSAGE][PASSED] - Object 'Object Repository/Account/ver/ver_2nd_added_language' is present

2018-03-29 15:52:02 - [TEST_STEP][PASSED] - uploadFile: File 'D:\test-photo.jpg' sent to object: 'Object Repository/Account/Buttons/button_change_avatar'

2018-03-29 15:52:02 - [MESSAGE][PASSED] - File 'D:\test-photo.jpg' sent to object: 'Object Repository/Account/Buttons/button_change_avatar'

2018-03-29 15:52:02 - [TEST_STEP][PASSED] - waitForElementPresent: Object 'Object Repository/Account/ver/ver_pop_up_with_loaded_photo' is not present after 2 second(s)

2018-03-29 15:52:05 - [MESSAGE][WARNING] - Object 'Object Repository/Account/ver/ver_pop_up_with_loaded_photo' is not present after 2 second(s)

2018-03-29 15:52:05 - [TEST_STEP][PASSED] - delay: Delayed 2 second(s)

2018-03-29 15:52:07 - [MESSAGE][PASSED] - Delayed 2 second(s)

2018-03-29 15:52:07 - [TEST_STEP][PASSED] - waitForElementVisible: Object 'Object Repository/Account/Buttons/button_Cancel' is visible

2018-03-29 15:52:09 - [MESSAGE][PASSED] - Object 'Object Repository/Account/Buttons/button_Cancel' is visible

2018-03-29 15:52:09 - [TEST_STEP][PASSED] - click: Object: 'Object Repository/Account/Buttons/button_Add' is clicked on

2018-03-29 15:52:09 - [MESSAGE][PASSED] - Object: 'Object Repository/Account/Buttons/button_Add' is clicked on

2018-03-29 15:52:09 - [TEST_STEP][PASSED] - delay: Delayed 1 second(s)

2018-03-29 15:52:10 - [MESSAGE][PASSED] - Delayed 1 second(s)

2018-03-29 15:52:10 - [TEST_STEP][PASSED] - click: Object: 'Object Repository/Account/Buttons/button_Green_plus' is clicked on

2018-03-29 15:52:10 - [MESSAGE][PASSED] - Object: 'Object Repository/Account/Buttons/button_Green_plus' is clicked on

2018-03-29 15:52:10 - [TEST_STEP][PASSED] - waitForElementPresent: Object 'Object Repository/Account/ver/ver_popup_subsc_shows' is present

2018-03-29 15:52:11 - [MESSAGE][PASSED] - Object 'Object Repository/Account/ver/ver_popup_subsc_shows' is present

2018-03-29 15:52:11 - [TEST_STEP][PASSED] - click: Object: 'Object Repository/Account/Other/select_subscribe_topic' is clicked on

2018-03-29 15:52:11 - [MESSAGE][PASSED] - Object: 'Object Repository/Account/Other/select_subscribe_topic' is clicked on

2018-03-29 15:52:11 - [TEST_STEP][PASSED] - click: Object: 'Object Repository/Account/Buttons/button_close_popup_subscribe' is clicked on

2018-03-29 15:52:11 - [MESSAGE][PASSED] - Object: 'Object Repository/Account/Buttons/button_close_popup_subscribe' is clicked on

2018-03-29 15:52:11 - [TEST_STEP][PASSED] - delay: Delayed 3 second(s)

2018-03-29 15:52:14 - [MESSAGE][PASSED] - Delayed 3 second(s)

2018-03-29 15:52:14 - [TEST_STEP][PASSED] - click: Object: 'Object Repository/Account/Buttons/button_set_address' is clicked on

2018-03-29 15:52:14 - [MESSAGE][PASSED] - Object: 'Object Repository/Account/Buttons/button_set_address' is clicked on

2018-03-29 15:52:14 - [TEST_STEP][PASSED] - delay: Delayed 3 second(s)

2018-03-29 15:52:17 - [MESSAGE][PASSED] - Delayed 3 second(s)

2018-03-29 15:52:17 - [TEST_STEP][PASSED] - verifyElementPresent: Object 'Object Repository/Account/ver/ver_popup_Set_address_shows' is present

2018-03-29 15:52:17 - [MESSAGE][PASSED] - Object 'Object Repository/Account/ver/ver_popup_Set_address_shows' is present

2018-03-29 15:52:17 - [TEST_STEP][PASSED] - setText: Text 'London' is set on object 'Object Repository/Account/Input_fields/input_address_search_field'

2018-03-29 15:52:17 - [MESSAGE][PASSED] - Text 'London' is set on object 'Object Repository/Account/Input_fields/input_address_search_field'

2018-03-29 15:52:17 - [TEST_STEP][PASSED] - click: Object: 'Object Repository/Account/Other/Choose_london' is clicked on

2018-03-29 15:52:18 - [MESSAGE][PASSED] - Object: 'Object Repository/Account/Other/Choose_london' is clicked on

2018-03-29 15:52:18 - [TEST_STEP][PASSED] - delay: Delayed 1 second(s)

2018-03-29 15:52:19 - [MESSAGE][PASSED] - Delayed 1 second(s)

2018-03-29 15:52:19 - [TEST_STEP][PASSED] - clickOffset: Object: 'Object Repository/Account/ver/ver_popup_Set_address_shows' is clicked on using offset x=100 and y=400

2018-03-29 15:52:19 - [MESSAGE][PASSED] - Object: 'Object Repository/Account/ver/ver_popup_Set_address_shows' is clicked on using offset x=100 and y=400

2018-03-29 15:52:19 - [TEST_STEP][PASSED] - delay: Delayed 3 second(s)

2018-03-29 15:52:22 - [MESSAGE][PASSED] - Delayed 3 second(s)

2018-03-29 15:52:22 - [TEST_STEP][PASSED] - click: Object: 'Object Repository/Account/Buttons/button_close_popup_set_address' is clicked on

2018-03-29 15:52:22 - [MESSAGE][PASSED] - Object: 'Object Repository/Account/Buttons/button_close_popup_set_address' is clicked on

2018-03-29 15:52:22 - [TEST_STEP][PASSED] - verifyElementText: Actual text and expected text of test object 'Object Repository/Account/ver/ver_Address' are matched.

2018-03-29 15:52:22 - [MESSAGE][PASSED] - Actual text and expected text of test object 'Object Repository/Account/ver/ver_Address' are matched.

2018-03-29 15:52:22 - [TEST_STEP][PASSED] - delay: Delayed 2 second(s)

2018-03-29 15:52:24 - [MESSAGE][PASSED] - Delayed 2 second(s)

2018-03-29 15:52:24 - [TEST_STEP][PASSED] - closeBrowser: Browser is closed

2018-03-29 15:52:25 - [MESSAGE][PASSED] - Browser is closed]]></system-out>
         <system-err><![CDATA[]]></system-err>
      </testcase>
      <testcase name="Test Cases/Account/Account_Change_Password" classname="Test Cases/Account/Account_Change_Password" status="FAILED">
         <failure type="FAILED" message="Unable to click on object 'Object Repository/Login_registration/button_LOG IN' (Root cause: org.openqa.selenium.WebDriverException: unknown error: Element &lt;button class=&quot;button&quot; id=&quot;open_go_login&quot; style=&quot;width: 100%;&quot;>...&lt;/button> is not clickable at point (837, 450). Other element would receive the click: &lt;div class=&quot;srm_loading&quot;>...&lt;/div>
  (Session info: chrome=65.0.3325.181)
  (Driver info: chromedriver=2.35.528161 (5b82f2d2aae0ca24b877009200ced9065a772e73),platform=Windows NT 6.3.9600 x86_64) (WARNING: The server did not provide any stacktrace information)
Command duration or timeout: 0 milliseconds
Build info: version: '3.7.1', revision: '8a0099a', time: '2017-11-06T21:07:36.161Z'
System info: host: 'BRAINPC', ip: '192.168.137.2', os.name: 'Windows 8.1', os.arch: 'amd64', os.version: '6.3', java.version: '1.8.0_102'
Driver info: com.kms.katalon.selenium.driver.CChromeDriver
Capabilities {acceptInsecureCerts: false, acceptSslCerts: false, applicationCacheEnabled: false, browserConnectionEnabled: false, browserName: chrome, chrome: {chromedriverVersion: 2.35.528161 (5b82f2d2aae0ca..., userDataDir: C:\Users\user\AppData\Local...}, cssSelectorsEnabled: true, databaseEnabled: false, handlesAlerts: true, hasTouchScreen: false, javascriptEnabled: true, locationContextEnabled: true, mobileEmulationEnabled: false, nativeEvents: true, networkConnectionEnabled: false, pageLoadStrategy: normal, platform: XP, platformName: XP, rotatable: false, setWindowRect: true, takesHeapSnapshot: true, takesScreenshot: true, unexpectedAlertBehaviour: , unhandledPromptBehavior: , version: 65.0.3325.181, webStorageEnabled: true}
Session ID: 5a6a4b14eab4997b82eca58fee31b4f8)"/>
         <system-out><![CDATA[2018-03-29 15:52:25 - [TEST_CASE][FAILED] - Test Cases/Account/Account_Change_Password: Test Cases/Account/Account_Change_Password FAILED because (of) Unable to click on object 'Object Repository/Login_registration/button_LOG IN' (Root cause: org.openqa.selenium.WebDriverException: unknown error: Element <button class="button" id="open_go_login" style="width: 100%;">...</button> is not clickable at point (837, 450). Other element would receive the click: <div class="srm_loading">...</div>
  (Session info: chrome=65.0.3325.181)
  (Driver info: chromedriver=2.35.528161 (5b82f2d2aae0ca24b877009200ced9065a772e73),platform=Windows NT 6.3.9600 x86_64) (WARNING: The server did not provide any stacktrace information)
Command duration or timeout: 0 milliseconds
Build info: version: '3.7.1', revision: '8a0099a', time: '2017-11-06T21:07:36.161Z'
System info: host: 'BRAINPC', ip: '192.168.137.2', os.name: 'Windows 8.1', os.arch: 'amd64', os.version: '6.3', java.version: '1.8.0_102'
Driver info: com.kms.katalon.selenium.driver.CChromeDriver
Capabilities {acceptInsecureCerts: false, acceptSslCerts: false, applicationCacheEnabled: false, browserConnectionEnabled: false, browserName: chrome, chrome: {chromedriverVersion: 2.35.528161 (5b82f2d2aae0ca..., userDataDir: C:\Users\user\AppData\Local...}, cssSelectorsEnabled: true, databaseEnabled: false, handlesAlerts: true, hasTouchScreen: false, javascriptEnabled: true, locationContextEnabled: true, mobileEmulationEnabled: false, nativeEvents: true, networkConnectionEnabled: false, pageLoadStrategy: normal, platform: XP, platformName: XP, rotatable: false, setWindowRect: true, takesHeapSnapshot: true, takesScreenshot: true, unexpectedAlertBehaviour: , unhandledPromptBehavior: , version: 65.0.3325.181, webStorageEnabled: true}
Session ID: 5a6a4b14eab4997b82eca58fee31b4f8)

2018-03-29 15:52:25 - [TEST_STEP][PASSED] - openBrowser: Browser is opened with url: ''

2018-03-29 15:52:27 - [MESSAGE][PASSED] - Browser is opened with url: ''

2018-03-29 15:52:27 - [TEST_STEP][PASSED] - navigateToUrl: Navigate to 'https://www.route-report.com/' successfully

2018-03-29 15:52:30 - [MESSAGE][PASSED] - Navigate to 'https://www.route-report.com/' successfully

2018-03-29 15:52:30 - [TEST_STEP][PASSED] - maximizeWindow: Current window maximized

2018-03-29 15:52:32 - [MESSAGE][PASSED] - Current window maximized

2018-03-29 15:52:32 - [TEST_STEP][PASSED] - Statement - pass = "111111": null

2018-03-29 15:52:32 - [TEST_STEP][PASSED] - Statement - wrongpass = "123123123123": null

2018-03-29 15:52:32 - [TEST_STEP][PASSED] - Statement - newpass = "222222": null

2018-03-29 15:52:32 - [TEST_STEP][PASSED] - Statement - mail = "rostyslav.biliaiev@route-report.com": null

2018-03-29 15:52:32 - [TEST_STEP][PASSED] - click: Object: 'Object Repository/Login_registration/span_Login' is clicked on

2018-03-29 15:52:32 - [MESSAGE][PASSED] - Object: 'Object Repository/Login_registration/span_Login' is clicked on

2018-03-29 15:52:32 - [TEST_STEP][PASSED] - setText: Text 'rostyslav.biliaiev@route-report.com' is set on object 'Object Repository/Login_registration/input_in_login'

2018-03-29 15:52:33 - [MESSAGE][PASSED] - Text 'rostyslav.biliaiev@route-report.com' is set on object 'Object Repository/Login_registration/input_in_login'

2018-03-29 15:52:33 - [TEST_STEP][PASSED] - setText: Text '111111' is set on object 'Object Repository/Login_registration/input_in_password'

2018-03-29 15:52:33 - [MESSAGE][PASSED] - Text '111111' is set on object 'Object Repository/Login_registration/input_in_password'

2018-03-29 15:52:33 - [TEST_STEP][PASSED] - click: Object: 'Object Repository/Login_registration/button_LOG IN' is clicked on

2018-03-29 15:52:33 - [MESSAGE][PASSED] - Object: 'Object Repository/Login_registration/button_LOG IN' is clicked on

2018-03-29 15:52:33 - [TEST_STEP][PASSED] - verifyElementPresent: Object 'Object Repository/Login_registration/span_My spoken languages' is present

2018-03-29 15:52:38 - [MESSAGE][PASSED] - Object 'Object Repository/Login_registration/span_My spoken languages' is present

2018-03-29 15:52:38 - [TEST_STEP][PASSED] - delay: Delayed 1 second(s)

2018-03-29 15:52:39 - [MESSAGE][PASSED] - Delayed 1 second(s)

2018-03-29 15:52:39 - [TEST_STEP][PASSED] - click: Object: 'Object Repository/Account/Buttons/button_change_password' is clicked on

2018-03-29 15:52:39 - [MESSAGE][PASSED] - Object: 'Object Repository/Account/Buttons/button_change_password' is clicked on

2018-03-29 15:52:39 - [TEST_STEP][PASSED] - waitForElementVisible: Object 'Object Repository/Account/ver/ver_change_pass_form_shows' is visible

2018-03-29 15:52:40 - [MESSAGE][PASSED] - Object 'Object Repository/Account/ver/ver_change_pass_form_shows' is visible

2018-03-29 15:52:40 - [TEST_STEP][PASSED] - setText: Text '123123123123' is set on object 'Object Repository/Account/Input_fields/input_old_password_field'

2018-03-29 15:52:40 - [MESSAGE][PASSED] - Text '123123123123' is set on object 'Object Repository/Account/Input_fields/input_old_password_field'

2018-03-29 15:52:40 - [TEST_STEP][PASSED] - setText: Text '222222' is set on object 'Object Repository/Account/Input_fields/input_newpass_field'

2018-03-29 15:52:40 - [MESSAGE][PASSED] - Text '222222' is set on object 'Object Repository/Account/Input_fields/input_newpass_field'

2018-03-29 15:52:40 - [TEST_STEP][PASSED] - setText: Text '222222' is set on object 'Object Repository/Account/Input_fields/input_confirm_newpass_field'

2018-03-29 15:52:40 - [MESSAGE][PASSED] - Text '222222' is set on object 'Object Repository/Account/Input_fields/input_confirm_newpass_field'

2018-03-29 15:52:40 - [TEST_STEP][PASSED] - click: Object: 'Object Repository/Account/Buttons/button_save_new_pass' is clicked on

2018-03-29 15:52:40 - [MESSAGE][PASSED] - Object: 'Object Repository/Account/Buttons/button_save_new_pass' is clicked on

2018-03-29 15:52:40 - [TEST_STEP][PASSED] - delay: Delayed 3 second(s)

2018-03-29 15:52:43 - [MESSAGE][PASSED] - Delayed 3 second(s)

2018-03-29 15:52:43 - [TEST_STEP][PASSED] - waitForElementVisible: Object 'Object Repository/Account/warnings(validator_msg)/ver_msg_old_pass_incorrect_shows' is visible

2018-03-29 15:52:43 - [MESSAGE][PASSED] - Object 'Object Repository/Account/warnings(validator_msg)/ver_msg_old_pass_incorrect_shows' is visible

2018-03-29 15:52:43 - [TEST_STEP][PASSED] - clearText: Text of object 'Object Repository/Account/Input_fields/input_old_password_field' is cleared

2018-03-29 15:52:43 - [MESSAGE][PASSED] - Text of object 'Object Repository/Account/Input_fields/input_old_password_field' is cleared

2018-03-29 15:52:43 - [TEST_STEP][PASSED] - clearText: Text of object 'Object Repository/Account/Input_fields/input_newpass_field' is cleared

2018-03-29 15:52:43 - [MESSAGE][PASSED] - Text of object 'Object Repository/Account/Input_fields/input_newpass_field' is cleared

2018-03-29 15:52:43 - [TEST_STEP][PASSED] - clearText: Text of object 'Object Repository/Account/Input_fields/input_confirm_newpass_field' is cleared

2018-03-29 15:52:43 - [MESSAGE][PASSED] - Text of object 'Object Repository/Account/Input_fields/input_confirm_newpass_field' is cleared

2018-03-29 15:52:43 - [TEST_STEP][PASSED] - click: Object: 'Object Repository/Account/Buttons/button_save_new_pass' is clicked on

2018-03-29 15:52:43 - [MESSAGE][PASSED] - Object: 'Object Repository/Account/Buttons/button_save_new_pass' is clicked on

2018-03-29 15:52:43 - [TEST_STEP][PASSED] - verifyElementVisible: Object 'Object Repository/Account/ver/ver_error_msg_old_pass_field' is visible

2018-03-29 15:52:44 - [MESSAGE][PASSED] - Object 'Object Repository/Account/ver/ver_error_msg_old_pass_field' is visible

2018-03-29 15:52:44 - [TEST_STEP][PASSED] - verifyElementVisible: Object 'Object Repository/Account/ver/ver_error_msg_new_pass' is visible

2018-03-29 15:52:44 - [MESSAGE][PASSED] - Object 'Object Repository/Account/ver/ver_error_msg_new_pass' is visible

2018-03-29 15:52:44 - [TEST_STEP][PASSED] - verifyElementVisible: Object 'Object Repository/Account/ver/ver_error_msg_confirm_pass_field' is visible

2018-03-29 15:52:44 - [MESSAGE][PASSED] - Object 'Object Repository/Account/ver/ver_error_msg_confirm_pass_field' is visible

2018-03-29 15:52:44 - [TEST_STEP][PASSED] - delay: Delayed 1 second(s)

2018-03-29 15:52:45 - [MESSAGE][PASSED] - Delayed 1 second(s)

2018-03-29 15:52:45 - [TEST_STEP][PASSED] - click: Object: 'Object Repository/Account/Buttons/button_Cancel_change_pass' is clicked on

2018-03-29 15:52:45 - [MESSAGE][PASSED] - Object: 'Object Repository/Account/Buttons/button_Cancel_change_pass' is clicked on

2018-03-29 15:52:45 - [TEST_STEP][PASSED] - delay: Delayed 2 second(s)

2018-03-29 15:52:47 - [MESSAGE][PASSED] - Delayed 2 second(s)

2018-03-29 15:52:47 - [TEST_STEP][PASSED] - click: Object: 'Object Repository/Account/Buttons/button_change_password' is clicked on

2018-03-29 15:52:47 - [MESSAGE][PASSED] - Object: 'Object Repository/Account/Buttons/button_change_password' is clicked on

2018-03-29 15:52:47 - [TEST_STEP][PASSED] - verifyElementVisible: Object 'Object Repository/Account/ver/ver_change_pass_form_shows' is visible

2018-03-29 15:52:47 - [MESSAGE][PASSED] - Object 'Object Repository/Account/ver/ver_change_pass_form_shows' is visible

2018-03-29 15:52:47 - [TEST_STEP][PASSED] - setText: Text '111111' is set on object 'Object Repository/Account/Input_fields/input_old_password_field'

2018-03-29 15:52:48 - [MESSAGE][PASSED] - Text '111111' is set on object 'Object Repository/Account/Input_fields/input_old_password_field'

2018-03-29 15:52:48 - [TEST_STEP][PASSED] - setText: Text '222222' is set on object 'Object Repository/Account/Input_fields/input_newpass_field'

2018-03-29 15:52:48 - [MESSAGE][PASSED] - Text '222222' is set on object 'Object Repository/Account/Input_fields/input_newpass_field'

2018-03-29 15:52:48 - [TEST_STEP][PASSED] - setText: Text '123123123123' is set on object 'Object Repository/Account/Input_fields/input_confirm_newpass_field'

2018-03-29 15:52:48 - [MESSAGE][PASSED] - Text '123123123123' is set on object 'Object Repository/Account/Input_fields/input_confirm_newpass_field'

2018-03-29 15:52:48 - [TEST_STEP][PASSED] - delay: Delayed 1 second(s)

2018-03-29 15:52:49 - [MESSAGE][PASSED] - Delayed 1 second(s)

2018-03-29 15:52:49 - [TEST_STEP][PASSED] - verifyElementVisible: Object 'Object Repository/Account/ver/ver_error_msg_confirm_pass_field' is visible

2018-03-29 15:52:49 - [MESSAGE][PASSED] - Object 'Object Repository/Account/ver/ver_error_msg_confirm_pass_field' is visible

2018-03-29 15:52:49 - [TEST_STEP][PASSED] - delay: Delayed 2 second(s)

2018-03-29 15:52:51 - [MESSAGE][PASSED] - Delayed 2 second(s)

2018-03-29 15:52:51 - [TEST_STEP][PASSED] - clearText: Text of object 'Object Repository/Account/Input_fields/input_old_password_field' is cleared

2018-03-29 15:52:51 - [MESSAGE][PASSED] - Text of object 'Object Repository/Account/Input_fields/input_old_password_field' is cleared

2018-03-29 15:52:51 - [TEST_STEP][PASSED] - clearText: Text of object 'Object Repository/Account/Input_fields/input_newpass_field' is cleared

2018-03-29 15:52:51 - [MESSAGE][PASSED] - Text of object 'Object Repository/Account/Input_fields/input_newpass_field' is cleared

2018-03-29 15:52:51 - [TEST_STEP][PASSED] - clearText: Text of object 'Object Repository/Account/Input_fields/input_confirm_newpass_field' is cleared

2018-03-29 15:52:51 - [MESSAGE][PASSED] - Text of object 'Object Repository/Account/Input_fields/input_confirm_newpass_field' is cleared

2018-03-29 15:52:51 - [TEST_STEP][PASSED] - setText: Text '111111' is set on object 'Object Repository/Account/Input_fields/input_old_password_field'

2018-03-29 15:52:51 - [MESSAGE][PASSED] - Text '111111' is set on object 'Object Repository/Account/Input_fields/input_old_password_field'

2018-03-29 15:52:51 - [TEST_STEP][PASSED] - setText: Text '222222' is set on object 'Object Repository/Account/Input_fields/input_newpass_field'

2018-03-29 15:52:51 - [MESSAGE][PASSED] - Text '222222' is set on object 'Object Repository/Account/Input_fields/input_newpass_field'

2018-03-29 15:52:51 - [TEST_STEP][PASSED] - setText: Text '222222' is set on object 'Object Repository/Account/Input_fields/input_confirm_newpass_field'

2018-03-29 15:52:51 - [MESSAGE][PASSED] - Text '222222' is set on object 'Object Repository/Account/Input_fields/input_confirm_newpass_field'

2018-03-29 15:52:51 - [TEST_STEP][PASSED] - click: Object: 'Object Repository/Account/Buttons/button_save_new_pass' is clicked on

2018-03-29 15:52:51 - [MESSAGE][PASSED] - Object: 'Object Repository/Account/Buttons/button_save_new_pass' is clicked on

2018-03-29 15:52:51 - [TEST_STEP][PASSED] - delay: Delayed 1 second(s)

2018-03-29 15:52:52 - [MESSAGE][PASSED] - Delayed 1 second(s)

2018-03-29 15:52:52 - [TEST_STEP][PASSED] - click: Object: 'Object Repository/Account/Buttons/button_Log-out' is clicked on

2018-03-29 15:52:53 - [MESSAGE][PASSED] - Object: 'Object Repository/Account/Buttons/button_Log-out' is clicked on

2018-03-29 15:52:53 - [TEST_STEP][PASSED] - delay: Delayed 1 second(s)

2018-03-29 15:52:54 - [MESSAGE][PASSED] - Delayed 1 second(s)

2018-03-29 15:52:54 - [TEST_STEP][PASSED] - verifyElementPresent: Object 'Object Repository/Account/ver/ver_log_out_OK' is present

2018-03-29 15:52:54 - [MESSAGE][PASSED] - Object 'Object Repository/Account/ver/ver_log_out_OK' is present

2018-03-29 15:52:54 - [TEST_STEP][PASSED] - click: Object: 'Object Repository/Login_registration/span_Login' is clicked on

2018-03-29 15:52:54 - [MESSAGE][PASSED] - Object: 'Object Repository/Login_registration/span_Login' is clicked on

2018-03-29 15:52:54 - [TEST_STEP][PASSED] - setText: Text 'rostyslav.biliaiev@route-report.com' is set on object 'Object Repository/Login_registration/input_in_login'

2018-03-29 15:52:55 - [MESSAGE][PASSED] - Text 'rostyslav.biliaiev@route-report.com' is set on object 'Object Repository/Login_registration/input_in_login'

2018-03-29 15:52:55 - [TEST_STEP][PASSED] - setText: Text '222222' is set on object 'Object Repository/Login_registration/input_in_password'

2018-03-29 15:52:55 - [MESSAGE][PASSED] - Text '222222' is set on object 'Object Repository/Login_registration/input_in_password'

2018-03-29 15:52:55 - [TEST_STEP][FAILED] - click: Unable to click on object 'Object Repository/Login_registration/button_LOG IN' (Root cause: org.openqa.selenium.WebDriverException: unknown error: Element <button class="button" id="open_go_login" style="width: 100%;">...</button> is not clickable at point (837, 450). Other element would receive the click: <div class="srm_loading">...</div>
  (Session info: chrome=65.0.3325.181)
  (Driver info: chromedriver=2.35.528161 (5b82f2d2aae0ca24b877009200ced9065a772e73),platform=Windows NT 6.3.9600 x86_64) (WARNING: The server did not provide any stacktrace information)
Command duration or timeout: 0 milliseconds
Build info: version: '3.7.1', revision: '8a0099a', time: '2017-11-06T21:07:36.161Z'
System info: host: 'BRAINPC', ip: '192.168.137.2', os.name: 'Windows 8.1', os.arch: 'amd64', os.version: '6.3', java.version: '1.8.0_102'
Driver info: com.kms.katalon.selenium.driver.CChromeDriver
Capabilities {acceptInsecureCerts: false, acceptSslCerts: false, applicationCacheEnabled: false, browserConnectionEnabled: false, browserName: chrome, chrome: {chromedriverVersion: 2.35.528161 (5b82f2d2aae0ca..., userDataDir: C:\Users\user\AppData\Local...}, cssSelectorsEnabled: true, databaseEnabled: false, handlesAlerts: true, hasTouchScreen: false, javascriptEnabled: true, locationContextEnabled: true, mobileEmulationEnabled: false, nativeEvents: true, networkConnectionEnabled: false, pageLoadStrategy: normal, platform: XP, platformName: XP, rotatable: false, setWindowRect: true, takesHeapSnapshot: true, takesScreenshot: true, unexpectedAlertBehaviour: , unhandledPromptBehavior: , version: 65.0.3325.181, webStorageEnabled: true}
Session ID: 5a6a4b14eab4997b82eca58fee31b4f8)

2018-03-29 15:52:56 - [MESSAGE][FAILED] - Unable to click on object 'Object Repository/Login_registration/button_LOG IN' (Root cause: org.openqa.selenium.WebDriverException: unknown error: Element <button class="button" id="open_go_login" style="width: 100%;">...</button> is not clickable at point (837, 450). Other element would receive the click: <div class="srm_loading">...</div>
  (Session info: chrome=65.0.3325.181)
  (Driver info: chromedriver=2.35.528161 (5b82f2d2aae0ca24b877009200ced9065a772e73),platform=Windows NT 6.3.9600 x86_64) (WARNING: The server did not provide any stacktrace information)
Command duration or timeout: 0 milliseconds
Build info: version: '3.7.1', revision: '8a0099a', time: '2017-11-06T21:07:36.161Z'
System info: host: 'BRAINPC', ip: '192.168.137.2', os.name: 'Windows 8.1', os.arch: 'amd64', os.version: '6.3', java.version: '1.8.0_102'
Driver info: com.kms.katalon.selenium.driver.CChromeDriver
Capabilities {acceptInsecureCerts: false, acceptSslCerts: false, applicationCacheEnabled: false, browserConnectionEnabled: false, browserName: chrome, chrome: {chromedriverVersion: 2.35.528161 (5b82f2d2aae0ca..., userDataDir: C:\Users\user\AppData\Local...}, cssSelectorsEnabled: true, databaseEnabled: false, handlesAlerts: true, hasTouchScreen: false, javascriptEnabled: true, locationContextEnabled: true, mobileEmulationEnabled: false, nativeEvents: true, networkConnectionEnabled: false, pageLoadStrategy: normal, platform: XP, platformName: XP, rotatable: false, setWindowRect: true, takesHeapSnapshot: true, takesScreenshot: true, unexpectedAlertBehaviour: , unhandledPromptBehavior: , version: 65.0.3325.181, webStorageEnabled: true}
Session ID: 5a6a4b14eab4997b82eca58fee31b4f8)
[[ATTACHMENT|C:\\Users\\user\\Katalon Studio\\Route_report_WEB\\Reports\\Account\\20180329_153550\\1522327975781.png]]]]></system-out>
         <system-err><![CDATA[2018-03-29 15:52:25 - [TEST_CASE][FAILED] - Test Cases/Account/Account_Change_Password: Test Cases/Account/Account_Change_Password FAILED because (of) Unable to click on object 'Object Repository/Login_registration/button_LOG IN' (Root cause: org.openqa.selenium.WebDriverException: unknown error: Element <button class="button" id="open_go_login" style="width: 100%;">...</button> is not clickable at point (837, 450). Other element would receive the click: <div class="srm_loading">...</div>
  (Session info: chrome=65.0.3325.181)
  (Driver info: chromedriver=2.35.528161 (5b82f2d2aae0ca24b877009200ced9065a772e73),platform=Windows NT 6.3.9600 x86_64) (WARNING: The server did not provide any stacktrace information)
Command duration or timeout: 0 milliseconds
Build info: version: '3.7.1', revision: '8a0099a', time: '2017-11-06T21:07:36.161Z'
System info: host: 'BRAINPC', ip: '192.168.137.2', os.name: 'Windows 8.1', os.arch: 'amd64', os.version: '6.3', java.version: '1.8.0_102'
Driver info: com.kms.katalon.selenium.driver.CChromeDriver
Capabilities {acceptInsecureCerts: false, acceptSslCerts: false, applicationCacheEnabled: false, browserConnectionEnabled: false, browserName: chrome, chrome: {chromedriverVersion: 2.35.528161 (5b82f2d2aae0ca..., userDataDir: C:\Users\user\AppData\Local...}, cssSelectorsEnabled: true, databaseEnabled: false, handlesAlerts: true, hasTouchScreen: false, javascriptEnabled: true, locationContextEnabled: true, mobileEmulationEnabled: false, nativeEvents: true, networkConnectionEnabled: false, pageLoadStrategy: normal, platform: XP, platformName: XP, rotatable: false, setWindowRect: true, takesHeapSnapshot: true, takesScreenshot: true, unexpectedAlertBehaviour: , unhandledPromptBehavior: , version: 65.0.3325.181, webStorageEnabled: true}
Session ID: 5a6a4b14eab4997b82eca58fee31b4f8)]]></system-err>
      </testcase>
      <testcase name="Test Cases/Account/Account_Add_and_Edit_Post" classname="Test Cases/Account/Account_Add_and_Edit_Post" status="FAILED">
         <failure type="FAILED" message="Unable to click on object 'Object Repository/Login_registration/button_LOG IN' (Root cause: org.openqa.selenium.WebDriverException: unknown error: Element &lt;button class=&quot;button&quot; id=&quot;open_go_login&quot; style=&quot;width: 100%;&quot;>...&lt;/button> is not clickable at point (837, 450). Other element would receive the click: &lt;div class=&quot;srm_loading&quot;>...&lt;/div>
  (Session info: chrome=65.0.3325.181)
  (Driver info: chromedriver=2.35.528161 (5b82f2d2aae0ca24b877009200ced9065a772e73),platform=Windows NT 6.3.9600 x86_64) (WARNING: The server did not provide any stacktrace information)
Command duration or timeout: 0 milliseconds
Build info: version: '3.7.1', revision: '8a0099a', time: '2017-11-06T21:07:36.161Z'
System info: host: 'BRAINPC', ip: '192.168.137.2', os.name: 'Windows 8.1', os.arch: 'amd64', os.version: '6.3', java.version: '1.8.0_102'
Driver info: com.kms.katalon.selenium.driver.CChromeDriver
Capabilities {acceptInsecureCerts: false, acceptSslCerts: false, applicationCacheEnabled: false, browserConnectionEnabled: false, browserName: chrome, chrome: {chromedriverVersion: 2.35.528161 (5b82f2d2aae0ca..., userDataDir: C:\Users\user\AppData\Local...}, cssSelectorsEnabled: true, databaseEnabled: false, handlesAlerts: true, hasTouchScreen: false, javascriptEnabled: true, locationContextEnabled: true, mobileEmulationEnabled: false, nativeEvents: true, networkConnectionEnabled: false, pageLoadStrategy: normal, platform: XP, platformName: XP, rotatable: false, setWindowRect: true, takesHeapSnapshot: true, takesScreenshot: true, unexpectedAlertBehaviour: , unhandledPromptBehavior: , version: 65.0.3325.181, webStorageEnabled: true}
Session ID: 280bbc0b094e2330322ba94e70b56df0)"/>
         <system-out><![CDATA[2018-03-29 15:52:56 - [TEST_CASE][FAILED] - Test Cases/Account/Account_Add_and_Edit_Post: Test Cases/Account/Account_Add_and_Edit_Post FAILED because (of) Unable to click on object 'Object Repository/Login_registration/button_LOG IN' (Root cause: org.openqa.selenium.WebDriverException: unknown error: Element <button class="button" id="open_go_login" style="width: 100%;">...</button> is not clickable at point (837, 450). Other element would receive the click: <div class="srm_loading">...</div>
  (Session info: chrome=65.0.3325.181)
  (Driver info: chromedriver=2.35.528161 (5b82f2d2aae0ca24b877009200ced9065a772e73),platform=Windows NT 6.3.9600 x86_64) (WARNING: The server did not provide any stacktrace information)
Command duration or timeout: 0 milliseconds
Build info: version: '3.7.1', revision: '8a0099a', time: '2017-11-06T21:07:36.161Z'
System info: host: 'BRAINPC', ip: '192.168.137.2', os.name: 'Windows 8.1', os.arch: 'amd64', os.version: '6.3', java.version: '1.8.0_102'
Driver info: com.kms.katalon.selenium.driver.CChromeDriver
Capabilities {acceptInsecureCerts: false, acceptSslCerts: false, applicationCacheEnabled: false, browserConnectionEnabled: false, browserName: chrome, chrome: {chromedriverVersion: 2.35.528161 (5b82f2d2aae0ca..., userDataDir: C:\Users\user\AppData\Local...}, cssSelectorsEnabled: true, databaseEnabled: false, handlesAlerts: true, hasTouchScreen: false, javascriptEnabled: true, locationContextEnabled: true, mobileEmulationEnabled: false, nativeEvents: true, networkConnectionEnabled: false, pageLoadStrategy: normal, platform: XP, platformName: XP, rotatable: false, setWindowRect: true, takesHeapSnapshot: true, takesScreenshot: true, unexpectedAlertBehaviour: , unhandledPromptBehavior: , version: 65.0.3325.181, webStorageEnabled: true}
Session ID: 280bbc0b094e2330322ba94e70b56df0)

2018-03-29 15:52:56 - [TEST_STEP][PASSED] - openBrowser: Browser is opened with url: ''

2018-03-29 15:52:56 - [MESSAGE][WARNING] - A browser is already opened. Closing browser and opening a new one

2018-03-29 15:52:59 - [MESSAGE][PASSED] - Browser is opened with url: ''

2018-03-29 15:52:59 - [TEST_STEP][PASSED] - navigateToUrl: Navigate to 'http://route-report.doinsane.com/' successfully

2018-03-29 15:53:02 - [MESSAGE][PASSED] - Navigate to 'http://route-report.doinsane.com/' successfully

2018-03-29 15:53:02 - [TEST_STEP][PASSED] - maximizeWindow: Current window maximized

2018-03-29 15:53:03 - [MESSAGE][PASSED] - Current window maximized

2018-03-29 15:53:03 - [TEST_STEP][PASSED] - Statement - mydate = new java.util.Date(): null

2018-03-29 15:53:03 - [TEST_STEP][PASSED] - Statement - formattedDate = mydate.format("MMdd"): null

2018-03-29 15:53:03 - [TEST_STEP][PASSED] - Statement - dateHour = mydate.format("HHmm"): null

2018-03-29 15:53:03 - [TEST_STEP][PASSED] - Statement - dateHourfull = mydate.format("HHmmss"): null

2018-03-29 15:53:03 - [TEST_STEP][PASSED] - Statement - pass = "111111": null

2018-03-29 15:53:03 - [TEST_STEP][PASSED] - Statement - mail = "rostyslav.biliaiev@route-report.com": null

2018-03-29 15:53:03 - [TEST_STEP][PASSED] - Statement - title_small = "YO": null

2018-03-29 15:53:03 - [TEST_STEP][PASSED] - Statement - title = "Automated Test was executed": null

2018-03-29 15:53:03 - [TEST_STEP][PASSED] - Statement - post_text_small = "Short text": null

2018-03-29 15:53:03 - [TEST_STEP][PASSED] - Statement - post_text = "Automated Test Executed Automated Test Executed Automated Test Executed Automated Test Executed Automated Test Executed Automated Test Executed": null

2018-03-29 15:53:03 - [TEST_STEP][PASSED] - Statement - youtube = "https://youtu.be/Mb-7AWpXK-o": null

2018-03-29 15:53:03 - [TEST_STEP][PASSED] - Statement - post_text_edited = "This post was edited": null

2018-03-29 15:53:03 - [TEST_STEP][PASSED] - click: Object: 'Object Repository/Login_registration/span_Login' is clicked on

2018-03-29 15:53:03 - [MESSAGE][PASSED] - Object: 'Object Repository/Login_registration/span_Login' is clicked on

2018-03-29 15:53:03 - [TEST_STEP][PASSED] - setText: Text 'rostyslav.biliaiev@route-report.com' is set on object 'Object Repository/Login_registration/input_in_login'

2018-03-29 15:53:04 - [MESSAGE][PASSED] - Text 'rostyslav.biliaiev@route-report.com' is set on object 'Object Repository/Login_registration/input_in_login'

2018-03-29 15:53:04 - [TEST_STEP][PASSED] - setText: Text '111111' is set on object 'Object Repository/Login_registration/input_in_password'

2018-03-29 15:53:04 - [MESSAGE][PASSED] - Text '111111' is set on object 'Object Repository/Login_registration/input_in_password'

2018-03-29 15:53:04 - [TEST_STEP][FAILED] - click: Unable to click on object 'Object Repository/Login_registration/button_LOG IN' (Root cause: org.openqa.selenium.WebDriverException: unknown error: Element <button class="button" id="open_go_login" style="width: 100%;">...</button> is not clickable at point (837, 450). Other element would receive the click: <div class="srm_loading">...</div>
  (Session info: chrome=65.0.3325.181)
  (Driver info: chromedriver=2.35.528161 (5b82f2d2aae0ca24b877009200ced9065a772e73),platform=Windows NT 6.3.9600 x86_64) (WARNING: The server did not provide any stacktrace information)
Command duration or timeout: 0 milliseconds
Build info: version: '3.7.1', revision: '8a0099a', time: '2017-11-06T21:07:36.161Z'
System info: host: 'BRAINPC', ip: '192.168.137.2', os.name: 'Windows 8.1', os.arch: 'amd64', os.version: '6.3', java.version: '1.8.0_102'
Driver info: com.kms.katalon.selenium.driver.CChromeDriver
Capabilities {acceptInsecureCerts: false, acceptSslCerts: false, applicationCacheEnabled: false, browserConnectionEnabled: false, browserName: chrome, chrome: {chromedriverVersion: 2.35.528161 (5b82f2d2aae0ca..., userDataDir: C:\Users\user\AppData\Local...}, cssSelectorsEnabled: true, databaseEnabled: false, handlesAlerts: true, hasTouchScreen: false, javascriptEnabled: true, locationContextEnabled: true, mobileEmulationEnabled: false, nativeEvents: true, networkConnectionEnabled: false, pageLoadStrategy: normal, platform: XP, platformName: XP, rotatable: false, setWindowRect: true, takesHeapSnapshot: true, takesScreenshot: true, unexpectedAlertBehaviour: , unhandledPromptBehavior: , version: 65.0.3325.181, webStorageEnabled: true}
Session ID: 280bbc0b094e2330322ba94e70b56df0)

2018-03-29 15:53:04 - [MESSAGE][FAILED] - Unable to click on object 'Object Repository/Login_registration/button_LOG IN' (Root cause: org.openqa.selenium.WebDriverException: unknown error: Element <button class="button" id="open_go_login" style="width: 100%;">...</button> is not clickable at point (837, 450). Other element would receive the click: <div class="srm_loading">...</div>
  (Session info: chrome=65.0.3325.181)
  (Driver info: chromedriver=2.35.528161 (5b82f2d2aae0ca24b877009200ced9065a772e73),platform=Windows NT 6.3.9600 x86_64) (WARNING: The server did not provide any stacktrace information)
Command duration or timeout: 0 milliseconds
Build info: version: '3.7.1', revision: '8a0099a', time: '2017-11-06T21:07:36.161Z'
System info: host: 'BRAINPC', ip: '192.168.137.2', os.name: 'Windows 8.1', os.arch: 'amd64', os.version: '6.3', java.version: '1.8.0_102'
Driver info: com.kms.katalon.selenium.driver.CChromeDriver
Capabilities {acceptInsecureCerts: false, acceptSslCerts: false, applicationCacheEnabled: false, browserConnectionEnabled: false, browserName: chrome, chrome: {chromedriverVersion: 2.35.528161 (5b82f2d2aae0ca..., userDataDir: C:\Users\user\AppData\Local...}, cssSelectorsEnabled: true, databaseEnabled: false, handlesAlerts: true, hasTouchScreen: false, javascriptEnabled: true, locationContextEnabled: true, mobileEmulationEnabled: false, nativeEvents: true, networkConnectionEnabled: false, pageLoadStrategy: normal, platform: XP, platformName: XP, rotatable: false, setWindowRect: true, takesHeapSnapshot: true, takesScreenshot: true, unexpectedAlertBehaviour: , unhandledPromptBehavior: , version: 65.0.3325.181, webStorageEnabled: true}
Session ID: 280bbc0b094e2330322ba94e70b56df0)
[[ATTACHMENT|C:\\Users\\user\\Katalon Studio\\Route_report_WEB\\Reports\\Account\\20180329_153550\\1522327984219.png]]]]></system-out>
         <system-err><![CDATA[2018-03-29 15:52:56 - [TEST_CASE][FAILED] - Test Cases/Account/Account_Add_and_Edit_Post: Test Cases/Account/Account_Add_and_Edit_Post FAILED because (of) Unable to click on object 'Object Repository/Login_registration/button_LOG IN' (Root cause: org.openqa.selenium.WebDriverException: unknown error: Element <button class="button" id="open_go_login" style="width: 100%;">...</button> is not clickable at point (837, 450). Other element would receive the click: <div class="srm_loading">...</div>
  (Session info: chrome=65.0.3325.181)
  (Driver info: chromedriver=2.35.528161 (5b82f2d2aae0ca24b877009200ced9065a772e73),platform=Windows NT 6.3.9600 x86_64) (WARNING: The server did not provide any stacktrace information)
Command duration or timeout: 0 milliseconds
Build info: version: '3.7.1', revision: '8a0099a', time: '2017-11-06T21:07:36.161Z'
System info: host: 'BRAINPC', ip: '192.168.137.2', os.name: 'Windows 8.1', os.arch: 'amd64', os.version: '6.3', java.version: '1.8.0_102'
Driver info: com.kms.katalon.selenium.driver.CChromeDriver
Capabilities {acceptInsecureCerts: false, acceptSslCerts: false, applicationCacheEnabled: false, browserConnectionEnabled: false, browserName: chrome, chrome: {chromedriverVersion: 2.35.528161 (5b82f2d2aae0ca..., userDataDir: C:\Users\user\AppData\Local...}, cssSelectorsEnabled: true, databaseEnabled: false, handlesAlerts: true, hasTouchScreen: false, javascriptEnabled: true, locationContextEnabled: true, mobileEmulationEnabled: false, nativeEvents: true, networkConnectionEnabled: false, pageLoadStrategy: normal, platform: XP, platformName: XP, rotatable: false, setWindowRect: true, takesHeapSnapshot: true, takesScreenshot: true, unexpectedAlertBehaviour: , unhandledPromptBehavior: , version: 65.0.3325.181, webStorageEnabled: true}
Session ID: 280bbc0b094e2330322ba94e70b56df0)]]></system-err>
      </testcase>
      <testcase name="Test Cases/Account/Account_Add_Remove_post" classname="Test Cases/Account/Account_Add_Remove_post" status="PASSED">
         <system-out><![CDATA[2018-03-29 15:53:04 - [TEST_CASE][PASSED] - Test Cases/Account/Account_Add_Remove_post: Test Cases/Account/Account_Add_Remove_post

2018-03-29 15:53:04 - [TEST_STEP][PASSED] - openBrowser: Browser is opened with url: ''

2018-03-29 15:53:04 - [MESSAGE][WARNING] - A browser is already opened. Closing browser and opening a new one

2018-03-29 15:53:07 - [MESSAGE][PASSED] - Browser is opened with url: ''

2018-03-29 15:53:07 - [TEST_STEP][PASSED] - navigateToUrl: Navigate to 'http://route-report.doinsane.com/' successfully

2018-03-29 15:53:11 - [MESSAGE][PASSED] - Navigate to 'http://route-report.doinsane.com/' successfully

2018-03-29 15:53:11 - [TEST_STEP][PASSED] - maximizeWindow: Current window maximized

2018-03-29 15:53:12 - [MESSAGE][PASSED] - Current window maximized

2018-03-29 15:53:12 - [TEST_STEP][PASSED] - Statement - mydate = new java.util.Date(): null

2018-03-29 15:53:12 - [TEST_STEP][PASSED] - Statement - formattedDate = mydate.format("MMdd"): null

2018-03-29 15:53:12 - [TEST_STEP][PASSED] - Statement - dateHour = mydate.format("HHmm"): null

2018-03-29 15:53:12 - [TEST_STEP][PASSED] - Statement - dateHourfull = mydate.format("HHmmss"): null

2018-03-29 15:53:12 - [TEST_STEP][PASSED] - Statement - pass = "111111": null

2018-03-29 15:53:12 - [TEST_STEP][PASSED] - Statement - mail = "rostyslav.biliaiev@route-report.com": null

2018-03-29 15:53:12 - [TEST_STEP][PASSED] - Statement - title = "Automated Test was executed": null

2018-03-29 15:53:12 - [TEST_STEP][PASSED] - Statement - post_text = "Automated Test Executed Automated Test Executed Automated Test Executed Automated Test Executed Automated Test Executed Automated Test Executed": null

2018-03-29 15:53:12 - [TEST_STEP][PASSED] - Statement - youtube = "https://youtu.be/Mb-7AWpXK-o": null

2018-03-29 15:53:12 - [TEST_STEP][PASSED] - click: Object: 'Object Repository/Login_registration/span_Login' is clicked on

2018-03-29 15:53:12 - [MESSAGE][PASSED] - Object: 'Object Repository/Login_registration/span_Login' is clicked on

2018-03-29 15:53:12 - [TEST_STEP][PASSED] - setText: Text 'rostyslav.biliaiev@route-report.com' is set on object 'Object Repository/Login_registration/input_in_login'

2018-03-29 15:53:13 - [MESSAGE][PASSED] - Text 'rostyslav.biliaiev@route-report.com' is set on object 'Object Repository/Login_registration/input_in_login'

2018-03-29 15:53:13 - [TEST_STEP][PASSED] - setText: Text '111111' is set on object 'Object Repository/Login_registration/input_in_password'

2018-03-29 15:53:13 - [MESSAGE][PASSED] - Text '111111' is set on object 'Object Repository/Login_registration/input_in_password'

2018-03-29 15:53:13 - [TEST_STEP][PASSED] - click: Object: 'Object Repository/Login_registration/button_LOG IN' is clicked on

2018-03-29 15:53:13 - [MESSAGE][PASSED] - Object: 'Object Repository/Login_registration/button_LOG IN' is clicked on

2018-03-29 15:53:13 - [TEST_STEP][PASSED] - verifyElementPresent: Object 'Object Repository/Login_registration/span_My spoken languages' is present

2018-03-29 15:53:17 - [MESSAGE][PASSED] - Object 'Object Repository/Login_registration/span_My spoken languages' is present

2018-03-29 15:53:17 - [TEST_STEP][PASSED] - delay: Delayed 1 second(s)

2018-03-29 15:53:18 - [MESSAGE][PASSED] - Delayed 1 second(s)

2018-03-29 15:53:18 - [TEST_STEP][PASSED] - click: Object: 'Object Repository/Account/Buttons/button_block_add_posts' is clicked on

2018-03-29 15:53:19 - [MESSAGE][PASSED] - Object: 'Object Repository/Account/Buttons/button_block_add_posts' is clicked on

2018-03-29 15:53:19 - [TEST_STEP][PASSED] - delay: Delayed 1 second(s)

2018-03-29 15:53:20 - [MESSAGE][PASSED] - Delayed 1 second(s)

2018-03-29 15:53:20 - [TEST_STEP][PASSED] - click: Object: 'Object Repository/Account/Buttons/button_Add_post' is clicked on

2018-03-29 15:53:20 - [MESSAGE][PASSED] - Object: 'Object Repository/Account/Buttons/button_Add_post' is clicked on

2018-03-29 15:53:20 - [TEST_STEP][PASSED] - waitForElementVisible: Object 'Object Repository/Account/Buttons/button_Pulish_post' is visible

2018-03-29 15:53:21 - [MESSAGE][PASSED] - Object 'Object Repository/Account/Buttons/button_Pulish_post' is visible

2018-03-29 15:53:21 - [TEST_STEP][PASSED] - delay: Delayed 1 second(s)

2018-03-29 15:53:22 - [MESSAGE][PASSED] - Delayed 1 second(s)

2018-03-29 15:53:22 - [TEST_STEP][PASSED] - setText: Text 'Automated Test was executed_date_0329_time_1553' is set on object 'Object Repository/Account/Input_fields/input_Post_title_field'

2018-03-29 15:53:22 - [MESSAGE][PASSED] - Text 'Automated Test was executed_date_0329_time_1553' is set on object 'Object Repository/Account/Input_fields/input_Post_title_field'

2018-03-29 15:53:22 - [TEST_STEP][PASSED] - setText: Text 'Automated Test Executed Automated Test Executed Automated Test Executed Automated Test Executed Automated Test Executed Automated Test Executed' is set on object 'Object Repository/Account/Input_fields/input_Post_text_field'

2018-03-29 15:53:23 - [MESSAGE][PASSED] - Text 'Automated Test Executed Automated Test Executed Automated Test Executed Automated Test Executed Automated Test Executed Automated Test Executed' is set on object 'Object Repository/Account/Input_fields/input_Post_text_field'

2018-03-29 15:53:23 - [TEST_STEP][PASSED] - click: Object: 'Object Repository/Account/Buttons/button_Pulish_post' is clicked on

2018-03-29 15:53:23 - [MESSAGE][PASSED] - Object: 'Object Repository/Account/Buttons/button_Pulish_post' is clicked on

2018-03-29 15:53:23 - [TEST_STEP][PASSED] - delay: Delayed 1 second(s)

2018-03-29 15:53:24 - [MESSAGE][PASSED] - Delayed 1 second(s)

2018-03-29 15:53:24 - [TEST_STEP][PASSED] - click: Object: 'Object Repository/Account/Buttons/Button_Remove_Post' is clicked on

2018-03-29 15:53:24 - [MESSAGE][PASSED] - Object: 'Object Repository/Account/Buttons/Button_Remove_Post' is clicked on

2018-03-29 15:53:24 - [TEST_STEP][PASSED] - closeBrowser: Browser is closed

2018-03-29 15:53:25 - [MESSAGE][PASSED] - Browser is closed]]></system-out>
         <system-err><![CDATA[]]></system-err>
      </testcase>
      <testcase name="Test Cases/Account/Account_Clicks" classname="Test Cases/Account/Account_Clicks" status="PASSED">
         <system-out><![CDATA[2018-03-29 15:53:25 - [TEST_CASE][PASSED] - Test Cases/Account/Account_Clicks: Test Cases/Account/Account_Clicks

2018-03-29 15:53:25 - [TEST_STEP][PASSED] - openBrowser: Browser is opened with url: ''

2018-03-29 15:53:27 - [MESSAGE][PASSED] - Browser is opened with url: ''

2018-03-29 15:53:27 - [TEST_STEP][PASSED] - navigateToUrl: Navigate to 'https://route-report.com/' successfully

2018-03-29 15:53:31 - [MESSAGE][PASSED] - Navigate to 'https://route-report.com/' successfully

2018-03-29 15:53:31 - [TEST_STEP][PASSED] - maximizeWindow: Current window maximized

2018-03-29 15:53:32 - [MESSAGE][PASSED] - Current window maximized

2018-03-29 15:53:32 - [TEST_STEP][PASSED] - Statement - pass = "111111": null

2018-03-29 15:53:32 - [TEST_STEP][PASSED] - Statement - mail = "rostyslav.biliaiev@route-report.com": null

2018-03-29 15:53:32 - [TEST_STEP][PASSED] - click: Object: 'Object Repository/Login_registration/span_Login' is clicked on

2018-03-29 15:53:32 - [MESSAGE][PASSED] - Object: 'Object Repository/Login_registration/span_Login' is clicked on

2018-03-29 15:53:32 - [TEST_STEP][PASSED] - setText: Text 'rostyslav.biliaiev@route-report.com' is set on object 'Object Repository/Login_registration/input_in_login'

2018-03-29 15:53:33 - [MESSAGE][PASSED] - Text 'rostyslav.biliaiev@route-report.com' is set on object 'Object Repository/Login_registration/input_in_login'

2018-03-29 15:53:33 - [TEST_STEP][PASSED] - setText: Text '111111' is set on object 'Object Repository/Login_registration/input_in_password'

2018-03-29 15:53:33 - [MESSAGE][PASSED] - Text '111111' is set on object 'Object Repository/Login_registration/input_in_password'

2018-03-29 15:53:33 - [TEST_STEP][PASSED] - click: Object: 'Object Repository/Login_registration/button_LOG IN' is clicked on

2018-03-29 15:53:33 - [MESSAGE][PASSED] - Object: 'Object Repository/Login_registration/button_LOG IN' is clicked on

2018-03-29 15:53:33 - [TEST_STEP][PASSED] - verifyElementPresent: Object 'Object Repository/Login_registration/span_My spoken languages' is present

2018-03-29 15:53:51 - [MESSAGE][PASSED] - Object 'Object Repository/Login_registration/span_My spoken languages' is present

2018-03-29 15:53:51 - [TEST_STEP][PASSED] - delay: Delayed 1 second(s)

2018-03-29 15:53:52 - [MESSAGE][PASSED] - Delayed 1 second(s)

2018-03-29 15:53:52 - [TEST_STEP][PASSED] - click: Object: 'Object Repository/Account/Buttons/button_trophy' is clicked on

2018-03-29 15:53:53 - [MESSAGE][PASSED] - Object: 'Object Repository/Account/Buttons/button_trophy' is clicked on

2018-03-29 15:53:53 - [TEST_STEP][PASSED] - waitForElementPresent: Object 'Object Repository/Account/ver/ver_Trophy_board_shows' is present

2018-03-29 15:53:53 - [MESSAGE][PASSED] - Object 'Object Repository/Account/ver/ver_Trophy_board_shows' is present

2018-03-29 15:53:53 - [TEST_STEP][PASSED] - delay: Delayed 1 second(s)

2018-03-29 15:53:54 - [MESSAGE][PASSED] - Delayed 1 second(s)

2018-03-29 15:53:54 - [TEST_STEP][PASSED] - click: Object: 'Object Repository/Account/Buttons/button_Close_Trophy_boaed' is clicked on

2018-03-29 15:53:54 - [MESSAGE][PASSED] - Object: 'Object Repository/Account/Buttons/button_Close_Trophy_boaed' is clicked on

2018-03-29 15:53:54 - [TEST_STEP][PASSED] - click: Object: 'Object Repository/Account/Buttons/but_Support' is clicked on

2018-03-29 15:53:54 - [MESSAGE][PASSED] - Object: 'Object Repository/Account/Buttons/but_Support' is clicked on

2018-03-29 15:53:54 - [TEST_STEP][PASSED] - waitForElementPresent: Object 'Object Repository/Account/ver/ver_Popup_support_shows' is present

2018-03-29 15:53:55 - [MESSAGE][PASSED] - Object 'Object Repository/Account/ver/ver_Popup_support_shows' is present

2018-03-29 15:53:55 - [TEST_STEP][PASSED] - delay: Delayed 1 second(s)

2018-03-29 15:53:56 - [MESSAGE][PASSED] - Delayed 1 second(s)

2018-03-29 15:53:56 - [TEST_STEP][PASSED] - click: Object: 'Object Repository/Account/Buttons/button_close_Popup_support' is clicked on

2018-03-29 15:53:56 - [MESSAGE][PASSED] - Object: 'Object Repository/Account/Buttons/button_close_Popup_support' is clicked on

2018-03-29 15:53:56 - [TEST_STEP][PASSED] - click: Object: 'Object Repository/Account/Buttons/button_withdrowal' is clicked on

2018-03-29 15:53:56 - [MESSAGE][PASSED] - Object: 'Object Repository/Account/Buttons/button_withdrowal' is clicked on

2018-03-29 15:53:56 - [TEST_STEP][PASSED] - delay: Delayed 1 second(s)

2018-03-29 15:53:57 - [MESSAGE][PASSED] - Delayed 1 second(s)

2018-03-29 15:53:57 - [TEST_STEP][PASSED] - waitForElementPresent: Object 'Object Repository/Account/ver/ver_Popup_need_more_money_for_withdr' is present

2018-03-29 15:53:57 - [MESSAGE][PASSED] - Object 'Object Repository/Account/ver/ver_Popup_need_more_money_for_withdr' is present

2018-03-29 15:53:57 - [TEST_STEP][PASSED] - click: Object: 'Object Repository/Account/Buttons/button_close_popup_withdrawal' is clicked on

2018-03-29 15:53:57 - [MESSAGE][PASSED] - Object: 'Object Repository/Account/Buttons/button_close_popup_withdrawal' is clicked on

2018-03-29 15:53:57 - [TEST_STEP][PASSED] - click: Object: 'Object Repository/Account/Buttons/button_block_add_posts' is clicked on

2018-03-29 15:53:58 - [MESSAGE][PASSED] - Object: 'Object Repository/Account/Buttons/button_block_add_posts' is clicked on

2018-03-29 15:53:58 - [TEST_STEP][PASSED] - waitForElementVisible: Object 'Object Repository/Account/Buttons/button_Add_post' is visible

2018-03-29 15:53:58 - [MESSAGE][PASSED] - Object 'Object Repository/Account/Buttons/button_Add_post' is visible

2018-03-29 15:53:58 - [TEST_STEP][PASSED] - delay: Delayed 1 second(s)

2018-03-29 15:53:59 - [MESSAGE][PASSED] - Delayed 1 second(s)

2018-03-29 15:53:59 - [TEST_STEP][PASSED] - click: Object: 'Object Repository/Account/Buttons/button_block_purchased_reports' is clicked on

2018-03-29 15:53:59 - [MESSAGE][PASSED] - Object: 'Object Repository/Account/Buttons/button_block_purchased_reports' is clicked on

2018-03-29 15:53:59 - [TEST_STEP][PASSED] - waitForElementVisible: Object 'Object Repository/Account/ver/ver_purchesed_block_shows' is visible

2018-03-29 15:54:00 - [MESSAGE][PASSED] - Object 'Object Repository/Account/ver/ver_purchesed_block_shows' is visible

2018-03-29 15:54:00 - [TEST_STEP][PASSED] - delay: Delayed 1 second(s)

2018-03-29 15:54:01 - [MESSAGE][PASSED] - Delayed 1 second(s)

2018-03-29 15:54:01 - [TEST_STEP][PASSED] - click: Object: 'Object Repository/Account/Buttons/button_Block_reports' is clicked on

2018-03-29 15:54:02 - [MESSAGE][PASSED] - Object: 'Object Repository/Account/Buttons/button_Block_reports' is clicked on

2018-03-29 15:54:02 - [TEST_STEP][PASSED] - waitForElementVisible: Object 'Object Repository/Account/ver/ver_Block_reports_shows' is visible

2018-03-29 15:54:03 - [MESSAGE][PASSED] - Object 'Object Repository/Account/ver/ver_Block_reports_shows' is visible

2018-03-29 15:54:03 - [TEST_STEP][PASSED] - closeBrowser: Browser is closed

2018-03-29 15:54:04 - [MESSAGE][PASSED] - Browser is closed]]></system-out>
         <system-err><![CDATA[]]></system-err>
      </testcase>
      <system-out><![CDATA[2018-03-29 15:51:43 - [TEST_SUITE][FAILED] - Account: Test Cases/Account/Account_Change_Password FAILED because (of) Unable to click on object 'Object Repository/Login_registration/button_LOG IN' (Root cause: org.openqa.selenium.WebDriverException: unknown error: Element <button class="button" id="open_go_login" style="width: 100%;">...</button> is not clickable at point (837, 450). Other element would receive the click: <div class="srm_loading">...</div>
  (Session info: chrome=65.0.3325.181)
  (Driver info: chromedriver=2.35.528161 (5b82f2d2aae0ca24b877009200ced9065a772e73),platform=Windows NT 6.3.9600 x86_64) (WARNING: The server did not provide any stacktrace information)
Command duration or timeout: 0 milliseconds
Build info: version: '3.7.1', revision: '8a0099a', time: '2017-11-06T21:07:36.161Z'
System info: host: 'BRAINPC', ip: '192.168.137.2', os.name: 'Windows 8.1', os.arch: 'amd64', os.version: '6.3', java.version: '1.8.0_102'
Driver info: com.kms.katalon.selenium.driver.CChromeDriver
Capabilities {acceptInsecureCerts: false, acceptSslCerts: false, applicationCacheEnabled: false, browserConnectionEnabled: false, browserName: chrome, chrome: {chromedriverVersion: 2.35.528161 (5b82f2d2aae0ca..., userDataDir: C:\Users\user\AppData\Local...}, cssSelectorsEnabled: true, databaseEnabled: false, handlesAlerts: true, hasTouchScreen: false, javascriptEnabled: true, locationContextEnabled: true, mobileEmulationEnabled: false, nativeEvents: true, networkConnectionEnabled: false, pageLoadStrategy: normal, platform: XP, platformName: XP, rotatable: false, setWindowRect: true, takesHeapSnapshot: true, takesScreenshot: true, unexpectedAlertBehaviour: , unhandledPromptBehavior: , version: 65.0.3325.181, webStorageEnabled: true}
Session ID: 5a6a4b14eab4997b82eca58fee31b4f8)]]></system-out>
      <system-err><![CDATA[2018-03-29 15:51:43 - [TEST_SUITE][FAILED] - Account: Test Cases/Account/Account_Change_Password FAILED because (of) Unable to click on object 'Object Repository/Login_registration/button_LOG IN' (Root cause: org.openqa.selenium.WebDriverException: unknown error: Element <button class="button" id="open_go_login" style="width: 100%;">...</button> is not clickable at point (837, 450). Other element would receive the click: <div class="srm_loading">...</div>
  (Session info: chrome=65.0.3325.181)
  (Driver info: chromedriver=2.35.528161 (5b82f2d2aae0ca24b877009200ced9065a772e73),platform=Windows NT 6.3.9600 x86_64) (WARNING: The server did not provide any stacktrace information)
Command duration or timeout: 0 milliseconds
Build info: version: '3.7.1', revision: '8a0099a', time: '2017-11-06T21:07:36.161Z'
System info: host: 'BRAINPC', ip: '192.168.137.2', os.name: 'Windows 8.1', os.arch: 'amd64', os.version: '6.3', java.version: '1.8.0_102'
Driver info: com.kms.katalon.selenium.driver.CChromeDriver
Capabilities {acceptInsecureCerts: false, acceptSslCerts: false, applicationCacheEnabled: false, browserConnectionEnabled: false, browserName: chrome, chrome: {chromedriverVersion: 2.35.528161 (5b82f2d2aae0ca..., userDataDir: C:\Users\user\AppData\Local...}, cssSelectorsEnabled: true, databaseEnabled: false, handlesAlerts: true, hasTouchScreen: false, javascriptEnabled: true, locationContextEnabled: true, mobileEmulationEnabled: false, nativeEvents: true, networkConnectionEnabled: false, pageLoadStrategy: normal, platform: XP, platformName: XP, rotatable: false, setWindowRect: true, takesHeapSnapshot: true, takesScreenshot: true, unexpectedAlertBehaviour: , unhandledPromptBehavior: , version: 65.0.3325.181, webStorageEnabled: true}
Session ID: 5a6a4b14eab4997b82eca58fee31b4f8)]]></system-err>
   </testsuite>
</testsuites>
