<?xml version="1.0" encoding="UTF-8"?>
<testsuites name="Login_Registration" time="128" tests="8" failures="5" errors="0">
   <testsuite name="Login_Registration" tests="8" failures="5" errors="0" time="128" timestamp="2018-04-02 09:18:03" hostname="user - BrainPc" id="Test Suites/Login_Registration">
      <properties>
         <property name="deviceName" value=""/>
         <property name="devicePlatform" value=""/>
         <property name="logFolder" value="C:\\Users\\user\\Katalon Studio\\Route_report_WEB\\Reports\\Login_Registration\\20180402_090639"/>
         <property name="logFiles" value="C:\\Users\\user\\Katalon Studio\\Route_report_WEB\\Reports\\Login_Registration\\20180402_090639\\execution0.log"/>
         <property name="attachments" value="C:\\Users\\user\\Katalon Studio\\Route_report_WEB\\Reports\\Login_Registration\\20180402_090639\\1522649905597.png, C:\\Users\\user\\Katalon Studio\\Route_report_WEB\\Reports\\Login_Registration\\20180402_090639\\1522649923041.png, C:\\Users\\user\\Katalon Studio\\Route_report_WEB\\Reports\\Login_Registration\\20180402_090639\\1522649941249.png, C:\\Users\\user\\Katalon Studio\\Route_report_WEB\\Reports\\Login_Registration\\20180402_090639\\1522649949583.png, C:\\Users\\user\\Katalon Studio\\Route_report_WEB\\Reports\\Login_Registration\\20180402_090639\\1522649973525.png"/>
         <property name="hostName" value="user - BrainPc"/>
         <property name="os" value="Windows 8.1 64bit"/>
         <property name="katalonVersion" value="5.3.1.1"/>
         <property name="browser" value="Chrome 65.0.3325.181"/>
         <property name="hostAddress" value="192.168.137.2"/>
         <property name="sessionId" value="b6b3f0d3b4a43ca45d130e83eac45632"/>
         <property name="seleniumVersion" value="3.7.1"/>
         <property name="proxyInformation" value="ProxyInformation{proxyOption=NO_PROXY, proxyServerType=HTTP, password=, proxyServerAddress=, proxyServerPort=0}"/>
         <property name="platform" value="Windows 8.1"/>
      </properties>
      <testcase name="Test Cases/Login_Registration_Test_Cases/Login_Reg-Login with a valid email and password" classname="Test Cases/Login_Registration_Test_Cases/Login_Reg-Login with a valid email and password" status="PASSED">
         <system-out><![CDATA[2018-04-02 09:18:04 - [TEST_CASE][PASSED] - Test Cases/Login_Registration_Test_Cases/Login_Reg-Login with a valid email and password: Test Cases/Login_Registration_Test_Cases/Login_Reg-Login with a valid email and password

2018-04-02 09:18:04 - [TEST_STEP][PASSED] - openBrowser: Browser is opened with url: ''

2018-04-02 09:18:07 - [MESSAGE][PASSED] - Browser is opened with url: ''

2018-04-02 09:18:07 - [TEST_STEP][PASSED] - navigateToUrl: Navigate to 'https://www.route-report.com/' successfully

2018-04-02 09:18:10 - [MESSAGE][PASSED] - Navigate to 'https://www.route-report.com/' successfully

2018-04-02 09:18:10 - [TEST_STEP][PASSED] - maximizeWindow: Current window maximized

2018-04-02 09:18:12 - [MESSAGE][PASSED] - Current window maximized

2018-04-02 09:18:12 - [TEST_STEP][PASSED] - click: Object: 'Object Repository/Login_registration/span_Login' is clicked on

2018-04-02 09:18:12 - [MESSAGE][PASSED] - Object: 'Object Repository/Login_registration/span_Login' is clicked on

2018-04-02 09:18:12 - [TEST_STEP][PASSED] - setText: Text 'rostyslav.biliaiev@route-report.com' is set on object 'Object Repository/Login_registration/input_in_login'

2018-04-02 09:18:12 - [MESSAGE][PASSED] - Text 'rostyslav.biliaiev@route-report.com' is set on object 'Object Repository/Login_registration/input_in_login'

2018-04-02 09:18:12 - [TEST_STEP][PASSED] - setText: Text '111111' is set on object 'Object Repository/Login_registration/input_in_password'

2018-04-02 09:18:13 - [MESSAGE][PASSED] - Text '111111' is set on object 'Object Repository/Login_registration/input_in_password'

2018-04-02 09:18:13 - [TEST_STEP][PASSED] - click: Object: 'Object Repository/Login_registration/button_LOG IN' is clicked on

2018-04-02 09:18:13 - [MESSAGE][PASSED] - Object: 'Object Repository/Login_registration/button_LOG IN' is clicked on

2018-04-02 09:18:13 - [TEST_STEP][PASSED] - verifyElementPresent: Object 'Object Repository/Login_registration/span_My spoken languages' is present

2018-04-02 09:18:17 - [MESSAGE][PASSED] - Object 'Object Repository/Login_registration/span_My spoken languages' is present

2018-04-02 09:18:17 - [TEST_STEP][PASSED] - closeBrowser: Browser is closed

2018-04-02 09:18:18 - [MESSAGE][PASSED] - Browser is closed]]></system-out>
         <system-err><![CDATA[]]></system-err>
      </testcase>
      <testcase name="Test Cases/Login_Registration_Test_Cases/Login_Reg-Log in with incorrect invalid email or password" classname="Test Cases/Login_Registration_Test_Cases/Login_Reg-Log in with incorrect invalid email or password" status="FAILED">
         <failure type="FAILED" message="Unable to click on object 'Object Repository/Login_registration/button_LOG IN' (Root cause: org.openqa.selenium.WebDriverException: unknown error: Element &lt;button class=&quot;button&quot; id=&quot;open_go_login&quot; style=&quot;width: 100%;&quot;>...&lt;/button> is not clickable at point (837, 450). Other element would receive the click: &lt;div class=&quot;srm_loading&quot;>...&lt;/div>
  (Session info: chrome=65.0.3325.181)
  (Driver info: chromedriver=2.35.528161 (5b82f2d2aae0ca24b877009200ced9065a772e73),platform=Windows NT 6.3.9600 x86_64) (WARNING: The server did not provide any stacktrace information)
Command duration or timeout: 0 milliseconds
Build info: version: '3.7.1', revision: '8a0099a', time: '2017-11-06T21:07:36.161Z'
System info: host: 'BRAINPC', ip: '192.168.137.2', os.name: 'Windows 8.1', os.arch: 'amd64', os.version: '6.3', java.version: '1.8.0_102'
Driver info: com.kms.katalon.selenium.driver.CChromeDriver
Capabilities {acceptInsecureCerts: false, acceptSslCerts: false, applicationCacheEnabled: false, browserConnectionEnabled: false, browserName: chrome, chrome: {chromedriverVersion: 2.35.528161 (5b82f2d2aae0ca..., userDataDir: C:\Users\user\AppData\Local...}, cssSelectorsEnabled: true, databaseEnabled: false, handlesAlerts: true, hasTouchScreen: false, javascriptEnabled: true, locationContextEnabled: true, mobileEmulationEnabled: false, nativeEvents: true, networkConnectionEnabled: false, pageLoadStrategy: normal, platform: XP, platformName: XP, rotatable: false, setWindowRect: true, takesHeapSnapshot: true, takesScreenshot: true, unexpectedAlertBehaviour: , unhandledPromptBehavior: , version: 65.0.3325.181, webStorageEnabled: true}
Session ID: 42e2dfce3134b8b8fff31fc49b81690f)"/>
         <system-out><![CDATA[2018-04-02 09:18:18 - [TEST_CASE][FAILED] - Test Cases/Login_Registration_Test_Cases/Login_Reg-Log in with incorrect invalid email or password: Test Cases/Login_Registration_Test_Cases/Login_Reg-Log in with incorrect invalid email or password FAILED because (of) Unable to click on object 'Object Repository/Login_registration/button_LOG IN' (Root cause: org.openqa.selenium.WebDriverException: unknown error: Element <button class="button" id="open_go_login" style="width: 100%;">...</button> is not clickable at point (837, 450). Other element would receive the click: <div class="srm_loading">...</div>
  (Session info: chrome=65.0.3325.181)
  (Driver info: chromedriver=2.35.528161 (5b82f2d2aae0ca24b877009200ced9065a772e73),platform=Windows NT 6.3.9600 x86_64) (WARNING: The server did not provide any stacktrace information)
Command duration or timeout: 0 milliseconds
Build info: version: '3.7.1', revision: '8a0099a', time: '2017-11-06T21:07:36.161Z'
System info: host: 'BRAINPC', ip: '192.168.137.2', os.name: 'Windows 8.1', os.arch: 'amd64', os.version: '6.3', java.version: '1.8.0_102'
Driver info: com.kms.katalon.selenium.driver.CChromeDriver
Capabilities {acceptInsecureCerts: false, acceptSslCerts: false, applicationCacheEnabled: false, browserConnectionEnabled: false, browserName: chrome, chrome: {chromedriverVersion: 2.35.528161 (5b82f2d2aae0ca..., userDataDir: C:\Users\user\AppData\Local...}, cssSelectorsEnabled: true, databaseEnabled: false, handlesAlerts: true, hasTouchScreen: false, javascriptEnabled: true, locationContextEnabled: true, mobileEmulationEnabled: false, nativeEvents: true, networkConnectionEnabled: false, pageLoadStrategy: normal, platform: XP, platformName: XP, rotatable: false, setWindowRect: true, takesHeapSnapshot: true, takesScreenshot: true, unexpectedAlertBehaviour: , unhandledPromptBehavior: , version: 65.0.3325.181, webStorageEnabled: true}
Session ID: 42e2dfce3134b8b8fff31fc49b81690f)

2018-04-02 09:18:18 - [TEST_STEP][PASSED] - openBrowser: Browser is opened with url: ''

2018-04-02 09:18:20 - [MESSAGE][PASSED] - Browser is opened with url: ''

2018-04-02 09:18:20 - [TEST_STEP][PASSED] - navigateToUrl: Navigate to 'https://www.route-report.com/' successfully

2018-04-02 09:18:23 - [MESSAGE][PASSED] - Navigate to 'https://www.route-report.com/' successfully

2018-04-02 09:18:23 - [TEST_STEP][PASSED] - maximizeWindow: Current window maximized

2018-04-02 09:18:24 - [MESSAGE][PASSED] - Current window maximized

2018-04-02 09:18:24 - [TEST_STEP][PASSED] - click: Object: 'Object Repository/Login_registration/span_Login' is clicked on

2018-04-02 09:18:24 - [MESSAGE][PASSED] - Object: 'Object Repository/Login_registration/span_Login' is clicked on

2018-04-02 09:18:24 - [TEST_STEP][PASSED] - setText: Text 'wrongmail@mail.mail' is set on object 'Object Repository/Login_registration/input_in_login'

2018-04-02 09:18:25 - [MESSAGE][PASSED] - Text 'wrongmail@mail.mail' is set on object 'Object Repository/Login_registration/input_in_login'

2018-04-02 09:18:25 - [TEST_STEP][PASSED] - setText: Text '1111111' is set on object 'Object Repository/Login_registration/input_in_password'

2018-04-02 09:18:25 - [MESSAGE][PASSED] - Text '1111111' is set on object 'Object Repository/Login_registration/input_in_password'

2018-04-02 09:18:25 - [TEST_STEP][FAILED] - click: Unable to click on object 'Object Repository/Login_registration/button_LOG IN' (Root cause: org.openqa.selenium.WebDriverException: unknown error: Element <button class="button" id="open_go_login" style="width: 100%;">...</button> is not clickable at point (837, 450). Other element would receive the click: <div class="srm_loading">...</div>
  (Session info: chrome=65.0.3325.181)
  (Driver info: chromedriver=2.35.528161 (5b82f2d2aae0ca24b877009200ced9065a772e73),platform=Windows NT 6.3.9600 x86_64) (WARNING: The server did not provide any stacktrace information)
Command duration or timeout: 0 milliseconds
Build info: version: '3.7.1', revision: '8a0099a', time: '2017-11-06T21:07:36.161Z'
System info: host: 'BRAINPC', ip: '192.168.137.2', os.name: 'Windows 8.1', os.arch: 'amd64', os.version: '6.3', java.version: '1.8.0_102'
Driver info: com.kms.katalon.selenium.driver.CChromeDriver
Capabilities {acceptInsecureCerts: false, acceptSslCerts: false, applicationCacheEnabled: false, browserConnectionEnabled: false, browserName: chrome, chrome: {chromedriverVersion: 2.35.528161 (5b82f2d2aae0ca..., userDataDir: C:\Users\user\AppData\Local...}, cssSelectorsEnabled: true, databaseEnabled: false, handlesAlerts: true, hasTouchScreen: false, javascriptEnabled: true, locationContextEnabled: true, mobileEmulationEnabled: false, nativeEvents: true, networkConnectionEnabled: false, pageLoadStrategy: normal, platform: XP, platformName: XP, rotatable: false, setWindowRect: true, takesHeapSnapshot: true, takesScreenshot: true, unexpectedAlertBehaviour: , unhandledPromptBehavior: , version: 65.0.3325.181, webStorageEnabled: true}
Session ID: 42e2dfce3134b8b8fff31fc49b81690f)

2018-04-02 09:18:26 - [MESSAGE][FAILED] - Unable to click on object 'Object Repository/Login_registration/button_LOG IN' (Root cause: org.openqa.selenium.WebDriverException: unknown error: Element <button class="button" id="open_go_login" style="width: 100%;">...</button> is not clickable at point (837, 450). Other element would receive the click: <div class="srm_loading">...</div>
  (Session info: chrome=65.0.3325.181)
  (Driver info: chromedriver=2.35.528161 (5b82f2d2aae0ca24b877009200ced9065a772e73),platform=Windows NT 6.3.9600 x86_64) (WARNING: The server did not provide any stacktrace information)
Command duration or timeout: 0 milliseconds
Build info: version: '3.7.1', revision: '8a0099a', time: '2017-11-06T21:07:36.161Z'
System info: host: 'BRAINPC', ip: '192.168.137.2', os.name: 'Windows 8.1', os.arch: 'amd64', os.version: '6.3', java.version: '1.8.0_102'
Driver info: com.kms.katalon.selenium.driver.CChromeDriver
Capabilities {acceptInsecureCerts: false, acceptSslCerts: false, applicationCacheEnabled: false, browserConnectionEnabled: false, browserName: chrome, chrome: {chromedriverVersion: 2.35.528161 (5b82f2d2aae0ca..., userDataDir: C:\Users\user\AppData\Local...}, cssSelectorsEnabled: true, databaseEnabled: false, handlesAlerts: true, hasTouchScreen: false, javascriptEnabled: true, locationContextEnabled: true, mobileEmulationEnabled: false, nativeEvents: true, networkConnectionEnabled: false, pageLoadStrategy: normal, platform: XP, platformName: XP, rotatable: false, setWindowRect: true, takesHeapSnapshot: true, takesScreenshot: true, unexpectedAlertBehaviour: , unhandledPromptBehavior: , version: 65.0.3325.181, webStorageEnabled: true}
Session ID: 42e2dfce3134b8b8fff31fc49b81690f)
[[ATTACHMENT|C:\\Users\\user\\Katalon Studio\\Route_report_WEB\\Reports\\Login_Registration\\20180402_090639\\1522649905597.png]]]]></system-out>
         <system-err><![CDATA[2018-04-02 09:18:18 - [TEST_CASE][FAILED] - Test Cases/Login_Registration_Test_Cases/Login_Reg-Log in with incorrect invalid email or password: Test Cases/Login_Registration_Test_Cases/Login_Reg-Log in with incorrect invalid email or password FAILED because (of) Unable to click on object 'Object Repository/Login_registration/button_LOG IN' (Root cause: org.openqa.selenium.WebDriverException: unknown error: Element <button class="button" id="open_go_login" style="width: 100%;">...</button> is not clickable at point (837, 450). Other element would receive the click: <div class="srm_loading">...</div>
  (Session info: chrome=65.0.3325.181)
  (Driver info: chromedriver=2.35.528161 (5b82f2d2aae0ca24b877009200ced9065a772e73),platform=Windows NT 6.3.9600 x86_64) (WARNING: The server did not provide any stacktrace information)
Command duration or timeout: 0 milliseconds
Build info: version: '3.7.1', revision: '8a0099a', time: '2017-11-06T21:07:36.161Z'
System info: host: 'BRAINPC', ip: '192.168.137.2', os.name: 'Windows 8.1', os.arch: 'amd64', os.version: '6.3', java.version: '1.8.0_102'
Driver info: com.kms.katalon.selenium.driver.CChromeDriver
Capabilities {acceptInsecureCerts: false, acceptSslCerts: false, applicationCacheEnabled: false, browserConnectionEnabled: false, browserName: chrome, chrome: {chromedriverVersion: 2.35.528161 (5b82f2d2aae0ca..., userDataDir: C:\Users\user\AppData\Local...}, cssSelectorsEnabled: true, databaseEnabled: false, handlesAlerts: true, hasTouchScreen: false, javascriptEnabled: true, locationContextEnabled: true, mobileEmulationEnabled: false, nativeEvents: true, networkConnectionEnabled: false, pageLoadStrategy: normal, platform: XP, platformName: XP, rotatable: false, setWindowRect: true, takesHeapSnapshot: true, takesScreenshot: true, unexpectedAlertBehaviour: , unhandledPromptBehavior: , version: 65.0.3325.181, webStorageEnabled: true}
Session ID: 42e2dfce3134b8b8fff31fc49b81690f)]]></system-err>
      </testcase>
      <testcase name="Test Cases/Login_Registration_Test_Cases/Login_Reg-Entering non-valid mail in the mail input field" classname="Test Cases/Login_Registration_Test_Cases/Login_Reg-Entering non-valid mail in the mail input field" status="PASSED">
         <system-out><![CDATA[2018-04-02 09:18:26 - [TEST_CASE][PASSED] - Test Cases/Login_Registration_Test_Cases/Login_Reg-Entering non-valid mail in the mail input field: Test Cases/Login_Registration_Test_Cases/Login_Reg-Entering non-valid mail in the mail input field

2018-04-02 09:18:26 - [TEST_STEP][PASSED] - openBrowser: Browser is opened with url: ''

2018-04-02 09:18:26 - [MESSAGE][WARNING] - A browser is already opened. Closing browser and opening a new one

2018-04-02 09:18:29 - [MESSAGE][PASSED] - Browser is opened with url: ''

2018-04-02 09:18:29 - [TEST_STEP][PASSED] - navigateToUrl: Navigate to 'https://www.route-report.com/' successfully

2018-04-02 09:18:31 - [MESSAGE][PASSED] - Navigate to 'https://www.route-report.com/' successfully

2018-04-02 09:18:31 - [TEST_STEP][PASSED] - maximizeWindow: Current window maximized

2018-04-02 09:18:32 - [MESSAGE][PASSED] - Current window maximized

2018-04-02 09:18:32 - [TEST_STEP][PASSED] - click: Object: 'Object Repository/Login_registration/a_JOIN US NOW' is clicked on

2018-04-02 09:18:32 - [MESSAGE][PASSED] - Object: 'Object Repository/Login_registration/a_JOIN US NOW' is clicked on

2018-04-02 09:18:32 - [TEST_STEP][PASSED] - setText: Text 'sgfsjhdgf' is set on object 'Object Repository/Login_registration/input_in_login'

2018-04-02 09:18:33 - [MESSAGE][PASSED] - Text 'sgfsjhdgf' is set on object 'Object Repository/Login_registration/input_in_login'

2018-04-02 09:18:33 - [TEST_STEP][PASSED] - verifyElementPresent: Object 'Object Repository/Login_registration/Error_message_Please enter a valid email' is present

2018-04-02 09:18:35 - [MESSAGE][PASSED] - Object 'Object Repository/Login_registration/Error_message_Please enter a valid email' is present

2018-04-02 09:18:35 - [TEST_STEP][PASSED] - closeBrowser: Browser is closed

2018-04-02 09:18:35 - [MESSAGE][PASSED] - Browser is closed]]></system-out>
         <system-err><![CDATA[]]></system-err>
      </testcase>
      <testcase name="Test Cases/Login_Registration_Test_Cases/Login_Reg-Login with input only mail (no password)" classname="Test Cases/Login_Registration_Test_Cases/Login_Reg-Login with input only mail (no password)" status="FAILED">
         <failure type="FAILED" message="Unable to click on object 'Object Repository/Login_registration/button_LOG IN' (Root cause: org.openqa.selenium.WebDriverException: unknown error: Element &lt;button class=&quot;button&quot; id=&quot;open_go_login&quot; style=&quot;width: 100%;&quot;>...&lt;/button> is not clickable at point (837, 450). Other element would receive the click: &lt;div class=&quot;srm_loading&quot;>...&lt;/div>
  (Session info: chrome=65.0.3325.181)
  (Driver info: chromedriver=2.35.528161 (5b82f2d2aae0ca24b877009200ced9065a772e73),platform=Windows NT 6.3.9600 x86_64) (WARNING: The server did not provide any stacktrace information)
Command duration or timeout: 0 milliseconds
Build info: version: '3.7.1', revision: '8a0099a', time: '2017-11-06T21:07:36.161Z'
System info: host: 'BRAINPC', ip: '192.168.137.2', os.name: 'Windows 8.1', os.arch: 'amd64', os.version: '6.3', java.version: '1.8.0_102'
Driver info: com.kms.katalon.selenium.driver.CChromeDriver
Capabilities {acceptInsecureCerts: false, acceptSslCerts: false, applicationCacheEnabled: false, browserConnectionEnabled: false, browserName: chrome, chrome: {chromedriverVersion: 2.35.528161 (5b82f2d2aae0ca..., userDataDir: C:\Users\user\AppData\Local...}, cssSelectorsEnabled: true, databaseEnabled: false, handlesAlerts: true, hasTouchScreen: false, javascriptEnabled: true, locationContextEnabled: true, mobileEmulationEnabled: false, nativeEvents: true, networkConnectionEnabled: false, pageLoadStrategy: normal, platform: XP, platformName: XP, rotatable: false, setWindowRect: true, takesHeapSnapshot: true, takesScreenshot: true, unexpectedAlertBehaviour: , unhandledPromptBehavior: , version: 65.0.3325.181, webStorageEnabled: true}
Session ID: d9eea70ffa126e9bfc7bee5d0e9e152e)"/>
         <system-out><![CDATA[2018-04-02 09:18:35 - [TEST_CASE][FAILED] - Test Cases/Login_Registration_Test_Cases/Login_Reg-Login with input only mail (no password): Test Cases/Login_Registration_Test_Cases/Login_Reg-Login with input only mail (no password) FAILED because (of) Unable to click on object 'Object Repository/Login_registration/button_LOG IN' (Root cause: org.openqa.selenium.WebDriverException: unknown error: Element <button class="button" id="open_go_login" style="width: 100%;">...</button> is not clickable at point (837, 450). Other element would receive the click: <div class="srm_loading">...</div>
  (Session info: chrome=65.0.3325.181)
  (Driver info: chromedriver=2.35.528161 (5b82f2d2aae0ca24b877009200ced9065a772e73),platform=Windows NT 6.3.9600 x86_64) (WARNING: The server did not provide any stacktrace information)
Command duration or timeout: 0 milliseconds
Build info: version: '3.7.1', revision: '8a0099a', time: '2017-11-06T21:07:36.161Z'
System info: host: 'BRAINPC', ip: '192.168.137.2', os.name: 'Windows 8.1', os.arch: 'amd64', os.version: '6.3', java.version: '1.8.0_102'
Driver info: com.kms.katalon.selenium.driver.CChromeDriver
Capabilities {acceptInsecureCerts: false, acceptSslCerts: false, applicationCacheEnabled: false, browserConnectionEnabled: false, browserName: chrome, chrome: {chromedriverVersion: 2.35.528161 (5b82f2d2aae0ca..., userDataDir: C:\Users\user\AppData\Local...}, cssSelectorsEnabled: true, databaseEnabled: false, handlesAlerts: true, hasTouchScreen: false, javascriptEnabled: true, locationContextEnabled: true, mobileEmulationEnabled: false, nativeEvents: true, networkConnectionEnabled: false, pageLoadStrategy: normal, platform: XP, platformName: XP, rotatable: false, setWindowRect: true, takesHeapSnapshot: true, takesScreenshot: true, unexpectedAlertBehaviour: , unhandledPromptBehavior: , version: 65.0.3325.181, webStorageEnabled: true}
Session ID: d9eea70ffa126e9bfc7bee5d0e9e152e)

2018-04-02 09:18:36 - [TEST_STEP][PASSED] - openBrowser: Browser is opened with url: ''

2018-04-02 09:18:38 - [MESSAGE][PASSED] - Browser is opened with url: ''

2018-04-02 09:18:38 - [TEST_STEP][PASSED] - navigateToUrl: Navigate to 'https://www.route-report.com/' successfully

2018-04-02 09:18:40 - [MESSAGE][PASSED] - Navigate to 'https://www.route-report.com/' successfully

2018-04-02 09:18:40 - [TEST_STEP][PASSED] - maximizeWindow: Current window maximized

2018-04-02 09:18:42 - [MESSAGE][PASSED] - Current window maximized

2018-04-02 09:18:42 - [TEST_STEP][PASSED] - click: Object: 'Object Repository/Login_registration/span_Login' is clicked on

2018-04-02 09:18:42 - [MESSAGE][PASSED] - Object: 'Object Repository/Login_registration/span_Login' is clicked on

2018-04-02 09:18:42 - [TEST_STEP][PASSED] - setText: Text 'rostyslav.biliaiev@route-report.com' is set on object 'Object Repository/Login_registration/input_in_login'

2018-04-02 09:18:42 - [MESSAGE][PASSED] - Text 'rostyslav.biliaiev@route-report.com' is set on object 'Object Repository/Login_registration/input_in_login'

2018-04-02 09:18:42 - [TEST_STEP][FAILED] - click: Unable to click on object 'Object Repository/Login_registration/button_LOG IN' (Root cause: org.openqa.selenium.WebDriverException: unknown error: Element <button class="button" id="open_go_login" style="width: 100%;">...</button> is not clickable at point (837, 450). Other element would receive the click: <div class="srm_loading">...</div>
  (Session info: chrome=65.0.3325.181)
  (Driver info: chromedriver=2.35.528161 (5b82f2d2aae0ca24b877009200ced9065a772e73),platform=Windows NT 6.3.9600 x86_64) (WARNING: The server did not provide any stacktrace information)
Command duration or timeout: 0 milliseconds
Build info: version: '3.7.1', revision: '8a0099a', time: '2017-11-06T21:07:36.161Z'
System info: host: 'BRAINPC', ip: '192.168.137.2', os.name: 'Windows 8.1', os.arch: 'amd64', os.version: '6.3', java.version: '1.8.0_102'
Driver info: com.kms.katalon.selenium.driver.CChromeDriver
Capabilities {acceptInsecureCerts: false, acceptSslCerts: false, applicationCacheEnabled: false, browserConnectionEnabled: false, browserName: chrome, chrome: {chromedriverVersion: 2.35.528161 (5b82f2d2aae0ca..., userDataDir: C:\Users\user\AppData\Local...}, cssSelectorsEnabled: true, databaseEnabled: false, handlesAlerts: true, hasTouchScreen: false, javascriptEnabled: true, locationContextEnabled: true, mobileEmulationEnabled: false, nativeEvents: true, networkConnectionEnabled: false, pageLoadStrategy: normal, platform: XP, platformName: XP, rotatable: false, setWindowRect: true, takesHeapSnapshot: true, takesScreenshot: true, unexpectedAlertBehaviour: , unhandledPromptBehavior: , version: 65.0.3325.181, webStorageEnabled: true}
Session ID: d9eea70ffa126e9bfc7bee5d0e9e152e)

2018-04-02 09:18:43 - [MESSAGE][FAILED] - Unable to click on object 'Object Repository/Login_registration/button_LOG IN' (Root cause: org.openqa.selenium.WebDriverException: unknown error: Element <button class="button" id="open_go_login" style="width: 100%;">...</button> is not clickable at point (837, 450). Other element would receive the click: <div class="srm_loading">...</div>
  (Session info: chrome=65.0.3325.181)
  (Driver info: chromedriver=2.35.528161 (5b82f2d2aae0ca24b877009200ced9065a772e73),platform=Windows NT 6.3.9600 x86_64) (WARNING: The server did not provide any stacktrace information)
Command duration or timeout: 0 milliseconds
Build info: version: '3.7.1', revision: '8a0099a', time: '2017-11-06T21:07:36.161Z'
System info: host: 'BRAINPC', ip: '192.168.137.2', os.name: 'Windows 8.1', os.arch: 'amd64', os.version: '6.3', java.version: '1.8.0_102'
Driver info: com.kms.katalon.selenium.driver.CChromeDriver
Capabilities {acceptInsecureCerts: false, acceptSslCerts: false, applicationCacheEnabled: false, browserConnectionEnabled: false, browserName: chrome, chrome: {chromedriverVersion: 2.35.528161 (5b82f2d2aae0ca..., userDataDir: C:\Users\user\AppData\Local...}, cssSelectorsEnabled: true, databaseEnabled: false, handlesAlerts: true, hasTouchScreen: false, javascriptEnabled: true, locationContextEnabled: true, mobileEmulationEnabled: false, nativeEvents: true, networkConnectionEnabled: false, pageLoadStrategy: normal, platform: XP, platformName: XP, rotatable: false, setWindowRect: true, takesHeapSnapshot: true, takesScreenshot: true, unexpectedAlertBehaviour: , unhandledPromptBehavior: , version: 65.0.3325.181, webStorageEnabled: true}
Session ID: d9eea70ffa126e9bfc7bee5d0e9e152e)
[[ATTACHMENT|C:\\Users\\user\\Katalon Studio\\Route_report_WEB\\Reports\\Login_Registration\\20180402_090639\\1522649923041.png]]]]></system-out>
         <system-err><![CDATA[2018-04-02 09:18:35 - [TEST_CASE][FAILED] - Test Cases/Login_Registration_Test_Cases/Login_Reg-Login with input only mail (no password): Test Cases/Login_Registration_Test_Cases/Login_Reg-Login with input only mail (no password) FAILED because (of) Unable to click on object 'Object Repository/Login_registration/button_LOG IN' (Root cause: org.openqa.selenium.WebDriverException: unknown error: Element <button class="button" id="open_go_login" style="width: 100%;">...</button> is not clickable at point (837, 450). Other element would receive the click: <div class="srm_loading">...</div>
  (Session info: chrome=65.0.3325.181)
  (Driver info: chromedriver=2.35.528161 (5b82f2d2aae0ca24b877009200ced9065a772e73),platform=Windows NT 6.3.9600 x86_64) (WARNING: The server did not provide any stacktrace information)
Command duration or timeout: 0 milliseconds
Build info: version: '3.7.1', revision: '8a0099a', time: '2017-11-06T21:07:36.161Z'
System info: host: 'BRAINPC', ip: '192.168.137.2', os.name: 'Windows 8.1', os.arch: 'amd64', os.version: '6.3', java.version: '1.8.0_102'
Driver info: com.kms.katalon.selenium.driver.CChromeDriver
Capabilities {acceptInsecureCerts: false, acceptSslCerts: false, applicationCacheEnabled: false, browserConnectionEnabled: false, browserName: chrome, chrome: {chromedriverVersion: 2.35.528161 (5b82f2d2aae0ca..., userDataDir: C:\Users\user\AppData\Local...}, cssSelectorsEnabled: true, databaseEnabled: false, handlesAlerts: true, hasTouchScreen: false, javascriptEnabled: true, locationContextEnabled: true, mobileEmulationEnabled: false, nativeEvents: true, networkConnectionEnabled: false, pageLoadStrategy: normal, platform: XP, platformName: XP, rotatable: false, setWindowRect: true, takesHeapSnapshot: true, takesScreenshot: true, unexpectedAlertBehaviour: , unhandledPromptBehavior: , version: 65.0.3325.181, webStorageEnabled: true}
Session ID: d9eea70ffa126e9bfc7bee5d0e9e152e)]]></system-err>
      </testcase>
      <testcase name="Test Cases/Login_Registration_Test_Cases/Login_Reg-Login with password only (no mail)" classname="Test Cases/Login_Registration_Test_Cases/Login_Reg-Login with password only (no mail)" status="PASSED">
         <system-out><![CDATA[2018-04-02 09:18:43 - [TEST_CASE][PASSED] - Test Cases/Login_Registration_Test_Cases/Login_Reg-Login with password only (no mail): Test Cases/Login_Registration_Test_Cases/Login_Reg-Login with password only (no mail)

2018-04-02 09:18:43 - [TEST_STEP][PASSED] - openBrowser: Browser is opened with url: ''

2018-04-02 09:18:43 - [MESSAGE][WARNING] - A browser is already opened. Closing browser and opening a new one

2018-04-02 09:18:46 - [MESSAGE][PASSED] - Browser is opened with url: ''

2018-04-02 09:18:46 - [TEST_STEP][PASSED] - navigateToUrl: Navigate to 'https://www.route-report.com/' successfully

2018-04-02 09:18:49 - [MESSAGE][PASSED] - Navigate to 'https://www.route-report.com/' successfully

2018-04-02 09:18:49 - [TEST_STEP][PASSED] - maximizeWindow: Current window maximized

2018-04-02 09:18:50 - [MESSAGE][PASSED] - Current window maximized

2018-04-02 09:18:50 - [TEST_STEP][PASSED] - click: Object: 'Object Repository/Login_registration/span_Login' is clicked on

2018-04-02 09:18:50 - [MESSAGE][PASSED] - Object: 'Object Repository/Login_registration/span_Login' is clicked on

2018-04-02 09:18:50 - [TEST_STEP][PASSED] - setText: Text '111111' is set on object 'Object Repository/Login_registration/input_in_password'

2018-04-02 09:18:51 - [MESSAGE][PASSED] - Text '111111' is set on object 'Object Repository/Login_registration/input_in_password'

2018-04-02 09:18:51 - [TEST_STEP][PASSED] - delay: Delayed 2 second(s)

2018-04-02 09:18:53 - [MESSAGE][PASSED] - Delayed 2 second(s)

2018-04-02 09:18:53 - [TEST_STEP][PASSED] - click: Object: 'Object Repository/Login_registration/button_LOG IN' is clicked on

2018-04-02 09:18:53 - [MESSAGE][PASSED] - Object: 'Object Repository/Login_registration/button_LOG IN' is clicked on

2018-04-02 09:18:53 - [TEST_STEP][PASSED] - verifyElementPresent: Object 'Object Repository/Login_registration/Error_message_Required field' is present

2018-04-02 09:18:53 - [MESSAGE][PASSED] - Object 'Object Repository/Login_registration/Error_message_Required field' is present

2018-04-02 09:18:53 - [TEST_STEP][PASSED] - closeBrowser: Browser is closed

2018-04-02 09:18:53 - [MESSAGE][PASSED] - Browser is closed]]></system-out>
         <system-err><![CDATA[]]></system-err>
      </testcase>
      <testcase name="Test Cases/Login_Registration_Test_Cases/Login_Reg-Recovering the password with the wrong key" classname="Test Cases/Login_Registration_Test_Cases/Login_Reg-Recovering the password with the wrong key" status="FAILED">
         <failure type="FAILED" message="Unable to click on object 'Object Repository/Login_registration/div_Forgot password (1)' (Root cause: org.openqa.selenium.WebDriverException: unknown error: Element &lt;div class=&quot;form_a&quot; id=&quot;form_forget_password&quot; style=&quot;margin-top: 5px;&quot;>...&lt;/div> is not clickable at point (837, 484). Other element would receive the click: &lt;div class=&quot;srm_loading&quot;>...&lt;/div>
  (Session info: chrome=65.0.3325.181)
  (Driver info: chromedriver=2.35.528161 (5b82f2d2aae0ca24b877009200ced9065a772e73),platform=Windows NT 6.3.9600 x86_64) (WARNING: The server did not provide any stacktrace information)
Command duration or timeout: 0 milliseconds
Build info: version: '3.7.1', revision: '8a0099a', time: '2017-11-06T21:07:36.161Z'
System info: host: 'BRAINPC', ip: '192.168.137.2', os.name: 'Windows 8.1', os.arch: 'amd64', os.version: '6.3', java.version: '1.8.0_102'
Driver info: com.kms.katalon.selenium.driver.CChromeDriver
Capabilities {acceptInsecureCerts: false, acceptSslCerts: false, applicationCacheEnabled: false, browserConnectionEnabled: false, browserName: chrome, chrome: {chromedriverVersion: 2.35.528161 (5b82f2d2aae0ca..., userDataDir: C:\Users\user\AppData\Local...}, cssSelectorsEnabled: true, databaseEnabled: false, handlesAlerts: true, hasTouchScreen: false, javascriptEnabled: true, locationContextEnabled: true, mobileEmulationEnabled: false, nativeEvents: true, networkConnectionEnabled: false, pageLoadStrategy: normal, platform: XP, platformName: XP, rotatable: false, setWindowRect: true, takesHeapSnapshot: true, takesScreenshot: true, unexpectedAlertBehaviour: , unhandledPromptBehavior: , version: 65.0.3325.181, webStorageEnabled: true}
Session ID: 37d56f1dbd7670c89541ecfc4e0b9ab7)"/>
         <system-out><![CDATA[2018-04-02 09:18:54 - [TEST_CASE][FAILED] - Test Cases/Login_Registration_Test_Cases/Login_Reg-Recovering the password with the wrong key: Test Cases/Login_Registration_Test_Cases/Login_Reg-Recovering the password with the wrong key FAILED because (of) Unable to click on object 'Object Repository/Login_registration/div_Forgot password (1)' (Root cause: org.openqa.selenium.WebDriverException: unknown error: Element <div class="form_a" id="form_forget_password" style="margin-top: 5px;">...</div> is not clickable at point (837, 484). Other element would receive the click: <div class="srm_loading">...</div>
  (Session info: chrome=65.0.3325.181)
  (Driver info: chromedriver=2.35.528161 (5b82f2d2aae0ca24b877009200ced9065a772e73),platform=Windows NT 6.3.9600 x86_64) (WARNING: The server did not provide any stacktrace information)
Command duration or timeout: 0 milliseconds
Build info: version: '3.7.1', revision: '8a0099a', time: '2017-11-06T21:07:36.161Z'
System info: host: 'BRAINPC', ip: '192.168.137.2', os.name: 'Windows 8.1', os.arch: 'amd64', os.version: '6.3', java.version: '1.8.0_102'
Driver info: com.kms.katalon.selenium.driver.CChromeDriver
Capabilities {acceptInsecureCerts: false, acceptSslCerts: false, applicationCacheEnabled: false, browserConnectionEnabled: false, browserName: chrome, chrome: {chromedriverVersion: 2.35.528161 (5b82f2d2aae0ca..., userDataDir: C:\Users\user\AppData\Local...}, cssSelectorsEnabled: true, databaseEnabled: false, handlesAlerts: true, hasTouchScreen: false, javascriptEnabled: true, locationContextEnabled: true, mobileEmulationEnabled: false, nativeEvents: true, networkConnectionEnabled: false, pageLoadStrategy: normal, platform: XP, platformName: XP, rotatable: false, setWindowRect: true, takesHeapSnapshot: true, takesScreenshot: true, unexpectedAlertBehaviour: , unhandledPromptBehavior: , version: 65.0.3325.181, webStorageEnabled: true}
Session ID: 37d56f1dbd7670c89541ecfc4e0b9ab7)

2018-04-02 09:18:54 - [TEST_STEP][PASSED] - openBrowser: Browser is opened with url: ''

2018-04-02 09:18:56 - [MESSAGE][PASSED] - Browser is opened with url: ''

2018-04-02 09:18:56 - [TEST_STEP][PASSED] - navigateToUrl: Navigate to 'https://www.route-report.com/' successfully

2018-04-02 09:18:59 - [MESSAGE][PASSED] - Navigate to 'https://www.route-report.com/' successfully

2018-04-02 09:18:59 - [TEST_STEP][PASSED] - maximizeWindow: Current window maximized

2018-04-02 09:19:00 - [MESSAGE][PASSED] - Current window maximized

2018-04-02 09:19:00 - [TEST_STEP][PASSED] - click: Object: 'Object Repository/Login_registration/span_Login' is clicked on

2018-04-02 09:19:00 - [MESSAGE][PASSED] - Object: 'Object Repository/Login_registration/span_Login' is clicked on

2018-04-02 09:19:00 - [TEST_STEP][PASSED] - setText: Text 'rostyslav.biliaiev@route-report.com' is set on object 'Object Repository/Login_registration/input_in_login'

2018-04-02 09:19:01 - [MESSAGE][PASSED] - Text 'rostyslav.biliaiev@route-report.com' is set on object 'Object Repository/Login_registration/input_in_login'

2018-04-02 09:19:01 - [TEST_STEP][FAILED] - click: Unable to click on object 'Object Repository/Login_registration/div_Forgot password (1)' (Root cause: org.openqa.selenium.WebDriverException: unknown error: Element <div class="form_a" id="form_forget_password" style="margin-top: 5px;">...</div> is not clickable at point (837, 484). Other element would receive the click: <div class="srm_loading">...</div>
  (Session info: chrome=65.0.3325.181)
  (Driver info: chromedriver=2.35.528161 (5b82f2d2aae0ca24b877009200ced9065a772e73),platform=Windows NT 6.3.9600 x86_64) (WARNING: The server did not provide any stacktrace information)
Command duration or timeout: 0 milliseconds
Build info: version: '3.7.1', revision: '8a0099a', time: '2017-11-06T21:07:36.161Z'
System info: host: 'BRAINPC', ip: '192.168.137.2', os.name: 'Windows 8.1', os.arch: 'amd64', os.version: '6.3', java.version: '1.8.0_102'
Driver info: com.kms.katalon.selenium.driver.CChromeDriver
Capabilities {acceptInsecureCerts: false, acceptSslCerts: false, applicationCacheEnabled: false, browserConnectionEnabled: false, browserName: chrome, chrome: {chromedriverVersion: 2.35.528161 (5b82f2d2aae0ca..., userDataDir: C:\Users\user\AppData\Local...}, cssSelectorsEnabled: true, databaseEnabled: false, handlesAlerts: true, hasTouchScreen: false, javascriptEnabled: true, locationContextEnabled: true, mobileEmulationEnabled: false, nativeEvents: true, networkConnectionEnabled: false, pageLoadStrategy: normal, platform: XP, platformName: XP, rotatable: false, setWindowRect: true, takesHeapSnapshot: true, takesScreenshot: true, unexpectedAlertBehaviour: , unhandledPromptBehavior: , version: 65.0.3325.181, webStorageEnabled: true}
Session ID: 37d56f1dbd7670c89541ecfc4e0b9ab7)

2018-04-02 09:19:01 - [MESSAGE][FAILED] - Unable to click on object 'Object Repository/Login_registration/div_Forgot password (1)' (Root cause: org.openqa.selenium.WebDriverException: unknown error: Element <div class="form_a" id="form_forget_password" style="margin-top: 5px;">...</div> is not clickable at point (837, 484). Other element would receive the click: <div class="srm_loading">...</div>
  (Session info: chrome=65.0.3325.181)
  (Driver info: chromedriver=2.35.528161 (5b82f2d2aae0ca24b877009200ced9065a772e73),platform=Windows NT 6.3.9600 x86_64) (WARNING: The server did not provide any stacktrace information)
Command duration or timeout: 0 milliseconds
Build info: version: '3.7.1', revision: '8a0099a', time: '2017-11-06T21:07:36.161Z'
System info: host: 'BRAINPC', ip: '192.168.137.2', os.name: 'Windows 8.1', os.arch: 'amd64', os.version: '6.3', java.version: '1.8.0_102'
Driver info: com.kms.katalon.selenium.driver.CChromeDriver
Capabilities {acceptInsecureCerts: false, acceptSslCerts: false, applicationCacheEnabled: false, browserConnectionEnabled: false, browserName: chrome, chrome: {chromedriverVersion: 2.35.528161 (5b82f2d2aae0ca..., userDataDir: C:\Users\user\AppData\Local...}, cssSelectorsEnabled: true, databaseEnabled: false, handlesAlerts: true, hasTouchScreen: false, javascriptEnabled: true, locationContextEnabled: true, mobileEmulationEnabled: false, nativeEvents: true, networkConnectionEnabled: false, pageLoadStrategy: normal, platform: XP, platformName: XP, rotatable: false, setWindowRect: true, takesHeapSnapshot: true, takesScreenshot: true, unexpectedAlertBehaviour: , unhandledPromptBehavior: , version: 65.0.3325.181, webStorageEnabled: true}
Session ID: 37d56f1dbd7670c89541ecfc4e0b9ab7)
[[ATTACHMENT|C:\\Users\\user\\Katalon Studio\\Route_report_WEB\\Reports\\Login_Registration\\20180402_090639\\1522649941249.png]]]]></system-out>
         <system-err><![CDATA[2018-04-02 09:18:54 - [TEST_CASE][FAILED] - Test Cases/Login_Registration_Test_Cases/Login_Reg-Recovering the password with the wrong key: Test Cases/Login_Registration_Test_Cases/Login_Reg-Recovering the password with the wrong key FAILED because (of) Unable to click on object 'Object Repository/Login_registration/div_Forgot password (1)' (Root cause: org.openqa.selenium.WebDriverException: unknown error: Element <div class="form_a" id="form_forget_password" style="margin-top: 5px;">...</div> is not clickable at point (837, 484). Other element would receive the click: <div class="srm_loading">...</div>
  (Session info: chrome=65.0.3325.181)
  (Driver info: chromedriver=2.35.528161 (5b82f2d2aae0ca24b877009200ced9065a772e73),platform=Windows NT 6.3.9600 x86_64) (WARNING: The server did not provide any stacktrace information)
Command duration or timeout: 0 milliseconds
Build info: version: '3.7.1', revision: '8a0099a', time: '2017-11-06T21:07:36.161Z'
System info: host: 'BRAINPC', ip: '192.168.137.2', os.name: 'Windows 8.1', os.arch: 'amd64', os.version: '6.3', java.version: '1.8.0_102'
Driver info: com.kms.katalon.selenium.driver.CChromeDriver
Capabilities {acceptInsecureCerts: false, acceptSslCerts: false, applicationCacheEnabled: false, browserConnectionEnabled: false, browserName: chrome, chrome: {chromedriverVersion: 2.35.528161 (5b82f2d2aae0ca..., userDataDir: C:\Users\user\AppData\Local...}, cssSelectorsEnabled: true, databaseEnabled: false, handlesAlerts: true, hasTouchScreen: false, javascriptEnabled: true, locationContextEnabled: true, mobileEmulationEnabled: false, nativeEvents: true, networkConnectionEnabled: false, pageLoadStrategy: normal, platform: XP, platformName: XP, rotatable: false, setWindowRect: true, takesHeapSnapshot: true, takesScreenshot: true, unexpectedAlertBehaviour: , unhandledPromptBehavior: , version: 65.0.3325.181, webStorageEnabled: true}
Session ID: 37d56f1dbd7670c89541ecfc4e0b9ab7)]]></system-err>
      </testcase>
      <testcase name="Test Cases/Login_Registration_Test_Cases/Login_Reg-Password recovery with no key input" classname="Test Cases/Login_Registration_Test_Cases/Login_Reg-Password recovery with no key input" status="FAILED">
         <failure type="FAILED" message="Unable to click on object 'Object Repository/Login_registration/div_Forgot password (1)' (Root cause: org.openqa.selenium.WebDriverException: unknown error: Element &lt;div class=&quot;form_a&quot; id=&quot;form_forget_password&quot; style=&quot;margin-top: 5px;&quot;>...&lt;/div> is not clickable at point (837, 484). Other element would receive the click: &lt;div class=&quot;srm_loading&quot;>...&lt;/div>
  (Session info: chrome=65.0.3325.181)
  (Driver info: chromedriver=2.35.528161 (5b82f2d2aae0ca24b877009200ced9065a772e73),platform=Windows NT 6.3.9600 x86_64) (WARNING: The server did not provide any stacktrace information)
Command duration or timeout: 0 milliseconds
Build info: version: '3.7.1', revision: '8a0099a', time: '2017-11-06T21:07:36.161Z'
System info: host: 'BRAINPC', ip: '192.168.137.2', os.name: 'Windows 8.1', os.arch: 'amd64', os.version: '6.3', java.version: '1.8.0_102'
Driver info: com.kms.katalon.selenium.driver.CChromeDriver
Capabilities {acceptInsecureCerts: false, acceptSslCerts: false, applicationCacheEnabled: false, browserConnectionEnabled: false, browserName: chrome, chrome: {chromedriverVersion: 2.35.528161 (5b82f2d2aae0ca..., userDataDir: C:\Users\user\AppData\Local...}, cssSelectorsEnabled: true, databaseEnabled: false, handlesAlerts: true, hasTouchScreen: false, javascriptEnabled: true, locationContextEnabled: true, mobileEmulationEnabled: false, nativeEvents: true, networkConnectionEnabled: false, pageLoadStrategy: normal, platform: XP, platformName: XP, rotatable: false, setWindowRect: true, takesHeapSnapshot: true, takesScreenshot: true, unexpectedAlertBehaviour: , unhandledPromptBehavior: , version: 65.0.3325.181, webStorageEnabled: true}
Session ID: 0b470c59e10353f4cc3532e448d41862)"/>
         <system-out><![CDATA[2018-04-02 09:19:01 - [TEST_CASE][FAILED] - Test Cases/Login_Registration_Test_Cases/Login_Reg-Password recovery with no key input: Test Cases/Login_Registration_Test_Cases/Login_Reg-Password recovery with no key input FAILED because (of) Unable to click on object 'Object Repository/Login_registration/div_Forgot password (1)' (Root cause: org.openqa.selenium.WebDriverException: unknown error: Element <div class="form_a" id="form_forget_password" style="margin-top: 5px;">...</div> is not clickable at point (837, 484). Other element would receive the click: <div class="srm_loading">...</div>
  (Session info: chrome=65.0.3325.181)
  (Driver info: chromedriver=2.35.528161 (5b82f2d2aae0ca24b877009200ced9065a772e73),platform=Windows NT 6.3.9600 x86_64) (WARNING: The server did not provide any stacktrace information)
Command duration or timeout: 0 milliseconds
Build info: version: '3.7.1', revision: '8a0099a', time: '2017-11-06T21:07:36.161Z'
System info: host: 'BRAINPC', ip: '192.168.137.2', os.name: 'Windows 8.1', os.arch: 'amd64', os.version: '6.3', java.version: '1.8.0_102'
Driver info: com.kms.katalon.selenium.driver.CChromeDriver
Capabilities {acceptInsecureCerts: false, acceptSslCerts: false, applicationCacheEnabled: false, browserConnectionEnabled: false, browserName: chrome, chrome: {chromedriverVersion: 2.35.528161 (5b82f2d2aae0ca..., userDataDir: C:\Users\user\AppData\Local...}, cssSelectorsEnabled: true, databaseEnabled: false, handlesAlerts: true, hasTouchScreen: false, javascriptEnabled: true, locationContextEnabled: true, mobileEmulationEnabled: false, nativeEvents: true, networkConnectionEnabled: false, pageLoadStrategy: normal, platform: XP, platformName: XP, rotatable: false, setWindowRect: true, takesHeapSnapshot: true, takesScreenshot: true, unexpectedAlertBehaviour: , unhandledPromptBehavior: , version: 65.0.3325.181, webStorageEnabled: true}
Session ID: 0b470c59e10353f4cc3532e448d41862)

2018-04-02 09:19:01 - [TEST_STEP][PASSED] - openBrowser: Browser is opened with url: ''

2018-04-02 09:19:01 - [MESSAGE][WARNING] - A browser is already opened. Closing browser and opening a new one

2018-04-02 09:19:04 - [MESSAGE][PASSED] - Browser is opened with url: ''

2018-04-02 09:19:04 - [TEST_STEP][PASSED] - navigateToUrl: Navigate to 'https://www.route-report.com/' successfully

2018-04-02 09:19:07 - [MESSAGE][PASSED] - Navigate to 'https://www.route-report.com/' successfully

2018-04-02 09:19:07 - [TEST_STEP][PASSED] - maximizeWindow: Current window maximized

2018-04-02 09:19:08 - [MESSAGE][PASSED] - Current window maximized

2018-04-02 09:19:08 - [TEST_STEP][PASSED] - click: Object: 'Object Repository/Login_registration/span_Login' is clicked on

2018-04-02 09:19:08 - [MESSAGE][PASSED] - Object: 'Object Repository/Login_registration/span_Login' is clicked on

2018-04-02 09:19:08 - [TEST_STEP][PASSED] - setText: Text 'rostyslav.biliaiev@route-report.com' is set on object 'Object Repository/Login_registration/input_in_login'

2018-04-02 09:19:09 - [MESSAGE][PASSED] - Text 'rostyslav.biliaiev@route-report.com' is set on object 'Object Repository/Login_registration/input_in_login'

2018-04-02 09:19:09 - [TEST_STEP][FAILED] - click: Unable to click on object 'Object Repository/Login_registration/div_Forgot password (1)' (Root cause: org.openqa.selenium.WebDriverException: unknown error: Element <div class="form_a" id="form_forget_password" style="margin-top: 5px;">...</div> is not clickable at point (837, 484). Other element would receive the click: <div class="srm_loading">...</div>
  (Session info: chrome=65.0.3325.181)
  (Driver info: chromedriver=2.35.528161 (5b82f2d2aae0ca24b877009200ced9065a772e73),platform=Windows NT 6.3.9600 x86_64) (WARNING: The server did not provide any stacktrace information)
Command duration or timeout: 0 milliseconds
Build info: version: '3.7.1', revision: '8a0099a', time: '2017-11-06T21:07:36.161Z'
System info: host: 'BRAINPC', ip: '192.168.137.2', os.name: 'Windows 8.1', os.arch: 'amd64', os.version: '6.3', java.version: '1.8.0_102'
Driver info: com.kms.katalon.selenium.driver.CChromeDriver
Capabilities {acceptInsecureCerts: false, acceptSslCerts: false, applicationCacheEnabled: false, browserConnectionEnabled: false, browserName: chrome, chrome: {chromedriverVersion: 2.35.528161 (5b82f2d2aae0ca..., userDataDir: C:\Users\user\AppData\Local...}, cssSelectorsEnabled: true, databaseEnabled: false, handlesAlerts: true, hasTouchScreen: false, javascriptEnabled: true, locationContextEnabled: true, mobileEmulationEnabled: false, nativeEvents: true, networkConnectionEnabled: false, pageLoadStrategy: normal, platform: XP, platformName: XP, rotatable: false, setWindowRect: true, takesHeapSnapshot: true, takesScreenshot: true, unexpectedAlertBehaviour: , unhandledPromptBehavior: , version: 65.0.3325.181, webStorageEnabled: true}
Session ID: 0b470c59e10353f4cc3532e448d41862)

2018-04-02 09:19:10 - [MESSAGE][FAILED] - Unable to click on object 'Object Repository/Login_registration/div_Forgot password (1)' (Root cause: org.openqa.selenium.WebDriverException: unknown error: Element <div class="form_a" id="form_forget_password" style="margin-top: 5px;">...</div> is not clickable at point (837, 484). Other element would receive the click: <div class="srm_loading">...</div>
  (Session info: chrome=65.0.3325.181)
  (Driver info: chromedriver=2.35.528161 (5b82f2d2aae0ca24b877009200ced9065a772e73),platform=Windows NT 6.3.9600 x86_64) (WARNING: The server did not provide any stacktrace information)
Command duration or timeout: 0 milliseconds
Build info: version: '3.7.1', revision: '8a0099a', time: '2017-11-06T21:07:36.161Z'
System info: host: 'BRAINPC', ip: '192.168.137.2', os.name: 'Windows 8.1', os.arch: 'amd64', os.version: '6.3', java.version: '1.8.0_102'
Driver info: com.kms.katalon.selenium.driver.CChromeDriver
Capabilities {acceptInsecureCerts: false, acceptSslCerts: false, applicationCacheEnabled: false, browserConnectionEnabled: false, browserName: chrome, chrome: {chromedriverVersion: 2.35.528161 (5b82f2d2aae0ca..., userDataDir: C:\Users\user\AppData\Local...}, cssSelectorsEnabled: true, databaseEnabled: false, handlesAlerts: true, hasTouchScreen: false, javascriptEnabled: true, locationContextEnabled: true, mobileEmulationEnabled: false, nativeEvents: true, networkConnectionEnabled: false, pageLoadStrategy: normal, platform: XP, platformName: XP, rotatable: false, setWindowRect: true, takesHeapSnapshot: true, takesScreenshot: true, unexpectedAlertBehaviour: , unhandledPromptBehavior: , version: 65.0.3325.181, webStorageEnabled: true}
Session ID: 0b470c59e10353f4cc3532e448d41862)
[[ATTACHMENT|C:\\Users\\user\\Katalon Studio\\Route_report_WEB\\Reports\\Login_Registration\\20180402_090639\\1522649949583.png]]]]></system-out>
         <system-err><![CDATA[2018-04-02 09:19:01 - [TEST_CASE][FAILED] - Test Cases/Login_Registration_Test_Cases/Login_Reg-Password recovery with no key input: Test Cases/Login_Registration_Test_Cases/Login_Reg-Password recovery with no key input FAILED because (of) Unable to click on object 'Object Repository/Login_registration/div_Forgot password (1)' (Root cause: org.openqa.selenium.WebDriverException: unknown error: Element <div class="form_a" id="form_forget_password" style="margin-top: 5px;">...</div> is not clickable at point (837, 484). Other element would receive the click: <div class="srm_loading">...</div>
  (Session info: chrome=65.0.3325.181)
  (Driver info: chromedriver=2.35.528161 (5b82f2d2aae0ca24b877009200ced9065a772e73),platform=Windows NT 6.3.9600 x86_64) (WARNING: The server did not provide any stacktrace information)
Command duration or timeout: 0 milliseconds
Build info: version: '3.7.1', revision: '8a0099a', time: '2017-11-06T21:07:36.161Z'
System info: host: 'BRAINPC', ip: '192.168.137.2', os.name: 'Windows 8.1', os.arch: 'amd64', os.version: '6.3', java.version: '1.8.0_102'
Driver info: com.kms.katalon.selenium.driver.CChromeDriver
Capabilities {acceptInsecureCerts: false, acceptSslCerts: false, applicationCacheEnabled: false, browserConnectionEnabled: false, browserName: chrome, chrome: {chromedriverVersion: 2.35.528161 (5b82f2d2aae0ca..., userDataDir: C:\Users\user\AppData\Local...}, cssSelectorsEnabled: true, databaseEnabled: false, handlesAlerts: true, hasTouchScreen: false, javascriptEnabled: true, locationContextEnabled: true, mobileEmulationEnabled: false, nativeEvents: true, networkConnectionEnabled: false, pageLoadStrategy: normal, platform: XP, platformName: XP, rotatable: false, setWindowRect: true, takesHeapSnapshot: true, takesScreenshot: true, unexpectedAlertBehaviour: , unhandledPromptBehavior: , version: 65.0.3325.181, webStorageEnabled: true}
Session ID: 0b470c59e10353f4cc3532e448d41862)]]></system-err>
      </testcase>
      <testcase name="Test Cases/Login_Registration_Test_Cases/Login_reg- Password recovery with different new passwords" classname="Test Cases/Login_Registration_Test_Cases/Login_reg- Password recovery with different new passwords" status="PASSED">
         <system-out><![CDATA[2018-04-02 09:19:10 - [TEST_CASE][PASSED] - Test Cases/Login_Registration_Test_Cases/Login_reg- Password recovery with different new passwords: Test Cases/Login_Registration_Test_Cases/Login_reg- Password recovery with different new passwords

2018-04-02 09:19:10 - [TEST_STEP][PASSED] - openBrowser: Browser is opened with url: ''

2018-04-02 09:19:10 - [MESSAGE][WARNING] - A browser is already opened. Closing browser and opening a new one

2018-04-02 09:19:13 - [MESSAGE][PASSED] - Browser is opened with url: ''

2018-04-02 09:19:13 - [TEST_STEP][PASSED] - navigateToUrl: Navigate to 'https://www.route-report.com/' successfully

2018-04-02 09:19:15 - [MESSAGE][PASSED] - Navigate to 'https://www.route-report.com/' successfully

2018-04-02 09:19:15 - [TEST_STEP][PASSED] - maximizeWindow: Current window maximized

2018-04-02 09:19:17 - [MESSAGE][PASSED] - Current window maximized

2018-04-02 09:19:17 - [TEST_STEP][PASSED] - click: Object: 'Object Repository/Login_registration/span_Login' is clicked on

2018-04-02 09:19:17 - [MESSAGE][PASSED] - Object: 'Object Repository/Login_registration/span_Login' is clicked on

2018-04-02 09:19:17 - [TEST_STEP][PASSED] - setText: Text 'rostyslav.biliaiev@route-report.com' is set on object 'Object Repository/Login_registration/input_in_login'

2018-04-02 09:19:17 - [MESSAGE][PASSED] - Text 'rostyslav.biliaiev@route-report.com' is set on object 'Object Repository/Login_registration/input_in_login'

2018-04-02 09:19:17 - [TEST_STEP][PASSED] - delay: Delayed 1 second(s)

2018-04-02 09:19:18 - [MESSAGE][PASSED] - Delayed 1 second(s)

2018-04-02 09:19:18 - [TEST_STEP][PASSED] - click: Object: 'Object Repository/Login_registration/div_Forgot password' is clicked on

2018-04-02 09:19:19 - [MESSAGE][PASSED] - Object: 'Object Repository/Login_registration/div_Forgot password' is clicked on

2018-04-02 09:19:19 - [TEST_STEP][PASSED] - delay: Delayed 1 second(s)

2018-04-02 09:19:20 - [MESSAGE][PASSED] - Delayed 1 second(s)

2018-04-02 09:19:20 - [TEST_STEP][PASSED] - setText: Text '111111' is set on object 'Object Repository/Login_registration/input_in_key_password_recover'

2018-04-02 09:19:20 - [MESSAGE][PASSED] - Text '111111' is set on object 'Object Repository/Login_registration/input_in_key_password_recover'

2018-04-02 09:19:20 - [TEST_STEP][PASSED] - setText: Text '111111' is set on object 'Object Repository/Login_registration/input_in_password_new'

2018-04-02 09:19:20 - [MESSAGE][PASSED] - Text '111111' is set on object 'Object Repository/Login_registration/input_in_password_new'

2018-04-02 09:19:20 - [TEST_STEP][PASSED] - setText: Text '1111111' is set on object 'Object Repository/Login_registration/input_in_password_confirm'

2018-04-02 09:19:20 - [MESSAGE][PASSED] - Text '1111111' is set on object 'Object Repository/Login_registration/input_in_password_confirm'

2018-04-02 09:19:20 - [TEST_STEP][PASSED] - click: Object: 'Object Repository/Login_registration/button_LOG IN_recover_password' is clicked on

2018-04-02 09:19:20 - [MESSAGE][PASSED] - Object: 'Object Repository/Login_registration/button_LOG IN_recover_password' is clicked on

2018-04-02 09:19:20 - [TEST_STEP][PASSED] - waitForElementPresent: Object 'Object Repository/Login_registration/Error_message_Key entered incorrectly' is not present after 5 second(s)

2018-04-02 09:19:25 - [MESSAGE][WARNING] - Object 'Object Repository/Login_registration/Error_message_Key entered incorrectly' is not present after 5 second(s)

2018-04-02 09:19:25 - [TEST_STEP][PASSED] - closeBrowser: Browser is closed

2018-04-02 09:19:26 - [MESSAGE][PASSED] - Browser is closed]]></system-out>
         <system-err><![CDATA[]]></system-err>
      </testcase>
      <testcase name="Test Cases/Login_Registration_Test_Cases/Login_Reg-Registration using valid Nick and Mail" classname="Test Cases/Login_Registration_Test_Cases/Login_Reg-Registration using valid Nick and Mail" status="FAILED">
         <failure type="FAILED" message="Unable to click on object 'Object Repository/Login_registration/button_SIGN UP' (Root cause: org.openqa.selenium.WebDriverException: unknown error: Element &lt;button class=&quot;button&quot; id=&quot;open_register&quot;>...&lt;/button> is not clickable at point (1072, 570). Other element would receive the click: &lt;div class=&quot;srm_loading&quot;>...&lt;/div>
  (Session info: chrome=65.0.3325.181)
  (Driver info: chromedriver=2.35.528161 (5b82f2d2aae0ca24b877009200ced9065a772e73),platform=Windows NT 6.3.9600 x86_64) (WARNING: The server did not provide any stacktrace information)
Command duration or timeout: 0 milliseconds
Build info: version: '3.7.1', revision: '8a0099a', time: '2017-11-06T21:07:36.161Z'
System info: host: 'BRAINPC', ip: '192.168.137.2', os.name: 'Windows 8.1', os.arch: 'amd64', os.version: '6.3', java.version: '1.8.0_102'
Driver info: com.kms.katalon.selenium.driver.CChromeDriver
Capabilities {acceptInsecureCerts: false, acceptSslCerts: false, applicationCacheEnabled: false, browserConnectionEnabled: false, browserName: chrome, chrome: {chromedriverVersion: 2.35.528161 (5b82f2d2aae0ca..., userDataDir: C:\Users\user\AppData\Local...}, cssSelectorsEnabled: true, databaseEnabled: false, handlesAlerts: true, hasTouchScreen: false, javascriptEnabled: true, locationContextEnabled: true, mobileEmulationEnabled: false, nativeEvents: true, networkConnectionEnabled: false, pageLoadStrategy: normal, platform: XP, platformName: XP, rotatable: false, setWindowRect: true, takesHeapSnapshot: true, takesScreenshot: true, unexpectedAlertBehaviour: , unhandledPromptBehavior: , version: 65.0.3325.181, webStorageEnabled: true}
Session ID: 54943dfc7a618cbd40abf88a088d842e)"/>
         <system-out><![CDATA[2018-04-02 09:19:26 - [TEST_CASE][FAILED] - Test Cases/Login_Registration_Test_Cases/Login_Reg-Registration using valid Nick and Mail: Test Cases/Login_Registration_Test_Cases/Login_Reg-Registration using valid Nick and Mail FAILED because (of) Unable to click on object 'Object Repository/Login_registration/button_SIGN UP' (Root cause: org.openqa.selenium.WebDriverException: unknown error: Element <button class="button" id="open_register">...</button> is not clickable at point (1072, 570). Other element would receive the click: <div class="srm_loading">...</div>
  (Session info: chrome=65.0.3325.181)
  (Driver info: chromedriver=2.35.528161 (5b82f2d2aae0ca24b877009200ced9065a772e73),platform=Windows NT 6.3.9600 x86_64) (WARNING: The server did not provide any stacktrace information)
Command duration or timeout: 0 milliseconds
Build info: version: '3.7.1', revision: '8a0099a', time: '2017-11-06T21:07:36.161Z'
System info: host: 'BRAINPC', ip: '192.168.137.2', os.name: 'Windows 8.1', os.arch: 'amd64', os.version: '6.3', java.version: '1.8.0_102'
Driver info: com.kms.katalon.selenium.driver.CChromeDriver
Capabilities {acceptInsecureCerts: false, acceptSslCerts: false, applicationCacheEnabled: false, browserConnectionEnabled: false, browserName: chrome, chrome: {chromedriverVersion: 2.35.528161 (5b82f2d2aae0ca..., userDataDir: C:\Users\user\AppData\Local...}, cssSelectorsEnabled: true, databaseEnabled: false, handlesAlerts: true, hasTouchScreen: false, javascriptEnabled: true, locationContextEnabled: true, mobileEmulationEnabled: false, nativeEvents: true, networkConnectionEnabled: false, pageLoadStrategy: normal, platform: XP, platformName: XP, rotatable: false, setWindowRect: true, takesHeapSnapshot: true, takesScreenshot: true, unexpectedAlertBehaviour: , unhandledPromptBehavior: , version: 65.0.3325.181, webStorageEnabled: true}
Session ID: 54943dfc7a618cbd40abf88a088d842e)

2018-04-02 09:19:26 - [TEST_STEP][PASSED] - openBrowser: Browser is opened with url: ''

2018-04-02 09:19:28 - [MESSAGE][PASSED] - Browser is opened with url: ''

2018-04-02 09:19:28 - [TEST_STEP][PASSED] - Statement - mydate = new java.util.Date(): null

2018-04-02 09:19:28 - [TEST_STEP][PASSED] - Statement - formattedDate = mydate.format("MMdd"): null

2018-04-02 09:19:28 - [TEST_STEP][PASSED] - Statement - dateHour = mydate.format("HHmmss"): null

2018-04-02 09:19:28 - [TEST_STEP][PASSED] - Statement - x = "date" + formattedDate + "time" + dateHour: null

2018-04-02 09:19:28 - [TEST_STEP][PASSED] - navigateToUrl: Navigate to 'https://www.route-report.com/' successfully

2018-04-02 09:19:31 - [MESSAGE][PASSED] - Navigate to 'https://www.route-report.com/' successfully

2018-04-02 09:19:31 - [TEST_STEP][PASSED] - maximizeWindow: Current window maximized

2018-04-02 09:19:32 - [MESSAGE][PASSED] - Current window maximized

2018-04-02 09:19:32 - [TEST_STEP][PASSED] - click: Object: 'Object Repository/Login_registration/span_Login' is clicked on

2018-04-02 09:19:32 - [MESSAGE][PASSED] - Object: 'Object Repository/Login_registration/span_Login' is clicked on

2018-04-02 09:19:32 - [TEST_STEP][PASSED] - setText: Text 'date0402time091928' is set on object 'Object Repository/Login_registration/input_in_nickname'

2018-04-02 09:19:33 - [MESSAGE][PASSED] - Text 'date0402time091928' is set on object 'Object Repository/Login_registration/input_in_nickname'

2018-04-02 09:19:33 - [TEST_STEP][PASSED] - setText: Text 'date0402time091928@test.com' is set on object 'Object Repository/Login_registration/input_in_email_registration_field'

2018-04-02 09:19:33 - [MESSAGE][PASSED] - Text 'date0402time091928@test.com' is set on object 'Object Repository/Login_registration/input_in_email_registration_field'

2018-04-02 09:19:33 - [TEST_STEP][FAILED] - click: Unable to click on object 'Object Repository/Login_registration/button_SIGN UP' (Root cause: org.openqa.selenium.WebDriverException: unknown error: Element <button class="button" id="open_register">...</button> is not clickable at point (1072, 570). Other element would receive the click: <div class="srm_loading">...</div>
  (Session info: chrome=65.0.3325.181)
  (Driver info: chromedriver=2.35.528161 (5b82f2d2aae0ca24b877009200ced9065a772e73),platform=Windows NT 6.3.9600 x86_64) (WARNING: The server did not provide any stacktrace information)
Command duration or timeout: 0 milliseconds
Build info: version: '3.7.1', revision: '8a0099a', time: '2017-11-06T21:07:36.161Z'
System info: host: 'BRAINPC', ip: '192.168.137.2', os.name: 'Windows 8.1', os.arch: 'amd64', os.version: '6.3', java.version: '1.8.0_102'
Driver info: com.kms.katalon.selenium.driver.CChromeDriver
Capabilities {acceptInsecureCerts: false, acceptSslCerts: false, applicationCacheEnabled: false, browserConnectionEnabled: false, browserName: chrome, chrome: {chromedriverVersion: 2.35.528161 (5b82f2d2aae0ca..., userDataDir: C:\Users\user\AppData\Local...}, cssSelectorsEnabled: true, databaseEnabled: false, handlesAlerts: true, hasTouchScreen: false, javascriptEnabled: true, locationContextEnabled: true, mobileEmulationEnabled: false, nativeEvents: true, networkConnectionEnabled: false, pageLoadStrategy: normal, platform: XP, platformName: XP, rotatable: false, setWindowRect: true, takesHeapSnapshot: true, takesScreenshot: true, unexpectedAlertBehaviour: , unhandledPromptBehavior: , version: 65.0.3325.181, webStorageEnabled: true}
Session ID: 54943dfc7a618cbd40abf88a088d842e)

2018-04-02 09:19:34 - [MESSAGE][FAILED] - Unable to click on object 'Object Repository/Login_registration/button_SIGN UP' (Root cause: org.openqa.selenium.WebDriverException: unknown error: Element <button class="button" id="open_register">...</button> is not clickable at point (1072, 570). Other element would receive the click: <div class="srm_loading">...</div>
  (Session info: chrome=65.0.3325.181)
  (Driver info: chromedriver=2.35.528161 (5b82f2d2aae0ca24b877009200ced9065a772e73),platform=Windows NT 6.3.9600 x86_64) (WARNING: The server did not provide any stacktrace information)
Command duration or timeout: 0 milliseconds
Build info: version: '3.7.1', revision: '8a0099a', time: '2017-11-06T21:07:36.161Z'
System info: host: 'BRAINPC', ip: '192.168.137.2', os.name: 'Windows 8.1', os.arch: 'amd64', os.version: '6.3', java.version: '1.8.0_102'
Driver info: com.kms.katalon.selenium.driver.CChromeDriver
Capabilities {acceptInsecureCerts: false, acceptSslCerts: false, applicationCacheEnabled: false, browserConnectionEnabled: false, browserName: chrome, chrome: {chromedriverVersion: 2.35.528161 (5b82f2d2aae0ca..., userDataDir: C:\Users\user\AppData\Local...}, cssSelectorsEnabled: true, databaseEnabled: false, handlesAlerts: true, hasTouchScreen: false, javascriptEnabled: true, locationContextEnabled: true, mobileEmulationEnabled: false, nativeEvents: true, networkConnectionEnabled: false, pageLoadStrategy: normal, platform: XP, platformName: XP, rotatable: false, setWindowRect: true, takesHeapSnapshot: true, takesScreenshot: true, unexpectedAlertBehaviour: , unhandledPromptBehavior: , version: 65.0.3325.181, webStorageEnabled: true}
Session ID: 54943dfc7a618cbd40abf88a088d842e)
[[ATTACHMENT|C:\\Users\\user\\Katalon Studio\\Route_report_WEB\\Reports\\Login_Registration\\20180402_090639\\1522649973525.png]]]]></system-out>
         <system-err><![CDATA[2018-04-02 09:19:26 - [TEST_CASE][FAILED] - Test Cases/Login_Registration_Test_Cases/Login_Reg-Registration using valid Nick and Mail: Test Cases/Login_Registration_Test_Cases/Login_Reg-Registration using valid Nick and Mail FAILED because (of) Unable to click on object 'Object Repository/Login_registration/button_SIGN UP' (Root cause: org.openqa.selenium.WebDriverException: unknown error: Element <button class="button" id="open_register">...</button> is not clickable at point (1072, 570). Other element would receive the click: <div class="srm_loading">...</div>
  (Session info: chrome=65.0.3325.181)
  (Driver info: chromedriver=2.35.528161 (5b82f2d2aae0ca24b877009200ced9065a772e73),platform=Windows NT 6.3.9600 x86_64) (WARNING: The server did not provide any stacktrace information)
Command duration or timeout: 0 milliseconds
Build info: version: '3.7.1', revision: '8a0099a', time: '2017-11-06T21:07:36.161Z'
System info: host: 'BRAINPC', ip: '192.168.137.2', os.name: 'Windows 8.1', os.arch: 'amd64', os.version: '6.3', java.version: '1.8.0_102'
Driver info: com.kms.katalon.selenium.driver.CChromeDriver
Capabilities {acceptInsecureCerts: false, acceptSslCerts: false, applicationCacheEnabled: false, browserConnectionEnabled: false, browserName: chrome, chrome: {chromedriverVersion: 2.35.528161 (5b82f2d2aae0ca..., userDataDir: C:\Users\user\AppData\Local...}, cssSelectorsEnabled: true, databaseEnabled: false, handlesAlerts: true, hasTouchScreen: false, javascriptEnabled: true, locationContextEnabled: true, mobileEmulationEnabled: false, nativeEvents: true, networkConnectionEnabled: false, pageLoadStrategy: normal, platform: XP, platformName: XP, rotatable: false, setWindowRect: true, takesHeapSnapshot: true, takesScreenshot: true, unexpectedAlertBehaviour: , unhandledPromptBehavior: , version: 65.0.3325.181, webStorageEnabled: true}
Session ID: 54943dfc7a618cbd40abf88a088d842e)]]></system-err>
      </testcase>
      <testcase name="Test Cases/Login_Registration_Test_Cases/Login_Reg-Entering a non-valid nickname" classname="Test Cases/Login_Registration_Test_Cases/Login_Reg-Entering a non-valid nickname" status="PASSED">
         <system-out><![CDATA[2018-04-02 09:19:34 - [TEST_CASE][PASSED] - Test Cases/Login_Registration_Test_Cases/Login_Reg-Entering a non-valid nickname: Test Cases/Login_Registration_Test_Cases/Login_Reg-Entering a non-valid nickname

2018-04-02 09:19:34 - [TEST_STEP][PASSED] - openBrowser: Browser is opened with url: ''

2018-04-02 09:19:34 - [MESSAGE][WARNING] - A browser is already opened. Closing browser and opening a new one

2018-04-02 09:19:37 - [MESSAGE][PASSED] - Browser is opened with url: ''

2018-04-02 09:19:37 - [TEST_STEP][PASSED] - navigateToUrl: Navigate to 'https://www.route-report.com/' successfully

2018-04-02 09:19:40 - [MESSAGE][PASSED] - Navigate to 'https://www.route-report.com/' successfully

2018-04-02 09:19:40 - [TEST_STEP][PASSED] - maximizeWindow: Current window maximized

2018-04-02 09:19:41 - [MESSAGE][PASSED] - Current window maximized

2018-04-02 09:19:41 - [TEST_STEP][PASSED] - click: Object: 'Object Repository/Login_registration/span_Login' is clicked on

2018-04-02 09:19:41 - [MESSAGE][PASSED] - Object: 'Object Repository/Login_registration/span_Login' is clicked on

2018-04-02 09:19:41 - [TEST_STEP][PASSED] - setText: Text 'kajsghfja@^&%#$роывпа' is set on object 'Object Repository/Login_registration/input_in_nickname'

2018-04-02 09:19:42 - [MESSAGE][PASSED] - Text 'kajsghfja@^&%#$роывпа' is set on object 'Object Repository/Login_registration/input_in_nickname'

2018-04-02 09:19:42 - [TEST_STEP][PASSED] - waitForElementPresent: Object 'Object Repository/Login_registration/Error_message_non_valid_nick_or_mail' is present

2018-04-02 09:19:42 - [MESSAGE][WARNING] - Timeout '0' is invalid. Using default page load timeout: '30'

2018-04-02 09:19:43 - [MESSAGE][PASSED] - Object 'Object Repository/Login_registration/Error_message_non_valid_nick_or_mail' is present

2018-04-02 09:19:43 - [TEST_STEP][PASSED] - closeBrowser: Browser is closed

2018-04-02 09:19:44 - [MESSAGE][PASSED] - Browser is closed]]></system-out>
         <system-err><![CDATA[]]></system-err>
      </testcase>
      <testcase name="Test Cases/Login_Registration_Test_Cases/Login_Reg-Entering non-valid mail" classname="Test Cases/Login_Registration_Test_Cases/Login_Reg-Entering non-valid mail" status="PASSED">
         <system-out><![CDATA[2018-04-02 09:19:44 - [TEST_CASE][PASSED] - Test Cases/Login_Registration_Test_Cases/Login_Reg-Entering non-valid mail: Test Cases/Login_Registration_Test_Cases/Login_Reg-Entering non-valid mail

2018-04-02 09:19:44 - [TEST_STEP][PASSED] - openBrowser: Browser is opened with url: ''

2018-04-02 09:19:46 - [MESSAGE][PASSED] - Browser is opened with url: ''

2018-04-02 09:19:46 - [TEST_STEP][PASSED] - navigateToUrl: Navigate to 'https://www.route-report.com/' successfully

2018-04-02 09:19:49 - [MESSAGE][PASSED] - Navigate to 'https://www.route-report.com/' successfully

2018-04-02 09:19:49 - [TEST_STEP][PASSED] - maximizeWindow: Current window maximized

2018-04-02 09:19:50 - [MESSAGE][PASSED] - Current window maximized

2018-04-02 09:19:50 - [TEST_STEP][PASSED] - click: Object: 'Object Repository/Login_registration/span_Login' is clicked on

2018-04-02 09:19:50 - [MESSAGE][PASSED] - Object: 'Object Repository/Login_registration/span_Login' is clicked on

2018-04-02 09:19:50 - [TEST_STEP][PASSED] - setText: Text 'nickname' is set on object 'Object Repository/Login_registration/input_in_nickname'

2018-04-02 09:19:51 - [MESSAGE][PASSED] - Text 'nickname' is set on object 'Object Repository/Login_registration/input_in_nickname'

2018-04-02 09:19:51 - [TEST_STEP][PASSED] - setText: Text 'kajsghfja@^&%#$роывпа' is set on object 'Object Repository/Login_registration/input_in_email_registration_field'

2018-04-02 09:19:51 - [MESSAGE][PASSED] - Text 'kajsghfja@^&%#$роывпа' is set on object 'Object Repository/Login_registration/input_in_email_registration_field'

2018-04-02 09:19:51 - [TEST_STEP][PASSED] - waitForElementPresent: Object 'Object Repository/Login_registration/Error_message_non_valid_nick_or_mail' is not present after 1 second(s)

2018-04-02 09:19:53 - [MESSAGE][WARNING] - Object 'Object Repository/Login_registration/Error_message_non_valid_nick_or_mail' is not present after 1 second(s)

2018-04-02 09:19:53 - [TEST_STEP][PASSED] - closeBrowser: Browser is closed

2018-04-02 09:19:53 - [MESSAGE][PASSED] - Browser is closed]]></system-out>
         <system-err><![CDATA[]]></system-err>
      </testcase>
      <testcase name="Test Cases/Login_Registration_Test_Cases/Login_Reg-Registration without Mail" classname="Test Cases/Login_Registration_Test_Cases/Login_Reg-Registration without Mail" status="PASSED">
         <system-out><![CDATA[2018-04-02 09:19:53 - [TEST_CASE][PASSED] - Test Cases/Login_Registration_Test_Cases/Login_Reg-Registration without Mail: Test Cases/Login_Registration_Test_Cases/Login_Reg-Registration without Mail

2018-04-02 09:19:53 - [TEST_STEP][PASSED] - openBrowser: Browser is opened with url: ''

2018-04-02 09:19:56 - [MESSAGE][PASSED] - Browser is opened with url: ''

2018-04-02 09:19:56 - [TEST_STEP][PASSED] - navigateToUrl: Navigate to 'https://www.route-report.com/' successfully

2018-04-02 09:19:59 - [MESSAGE][PASSED] - Navigate to 'https://www.route-report.com/' successfully

2018-04-02 09:19:59 - [TEST_STEP][PASSED] - maximizeWindow: Current window maximized

2018-04-02 09:20:00 - [MESSAGE][PASSED] - Current window maximized

2018-04-02 09:20:00 - [TEST_STEP][PASSED] - click: Object: 'Object Repository/Login_registration/span_Login' is clicked on

2018-04-02 09:20:00 - [MESSAGE][PASSED] - Object: 'Object Repository/Login_registration/span_Login' is clicked on

2018-04-02 09:20:00 - [TEST_STEP][PASSED] - setText: Text 'nickname' is set on object 'Object Repository/Login_registration/input_in_nickname'

2018-04-02 09:20:00 - [MESSAGE][PASSED] - Text 'nickname' is set on object 'Object Repository/Login_registration/input_in_nickname'

2018-04-02 09:20:00 - [TEST_STEP][PASSED] - waitForElementPresent: Object 'Object Repository/Login_registration/Error_message_non_valid_nick_or_mail' is not present after 1 second(s)

2018-04-02 09:20:01 - [MESSAGE][WARNING] - Object 'Object Repository/Login_registration/Error_message_non_valid_nick_or_mail' is not present after 1 second(s)

2018-04-02 09:20:01 - [TEST_STEP][PASSED] - closeBrowser: Browser is closed

2018-04-02 09:20:02 - [MESSAGE][PASSED] - Browser is closed]]></system-out>
         <system-err><![CDATA[]]></system-err>
      </testcase>
      <testcase name="Test Cases/Login_Registration_Test_Cases/Login_Reg-Registration without Nickname" classname="Test Cases/Login_Registration_Test_Cases/Login_Reg-Registration without Nickname" status="PASSED">
         <system-out><![CDATA[2018-04-02 09:20:02 - [TEST_CASE][PASSED] - Test Cases/Login_Registration_Test_Cases/Login_Reg-Registration without Nickname: Test Cases/Login_Registration_Test_Cases/Login_Reg-Registration without Nickname

2018-04-02 09:20:02 - [TEST_STEP][PASSED] - openBrowser: Browser is opened with url: ''

2018-04-02 09:20:05 - [MESSAGE][PASSED] - Browser is opened with url: ''

2018-04-02 09:20:05 - [TEST_STEP][PASSED] - navigateToUrl: Navigate to 'https://www.route-report.com/' successfully

2018-04-02 09:20:08 - [MESSAGE][PASSED] - Navigate to 'https://www.route-report.com/' successfully

2018-04-02 09:20:08 - [TEST_STEP][PASSED] - maximizeWindow: Current window maximized

2018-04-02 09:20:09 - [MESSAGE][PASSED] - Current window maximized

2018-04-02 09:20:09 - [TEST_STEP][PASSED] - click: Object: 'Object Repository/Login_registration/span_Login' is clicked on

2018-04-02 09:20:09 - [MESSAGE][PASSED] - Object: 'Object Repository/Login_registration/span_Login' is clicked on

2018-04-02 09:20:09 - [TEST_STEP][PASSED] - setText: Text 'mailwichdoesnotexist@mailwichdoesnotexist.com' is set on object 'Object Repository/Login_registration/input_in_email_registration_field'

2018-04-02 09:20:10 - [MESSAGE][PASSED] - Text 'mailwichdoesnotexist@mailwichdoesnotexist.com' is set on object 'Object Repository/Login_registration/input_in_email_registration_field'

2018-04-02 09:20:10 - [TEST_STEP][PASSED] - click: Object: 'Object Repository/Login_registration/button_SIGN UP' is clicked on

2018-04-02 09:20:10 - [MESSAGE][PASSED] - Object: 'Object Repository/Login_registration/button_SIGN UP' is clicked on

2018-04-02 09:20:10 - [TEST_STEP][PASSED] - waitForElementPresent: Object 'Object Repository/Login_registration/Error_message_non_valid_nick_or_mail' is not present after 1 second(s)

2018-04-02 09:20:11 - [MESSAGE][WARNING] - Object 'Object Repository/Login_registration/Error_message_non_valid_nick_or_mail' is not present after 1 second(s)

2018-04-02 09:20:11 - [TEST_STEP][PASSED] - closeBrowser: Browser is closed

2018-04-02 09:20:12 - [MESSAGE][PASSED] - Browser is closed]]></system-out>
         <system-err><![CDATA[]]></system-err>
      </testcase>
      <system-out><![CDATA[2018-04-02 09:18:03 - [TEST_SUITE][FAILED] - Login_Registration: Test Cases/Login_Registration_Test_Cases/Login_Reg-Log in with incorrect invalid email or password FAILED because (of) Unable to click on object 'Object Repository/Login_registration/button_LOG IN' (Root cause: org.openqa.selenium.WebDriverException: unknown error: Element <button class="button" id="open_go_login" style="width: 100%;">...</button> is not clickable at point (837, 450). Other element would receive the click: <div class="srm_loading">...</div>
  (Session info: chrome=65.0.3325.181)
  (Driver info: chromedriver=2.35.528161 (5b82f2d2aae0ca24b877009200ced9065a772e73),platform=Windows NT 6.3.9600 x86_64) (WARNING: The server did not provide any stacktrace information)
Command duration or timeout: 0 milliseconds
Build info: version: '3.7.1', revision: '8a0099a', time: '2017-11-06T21:07:36.161Z'
System info: host: 'BRAINPC', ip: '192.168.137.2', os.name: 'Windows 8.1', os.arch: 'amd64', os.version: '6.3', java.version: '1.8.0_102'
Driver info: com.kms.katalon.selenium.driver.CChromeDriver
Capabilities {acceptInsecureCerts: false, acceptSslCerts: false, applicationCacheEnabled: false, browserConnectionEnabled: false, browserName: chrome, chrome: {chromedriverVersion: 2.35.528161 (5b82f2d2aae0ca..., userDataDir: C:\Users\user\AppData\Local...}, cssSelectorsEnabled: true, databaseEnabled: false, handlesAlerts: true, hasTouchScreen: false, javascriptEnabled: true, locationContextEnabled: true, mobileEmulationEnabled: false, nativeEvents: true, networkConnectionEnabled: false, pageLoadStrategy: normal, platform: XP, platformName: XP, rotatable: false, setWindowRect: true, takesHeapSnapshot: true, takesScreenshot: true, unexpectedAlertBehaviour: , unhandledPromptBehavior: , version: 65.0.3325.181, webStorageEnabled: true}
Session ID: 42e2dfce3134b8b8fff31fc49b81690f)]]></system-out>
      <system-err><![CDATA[2018-04-02 09:18:03 - [TEST_SUITE][FAILED] - Login_Registration: Test Cases/Login_Registration_Test_Cases/Login_Reg-Log in with incorrect invalid email or password FAILED because (of) Unable to click on object 'Object Repository/Login_registration/button_LOG IN' (Root cause: org.openqa.selenium.WebDriverException: unknown error: Element <button class="button" id="open_go_login" style="width: 100%;">...</button> is not clickable at point (837, 450). Other element would receive the click: <div class="srm_loading">...</div>
  (Session info: chrome=65.0.3325.181)
  (Driver info: chromedriver=2.35.528161 (5b82f2d2aae0ca24b877009200ced9065a772e73),platform=Windows NT 6.3.9600 x86_64) (WARNING: The server did not provide any stacktrace information)
Command duration or timeout: 0 milliseconds
Build info: version: '3.7.1', revision: '8a0099a', time: '2017-11-06T21:07:36.161Z'
System info: host: 'BRAINPC', ip: '192.168.137.2', os.name: 'Windows 8.1', os.arch: 'amd64', os.version: '6.3', java.version: '1.8.0_102'
Driver info: com.kms.katalon.selenium.driver.CChromeDriver
Capabilities {acceptInsecureCerts: false, acceptSslCerts: false, applicationCacheEnabled: false, browserConnectionEnabled: false, browserName: chrome, chrome: {chromedriverVersion: 2.35.528161 (5b82f2d2aae0ca..., userDataDir: C:\Users\user\AppData\Local...}, cssSelectorsEnabled: true, databaseEnabled: false, handlesAlerts: true, hasTouchScreen: false, javascriptEnabled: true, locationContextEnabled: true, mobileEmulationEnabled: false, nativeEvents: true, networkConnectionEnabled: false, pageLoadStrategy: normal, platform: XP, platformName: XP, rotatable: false, setWindowRect: true, takesHeapSnapshot: true, takesScreenshot: true, unexpectedAlertBehaviour: , unhandledPromptBehavior: , version: 65.0.3325.181, webStorageEnabled: true}
Session ID: 42e2dfce3134b8b8fff31fc49b81690f)]]></system-err>
   </testsuite>
</testsuites>
