<?xml version="1.0" encoding="UTF-8"?>
<testsuites name="Account" time="104" tests="3" failures="2" errors="0">
   <testsuite name="Account" tests="3" failures="2" errors="0" time="104" timestamp="2018-04-02 09:20:14" hostname="user - BrainPc" id="Test Suites/Account">
      <properties>
         <property name="deviceName" value=""/>
         <property name="devicePlatform" value=""/>
         <property name="logFolder" value="C:\\Users\\user\\Katalon Studio\\Route_report_WEB\\Reports\\Account\\20180402_090639"/>
         <property name="logFiles" value="C:\\Users\\user\\Katalon Studio\\Route_report_WEB\\Reports\\Account\\20180402_090639\\execution0.log"/>
         <property name="attachments" value="C:\\Users\\user\\Katalon Studio\\Route_report_WEB\\Reports\\Account\\20180402_090639\\1522650023851.png, C:\\Users\\user\\Katalon Studio\\Route_report_WEB\\Reports\\Account\\20180402_090639\\1522650032573.png"/>
         <property name="hostName" value="user - BrainPc"/>
         <property name="os" value="Windows 8.1 64bit"/>
         <property name="katalonVersion" value="5.3.1.1"/>
         <property name="browser" value="Chrome 65.0.3325.181"/>
         <property name="hostAddress" value="192.168.137.2"/>
         <property name="sessionId" value="117e3545852aecafc8d9a89aa78b4a81"/>
         <property name="seleniumVersion" value="3.7.1"/>
         <property name="proxyInformation" value="ProxyInformation{proxyOption=NO_PROXY, proxyServerType=HTTP, password=, proxyServerAddress=, proxyServerPort=0}"/>
         <property name="platform" value="Windows 8.1"/>
      </properties>
      <testcase name="Test Cases/Account/Account_Change_data" classname="Test Cases/Account/Account_Change_data" status="FAILED">
         <failure type="FAILED" message="Unable to click on object 'Object Repository/Login_registration/button_SIGN UP' (Root cause: org.openqa.selenium.WebDriverException: unknown error: Element &lt;button class=&quot;button&quot; id=&quot;open_register&quot;>...&lt;/button> is not clickable at point (1072, 570). Other element would receive the click: &lt;div class=&quot;srm_loading&quot;>...&lt;/div>
  (Session info: chrome=65.0.3325.181)
  (Driver info: chromedriver=2.35.528161 (5b82f2d2aae0ca24b877009200ced9065a772e73),platform=Windows NT 6.3.9600 x86_64) (WARNING: The server did not provide any stacktrace information)
Command duration or timeout: 0 milliseconds
Build info: version: '3.7.1', revision: '8a0099a', time: '2017-11-06T21:07:36.161Z'
System info: host: 'BRAINPC', ip: '192.168.137.2', os.name: 'Windows 8.1', os.arch: 'amd64', os.version: '6.3', java.version: '1.8.0_102'
Driver info: com.kms.katalon.selenium.driver.CChromeDriver
Capabilities {acceptInsecureCerts: false, acceptSslCerts: false, applicationCacheEnabled: false, browserConnectionEnabled: false, browserName: chrome, chrome: {chromedriverVersion: 2.35.528161 (5b82f2d2aae0ca..., userDataDir: C:\Users\user\AppData\Local...}, cssSelectorsEnabled: true, databaseEnabled: false, handlesAlerts: true, hasTouchScreen: false, javascriptEnabled: true, locationContextEnabled: true, mobileEmulationEnabled: false, nativeEvents: true, networkConnectionEnabled: false, pageLoadStrategy: normal, platform: XP, platformName: XP, rotatable: false, setWindowRect: true, takesHeapSnapshot: true, takesScreenshot: true, unexpectedAlertBehaviour: , unhandledPromptBehavior: , version: 65.0.3325.181, webStorageEnabled: true}
Session ID: 47f9e8b14e35fb536a431017059cdca8)"/>
         <system-out><![CDATA[2018-04-02 09:20:15 - [TEST_CASE][FAILED] - Test Cases/Account/Account_Change_data: Test Cases/Account/Account_Change_data FAILED because (of) Unable to click on object 'Object Repository/Login_registration/button_SIGN UP' (Root cause: org.openqa.selenium.WebDriverException: unknown error: Element <button class="button" id="open_register">...</button> is not clickable at point (1072, 570). Other element would receive the click: <div class="srm_loading">...</div>
  (Session info: chrome=65.0.3325.181)
  (Driver info: chromedriver=2.35.528161 (5b82f2d2aae0ca24b877009200ced9065a772e73),platform=Windows NT 6.3.9600 x86_64) (WARNING: The server did not provide any stacktrace information)
Command duration or timeout: 0 milliseconds
Build info: version: '3.7.1', revision: '8a0099a', time: '2017-11-06T21:07:36.161Z'
System info: host: 'BRAINPC', ip: '192.168.137.2', os.name: 'Windows 8.1', os.arch: 'amd64', os.version: '6.3', java.version: '1.8.0_102'
Driver info: com.kms.katalon.selenium.driver.CChromeDriver
Capabilities {acceptInsecureCerts: false, acceptSslCerts: false, applicationCacheEnabled: false, browserConnectionEnabled: false, browserName: chrome, chrome: {chromedriverVersion: 2.35.528161 (5b82f2d2aae0ca..., userDataDir: C:\Users\user\AppData\Local...}, cssSelectorsEnabled: true, databaseEnabled: false, handlesAlerts: true, hasTouchScreen: false, javascriptEnabled: true, locationContextEnabled: true, mobileEmulationEnabled: false, nativeEvents: true, networkConnectionEnabled: false, pageLoadStrategy: normal, platform: XP, platformName: XP, rotatable: false, setWindowRect: true, takesHeapSnapshot: true, takesScreenshot: true, unexpectedAlertBehaviour: , unhandledPromptBehavior: , version: 65.0.3325.181, webStorageEnabled: true}
Session ID: 47f9e8b14e35fb536a431017059cdca8)

2018-04-02 09:20:15 - [TEST_STEP][PASSED] - openBrowser: Browser is opened with url: ''

2018-04-02 09:20:18 - [MESSAGE][PASSED] - Browser is opened with url: ''

2018-04-02 09:20:18 - [TEST_STEP][PASSED] - navigateToUrl: Navigate to 'http://route-report.doinsane.com/' successfully

2018-04-02 09:20:21 - [MESSAGE][PASSED] - Navigate to 'http://route-report.doinsane.com/' successfully

2018-04-02 09:20:21 - [TEST_STEP][PASSED] - maximizeWindow: Current window maximized

2018-04-02 09:20:22 - [MESSAGE][PASSED] - Current window maximized

2018-04-02 09:20:22 - [TEST_STEP][PASSED] - click: Object: 'Object Repository/Login_registration/span_Login' is clicked on

2018-04-02 09:20:22 - [MESSAGE][PASSED] - Object: 'Object Repository/Login_registration/span_Login' is clicked on

2018-04-02 09:20:22 - [TEST_STEP][PASSED] - Statement - mydate = new java.util.Date(): null

2018-04-02 09:20:22 - [TEST_STEP][PASSED] - Statement - dateHour = mydate.format("HHmmss"): null

2018-04-02 09:20:22 - [TEST_STEP][PASSED] - Statement - x = "time" + dateHour: null

2018-04-02 09:20:22 - [TEST_STEP][PASSED] - setText: Text 'time092022' is set on object 'Object Repository/Login_registration/input_in_nickname'

2018-04-02 09:20:23 - [MESSAGE][PASSED] - Text 'time092022' is set on object 'Object Repository/Login_registration/input_in_nickname'

2018-04-02 09:20:23 - [TEST_STEP][PASSED] - setText: Text 'time092022@test.com' is set on object 'Object Repository/Login_registration/input_in_email_registration_field'

2018-04-02 09:20:23 - [MESSAGE][PASSED] - Text 'time092022@test.com' is set on object 'Object Repository/Login_registration/input_in_email_registration_field'

2018-04-02 09:20:23 - [TEST_STEP][FAILED] - click: Unable to click on object 'Object Repository/Login_registration/button_SIGN UP' (Root cause: org.openqa.selenium.WebDriverException: unknown error: Element <button class="button" id="open_register">...</button> is not clickable at point (1072, 570). Other element would receive the click: <div class="srm_loading">...</div>
  (Session info: chrome=65.0.3325.181)
  (Driver info: chromedriver=2.35.528161 (5b82f2d2aae0ca24b877009200ced9065a772e73),platform=Windows NT 6.3.9600 x86_64) (WARNING: The server did not provide any stacktrace information)
Command duration or timeout: 0 milliseconds
Build info: version: '3.7.1', revision: '8a0099a', time: '2017-11-06T21:07:36.161Z'
System info: host: 'BRAINPC', ip: '192.168.137.2', os.name: 'Windows 8.1', os.arch: 'amd64', os.version: '6.3', java.version: '1.8.0_102'
Driver info: com.kms.katalon.selenium.driver.CChromeDriver
Capabilities {acceptInsecureCerts: false, acceptSslCerts: false, applicationCacheEnabled: false, browserConnectionEnabled: false, browserName: chrome, chrome: {chromedriverVersion: 2.35.528161 (5b82f2d2aae0ca..., userDataDir: C:\Users\user\AppData\Local...}, cssSelectorsEnabled: true, databaseEnabled: false, handlesAlerts: true, hasTouchScreen: false, javascriptEnabled: true, locationContextEnabled: true, mobileEmulationEnabled: false, nativeEvents: true, networkConnectionEnabled: false, pageLoadStrategy: normal, platform: XP, platformName: XP, rotatable: false, setWindowRect: true, takesHeapSnapshot: true, takesScreenshot: true, unexpectedAlertBehaviour: , unhandledPromptBehavior: , version: 65.0.3325.181, webStorageEnabled: true}
Session ID: 47f9e8b14e35fb536a431017059cdca8)

2018-04-02 09:20:24 - [MESSAGE][FAILED] - Unable to click on object 'Object Repository/Login_registration/button_SIGN UP' (Root cause: org.openqa.selenium.WebDriverException: unknown error: Element <button class="button" id="open_register">...</button> is not clickable at point (1072, 570). Other element would receive the click: <div class="srm_loading">...</div>
  (Session info: chrome=65.0.3325.181)
  (Driver info: chromedriver=2.35.528161 (5b82f2d2aae0ca24b877009200ced9065a772e73),platform=Windows NT 6.3.9600 x86_64) (WARNING: The server did not provide any stacktrace information)
Command duration or timeout: 0 milliseconds
Build info: version: '3.7.1', revision: '8a0099a', time: '2017-11-06T21:07:36.161Z'
System info: host: 'BRAINPC', ip: '192.168.137.2', os.name: 'Windows 8.1', os.arch: 'amd64', os.version: '6.3', java.version: '1.8.0_102'
Driver info: com.kms.katalon.selenium.driver.CChromeDriver
Capabilities {acceptInsecureCerts: false, acceptSslCerts: false, applicationCacheEnabled: false, browserConnectionEnabled: false, browserName: chrome, chrome: {chromedriverVersion: 2.35.528161 (5b82f2d2aae0ca..., userDataDir: C:\Users\user\AppData\Local...}, cssSelectorsEnabled: true, databaseEnabled: false, handlesAlerts: true, hasTouchScreen: false, javascriptEnabled: true, locationContextEnabled: true, mobileEmulationEnabled: false, nativeEvents: true, networkConnectionEnabled: false, pageLoadStrategy: normal, platform: XP, platformName: XP, rotatable: false, setWindowRect: true, takesHeapSnapshot: true, takesScreenshot: true, unexpectedAlertBehaviour: , unhandledPromptBehavior: , version: 65.0.3325.181, webStorageEnabled: true}
Session ID: 47f9e8b14e35fb536a431017059cdca8)
[[ATTACHMENT|C:\\Users\\user\\Katalon Studio\\Route_report_WEB\\Reports\\Account\\20180402_090639\\1522650023851.png]]]]></system-out>
         <system-err><![CDATA[2018-04-02 09:20:15 - [TEST_CASE][FAILED] - Test Cases/Account/Account_Change_data: Test Cases/Account/Account_Change_data FAILED because (of) Unable to click on object 'Object Repository/Login_registration/button_SIGN UP' (Root cause: org.openqa.selenium.WebDriverException: unknown error: Element <button class="button" id="open_register">...</button> is not clickable at point (1072, 570). Other element would receive the click: <div class="srm_loading">...</div>
  (Session info: chrome=65.0.3325.181)
  (Driver info: chromedriver=2.35.528161 (5b82f2d2aae0ca24b877009200ced9065a772e73),platform=Windows NT 6.3.9600 x86_64) (WARNING: The server did not provide any stacktrace information)
Command duration or timeout: 0 milliseconds
Build info: version: '3.7.1', revision: '8a0099a', time: '2017-11-06T21:07:36.161Z'
System info: host: 'BRAINPC', ip: '192.168.137.2', os.name: 'Windows 8.1', os.arch: 'amd64', os.version: '6.3', java.version: '1.8.0_102'
Driver info: com.kms.katalon.selenium.driver.CChromeDriver
Capabilities {acceptInsecureCerts: false, acceptSslCerts: false, applicationCacheEnabled: false, browserConnectionEnabled: false, browserName: chrome, chrome: {chromedriverVersion: 2.35.528161 (5b82f2d2aae0ca..., userDataDir: C:\Users\user\AppData\Local...}, cssSelectorsEnabled: true, databaseEnabled: false, handlesAlerts: true, hasTouchScreen: false, javascriptEnabled: true, locationContextEnabled: true, mobileEmulationEnabled: false, nativeEvents: true, networkConnectionEnabled: false, pageLoadStrategy: normal, platform: XP, platformName: XP, rotatable: false, setWindowRect: true, takesHeapSnapshot: true, takesScreenshot: true, unexpectedAlertBehaviour: , unhandledPromptBehavior: , version: 65.0.3325.181, webStorageEnabled: true}
Session ID: 47f9e8b14e35fb536a431017059cdca8)]]></system-err>
      </testcase>
      <testcase name="Test Cases/Account/Account_Change_Password" classname="Test Cases/Account/Account_Change_Password" status="FAILED">
         <failure type="FAILED" message="Unable to click on object 'Object Repository/Login_registration/button_LOG IN' (Root cause: org.openqa.selenium.WebDriverException: unknown error: Element &lt;button class=&quot;button&quot; id=&quot;open_go_login&quot; style=&quot;width: 100%;&quot;>...&lt;/button> is not clickable at point (837, 450). Other element would receive the click: &lt;div class=&quot;srm_loading&quot;>...&lt;/div>
  (Session info: chrome=65.0.3325.181)
  (Driver info: chromedriver=2.35.528161 (5b82f2d2aae0ca24b877009200ced9065a772e73),platform=Windows NT 6.3.9600 x86_64) (WARNING: The server did not provide any stacktrace information)
Command duration or timeout: 0 milliseconds
Build info: version: '3.7.1', revision: '8a0099a', time: '2017-11-06T21:07:36.161Z'
System info: host: 'BRAINPC', ip: '192.168.137.2', os.name: 'Windows 8.1', os.arch: 'amd64', os.version: '6.3', java.version: '1.8.0_102'
Driver info: com.kms.katalon.selenium.driver.CChromeDriver
Capabilities {acceptInsecureCerts: false, acceptSslCerts: false, applicationCacheEnabled: false, browserConnectionEnabled: false, browserName: chrome, chrome: {chromedriverVersion: 2.35.528161 (5b82f2d2aae0ca..., userDataDir: C:\Users\user\AppData\Local...}, cssSelectorsEnabled: true, databaseEnabled: false, handlesAlerts: true, hasTouchScreen: false, javascriptEnabled: true, locationContextEnabled: true, mobileEmulationEnabled: false, nativeEvents: true, networkConnectionEnabled: false, pageLoadStrategy: normal, platform: XP, platformName: XP, rotatable: false, setWindowRect: true, takesHeapSnapshot: true, takesScreenshot: true, unexpectedAlertBehaviour: , unhandledPromptBehavior: , version: 65.0.3325.181, webStorageEnabled: true}
Session ID: d0f5caeb19d397e04fd4b6c2ef1b1f2d)"/>
         <system-out><![CDATA[2018-04-02 09:20:24 - [TEST_CASE][FAILED] - Test Cases/Account/Account_Change_Password: Test Cases/Account/Account_Change_Password FAILED because (of) Unable to click on object 'Object Repository/Login_registration/button_LOG IN' (Root cause: org.openqa.selenium.WebDriverException: unknown error: Element <button class="button" id="open_go_login" style="width: 100%;">...</button> is not clickable at point (837, 450). Other element would receive the click: <div class="srm_loading">...</div>
  (Session info: chrome=65.0.3325.181)
  (Driver info: chromedriver=2.35.528161 (5b82f2d2aae0ca24b877009200ced9065a772e73),platform=Windows NT 6.3.9600 x86_64) (WARNING: The server did not provide any stacktrace information)
Command duration or timeout: 0 milliseconds
Build info: version: '3.7.1', revision: '8a0099a', time: '2017-11-06T21:07:36.161Z'
System info: host: 'BRAINPC', ip: '192.168.137.2', os.name: 'Windows 8.1', os.arch: 'amd64', os.version: '6.3', java.version: '1.8.0_102'
Driver info: com.kms.katalon.selenium.driver.CChromeDriver
Capabilities {acceptInsecureCerts: false, acceptSslCerts: false, applicationCacheEnabled: false, browserConnectionEnabled: false, browserName: chrome, chrome: {chromedriverVersion: 2.35.528161 (5b82f2d2aae0ca..., userDataDir: C:\Users\user\AppData\Local...}, cssSelectorsEnabled: true, databaseEnabled: false, handlesAlerts: true, hasTouchScreen: false, javascriptEnabled: true, locationContextEnabled: true, mobileEmulationEnabled: false, nativeEvents: true, networkConnectionEnabled: false, pageLoadStrategy: normal, platform: XP, platformName: XP, rotatable: false, setWindowRect: true, takesHeapSnapshot: true, takesScreenshot: true, unexpectedAlertBehaviour: , unhandledPromptBehavior: , version: 65.0.3325.181, webStorageEnabled: true}
Session ID: d0f5caeb19d397e04fd4b6c2ef1b1f2d)

2018-04-02 09:20:24 - [TEST_STEP][PASSED] - openBrowser: Browser is opened with url: ''

2018-04-02 09:20:24 - [MESSAGE][WARNING] - A browser is already opened. Closing browser and opening a new one

2018-04-02 09:20:27 - [MESSAGE][PASSED] - Browser is opened with url: ''

2018-04-02 09:20:27 - [TEST_STEP][PASSED] - navigateToUrl: Navigate to 'https://www.route-report.com/' successfully

2018-04-02 09:20:30 - [MESSAGE][PASSED] - Navigate to 'https://www.route-report.com/' successfully

2018-04-02 09:20:30 - [TEST_STEP][PASSED] - maximizeWindow: Current window maximized

2018-04-02 09:20:31 - [MESSAGE][PASSED] - Current window maximized

2018-04-02 09:20:31 - [TEST_STEP][PASSED] - Statement - pass = "111111": null

2018-04-02 09:20:31 - [TEST_STEP][PASSED] - Statement - wrongpass = "123123123123": null

2018-04-02 09:20:31 - [TEST_STEP][PASSED] - Statement - newpass = "222222": null

2018-04-02 09:20:31 - [TEST_STEP][PASSED] - Statement - mail = "rostyslav.biliaiev@route-report.com": null

2018-04-02 09:20:31 - [TEST_STEP][PASSED] - click: Object: 'Object Repository/Login_registration/span_Login' is clicked on

2018-04-02 09:20:31 - [MESSAGE][PASSED] - Object: 'Object Repository/Login_registration/span_Login' is clicked on

2018-04-02 09:20:31 - [TEST_STEP][PASSED] - setText: Text 'rostyslav.biliaiev@route-report.com' is set on object 'Object Repository/Login_registration/input_in_login'

2018-04-02 09:20:32 - [MESSAGE][PASSED] - Text 'rostyslav.biliaiev@route-report.com' is set on object 'Object Repository/Login_registration/input_in_login'

2018-04-02 09:20:32 - [TEST_STEP][PASSED] - setText: Text '111111' is set on object 'Object Repository/Login_registration/input_in_password'

2018-04-02 09:20:32 - [MESSAGE][PASSED] - Text '111111' is set on object 'Object Repository/Login_registration/input_in_password'

2018-04-02 09:20:32 - [TEST_STEP][FAILED] - click: Unable to click on object 'Object Repository/Login_registration/button_LOG IN' (Root cause: org.openqa.selenium.WebDriverException: unknown error: Element <button class="button" id="open_go_login" style="width: 100%;">...</button> is not clickable at point (837, 450). Other element would receive the click: <div class="srm_loading">...</div>
  (Session info: chrome=65.0.3325.181)
  (Driver info: chromedriver=2.35.528161 (5b82f2d2aae0ca24b877009200ced9065a772e73),platform=Windows NT 6.3.9600 x86_64) (WARNING: The server did not provide any stacktrace information)
Command duration or timeout: 0 milliseconds
Build info: version: '3.7.1', revision: '8a0099a', time: '2017-11-06T21:07:36.161Z'
System info: host: 'BRAINPC', ip: '192.168.137.2', os.name: 'Windows 8.1', os.arch: 'amd64', os.version: '6.3', java.version: '1.8.0_102'
Driver info: com.kms.katalon.selenium.driver.CChromeDriver
Capabilities {acceptInsecureCerts: false, acceptSslCerts: false, applicationCacheEnabled: false, browserConnectionEnabled: false, browserName: chrome, chrome: {chromedriverVersion: 2.35.528161 (5b82f2d2aae0ca..., userDataDir: C:\Users\user\AppData\Local...}, cssSelectorsEnabled: true, databaseEnabled: false, handlesAlerts: true, hasTouchScreen: false, javascriptEnabled: true, locationContextEnabled: true, mobileEmulationEnabled: false, nativeEvents: true, networkConnectionEnabled: false, pageLoadStrategy: normal, platform: XP, platformName: XP, rotatable: false, setWindowRect: true, takesHeapSnapshot: true, takesScreenshot: true, unexpectedAlertBehaviour: , unhandledPromptBehavior: , version: 65.0.3325.181, webStorageEnabled: true}
Session ID: d0f5caeb19d397e04fd4b6c2ef1b1f2d)

2018-04-02 09:20:33 - [MESSAGE][FAILED] - Unable to click on object 'Object Repository/Login_registration/button_LOG IN' (Root cause: org.openqa.selenium.WebDriverException: unknown error: Element <button class="button" id="open_go_login" style="width: 100%;">...</button> is not clickable at point (837, 450). Other element would receive the click: <div class="srm_loading">...</div>
  (Session info: chrome=65.0.3325.181)
  (Driver info: chromedriver=2.35.528161 (5b82f2d2aae0ca24b877009200ced9065a772e73),platform=Windows NT 6.3.9600 x86_64) (WARNING: The server did not provide any stacktrace information)
Command duration or timeout: 0 milliseconds
Build info: version: '3.7.1', revision: '8a0099a', time: '2017-11-06T21:07:36.161Z'
System info: host: 'BRAINPC', ip: '192.168.137.2', os.name: 'Windows 8.1', os.arch: 'amd64', os.version: '6.3', java.version: '1.8.0_102'
Driver info: com.kms.katalon.selenium.driver.CChromeDriver
Capabilities {acceptInsecureCerts: false, acceptSslCerts: false, applicationCacheEnabled: false, browserConnectionEnabled: false, browserName: chrome, chrome: {chromedriverVersion: 2.35.528161 (5b82f2d2aae0ca..., userDataDir: C:\Users\user\AppData\Local...}, cssSelectorsEnabled: true, databaseEnabled: false, handlesAlerts: true, hasTouchScreen: false, javascriptEnabled: true, locationContextEnabled: true, mobileEmulationEnabled: false, nativeEvents: true, networkConnectionEnabled: false, pageLoadStrategy: normal, platform: XP, platformName: XP, rotatable: false, setWindowRect: true, takesHeapSnapshot: true, takesScreenshot: true, unexpectedAlertBehaviour: , unhandledPromptBehavior: , version: 65.0.3325.181, webStorageEnabled: true}
Session ID: d0f5caeb19d397e04fd4b6c2ef1b1f2d)
[[ATTACHMENT|C:\\Users\\user\\Katalon Studio\\Route_report_WEB\\Reports\\Account\\20180402_090639\\1522650032573.png]]]]></system-out>
         <system-err><![CDATA[2018-04-02 09:20:24 - [TEST_CASE][FAILED] - Test Cases/Account/Account_Change_Password: Test Cases/Account/Account_Change_Password FAILED because (of) Unable to click on object 'Object Repository/Login_registration/button_LOG IN' (Root cause: org.openqa.selenium.WebDriverException: unknown error: Element <button class="button" id="open_go_login" style="width: 100%;">...</button> is not clickable at point (837, 450). Other element would receive the click: <div class="srm_loading">...</div>
  (Session info: chrome=65.0.3325.181)
  (Driver info: chromedriver=2.35.528161 (5b82f2d2aae0ca24b877009200ced9065a772e73),platform=Windows NT 6.3.9600 x86_64) (WARNING: The server did not provide any stacktrace information)
Command duration or timeout: 0 milliseconds
Build info: version: '3.7.1', revision: '8a0099a', time: '2017-11-06T21:07:36.161Z'
System info: host: 'BRAINPC', ip: '192.168.137.2', os.name: 'Windows 8.1', os.arch: 'amd64', os.version: '6.3', java.version: '1.8.0_102'
Driver info: com.kms.katalon.selenium.driver.CChromeDriver
Capabilities {acceptInsecureCerts: false, acceptSslCerts: false, applicationCacheEnabled: false, browserConnectionEnabled: false, browserName: chrome, chrome: {chromedriverVersion: 2.35.528161 (5b82f2d2aae0ca..., userDataDir: C:\Users\user\AppData\Local...}, cssSelectorsEnabled: true, databaseEnabled: false, handlesAlerts: true, hasTouchScreen: false, javascriptEnabled: true, locationContextEnabled: true, mobileEmulationEnabled: false, nativeEvents: true, networkConnectionEnabled: false, pageLoadStrategy: normal, platform: XP, platformName: XP, rotatable: false, setWindowRect: true, takesHeapSnapshot: true, takesScreenshot: true, unexpectedAlertBehaviour: , unhandledPromptBehavior: , version: 65.0.3325.181, webStorageEnabled: true}
Session ID: d0f5caeb19d397e04fd4b6c2ef1b1f2d)]]></system-err>
      </testcase>
      <testcase name="Test Cases/Account/Account_Add_and_Edit_Post" classname="Test Cases/Account/Account_Add_and_Edit_Post" status="PASSED">
         <system-out><![CDATA[2018-04-02 09:20:33 - [TEST_CASE][PASSED] - Test Cases/Account/Account_Add_and_Edit_Post: Test Cases/Account/Account_Add_and_Edit_Post

2018-04-02 09:20:33 - [TEST_STEP][PASSED] - openBrowser: Browser is opened with url: ''

2018-04-02 09:20:33 - [MESSAGE][WARNING] - A browser is already opened. Closing browser and opening a new one

2018-04-02 09:20:36 - [MESSAGE][PASSED] - Browser is opened with url: ''

2018-04-02 09:20:36 - [TEST_STEP][PASSED] - navigateToUrl: Navigate to 'http://route-report.doinsane.com/' successfully

2018-04-02 09:20:39 - [MESSAGE][PASSED] - Navigate to 'http://route-report.doinsane.com/' successfully

2018-04-02 09:20:39 - [TEST_STEP][PASSED] - maximizeWindow: Current window maximized

2018-04-02 09:20:40 - [MESSAGE][PASSED] - Current window maximized

2018-04-02 09:20:40 - [TEST_STEP][PASSED] - Statement - mydate = new java.util.Date(): null

2018-04-02 09:20:40 - [TEST_STEP][PASSED] - Statement - formattedDate = mydate.format("MMdd"): null

2018-04-02 09:20:40 - [TEST_STEP][PASSED] - Statement - dateHour = mydate.format("HHmm"): null

2018-04-02 09:20:40 - [TEST_STEP][PASSED] - Statement - dateHourfull = mydate.format("HHmmss"): null

2018-04-02 09:20:40 - [TEST_STEP][PASSED] - Statement - pass = "111111": null

2018-04-02 09:20:40 - [TEST_STEP][PASSED] - Statement - mail = "rostyslav.biliaiev@route-report.com": null

2018-04-02 09:20:40 - [TEST_STEP][PASSED] - Statement - title_small = "YO": null

2018-04-02 09:20:40 - [TEST_STEP][PASSED] - Statement - title = "Automated Test was executed": null

2018-04-02 09:20:40 - [TEST_STEP][PASSED] - Statement - post_text_small = "Short text": null

2018-04-02 09:20:40 - [TEST_STEP][PASSED] - Statement - post_text = "Automated Test Executed Automated Test Executed Automated Test Executed Automated Test Executed Automated Test Executed Automated Test Executed": null

2018-04-02 09:20:40 - [TEST_STEP][PASSED] - Statement - youtube = "https://youtu.be/Mb-7AWpXK-o": null

2018-04-02 09:20:40 - [TEST_STEP][PASSED] - Statement - post_text_edited = "This post was edited": null

2018-04-02 09:20:40 - [TEST_STEP][PASSED] - click: Object: 'Object Repository/Login_registration/span_Login' is clicked on

2018-04-02 09:20:40 - [MESSAGE][PASSED] - Object: 'Object Repository/Login_registration/span_Login' is clicked on

2018-04-02 09:20:40 - [TEST_STEP][PASSED] - setText: Text 'rostyslav.biliaiev@route-report.com' is set on object 'Object Repository/Login_registration/input_in_login'

2018-04-02 09:20:41 - [MESSAGE][PASSED] - Text 'rostyslav.biliaiev@route-report.com' is set on object 'Object Repository/Login_registration/input_in_login'

2018-04-02 09:20:41 - [TEST_STEP][PASSED] - setText: Text '111111' is set on object 'Object Repository/Login_registration/input_in_password'

2018-04-02 09:20:41 - [MESSAGE][PASSED] - Text '111111' is set on object 'Object Repository/Login_registration/input_in_password'

2018-04-02 09:20:41 - [TEST_STEP][PASSED] - click: Object: 'Object Repository/Login_registration/button_LOG IN' is clicked on

2018-04-02 09:20:41 - [MESSAGE][PASSED] - Object: 'Object Repository/Login_registration/button_LOG IN' is clicked on

2018-04-02 09:20:41 - [TEST_STEP][PASSED] - verifyElementPresent: Object 'Object Repository/Login_registration/span_My spoken languages' is present

2018-04-02 09:20:49 - [MESSAGE][PASSED] - Object 'Object Repository/Login_registration/span_My spoken languages' is present

2018-04-02 09:20:49 - [TEST_STEP][PASSED] - delay: Delayed 1 second(s)

2018-04-02 09:20:50 - [MESSAGE][PASSED] - Delayed 1 second(s)

2018-04-02 09:20:50 - [TEST_STEP][PASSED] - click: Object: 'Object Repository/Account/Buttons/button_block_add_posts' is clicked on

2018-04-02 09:20:50 - [MESSAGE][PASSED] - Object: 'Object Repository/Account/Buttons/button_block_add_posts' is clicked on

2018-04-02 09:20:50 - [TEST_STEP][PASSED] - delay: Delayed 1 second(s)

2018-04-02 09:20:51 - [MESSAGE][PASSED] - Delayed 1 second(s)

2018-04-02 09:20:51 - [TEST_STEP][PASSED] - click: Object: 'Object Repository/Account/Buttons/button_Add_post' is clicked on

2018-04-02 09:20:52 - [MESSAGE][PASSED] - Object: 'Object Repository/Account/Buttons/button_Add_post' is clicked on

2018-04-02 09:20:52 - [TEST_STEP][PASSED] - waitForElementVisible: Object 'Object Repository/Account/Buttons/button_Pulish_post' is visible

2018-04-02 09:20:52 - [MESSAGE][PASSED] - Object 'Object Repository/Account/Buttons/button_Pulish_post' is visible

2018-04-02 09:20:52 - [TEST_STEP][PASSED] - click: Object: 'Object Repository/Account/Buttons/button_Pulish_post' is clicked on

2018-04-02 09:20:52 - [MESSAGE][PASSED] - Object: 'Object Repository/Account/Buttons/button_Pulish_post' is clicked on

2018-04-02 09:20:52 - [TEST_STEP][PASSED] - verifyElementVisible: Object 'Object Repository/Account/warnings(validator_msg)/ver_error_Post_Title_field' is visible

2018-04-02 09:20:52 - [MESSAGE][PASSED] - Object 'Object Repository/Account/warnings(validator_msg)/ver_error_Post_Title_field' is visible

2018-04-02 09:20:52 - [TEST_STEP][PASSED] - verifyElementVisible: Object 'Object Repository/Account/warnings(validator_msg)/ver_error_Post_text_field' is visible

2018-04-02 09:20:53 - [MESSAGE][PASSED] - Object 'Object Repository/Account/warnings(validator_msg)/ver_error_Post_text_field' is visible

2018-04-02 09:20:53 - [TEST_STEP][PASSED] - setText: Text 'YO' is set on object 'Object Repository/Account/Input_fields/input_Post_title_field'

2018-04-02 09:20:53 - [MESSAGE][PASSED] - Text 'YO' is set on object 'Object Repository/Account/Input_fields/input_Post_title_field'

2018-04-02 09:20:53 - [TEST_STEP][PASSED] - setText: Text 'Short text' is set on object 'Object Repository/Account/Input_fields/input_Post_text_field'

2018-04-02 09:20:53 - [MESSAGE][PASSED] - Text 'Short text' is set on object 'Object Repository/Account/Input_fields/input_Post_text_field'

2018-04-02 09:20:53 - [TEST_STEP][PASSED] - delay: Delayed 1 second(s)

2018-04-02 09:20:54 - [MESSAGE][PASSED] - Delayed 1 second(s)

2018-04-02 09:20:54 - [TEST_STEP][PASSED] - click: Object: 'Object Repository/Account/Buttons/button_Pulish_post' is clicked on

2018-04-02 09:20:54 - [MESSAGE][PASSED] - Object: 'Object Repository/Account/Buttons/button_Pulish_post' is clicked on

2018-04-02 09:20:54 - [TEST_STEP][PASSED] - verifyElementVisible: Object 'Object Repository/Account/warnings(validator_msg)/ver_error_Post_Title_field' is visible

2018-04-02 09:20:54 - [MESSAGE][PASSED] - Object 'Object Repository/Account/warnings(validator_msg)/ver_error_Post_Title_field' is visible

2018-04-02 09:20:54 - [TEST_STEP][PASSED] - verifyElementVisible: Object 'Object Repository/Account/warnings(validator_msg)/ver_error_Post_text_field' is visible

2018-04-02 09:20:54 - [MESSAGE][PASSED] - Object 'Object Repository/Account/warnings(validator_msg)/ver_error_Post_text_field' is visible

2018-04-02 09:20:54 - [TEST_STEP][PASSED] - clearText: Text of object 'Object Repository/Account/Input_fields/input_Post_title_field' is cleared

2018-04-02 09:20:54 - [MESSAGE][PASSED] - Text of object 'Object Repository/Account/Input_fields/input_Post_title_field' is cleared

2018-04-02 09:20:54 - [TEST_STEP][PASSED] - clearText: Text of object 'Object Repository/Account/Input_fields/input_Post_text_field' is cleared

2018-04-02 09:20:54 - [MESSAGE][PASSED] - Text of object 'Object Repository/Account/Input_fields/input_Post_text_field' is cleared

2018-04-02 09:20:54 - [TEST_STEP][PASSED] - setText: Text 'Automated Test was executed_date_0402_time_0920' is set on object 'Object Repository/Account/Input_fields/input_Post_title_field'

2018-04-02 09:20:55 - [MESSAGE][PASSED] - Text 'Automated Test was executed_date_0402_time_0920' is set on object 'Object Repository/Account/Input_fields/input_Post_title_field'

2018-04-02 09:20:55 - [TEST_STEP][PASSED] - setText: Text 'Automated Test Executed Automated Test Executed Automated Test Executed Automated Test Executed Automated Test Executed Automated Test Executed' is set on object 'Object Repository/Account/Input_fields/input_Post_text_field'

2018-04-02 09:20:56 - [MESSAGE][PASSED] - Text 'Automated Test Executed Automated Test Executed Automated Test Executed Automated Test Executed Automated Test Executed Automated Test Executed' is set on object 'Object Repository/Account/Input_fields/input_Post_text_field'

2018-04-02 09:20:56 - [TEST_STEP][PASSED] - uploadFile: File 'D:\test-photo.jpg' sent to object: 'Object Repository/Account/Buttons/button_add_photo_to_post'

2018-04-02 09:20:56 - [MESSAGE][PASSED] - File 'D:\test-photo.jpg' sent to object: 'Object Repository/Account/Buttons/button_add_photo_to_post'

2018-04-02 09:20:56 - [TEST_STEP][PASSED] - waitForElementVisible: Object 'Object Repository/Account/ver/ver_pop_up_with_loaded_photo' is visible

2018-04-02 09:21:02 - [MESSAGE][PASSED] - Object 'Object Repository/Account/ver/ver_pop_up_with_loaded_photo' is visible

2018-04-02 09:21:02 - [TEST_STEP][PASSED] - click: Object: 'Object Repository/Account/Buttons/button_Add_photo_to_the_post_popup' is clicked on

2018-04-02 09:21:02 - [MESSAGE][PASSED] - Object: 'Object Repository/Account/Buttons/button_Add_photo_to_the_post_popup' is clicked on

2018-04-02 09:21:02 - [TEST_STEP][PASSED] - delay: Delayed 1 second(s)

2018-04-02 09:21:03 - [MESSAGE][PASSED] - Delayed 1 second(s)

2018-04-02 09:21:03 - [TEST_STEP][PASSED] - click: Object: 'Object Repository/Account/Buttons/button_open_Youtube' is clicked on

2018-04-02 09:21:04 - [MESSAGE][PASSED] - Object: 'Object Repository/Account/Buttons/button_open_Youtube' is clicked on

2018-04-02 09:21:04 - [TEST_STEP][PASSED] - waitForElementVisible: Object 'Object Repository/Account/ver/ver_popup_upload_Youtube_shows' is visible

2018-04-02 09:21:04 - [MESSAGE][PASSED] - Object 'Object Repository/Account/ver/ver_popup_upload_Youtube_shows' is visible

2018-04-02 09:21:04 - [TEST_STEP][PASSED] - setText: Text 'https://youtu.be/Mb-7AWpXK-o' is set on object 'Object Repository/Account/Input_fields/input_field_Add_video_code_Youtube'

2018-04-02 09:21:04 - [MESSAGE][PASSED] - Text 'https://youtu.be/Mb-7AWpXK-o' is set on object 'Object Repository/Account/Input_fields/input_field_Add_video_code_Youtube'

2018-04-02 09:21:04 - [TEST_STEP][PASSED] - delay: Delayed 1 second(s)

2018-04-02 09:21:05 - [MESSAGE][PASSED] - Delayed 1 second(s)

2018-04-02 09:21:05 - [TEST_STEP][PASSED] - click: Object: 'Object Repository/Account/Buttons/button_add_Youtube_code' is clicked on

2018-04-02 09:21:05 - [MESSAGE][PASSED] - Object: 'Object Repository/Account/Buttons/button_add_Youtube_code' is clicked on

2018-04-02 09:21:05 - [TEST_STEP][PASSED] - delay: Delayed 1 second(s)

2018-04-02 09:21:06 - [MESSAGE][PASSED] - Delayed 1 second(s)

2018-04-02 09:21:06 - [TEST_STEP][PASSED] - waitForElementVisible: Object 'Object Repository/Account/ver/ver_pupup_youtube' is visible

2018-04-02 09:21:06 - [MESSAGE][PASSED] - Object 'Object Repository/Account/ver/ver_pupup_youtube' is visible

2018-04-02 09:21:06 - [TEST_STEP][PASSED] - click: Object: 'Object Repository/Account/Buttons/button_Add_photo_to_the_post_popup' is clicked on

2018-04-02 09:21:06 - [MESSAGE][PASSED] - Object: 'Object Repository/Account/Buttons/button_Add_photo_to_the_post_popup' is clicked on

2018-04-02 09:21:06 - [TEST_STEP][PASSED] - delay: Delayed 1 second(s)

2018-04-02 09:21:07 - [MESSAGE][PASSED] - Delayed 1 second(s)

2018-04-02 09:21:07 - [TEST_STEP][PASSED] - click: Object: 'Object Repository/Account/Buttons/button_Pulish_post' is clicked on

2018-04-02 09:21:07 - [MESSAGE][PASSED] - Object: 'Object Repository/Account/Buttons/button_Pulish_post' is clicked on

2018-04-02 09:21:07 - [TEST_STEP][PASSED] - delay: Delayed 2 second(s)

2018-04-02 09:21:09 - [MESSAGE][PASSED] - Delayed 2 second(s)

2018-04-02 09:21:09 - [TEST_STEP][PASSED] - click: Object: 'Object Repository/Account/Buttons/button_Edit_last_post' is clicked on

2018-04-02 09:21:10 - [MESSAGE][PASSED] - Object: 'Object Repository/Account/Buttons/button_Edit_last_post' is clicked on

2018-04-02 09:21:10 - [TEST_STEP][PASSED] - waitForElementVisible: Object 'Object Repository/Account/Buttons/button_Pulish_post' is visible

2018-04-02 09:21:10 - [MESSAGE][PASSED] - Object 'Object Repository/Account/Buttons/button_Pulish_post' is visible

2018-04-02 09:21:10 - [TEST_STEP][PASSED] - clearText: Text of object 'Object Repository/Account/Input_fields/input_Post_text_field' is cleared

2018-04-02 09:21:10 - [MESSAGE][PASSED] - Text of object 'Object Repository/Account/Input_fields/input_Post_text_field' is cleared

2018-04-02 09:21:10 - [TEST_STEP][PASSED] - delay: Delayed 2 second(s)

2018-04-02 09:21:12 - [MESSAGE][PASSED] - Delayed 2 second(s)

2018-04-02 09:21:12 - [TEST_STEP][PASSED] - setText: Text 'This post was edited_time_092040This post was editedThis post was editedThis post was editedThis post was edited' is set on object 'Object Repository/Account/Input_fields/input_Post_text_field'

2018-04-02 09:21:13 - [MESSAGE][PASSED] - Text 'This post was edited_time_092040This post was editedThis post was editedThis post was editedThis post was edited' is set on object 'Object Repository/Account/Input_fields/input_Post_text_field'

2018-04-02 09:21:13 - [TEST_STEP][PASSED] - click: Object: 'Object Repository/Account/Buttons/button_Pulish_post' is clicked on

2018-04-02 09:21:13 - [MESSAGE][PASSED] - Object: 'Object Repository/Account/Buttons/button_Pulish_post' is clicked on

2018-04-02 09:21:13 - [TEST_STEP][PASSED] - closeBrowser: Browser is closed

2018-04-02 09:21:14 - [MESSAGE][PASSED] - Browser is closed]]></system-out>
         <system-err><![CDATA[]]></system-err>
      </testcase>
      <testcase name="Test Cases/Account/Account_Add_Remove_post" classname="Test Cases/Account/Account_Add_Remove_post" status="PASSED">
         <system-out><![CDATA[2018-04-02 09:21:14 - [TEST_CASE][PASSED] - Test Cases/Account/Account_Add_Remove_post: Test Cases/Account/Account_Add_Remove_post

2018-04-02 09:21:14 - [TEST_STEP][PASSED] - openBrowser: Browser is opened with url: ''

2018-04-02 09:21:16 - [MESSAGE][PASSED] - Browser is opened with url: ''

2018-04-02 09:21:16 - [TEST_STEP][PASSED] - navigateToUrl: Navigate to 'http://route-report.doinsane.com/' successfully

2018-04-02 09:21:20 - [MESSAGE][PASSED] - Navigate to 'http://route-report.doinsane.com/' successfully

2018-04-02 09:21:20 - [TEST_STEP][PASSED] - maximizeWindow: Current window maximized

2018-04-02 09:21:21 - [MESSAGE][PASSED] - Current window maximized

2018-04-02 09:21:21 - [TEST_STEP][PASSED] - Statement - mydate = new java.util.Date(): null

2018-04-02 09:21:21 - [TEST_STEP][PASSED] - Statement - formattedDate = mydate.format("MMdd"): null

2018-04-02 09:21:21 - [TEST_STEP][PASSED] - Statement - dateHour = mydate.format("HHmm"): null

2018-04-02 09:21:21 - [TEST_STEP][PASSED] - Statement - dateHourfull = mydate.format("HHmmss"): null

2018-04-02 09:21:21 - [TEST_STEP][PASSED] - Statement - pass = "111111": null

2018-04-02 09:21:21 - [TEST_STEP][PASSED] - Statement - mail = "rostyslav.biliaiev@route-report.com": null

2018-04-02 09:21:21 - [TEST_STEP][PASSED] - Statement - title = "Automated Test was executed": null

2018-04-02 09:21:21 - [TEST_STEP][PASSED] - Statement - post_text = "Automated Test Executed Automated Test Executed Automated Test Executed Automated Test Executed Automated Test Executed Automated Test Executed": null

2018-04-02 09:21:21 - [TEST_STEP][PASSED] - Statement - youtube = "https://youtu.be/Mb-7AWpXK-o": null

2018-04-02 09:21:21 - [TEST_STEP][PASSED] - click: Object: 'Object Repository/Login_registration/span_Login' is clicked on

2018-04-02 09:21:21 - [MESSAGE][PASSED] - Object: 'Object Repository/Login_registration/span_Login' is clicked on

2018-04-02 09:21:21 - [TEST_STEP][PASSED] - setText: Text 'rostyslav.biliaiev@route-report.com' is set on object 'Object Repository/Login_registration/input_in_login'

2018-04-02 09:21:22 - [MESSAGE][PASSED] - Text 'rostyslav.biliaiev@route-report.com' is set on object 'Object Repository/Login_registration/input_in_login'

2018-04-02 09:21:22 - [TEST_STEP][PASSED] - setText: Text '111111' is set on object 'Object Repository/Login_registration/input_in_password'

2018-04-02 09:21:22 - [MESSAGE][PASSED] - Text '111111' is set on object 'Object Repository/Login_registration/input_in_password'

2018-04-02 09:21:22 - [TEST_STEP][PASSED] - click: Object: 'Object Repository/Login_registration/button_LOG IN' is clicked on

2018-04-02 09:21:23 - [MESSAGE][PASSED] - Object: 'Object Repository/Login_registration/button_LOG IN' is clicked on

2018-04-02 09:21:23 - [TEST_STEP][PASSED] - verifyElementPresent: Object 'Object Repository/Login_registration/span_My spoken languages' is present

2018-04-02 09:21:26 - [MESSAGE][PASSED] - Object 'Object Repository/Login_registration/span_My spoken languages' is present

2018-04-02 09:21:26 - [TEST_STEP][PASSED] - delay: Delayed 1 second(s)

2018-04-02 09:21:27 - [MESSAGE][PASSED] - Delayed 1 second(s)

2018-04-02 09:21:27 - [TEST_STEP][PASSED] - click: Object: 'Object Repository/Account/Buttons/button_block_add_posts' is clicked on

2018-04-02 09:21:28 - [MESSAGE][PASSED] - Object: 'Object Repository/Account/Buttons/button_block_add_posts' is clicked on

2018-04-02 09:21:28 - [TEST_STEP][PASSED] - delay: Delayed 1 second(s)

2018-04-02 09:21:29 - [MESSAGE][PASSED] - Delayed 1 second(s)

2018-04-02 09:21:29 - [TEST_STEP][PASSED] - click: Object: 'Object Repository/Account/Buttons/button_Add_post' is clicked on

2018-04-02 09:21:29 - [MESSAGE][PASSED] - Object: 'Object Repository/Account/Buttons/button_Add_post' is clicked on

2018-04-02 09:21:29 - [TEST_STEP][PASSED] - waitForElementVisible: Object 'Object Repository/Account/Buttons/button_Pulish_post' is visible

2018-04-02 09:21:30 - [MESSAGE][PASSED] - Object 'Object Repository/Account/Buttons/button_Pulish_post' is visible

2018-04-02 09:21:30 - [TEST_STEP][PASSED] - delay: Delayed 1 second(s)

2018-04-02 09:21:31 - [MESSAGE][PASSED] - Delayed 1 second(s)

2018-04-02 09:21:31 - [TEST_STEP][PASSED] - setText: Text 'Automated Test was executed_date_0402_time_0921' is set on object 'Object Repository/Account/Input_fields/input_Post_title_field'

2018-04-02 09:21:31 - [MESSAGE][PASSED] - Text 'Automated Test was executed_date_0402_time_0921' is set on object 'Object Repository/Account/Input_fields/input_Post_title_field'

2018-04-02 09:21:31 - [TEST_STEP][PASSED] - setText: Text 'Automated Test Executed Automated Test Executed Automated Test Executed Automated Test Executed Automated Test Executed Automated Test Executed' is set on object 'Object Repository/Account/Input_fields/input_Post_text_field'

2018-04-02 09:21:32 - [MESSAGE][PASSED] - Text 'Automated Test Executed Automated Test Executed Automated Test Executed Automated Test Executed Automated Test Executed Automated Test Executed' is set on object 'Object Repository/Account/Input_fields/input_Post_text_field'

2018-04-02 09:21:32 - [TEST_STEP][PASSED] - click: Object: 'Object Repository/Account/Buttons/button_Pulish_post' is clicked on

2018-04-02 09:21:32 - [MESSAGE][PASSED] - Object: 'Object Repository/Account/Buttons/button_Pulish_post' is clicked on

2018-04-02 09:21:32 - [TEST_STEP][PASSED] - delay: Delayed 1 second(s)

2018-04-02 09:21:33 - [MESSAGE][PASSED] - Delayed 1 second(s)

2018-04-02 09:21:33 - [TEST_STEP][PASSED] - click: Object: 'Object Repository/Account/Buttons/Button_Remove_Post' is clicked on

2018-04-02 09:21:33 - [MESSAGE][PASSED] - Object: 'Object Repository/Account/Buttons/Button_Remove_Post' is clicked on

2018-04-02 09:21:33 - [TEST_STEP][PASSED] - closeBrowser: Browser is closed

2018-04-02 09:21:34 - [MESSAGE][PASSED] - Browser is closed]]></system-out>
         <system-err><![CDATA[]]></system-err>
      </testcase>
      <testcase name="Test Cases/Account/Account_Clicks" classname="Test Cases/Account/Account_Clicks" status="PASSED">
         <system-out><![CDATA[2018-04-02 09:21:34 - [TEST_CASE][PASSED] - Test Cases/Account/Account_Clicks: Test Cases/Account/Account_Clicks

2018-04-02 09:21:34 - [TEST_STEP][PASSED] - openBrowser: Browser is opened with url: ''

2018-04-02 09:21:36 - [MESSAGE][PASSED] - Browser is opened with url: ''

2018-04-02 09:21:36 - [TEST_STEP][PASSED] - navigateToUrl: Navigate to 'https://route-report.com/' successfully

2018-04-02 09:21:39 - [MESSAGE][PASSED] - Navigate to 'https://route-report.com/' successfully

2018-04-02 09:21:39 - [TEST_STEP][PASSED] - maximizeWindow: Current window maximized

2018-04-02 09:21:41 - [MESSAGE][PASSED] - Current window maximized

2018-04-02 09:21:41 - [TEST_STEP][PASSED] - Statement - pass = "111111": null

2018-04-02 09:21:41 - [TEST_STEP][PASSED] - Statement - mail = "rostyslav.biliaiev@route-report.com": null

2018-04-02 09:21:41 - [TEST_STEP][PASSED] - click: Object: 'Object Repository/Login_registration/span_Login' is clicked on

2018-04-02 09:21:41 - [MESSAGE][PASSED] - Object: 'Object Repository/Login_registration/span_Login' is clicked on

2018-04-02 09:21:41 - [TEST_STEP][PASSED] - setText: Text 'rostyslav.biliaiev@route-report.com' is set on object 'Object Repository/Login_registration/input_in_login'

2018-04-02 09:21:42 - [MESSAGE][PASSED] - Text 'rostyslav.biliaiev@route-report.com' is set on object 'Object Repository/Login_registration/input_in_login'

2018-04-02 09:21:42 - [TEST_STEP][PASSED] - setText: Text '111111' is set on object 'Object Repository/Login_registration/input_in_password'

2018-04-02 09:21:42 - [MESSAGE][PASSED] - Text '111111' is set on object 'Object Repository/Login_registration/input_in_password'

2018-04-02 09:21:42 - [TEST_STEP][PASSED] - click: Object: 'Object Repository/Login_registration/button_LOG IN' is clicked on

2018-04-02 09:21:42 - [MESSAGE][PASSED] - Object: 'Object Repository/Login_registration/button_LOG IN' is clicked on

2018-04-02 09:21:42 - [TEST_STEP][PASSED] - verifyElementPresent: Object 'Object Repository/Login_registration/span_My spoken languages' is present

2018-04-02 09:21:47 - [MESSAGE][PASSED] - Object 'Object Repository/Login_registration/span_My spoken languages' is present

2018-04-02 09:21:47 - [TEST_STEP][PASSED] - delay: Delayed 1 second(s)

2018-04-02 09:21:48 - [MESSAGE][PASSED] - Delayed 1 second(s)

2018-04-02 09:21:48 - [TEST_STEP][PASSED] - click: Object: 'Object Repository/Account/Buttons/button_trophy' is clicked on

2018-04-02 09:21:48 - [MESSAGE][PASSED] - Object: 'Object Repository/Account/Buttons/button_trophy' is clicked on

2018-04-02 09:21:48 - [TEST_STEP][PASSED] - waitForElementPresent: Object 'Object Repository/Account/ver/ver_Trophy_board_shows' is present

2018-04-02 09:21:49 - [MESSAGE][PASSED] - Object 'Object Repository/Account/ver/ver_Trophy_board_shows' is present

2018-04-02 09:21:49 - [TEST_STEP][PASSED] - delay: Delayed 1 second(s)

2018-04-02 09:21:50 - [MESSAGE][PASSED] - Delayed 1 second(s)

2018-04-02 09:21:50 - [TEST_STEP][PASSED] - click: Object: 'Object Repository/Account/Buttons/button_Close_Trophy_boaed' is clicked on

2018-04-02 09:21:50 - [MESSAGE][PASSED] - Object: 'Object Repository/Account/Buttons/button_Close_Trophy_boaed' is clicked on

2018-04-02 09:21:50 - [TEST_STEP][PASSED] - click: Object: 'Object Repository/Account/Buttons/but_Support' is clicked on

2018-04-02 09:21:50 - [MESSAGE][PASSED] - Object: 'Object Repository/Account/Buttons/but_Support' is clicked on

2018-04-02 09:21:50 - [TEST_STEP][PASSED] - waitForElementPresent: Object 'Object Repository/Account/ver/ver_Popup_support_shows' is present

2018-04-02 09:21:51 - [MESSAGE][PASSED] - Object 'Object Repository/Account/ver/ver_Popup_support_shows' is present

2018-04-02 09:21:51 - [TEST_STEP][PASSED] - delay: Delayed 1 second(s)

2018-04-02 09:21:52 - [MESSAGE][PASSED] - Delayed 1 second(s)

2018-04-02 09:21:52 - [TEST_STEP][PASSED] - click: Object: 'Object Repository/Account/Buttons/button_close_Popup_support' is clicked on

2018-04-02 09:21:52 - [MESSAGE][PASSED] - Object: 'Object Repository/Account/Buttons/button_close_Popup_support' is clicked on

2018-04-02 09:21:52 - [TEST_STEP][PASSED] - click: Object: 'Object Repository/Account/Buttons/button_withdrowal' is clicked on

2018-04-02 09:21:52 - [MESSAGE][PASSED] - Object: 'Object Repository/Account/Buttons/button_withdrowal' is clicked on

2018-04-02 09:21:52 - [TEST_STEP][PASSED] - delay: Delayed 1 second(s)

2018-04-02 09:21:53 - [MESSAGE][PASSED] - Delayed 1 second(s)

2018-04-02 09:21:53 - [TEST_STEP][PASSED] - waitForElementPresent: Object 'Object Repository/Account/ver/ver_Popup_need_more_money_for_withdr' is present

2018-04-02 09:21:53 - [MESSAGE][PASSED] - Object 'Object Repository/Account/ver/ver_Popup_need_more_money_for_withdr' is present

2018-04-02 09:21:53 - [TEST_STEP][PASSED] - click: Object: 'Object Repository/Account/Buttons/button_close_popup_withdrawal' is clicked on

2018-04-02 09:21:53 - [MESSAGE][PASSED] - Object: 'Object Repository/Account/Buttons/button_close_popup_withdrawal' is clicked on

2018-04-02 09:21:53 - [TEST_STEP][PASSED] - click: Object: 'Object Repository/Account/Buttons/button_block_add_posts' is clicked on

2018-04-02 09:21:53 - [MESSAGE][PASSED] - Object: 'Object Repository/Account/Buttons/button_block_add_posts' is clicked on

2018-04-02 09:21:53 - [TEST_STEP][PASSED] - waitForElementVisible: Object 'Object Repository/Account/Buttons/button_Add_post' is visible

2018-04-02 09:21:53 - [MESSAGE][PASSED] - Object 'Object Repository/Account/Buttons/button_Add_post' is visible

2018-04-02 09:21:53 - [TEST_STEP][PASSED] - delay: Delayed 1 second(s)

2018-04-02 09:21:54 - [MESSAGE][PASSED] - Delayed 1 second(s)

2018-04-02 09:21:54 - [TEST_STEP][PASSED] - click: Object: 'Object Repository/Account/Buttons/button_block_purchased_reports' is clicked on

2018-04-02 09:21:55 - [MESSAGE][PASSED] - Object: 'Object Repository/Account/Buttons/button_block_purchased_reports' is clicked on

2018-04-02 09:21:55 - [TEST_STEP][PASSED] - waitForElementVisible: Object 'Object Repository/Account/ver/ver_purchesed_block_shows' is visible

2018-04-02 09:21:56 - [MESSAGE][PASSED] - Object 'Object Repository/Account/ver/ver_purchesed_block_shows' is visible

2018-04-02 09:21:56 - [TEST_STEP][PASSED] - delay: Delayed 1 second(s)

2018-04-02 09:21:57 - [MESSAGE][PASSED] - Delayed 1 second(s)

2018-04-02 09:21:57 - [TEST_STEP][PASSED] - click: Object: 'Object Repository/Account/Buttons/button_Block_reports' is clicked on

2018-04-02 09:21:57 - [MESSAGE][PASSED] - Object: 'Object Repository/Account/Buttons/button_Block_reports' is clicked on

2018-04-02 09:21:57 - [TEST_STEP][PASSED] - waitForElementVisible: Object 'Object Repository/Account/ver/ver_Block_reports_shows' is visible

2018-04-02 09:21:58 - [MESSAGE][PASSED] - Object 'Object Repository/Account/ver/ver_Block_reports_shows' is visible

2018-04-02 09:21:58 - [TEST_STEP][PASSED] - closeBrowser: Browser is closed

2018-04-02 09:21:59 - [MESSAGE][PASSED] - Browser is closed]]></system-out>
         <system-err><![CDATA[]]></system-err>
      </testcase>
      <system-out><![CDATA[2018-04-02 09:20:14 - [TEST_SUITE][FAILED] - Account: Test Cases/Account/Account_Change_data FAILED because (of) Unable to click on object 'Object Repository/Login_registration/button_SIGN UP' (Root cause: org.openqa.selenium.WebDriverException: unknown error: Element <button class="button" id="open_register">...</button> is not clickable at point (1072, 570). Other element would receive the click: <div class="srm_loading">...</div>
  (Session info: chrome=65.0.3325.181)
  (Driver info: chromedriver=2.35.528161 (5b82f2d2aae0ca24b877009200ced9065a772e73),platform=Windows NT 6.3.9600 x86_64) (WARNING: The server did not provide any stacktrace information)
Command duration or timeout: 0 milliseconds
Build info: version: '3.7.1', revision: '8a0099a', time: '2017-11-06T21:07:36.161Z'
System info: host: 'BRAINPC', ip: '192.168.137.2', os.name: 'Windows 8.1', os.arch: 'amd64', os.version: '6.3', java.version: '1.8.0_102'
Driver info: com.kms.katalon.selenium.driver.CChromeDriver
Capabilities {acceptInsecureCerts: false, acceptSslCerts: false, applicationCacheEnabled: false, browserConnectionEnabled: false, browserName: chrome, chrome: {chromedriverVersion: 2.35.528161 (5b82f2d2aae0ca..., userDataDir: C:\Users\user\AppData\Local...}, cssSelectorsEnabled: true, databaseEnabled: false, handlesAlerts: true, hasTouchScreen: false, javascriptEnabled: true, locationContextEnabled: true, mobileEmulationEnabled: false, nativeEvents: true, networkConnectionEnabled: false, pageLoadStrategy: normal, platform: XP, platformName: XP, rotatable: false, setWindowRect: true, takesHeapSnapshot: true, takesScreenshot: true, unexpectedAlertBehaviour: , unhandledPromptBehavior: , version: 65.0.3325.181, webStorageEnabled: true}
Session ID: 47f9e8b14e35fb536a431017059cdca8)]]></system-out>
      <system-err><![CDATA[2018-04-02 09:20:14 - [TEST_SUITE][FAILED] - Account: Test Cases/Account/Account_Change_data FAILED because (of) Unable to click on object 'Object Repository/Login_registration/button_SIGN UP' (Root cause: org.openqa.selenium.WebDriverException: unknown error: Element <button class="button" id="open_register">...</button> is not clickable at point (1072, 570). Other element would receive the click: <div class="srm_loading">...</div>
  (Session info: chrome=65.0.3325.181)
  (Driver info: chromedriver=2.35.528161 (5b82f2d2aae0ca24b877009200ced9065a772e73),platform=Windows NT 6.3.9600 x86_64) (WARNING: The server did not provide any stacktrace information)
Command duration or timeout: 0 milliseconds
Build info: version: '3.7.1', revision: '8a0099a', time: '2017-11-06T21:07:36.161Z'
System info: host: 'BRAINPC', ip: '192.168.137.2', os.name: 'Windows 8.1', os.arch: 'amd64', os.version: '6.3', java.version: '1.8.0_102'
Driver info: com.kms.katalon.selenium.driver.CChromeDriver
Capabilities {acceptInsecureCerts: false, acceptSslCerts: false, applicationCacheEnabled: false, browserConnectionEnabled: false, browserName: chrome, chrome: {chromedriverVersion: 2.35.528161 (5b82f2d2aae0ca..., userDataDir: C:\Users\user\AppData\Local...}, cssSelectorsEnabled: true, databaseEnabled: false, handlesAlerts: true, hasTouchScreen: false, javascriptEnabled: true, locationContextEnabled: true, mobileEmulationEnabled: false, nativeEvents: true, networkConnectionEnabled: false, pageLoadStrategy: normal, platform: XP, platformName: XP, rotatable: false, setWindowRect: true, takesHeapSnapshot: true, takesScreenshot: true, unexpectedAlertBehaviour: , unhandledPromptBehavior: , version: 65.0.3325.181, webStorageEnabled: true}
Session ID: 47f9e8b14e35fb536a431017059cdca8)]]></system-err>
   </testsuite>
</testsuites>
