<?xml version="1.0" encoding="UTF-8"?>
<testsuites name="Language_test_cases" time="373" tests="6" failures="5" errors="0">
   <testsuite name="Language_test_cases" tests="6" failures="5" errors="0" time="373" timestamp="2018-04-03 10:42:05" hostname="user - BrainPc" id="Test Suites/Language_test_cases">
      <properties>
         <property name="deviceName" value=""/>
         <property name="devicePlatform" value=""/>
         <property name="logFolder" value="C:\\Users\\user\\Katalon Studio\\Route_report_WEB\\Reports\\Language_test_cases\\20180403_103615"/>
         <property name="logFiles" value="C:\\Users\\user\\Katalon Studio\\Route_report_WEB\\Reports\\Language_test_cases\\20180403_103615\\execution0.log"/>
         <property name="attachments" value="C:\\Users\\user\\Katalon Studio\\Route_report_WEB\\Reports\\Language_test_cases\\20180403_103615\\1522741538811.png, C:\\Users\\user\\Katalon Studio\\Route_report_WEB\\Reports\\Language_test_cases\\20180403_103615\\1522741539362.png, C:\\Users\\user\\Katalon Studio\\Route_report_WEB\\Reports\\Language_test_cases\\20180403_103615\\1522741607002.png, C:\\Users\\user\\Katalon Studio\\Route_report_WEB\\Reports\\Language_test_cases\\20180403_103615\\1522741669113.png, C:\\Users\\user\\Katalon Studio\\Route_report_WEB\\Reports\\Language_test_cases\\20180403_103615\\1522741669606.png, C:\\Users\\user\\Katalon Studio\\Route_report_WEB\\Reports\\Language_test_cases\\20180403_103615\\1522741678158.png, C:\\Users\\user\\Katalon Studio\\Route_report_WEB\\Reports\\Language_test_cases\\20180403_103615\\1522741697282.png, C:\\Users\\user\\Katalon Studio\\Route_report_WEB\\Reports\\Language_test_cases\\20180403_103615\\1522741697765.png"/>
         <property name="hostName" value="user - BrainPc"/>
         <property name="os" value="Windows 8.1 64bit"/>
         <property name="katalonVersion" value="5.3.1.1"/>
         <property name="browser" value="Chrome 65.0.3325.181"/>
         <property name="hostAddress" value="192.168.137.2"/>
         <property name="sessionId" value="5c20c8f0410a2e60605ab31b7c349242"/>
         <property name="seleniumVersion" value="3.7.1"/>
         <property name="proxyInformation" value="ProxyInformation{proxyOption=NO_PROXY, proxyServerType=HTTP, password=, proxyServerAddress=, proxyServerPort=0}"/>
         <property name="platform" value="Windows 8.1"/>
      </properties>
      <testcase name="Test Cases/Language_test_cases/Language_Change_About_Us" classname="Test Cases/Language_test_cases/Language_Change_About_Us" status="PASSED">
         <system-out><![CDATA[2018-04-03 10:42:05 - [TEST_CASE][PASSED] - Test Cases/Language_test_cases/Language_Change_About_Us: Test Cases/Language_test_cases/Language_Change_About_Us

2018-04-03 10:42:05 - [TEST_STEP][PASSED] - openBrowser: Browser is opened with url: ''

2018-04-03 10:42:09 - [MESSAGE][PASSED] - Browser is opened with url: ''

2018-04-03 10:42:09 - [TEST_STEP][PASSED] - navigateToUrl: Navigate to 'https://www.route-report.com/' successfully

2018-04-03 10:42:12 - [MESSAGE][PASSED] - Navigate to 'https://www.route-report.com/' successfully

2018-04-03 10:42:12 - [TEST_STEP][PASSED] - maximizeWindow: Current window maximized

2018-04-03 10:42:13 - [MESSAGE][PASSED] - Current window maximized

2018-04-03 10:42:13 - [TEST_STEP][PASSED] - click: Object: 'Object Repository/Header-Footer/Header buttons/Header_Button_About us' is clicked on

2018-04-03 10:42:13 - [MESSAGE][PASSED] - Object: 'Object Repository/Header-Footer/Header buttons/Header_Button_About us' is clicked on

2018-04-03 10:42:13 - [TEST_STEP][PASSED] - waitForElementPresent: Object 'Object Repository/Header-Footer/Ver_Buttons/ver_JOIN US NOW' is present

2018-04-03 10:42:14 - [MESSAGE][PASSED] - Object 'Object Repository/Header-Footer/Ver_Buttons/ver_JOIN US NOW' is present

2018-04-03 10:42:14 - [TEST_STEP][PASSED] - click: Object: 'Object Repository/Header-Footer/Header buttons/Language_Button_DE' is clicked on

2018-04-03 10:42:14 - [MESSAGE][PASSED] - Object: 'Object Repository/Header-Footer/Header buttons/Language_Button_DE' is clicked on

2018-04-03 10:42:14 - [TEST_STEP][PASSED] - verifyElementText: Actual text and expected text of test object 'Object Repository/Header-Footer/Header buttons/Header_Button_About us' are matched.

2018-04-03 10:42:14 - [MESSAGE][PASSED] - Actual text and expected text of test object 'Object Repository/Header-Footer/Header buttons/Header_Button_About us' are matched.

2018-04-03 10:42:14 - [TEST_STEP][PASSED] - click: Object: 'Object Repository/Header-Footer/Header buttons/Language_Button_RU' is clicked on

2018-04-03 10:42:15 - [MESSAGE][PASSED] - Object: 'Object Repository/Header-Footer/Header buttons/Language_Button_RU' is clicked on

2018-04-03 10:42:15 - [TEST_STEP][PASSED] - waitForElementPresent: Object 'Object Repository/Header-Footer/Header buttons/Header_Button_Create a report' is not present after 2 second(s)

2018-04-03 10:42:17 - [MESSAGE][WARNING] - Object 'Object Repository/Header-Footer/Header buttons/Header_Button_Create a report' is not present after 2 second(s)

2018-04-03 10:42:17 - [TEST_STEP][PASSED] - verifyElementText: Actual text and expected text of test object 'Object Repository/Header-Footer/Header buttons/Header_Button_About us' are matched.

2018-04-03 10:42:17 - [MESSAGE][PASSED] - Actual text and expected text of test object 'Object Repository/Header-Footer/Header buttons/Header_Button_About us' are matched.

2018-04-03 10:42:17 - [TEST_STEP][PASSED] - click: Object: 'Object Repository/Header-Footer/Header buttons/Language_Button_FR' is clicked on

2018-04-03 10:42:18 - [MESSAGE][PASSED] - Object: 'Object Repository/Header-Footer/Header buttons/Language_Button_FR' is clicked on

2018-04-03 10:42:18 - [TEST_STEP][PASSED] - waitForElementPresent: Object 'Object Repository/Header-Footer/Header buttons/Header_Button_Create a report' is not present after 2 second(s)

2018-04-03 10:42:20 - [MESSAGE][WARNING] - Object 'Object Repository/Header-Footer/Header buttons/Header_Button_Create a report' is not present after 2 second(s)

2018-04-03 10:42:20 - [TEST_STEP][PASSED] - verifyElementText: Actual text and expected text of test object 'Object Repository/Header-Footer/Header buttons/Header_Button_About us' are matched.

2018-04-03 10:42:20 - [MESSAGE][PASSED] - Actual text and expected text of test object 'Object Repository/Header-Footer/Header buttons/Header_Button_About us' are matched.

2018-04-03 10:42:20 - [TEST_STEP][PASSED] - click: Object: 'Object Repository/Header-Footer/Header buttons/Language_Button_ES' is clicked on

2018-04-03 10:42:20 - [MESSAGE][PASSED] - Object: 'Object Repository/Header-Footer/Header buttons/Language_Button_ES' is clicked on

2018-04-03 10:42:20 - [TEST_STEP][PASSED] - waitForElementPresent: Object 'Object Repository/Header-Footer/Header buttons/Header_Button_Create a report' is not present after 2 second(s)

2018-04-03 10:42:22 - [MESSAGE][WARNING] - Object 'Object Repository/Header-Footer/Header buttons/Header_Button_Create a report' is not present after 2 second(s)

2018-04-03 10:42:22 - [TEST_STEP][PASSED] - verifyElementText: Actual text and expected text of test object 'Object Repository/Header-Footer/Header buttons/Header_Button_About us' are matched.

2018-04-03 10:42:23 - [MESSAGE][PASSED] - Actual text and expected text of test object 'Object Repository/Header-Footer/Header buttons/Header_Button_About us' are matched.

2018-04-03 10:42:23 - [TEST_STEP][PASSED] - click: Object: 'Object Repository/Header-Footer/Header buttons/Language_Button_IT' is clicked on

2018-04-03 10:42:23 - [MESSAGE][PASSED] - Object: 'Object Repository/Header-Footer/Header buttons/Language_Button_IT' is clicked on

2018-04-03 10:42:23 - [TEST_STEP][PASSED] - waitForElementPresent: Object 'Object Repository/Header-Footer/Header buttons/Header_Button_Create a report' is not present after 2 second(s)

2018-04-03 10:42:25 - [MESSAGE][WARNING] - Object 'Object Repository/Header-Footer/Header buttons/Header_Button_Create a report' is not present after 2 second(s)

2018-04-03 10:42:25 - [TEST_STEP][PASSED] - verifyElementText: Actual text and expected text of test object 'Object Repository/Header-Footer/Header buttons/Header_Button_About us' are matched.

2018-04-03 10:42:25 - [MESSAGE][PASSED] - Actual text and expected text of test object 'Object Repository/Header-Footer/Header buttons/Header_Button_About us' are matched.

2018-04-03 10:42:25 - [TEST_STEP][PASSED] - click: Object: 'Object Repository/Header-Footer/Header buttons/Language_Button_PL' is clicked on

2018-04-03 10:42:26 - [MESSAGE][PASSED] - Object: 'Object Repository/Header-Footer/Header buttons/Language_Button_PL' is clicked on

2018-04-03 10:42:26 - [TEST_STEP][PASSED] - waitForElementPresent: Object 'Object Repository/Header-Footer/Header buttons/Header_Button_Create a report' is not present after 2 second(s)

2018-04-03 10:42:28 - [MESSAGE][WARNING] - Object 'Object Repository/Header-Footer/Header buttons/Header_Button_Create a report' is not present after 2 second(s)

2018-04-03 10:42:28 - [TEST_STEP][PASSED] - verifyElementText: Actual text and expected text of test object 'Object Repository/Header-Footer/Header buttons/Header_Button_About us' are matched.

2018-04-03 10:42:28 - [MESSAGE][PASSED] - Actual text and expected text of test object 'Object Repository/Header-Footer/Header buttons/Header_Button_About us' are matched.

2018-04-03 10:42:28 - [TEST_STEP][PASSED] - click: Object: 'Object Repository/Header-Footer/Header buttons/Language_Button_EN' is clicked on

2018-04-03 10:42:29 - [MESSAGE][PASSED] - Object: 'Object Repository/Header-Footer/Header buttons/Language_Button_EN' is clicked on

2018-04-03 10:42:29 - [TEST_STEP][PASSED] - waitForElementPresent: Object 'Object Repository/Header-Footer/Header buttons/Header_Button_Create a report' is present

2018-04-03 10:42:29 - [MESSAGE][PASSED] - Object 'Object Repository/Header-Footer/Header buttons/Header_Button_Create a report' is present

2018-04-03 10:42:29 - [TEST_STEP][PASSED] - verifyElementText: Actual text and expected text of test object 'Object Repository/Header-Footer/Header buttons/Header_Button_About us' are matched.

2018-04-03 10:42:29 - [MESSAGE][PASSED] - Actual text and expected text of test object 'Object Repository/Header-Footer/Header buttons/Header_Button_About us' are matched.

2018-04-03 10:42:29 - [TEST_STEP][PASSED] - closeBrowser: Browser is closed

2018-04-03 10:42:30 - [MESSAGE][PASSED] - Browser is closed]]></system-out>
         <system-err><![CDATA[]]></system-err>
      </testcase>
      <testcase name="Test Cases/Language_test_cases/Language_Change_Authors" classname="Test Cases/Language_test_cases/Language_Change_Authors" status="PASSED">
         <system-out><![CDATA[2018-04-03 10:42:30 - [TEST_CASE][PASSED] - Test Cases/Language_test_cases/Language_Change_Authors: Test Cases/Language_test_cases/Language_Change_Authors

2018-04-03 10:42:30 - [TEST_STEP][PASSED] - openBrowser: Browser is opened with url: ''

2018-04-03 10:42:32 - [MESSAGE][PASSED] - Browser is opened with url: ''

2018-04-03 10:42:32 - [TEST_STEP][PASSED] - navigateToUrl: Navigate to 'https://www.route-report.com/' successfully

2018-04-03 10:42:35 - [MESSAGE][PASSED] - Navigate to 'https://www.route-report.com/' successfully

2018-04-03 10:42:35 - [TEST_STEP][PASSED] - maximizeWindow: Current window maximized

2018-04-03 10:42:36 - [MESSAGE][PASSED] - Current window maximized

2018-04-03 10:42:36 - [TEST_STEP][PASSED] - click: Object: 'Object Repository/Header-Footer/Header buttons/Header_Button__Authors' is clicked on

2018-04-03 10:42:38 - [MESSAGE][PASSED] - Object: 'Object Repository/Header-Footer/Header buttons/Header_Button__Authors' is clicked on

2018-04-03 10:42:38 - [TEST_STEP][PASSED] - waitForElementPresent: Object 'Object Repository/Header-Footer/Ver_Buttons/ver_block_TOP AUTHORS' is present

2018-04-03 10:42:38 - [MESSAGE][PASSED] - Object 'Object Repository/Header-Footer/Ver_Buttons/ver_block_TOP AUTHORS' is present

2018-04-03 10:42:38 - [TEST_STEP][PASSED] - delay: Delayed 4 second(s)

2018-04-03 10:42:42 - [MESSAGE][PASSED] - Delayed 4 second(s)

2018-04-03 10:42:42 - [TEST_STEP][PASSED] - click: Object: 'Object Repository/Header-Footer/Header buttons/Language_Button_DE' is clicked on

2018-04-03 10:42:52 - [MESSAGE][PASSED] - Object: 'Object Repository/Header-Footer/Header buttons/Language_Button_DE' is clicked on

2018-04-03 10:42:52 - [TEST_STEP][PASSED] - waitForElementPresent: Object 'Object Repository/Header-Footer/Header buttons/Header_Button_Create a report' is not present after 2 second(s)

2018-04-03 10:42:54 - [MESSAGE][WARNING] - Object 'Object Repository/Header-Footer/Header buttons/Header_Button_Create a report' is not present after 2 second(s)

2018-04-03 10:42:54 - [TEST_STEP][PASSED] - verifyElementText: Actual text and expected text of test object 'Object Repository/Header-Footer/Header buttons/Header_Button_About us' are matched.

2018-04-03 10:42:54 - [MESSAGE][PASSED] - Actual text and expected text of test object 'Object Repository/Header-Footer/Header buttons/Header_Button_About us' are matched.

2018-04-03 10:42:54 - [TEST_STEP][PASSED] - click: Object: 'Object Repository/Header-Footer/Header buttons/Language_Button_RU' is clicked on

2018-04-03 10:43:02 - [MESSAGE][PASSED] - Object: 'Object Repository/Header-Footer/Header buttons/Language_Button_RU' is clicked on

2018-04-03 10:43:02 - [TEST_STEP][PASSED] - waitForElementPresent: Object 'Object Repository/Header-Footer/Header buttons/Header_Button_Create a report' is not present after 2 second(s)

2018-04-03 10:43:04 - [MESSAGE][WARNING] - Object 'Object Repository/Header-Footer/Header buttons/Header_Button_Create a report' is not present after 2 second(s)

2018-04-03 10:43:04 - [TEST_STEP][PASSED] - verifyElementText: Actual text and expected text of test object 'Object Repository/Header-Footer/Header buttons/Header_Button_About us' are matched.

2018-04-03 10:43:04 - [MESSAGE][PASSED] - Actual text and expected text of test object 'Object Repository/Header-Footer/Header buttons/Header_Button_About us' are matched.

2018-04-03 10:43:04 - [TEST_STEP][PASSED] - click: Object: 'Object Repository/Header-Footer/Header buttons/Language_Button_FR' is clicked on

2018-04-03 10:43:14 - [MESSAGE][PASSED] - Object: 'Object Repository/Header-Footer/Header buttons/Language_Button_FR' is clicked on

2018-04-03 10:43:14 - [TEST_STEP][PASSED] - waitForElementPresent: Object 'Object Repository/Header-Footer/Header buttons/Header_Button_Create a report' is not present after 3 second(s)

2018-04-03 10:43:17 - [MESSAGE][WARNING] - Object 'Object Repository/Header-Footer/Header buttons/Header_Button_Create a report' is not present after 3 second(s)

2018-04-03 10:43:17 - [TEST_STEP][PASSED] - verifyElementText: Actual text and expected text of test object 'Object Repository/Header-Footer/Header buttons/Header_Button_About us' are matched.

2018-04-03 10:43:17 - [MESSAGE][PASSED] - Actual text and expected text of test object 'Object Repository/Header-Footer/Header buttons/Header_Button_About us' are matched.

2018-04-03 10:43:17 - [TEST_STEP][PASSED] - click: Object: 'Object Repository/Header-Footer/Header buttons/Language_Button_ES' is clicked on

2018-04-03 10:43:25 - [MESSAGE][PASSED] - Object: 'Object Repository/Header-Footer/Header buttons/Language_Button_ES' is clicked on

2018-04-03 10:43:25 - [TEST_STEP][PASSED] - waitForElementPresent: Object 'Object Repository/Header-Footer/Header buttons/Header_Button_Create a report' is not present after 3 second(s)

2018-04-03 10:43:29 - [MESSAGE][WARNING] - Object 'Object Repository/Header-Footer/Header buttons/Header_Button_Create a report' is not present after 3 second(s)

2018-04-03 10:43:29 - [TEST_STEP][PASSED] - verifyElementText: Actual text and expected text of test object 'Object Repository/Header-Footer/Header buttons/Header_Button_About us' are matched.

2018-04-03 10:43:29 - [MESSAGE][PASSED] - Actual text and expected text of test object 'Object Repository/Header-Footer/Header buttons/Header_Button_About us' are matched.

2018-04-03 10:43:29 - [TEST_STEP][PASSED] - click: Object: 'Object Repository/Header-Footer/Header buttons/Language_Button_IT' is clicked on

2018-04-03 10:43:37 - [MESSAGE][PASSED] - Object: 'Object Repository/Header-Footer/Header buttons/Language_Button_IT' is clicked on

2018-04-03 10:43:37 - [TEST_STEP][PASSED] - waitForElementPresent: Object 'Object Repository/Header-Footer/Header buttons/Header_Button_Create a report' is not present after 2 second(s)

2018-04-03 10:43:39 - [MESSAGE][WARNING] - Object 'Object Repository/Header-Footer/Header buttons/Header_Button_Create a report' is not present after 2 second(s)

2018-04-03 10:43:39 - [TEST_STEP][PASSED] - verifyElementText: Actual text and expected text of test object 'Object Repository/Header-Footer/Header buttons/Header_Button_About us' are matched.

2018-04-03 10:43:39 - [MESSAGE][PASSED] - Actual text and expected text of test object 'Object Repository/Header-Footer/Header buttons/Header_Button_About us' are matched.

2018-04-03 10:43:39 - [TEST_STEP][PASSED] - click: Object: 'Object Repository/Header-Footer/Header buttons/Language_Button_PL' is clicked on

2018-04-03 10:43:48 - [MESSAGE][PASSED] - Object: 'Object Repository/Header-Footer/Header buttons/Language_Button_PL' is clicked on

2018-04-03 10:43:48 - [TEST_STEP][PASSED] - waitForElementPresent: Object 'Object Repository/Header-Footer/Header buttons/Header_Button_Create a report' is not present after 2 second(s)

2018-04-03 10:43:50 - [MESSAGE][WARNING] - Object 'Object Repository/Header-Footer/Header buttons/Header_Button_Create a report' is not present after 2 second(s)

2018-04-03 10:43:50 - [TEST_STEP][PASSED] - verifyElementText: Actual text and expected text of test object 'Object Repository/Header-Footer/Header buttons/Header_Button_About us' are matched.

2018-04-03 10:43:50 - [MESSAGE][PASSED] - Actual text and expected text of test object 'Object Repository/Header-Footer/Header buttons/Header_Button_About us' are matched.

2018-04-03 10:43:50 - [TEST_STEP][PASSED] - click: Object: 'Object Repository/Header-Footer/Header buttons/Language_Button_EN' is clicked on

2018-04-03 10:43:58 - [MESSAGE][PASSED] - Object: 'Object Repository/Header-Footer/Header buttons/Language_Button_EN' is clicked on

2018-04-03 10:43:58 - [TEST_STEP][PASSED] - waitForElementPresent: Object 'Object Repository/Header-Footer/Header buttons/Header_Button_Create a report' is present

2018-04-03 10:43:58 - [MESSAGE][PASSED] - Object 'Object Repository/Header-Footer/Header buttons/Header_Button_Create a report' is present

2018-04-03 10:43:58 - [TEST_STEP][PASSED] - verifyElementText: Actual text and expected text of test object 'Object Repository/Header-Footer/Header buttons/Header_Button_About us' are matched.

2018-04-03 10:43:58 - [MESSAGE][PASSED] - Actual text and expected text of test object 'Object Repository/Header-Footer/Header buttons/Header_Button_About us' are matched.

2018-04-03 10:43:58 - [TEST_STEP][PASSED] - closeBrowser: Browser is closed

2018-04-03 10:43:59 - [MESSAGE][PASSED] - Browser is closed]]></system-out>
         <system-err><![CDATA[]]></system-err>
      </testcase>
      <testcase name="Test Cases/Language_test_cases/Language_Change_Contacts_Us" classname="Test Cases/Language_test_cases/Language_Change_Contacts_Us" status="PASSED">
         <system-out><![CDATA[2018-04-03 10:43:59 - [TEST_CASE][PASSED] - Test Cases/Language_test_cases/Language_Change_Contacts_Us: Test Cases/Language_test_cases/Language_Change_Contacts_Us

2018-04-03 10:43:59 - [TEST_STEP][PASSED] - openBrowser: Browser is opened with url: ''

2018-04-03 10:44:01 - [MESSAGE][PASSED] - Browser is opened with url: ''

2018-04-03 10:44:01 - [TEST_STEP][PASSED] - navigateToUrl: Navigate to 'https://www.route-report.com/' successfully

2018-04-03 10:44:04 - [MESSAGE][PASSED] - Navigate to 'https://www.route-report.com/' successfully

2018-04-03 10:44:04 - [TEST_STEP][PASSED] - maximizeWindow: Current window maximized

2018-04-03 10:44:05 - [MESSAGE][PASSED] - Current window maximized

2018-04-03 10:44:05 - [TEST_STEP][PASSED] - click: Object: 'Object Repository/Header-Footer/Header buttons/Header_Button_Contact us' is clicked on

2018-04-03 10:44:06 - [MESSAGE][PASSED] - Object: 'Object Repository/Header-Footer/Header buttons/Header_Button_Contact us' is clicked on

2018-04-03 10:44:06 - [TEST_STEP][PASSED] - waitForElementPresent: Object 'Object Repository/Header-Footer/Ver_Buttons/ver_Contact form' is present

2018-04-03 10:44:06 - [MESSAGE][PASSED] - Object 'Object Repository/Header-Footer/Ver_Buttons/ver_Contact form' is present

2018-04-03 10:44:06 - [TEST_STEP][PASSED] - click: Object: 'Object Repository/Header-Footer/Header buttons/Language_Button_DE' is clicked on

2018-04-03 10:44:07 - [MESSAGE][PASSED] - Object: 'Object Repository/Header-Footer/Header buttons/Language_Button_DE' is clicked on

2018-04-03 10:44:07 - [TEST_STEP][PASSED] - waitForElementPresent: Object 'Object Repository/Header-Footer/Header buttons/Header_Button_Create a report' is not present after 2 second(s)

2018-04-03 10:44:09 - [MESSAGE][WARNING] - Object 'Object Repository/Header-Footer/Header buttons/Header_Button_Create a report' is not present after 2 second(s)

2018-04-03 10:44:09 - [TEST_STEP][PASSED] - verifyElementText: Actual text and expected text of test object 'Object Repository/Header-Footer/Header buttons/Header_Button_About us' are matched.

2018-04-03 10:44:09 - [MESSAGE][PASSED] - Actual text and expected text of test object 'Object Repository/Header-Footer/Header buttons/Header_Button_About us' are matched.

2018-04-03 10:44:09 - [TEST_STEP][PASSED] - click: Object: 'Object Repository/Header-Footer/Header buttons/Language_Button_RU' is clicked on

2018-04-03 10:44:09 - [MESSAGE][PASSED] - Object: 'Object Repository/Header-Footer/Header buttons/Language_Button_RU' is clicked on

2018-04-03 10:44:09 - [TEST_STEP][PASSED] - waitForElementPresent: Object 'Object Repository/Header-Footer/Header buttons/Header_Button_Create a report' is not present after 2 second(s)

2018-04-03 10:44:12 - [MESSAGE][WARNING] - Object 'Object Repository/Header-Footer/Header buttons/Header_Button_Create a report' is not present after 2 second(s)

2018-04-03 10:44:12 - [TEST_STEP][PASSED] - verifyElementText: Actual text and expected text of test object 'Object Repository/Header-Footer/Header buttons/Header_Button_About us' are matched.

2018-04-03 10:44:12 - [MESSAGE][PASSED] - Actual text and expected text of test object 'Object Repository/Header-Footer/Header buttons/Header_Button_About us' are matched.

2018-04-03 10:44:12 - [TEST_STEP][PASSED] - click: Object: 'Object Repository/Header-Footer/Header buttons/Language_Button_FR' is clicked on

2018-04-03 10:44:12 - [MESSAGE][PASSED] - Object: 'Object Repository/Header-Footer/Header buttons/Language_Button_FR' is clicked on

2018-04-03 10:44:12 - [TEST_STEP][PASSED] - waitForElementPresent: Object 'Object Repository/Header-Footer/Header buttons/Header_Button_Create a report' is not present after 2 second(s)

2018-04-03 10:44:14 - [MESSAGE][WARNING] - Object 'Object Repository/Header-Footer/Header buttons/Header_Button_Create a report' is not present after 2 second(s)

2018-04-03 10:44:14 - [TEST_STEP][PASSED] - verifyElementText: Actual text and expected text of test object 'Object Repository/Header-Footer/Header buttons/Header_Button_About us' are matched.

2018-04-03 10:44:14 - [MESSAGE][PASSED] - Actual text and expected text of test object 'Object Repository/Header-Footer/Header buttons/Header_Button_About us' are matched.

2018-04-03 10:44:14 - [TEST_STEP][PASSED] - click: Object: 'Object Repository/Header-Footer/Header buttons/Language_Button_ES' is clicked on

2018-04-03 10:44:15 - [MESSAGE][PASSED] - Object: 'Object Repository/Header-Footer/Header buttons/Language_Button_ES' is clicked on

2018-04-03 10:44:15 - [TEST_STEP][PASSED] - waitForElementPresent: Object 'Object Repository/Header-Footer/Header buttons/Header_Button_Create a report' is not present after 2 second(s)

2018-04-03 10:44:17 - [MESSAGE][WARNING] - Object 'Object Repository/Header-Footer/Header buttons/Header_Button_Create a report' is not present after 2 second(s)

2018-04-03 10:44:17 - [TEST_STEP][PASSED] - verifyElementText: Actual text and expected text of test object 'Object Repository/Header-Footer/Header buttons/Header_Button_About us' are matched.

2018-04-03 10:44:17 - [MESSAGE][PASSED] - Actual text and expected text of test object 'Object Repository/Header-Footer/Header buttons/Header_Button_About us' are matched.

2018-04-03 10:44:17 - [TEST_STEP][PASSED] - click: Object: 'Object Repository/Header-Footer/Header buttons/Language_Button_IT' is clicked on

2018-04-03 10:44:18 - [MESSAGE][PASSED] - Object: 'Object Repository/Header-Footer/Header buttons/Language_Button_IT' is clicked on

2018-04-03 10:44:18 - [TEST_STEP][PASSED] - waitForElementPresent: Object 'Object Repository/Header-Footer/Header buttons/Header_Button_Create a report' is not present after 2 second(s)

2018-04-03 10:44:20 - [MESSAGE][WARNING] - Object 'Object Repository/Header-Footer/Header buttons/Header_Button_Create a report' is not present after 2 second(s)

2018-04-03 10:44:20 - [TEST_STEP][PASSED] - verifyElementText: Actual text and expected text of test object 'Object Repository/Header-Footer/Header buttons/Header_Button_About us' are matched.

2018-04-03 10:44:20 - [MESSAGE][PASSED] - Actual text and expected text of test object 'Object Repository/Header-Footer/Header buttons/Header_Button_About us' are matched.

2018-04-03 10:44:20 - [TEST_STEP][PASSED] - click: Object: 'Object Repository/Header-Footer/Header buttons/Language_Button_PL' is clicked on

2018-04-03 10:44:21 - [MESSAGE][PASSED] - Object: 'Object Repository/Header-Footer/Header buttons/Language_Button_PL' is clicked on

2018-04-03 10:44:21 - [TEST_STEP][PASSED] - waitForElementPresent: Object 'Object Repository/Header-Footer/Header buttons/Header_Button_Create a report' is not present after 2 second(s)

2018-04-03 10:44:23 - [MESSAGE][WARNING] - Object 'Object Repository/Header-Footer/Header buttons/Header_Button_Create a report' is not present after 2 second(s)

2018-04-03 10:44:23 - [TEST_STEP][PASSED] - verifyElementText: Actual text and expected text of test object 'Object Repository/Header-Footer/Header buttons/Header_Button_About us' are matched.

2018-04-03 10:44:23 - [MESSAGE][PASSED] - Actual text and expected text of test object 'Object Repository/Header-Footer/Header buttons/Header_Button_About us' are matched.

2018-04-03 10:44:23 - [TEST_STEP][PASSED] - click: Object: 'Object Repository/Header-Footer/Header buttons/Language_Button_EN' is clicked on

2018-04-03 10:44:24 - [MESSAGE][PASSED] - Object: 'Object Repository/Header-Footer/Header buttons/Language_Button_EN' is clicked on

2018-04-03 10:44:24 - [TEST_STEP][PASSED] - waitForElementPresent: Object 'Object Repository/Header-Footer/Header buttons/Header_Button_Create a report' is present

2018-04-03 10:44:24 - [MESSAGE][PASSED] - Object 'Object Repository/Header-Footer/Header buttons/Header_Button_Create a report' is present

2018-04-03 10:44:24 - [TEST_STEP][PASSED] - verifyElementText: Actual text and expected text of test object 'Object Repository/Header-Footer/Header buttons/Header_Button_About us' are matched.

2018-04-03 10:44:24 - [MESSAGE][PASSED] - Actual text and expected text of test object 'Object Repository/Header-Footer/Header buttons/Header_Button_About us' are matched.

2018-04-03 10:44:24 - [TEST_STEP][PASSED] - closeBrowser: Browser is closed

2018-04-03 10:44:25 - [MESSAGE][PASSED] - Browser is closed]]></system-out>
         <system-err><![CDATA[]]></system-err>
      </testcase>
      <testcase name="Test Cases/Language_test_cases/Language_Change_FAQ" classname="Test Cases/Language_test_cases/Language_Change_FAQ" status="PASSED">
         <system-out><![CDATA[2018-04-03 10:44:25 - [TEST_CASE][PASSED] - Test Cases/Language_test_cases/Language_Change_FAQ: Test Cases/Language_test_cases/Language_Change_FAQ

2018-04-03 10:44:25 - [TEST_STEP][PASSED] - openBrowser: Browser is opened with url: ''

2018-04-03 10:44:27 - [MESSAGE][PASSED] - Browser is opened with url: ''

2018-04-03 10:44:27 - [TEST_STEP][PASSED] - navigateToUrl: Navigate to 'https://www.route-report.com/' successfully

2018-04-03 10:44:32 - [MESSAGE][PASSED] - Navigate to 'https://www.route-report.com/' successfully

2018-04-03 10:44:32 - [TEST_STEP][PASSED] - maximizeWindow: Current window maximized

2018-04-03 10:44:33 - [MESSAGE][PASSED] - Current window maximized

2018-04-03 10:44:33 - [TEST_STEP][PASSED] - click: Object: 'Object Repository/Header-Footer/Header buttons/Header_Button_FAQ' is clicked on

2018-04-03 10:44:34 - [MESSAGE][PASSED] - Object: 'Object Repository/Header-Footer/Header buttons/Header_Button_FAQ' is clicked on

2018-04-03 10:44:34 - [TEST_STEP][PASSED] - waitForElementPresent: Object 'Object Repository/Header-Footer/Ver_Buttons/ver_FAQ' is present

2018-04-03 10:44:34 - [MESSAGE][PASSED] - Object 'Object Repository/Header-Footer/Ver_Buttons/ver_FAQ' is present

2018-04-03 10:44:34 - [TEST_STEP][PASSED] - click: Object: 'Object Repository/Header-Footer/Header buttons/Language_Button_DE' is clicked on

2018-04-03 10:44:34 - [MESSAGE][PASSED] - Object: 'Object Repository/Header-Footer/Header buttons/Language_Button_DE' is clicked on

2018-04-03 10:44:34 - [TEST_STEP][PASSED] - waitForElementPresent: Object 'Object Repository/Header-Footer/Header buttons/Header_Button_Create a report' is not present after 2 second(s)

2018-04-03 10:44:36 - [MESSAGE][WARNING] - Object 'Object Repository/Header-Footer/Header buttons/Header_Button_Create a report' is not present after 2 second(s)

2018-04-03 10:44:36 - [TEST_STEP][PASSED] - verifyElementText: Actual text and expected text of test object 'Object Repository/Header-Footer/Header buttons/Header_Button_About us' are matched.

2018-04-03 10:44:36 - [MESSAGE][PASSED] - Actual text and expected text of test object 'Object Repository/Header-Footer/Header buttons/Header_Button_About us' are matched.

2018-04-03 10:44:36 - [TEST_STEP][PASSED] - click: Object: 'Object Repository/Header-Footer/Header buttons/Language_Button_RU' is clicked on

2018-04-03 10:44:37 - [MESSAGE][PASSED] - Object: 'Object Repository/Header-Footer/Header buttons/Language_Button_RU' is clicked on

2018-04-03 10:44:37 - [TEST_STEP][PASSED] - waitForElementPresent: Object 'Object Repository/Header-Footer/Header buttons/Header_Button_Create a report' is not present after 2 second(s)

2018-04-03 10:44:39 - [MESSAGE][WARNING] - Object 'Object Repository/Header-Footer/Header buttons/Header_Button_Create a report' is not present after 2 second(s)

2018-04-03 10:44:39 - [TEST_STEP][PASSED] - verifyElementText: Actual text and expected text of test object 'Object Repository/Header-Footer/Header buttons/Header_Button_About us' are matched.

2018-04-03 10:44:39 - [MESSAGE][PASSED] - Actual text and expected text of test object 'Object Repository/Header-Footer/Header buttons/Header_Button_About us' are matched.

2018-04-03 10:44:39 - [TEST_STEP][PASSED] - click: Object: 'Object Repository/Header-Footer/Header buttons/Language_Button_FR' is clicked on

2018-04-03 10:44:40 - [MESSAGE][PASSED] - Object: 'Object Repository/Header-Footer/Header buttons/Language_Button_FR' is clicked on

2018-04-03 10:44:40 - [TEST_STEP][PASSED] - waitForElementPresent: Object 'Object Repository/Header-Footer/Header buttons/Header_Button_Create a report' is not present after 2 second(s)

2018-04-03 10:44:42 - [MESSAGE][WARNING] - Object 'Object Repository/Header-Footer/Header buttons/Header_Button_Create a report' is not present after 2 second(s)

2018-04-03 10:44:42 - [TEST_STEP][PASSED] - verifyElementText: Actual text and expected text of test object 'Object Repository/Header-Footer/Header buttons/Header_Button_About us' are matched.

2018-04-03 10:44:42 - [MESSAGE][PASSED] - Actual text and expected text of test object 'Object Repository/Header-Footer/Header buttons/Header_Button_About us' are matched.

2018-04-03 10:44:42 - [TEST_STEP][PASSED] - click: Object: 'Object Repository/Header-Footer/Header buttons/Language_Button_ES' is clicked on

2018-04-03 10:44:43 - [MESSAGE][PASSED] - Object: 'Object Repository/Header-Footer/Header buttons/Language_Button_ES' is clicked on

2018-04-03 10:44:43 - [TEST_STEP][PASSED] - waitForElementPresent: Object 'Object Repository/Header-Footer/Header buttons/Header_Button_Create a report' is not present after 2 second(s)

2018-04-03 10:44:45 - [MESSAGE][WARNING] - Object 'Object Repository/Header-Footer/Header buttons/Header_Button_Create a report' is not present after 2 second(s)

2018-04-03 10:44:45 - [TEST_STEP][PASSED] - verifyElementText: Actual text and expected text of test object 'Object Repository/Header-Footer/Header buttons/Header_Button_About us' are matched.

2018-04-03 10:44:45 - [MESSAGE][PASSED] - Actual text and expected text of test object 'Object Repository/Header-Footer/Header buttons/Header_Button_About us' are matched.

2018-04-03 10:44:45 - [TEST_STEP][PASSED] - click: Object: 'Object Repository/Header-Footer/Header buttons/Language_Button_IT' is clicked on

2018-04-03 10:44:46 - [MESSAGE][PASSED] - Object: 'Object Repository/Header-Footer/Header buttons/Language_Button_IT' is clicked on

2018-04-03 10:44:46 - [TEST_STEP][PASSED] - waitForElementPresent: Object 'Object Repository/Header-Footer/Header buttons/Header_Button_Create a report' is not present after 2 second(s)

2018-04-03 10:44:48 - [MESSAGE][WARNING] - Object 'Object Repository/Header-Footer/Header buttons/Header_Button_Create a report' is not present after 2 second(s)

2018-04-03 10:44:48 - [TEST_STEP][PASSED] - verifyElementText: Actual text and expected text of test object 'Object Repository/Header-Footer/Header buttons/Header_Button_About us' are matched.

2018-04-03 10:44:48 - [MESSAGE][PASSED] - Actual text and expected text of test object 'Object Repository/Header-Footer/Header buttons/Header_Button_About us' are matched.

2018-04-03 10:44:48 - [TEST_STEP][PASSED] - click: Object: 'Object Repository/Header-Footer/Header buttons/Language_Button_PL' is clicked on

2018-04-03 10:44:49 - [MESSAGE][PASSED] - Object: 'Object Repository/Header-Footer/Header buttons/Language_Button_PL' is clicked on

2018-04-03 10:44:49 - [TEST_STEP][PASSED] - waitForElementPresent: Object 'Object Repository/Header-Footer/Header buttons/Header_Button_Create a report' is not present after 2 second(s)

2018-04-03 10:44:51 - [MESSAGE][WARNING] - Object 'Object Repository/Header-Footer/Header buttons/Header_Button_Create a report' is not present after 2 second(s)

2018-04-03 10:44:51 - [TEST_STEP][PASSED] - verifyElementText: Actual text and expected text of test object 'Object Repository/Header-Footer/Header buttons/Header_Button_About us' are matched.

2018-04-03 10:44:51 - [MESSAGE][PASSED] - Actual text and expected text of test object 'Object Repository/Header-Footer/Header buttons/Header_Button_About us' are matched.

2018-04-03 10:44:51 - [TEST_STEP][PASSED] - click: Object: 'Object Repository/Header-Footer/Header buttons/Language_Button_EN' is clicked on

2018-04-03 10:44:52 - [MESSAGE][PASSED] - Object: 'Object Repository/Header-Footer/Header buttons/Language_Button_EN' is clicked on

2018-04-03 10:44:52 - [TEST_STEP][PASSED] - waitForElementPresent: Object 'Object Repository/Header-Footer/Header buttons/Header_Button_Create a report' is present

2018-04-03 10:44:52 - [MESSAGE][PASSED] - Object 'Object Repository/Header-Footer/Header buttons/Header_Button_Create a report' is present

2018-04-03 10:44:52 - [TEST_STEP][PASSED] - verifyElementText: Actual text and expected text of test object 'Object Repository/Header-Footer/Header buttons/Header_Button_About us' are matched.

2018-04-03 10:44:52 - [MESSAGE][PASSED] - Actual text and expected text of test object 'Object Repository/Header-Footer/Header buttons/Header_Button_About us' are matched.

2018-04-03 10:44:52 - [TEST_STEP][PASSED] - closeBrowser: Browser is closed

2018-04-03 10:44:53 - [MESSAGE][PASSED] - Browser is closed]]></system-out>
         <system-err><![CDATA[]]></system-err>
      </testcase>
      <testcase name="Test Cases/Language_test_cases/Language_Change_Manual" classname="Test Cases/Language_test_cases/Language_Change_Manual" status="PASSED">
         <system-out><![CDATA[2018-04-03 10:44:53 - [TEST_CASE][PASSED] - Test Cases/Language_test_cases/Language_Change_Manual: Test Cases/Language_test_cases/Language_Change_Manual

2018-04-03 10:44:53 - [TEST_STEP][PASSED] - openBrowser: Browser is opened with url: ''

2018-04-03 10:44:55 - [MESSAGE][PASSED] - Browser is opened with url: ''

2018-04-03 10:44:55 - [TEST_STEP][PASSED] - navigateToUrl: Navigate to 'https://www.route-report.com/' successfully

2018-04-03 10:44:59 - [MESSAGE][PASSED] - Navigate to 'https://www.route-report.com/' successfully

2018-04-03 10:44:59 - [TEST_STEP][PASSED] - maximizeWindow: Current window maximized

2018-04-03 10:45:00 - [MESSAGE][PASSED] - Current window maximized

2018-04-03 10:45:00 - [TEST_STEP][PASSED] - click: Object: 'Object Repository/Header-Footer/Header buttons/Header_Button_User Manual' is clicked on

2018-04-03 10:45:01 - [MESSAGE][PASSED] - Object: 'Object Repository/Header-Footer/Header buttons/Header_Button_User Manual' is clicked on

2018-04-03 10:45:01 - [TEST_STEP][PASSED] - waitForElementPresent: Object 'Object Repository/Header-Footer/Ver_Buttons/ver_Users Manual' is present

2018-04-03 10:45:01 - [MESSAGE][PASSED] - Object 'Object Repository/Header-Footer/Ver_Buttons/ver_Users Manual' is present

2018-04-03 10:45:01 - [TEST_STEP][PASSED] - click: Object: 'Object Repository/Header-Footer/Header buttons/Language_Button_DE' is clicked on

2018-04-03 10:45:02 - [MESSAGE][PASSED] - Object: 'Object Repository/Header-Footer/Header buttons/Language_Button_DE' is clicked on

2018-04-03 10:45:02 - [TEST_STEP][PASSED] - waitForElementPresent: Object 'Object Repository/Header-Footer/Header buttons/Header_Button_Create a report' is not present after 2 second(s)

2018-04-03 10:45:04 - [MESSAGE][WARNING] - Object 'Object Repository/Header-Footer/Header buttons/Header_Button_Create a report' is not present after 2 second(s)

2018-04-03 10:45:04 - [TEST_STEP][PASSED] - verifyElementText: Actual text and expected text of test object 'Object Repository/Header-Footer/Header buttons/Header_Button_About us' are matched.

2018-04-03 10:45:04 - [MESSAGE][PASSED] - Actual text and expected text of test object 'Object Repository/Header-Footer/Header buttons/Header_Button_About us' are matched.

2018-04-03 10:45:04 - [TEST_STEP][PASSED] - click: Object: 'Object Repository/Header-Footer/Header buttons/Language_Button_RU' is clicked on

2018-04-03 10:45:05 - [MESSAGE][PASSED] - Object: 'Object Repository/Header-Footer/Header buttons/Language_Button_RU' is clicked on

2018-04-03 10:45:05 - [TEST_STEP][PASSED] - waitForElementPresent: Object 'Object Repository/Header-Footer/Header buttons/Header_Button_Create a report' is not present after 2 second(s)

2018-04-03 10:45:07 - [MESSAGE][WARNING] - Object 'Object Repository/Header-Footer/Header buttons/Header_Button_Create a report' is not present after 2 second(s)

2018-04-03 10:45:07 - [TEST_STEP][PASSED] - verifyElementText: Actual text and expected text of test object 'Object Repository/Header-Footer/Header buttons/Header_Button_About us' are matched.

2018-04-03 10:45:07 - [MESSAGE][PASSED] - Actual text and expected text of test object 'Object Repository/Header-Footer/Header buttons/Header_Button_About us' are matched.

2018-04-03 10:45:07 - [TEST_STEP][PASSED] - click: Object: 'Object Repository/Header-Footer/Header buttons/Language_Button_FR' is clicked on

2018-04-03 10:45:08 - [MESSAGE][PASSED] - Object: 'Object Repository/Header-Footer/Header buttons/Language_Button_FR' is clicked on

2018-04-03 10:45:08 - [TEST_STEP][PASSED] - waitForElementPresent: Object 'Object Repository/Header-Footer/Header buttons/Header_Button_Create a report' is not present after 2 second(s)

2018-04-03 10:45:10 - [MESSAGE][WARNING] - Object 'Object Repository/Header-Footer/Header buttons/Header_Button_Create a report' is not present after 2 second(s)

2018-04-03 10:45:10 - [TEST_STEP][PASSED] - verifyElementText: Actual text and expected text of test object 'Object Repository/Header-Footer/Header buttons/Header_Button_About us' are matched.

2018-04-03 10:45:10 - [MESSAGE][PASSED] - Actual text and expected text of test object 'Object Repository/Header-Footer/Header buttons/Header_Button_About us' are matched.

2018-04-03 10:45:10 - [TEST_STEP][PASSED] - click: Object: 'Object Repository/Header-Footer/Header buttons/Language_Button_ES' is clicked on

2018-04-03 10:45:11 - [MESSAGE][PASSED] - Object: 'Object Repository/Header-Footer/Header buttons/Language_Button_ES' is clicked on

2018-04-03 10:45:11 - [TEST_STEP][PASSED] - waitForElementPresent: Object 'Object Repository/Header-Footer/Header buttons/Header_Button_Create a report' is not present after 2 second(s)

2018-04-03 10:45:13 - [MESSAGE][WARNING] - Object 'Object Repository/Header-Footer/Header buttons/Header_Button_Create a report' is not present after 2 second(s)

2018-04-03 10:45:13 - [TEST_STEP][PASSED] - verifyElementText: Actual text and expected text of test object 'Object Repository/Header-Footer/Header buttons/Header_Button_About us' are matched.

2018-04-03 10:45:13 - [MESSAGE][PASSED] - Actual text and expected text of test object 'Object Repository/Header-Footer/Header buttons/Header_Button_About us' are matched.

2018-04-03 10:45:13 - [TEST_STEP][PASSED] - click: Object: 'Object Repository/Header-Footer/Header buttons/Language_Button_IT' is clicked on

2018-04-03 10:45:14 - [MESSAGE][PASSED] - Object: 'Object Repository/Header-Footer/Header buttons/Language_Button_IT' is clicked on

2018-04-03 10:45:14 - [TEST_STEP][PASSED] - waitForElementPresent: Object 'Object Repository/Header-Footer/Header buttons/Header_Button_Create a report' is not present after 2 second(s)

2018-04-03 10:45:16 - [MESSAGE][WARNING] - Object 'Object Repository/Header-Footer/Header buttons/Header_Button_Create a report' is not present after 2 second(s)

2018-04-03 10:45:16 - [TEST_STEP][PASSED] - verifyElementText: Actual text and expected text of test object 'Object Repository/Header-Footer/Header buttons/Header_Button_About us' are matched.

2018-04-03 10:45:16 - [MESSAGE][PASSED] - Actual text and expected text of test object 'Object Repository/Header-Footer/Header buttons/Header_Button_About us' are matched.

2018-04-03 10:45:16 - [TEST_STEP][PASSED] - click: Object: 'Object Repository/Header-Footer/Header buttons/Language_Button_PL' is clicked on

2018-04-03 10:45:17 - [MESSAGE][PASSED] - Object: 'Object Repository/Header-Footer/Header buttons/Language_Button_PL' is clicked on

2018-04-03 10:45:17 - [TEST_STEP][PASSED] - waitForElementPresent: Object 'Object Repository/Header-Footer/Header buttons/Header_Button_Create a report' is not present after 2 second(s)

2018-04-03 10:45:19 - [MESSAGE][WARNING] - Object 'Object Repository/Header-Footer/Header buttons/Header_Button_Create a report' is not present after 2 second(s)

2018-04-03 10:45:19 - [TEST_STEP][PASSED] - verifyElementText: Actual text and expected text of test object 'Object Repository/Header-Footer/Header buttons/Header_Button_About us' are matched.

2018-04-03 10:45:19 - [MESSAGE][PASSED] - Actual text and expected text of test object 'Object Repository/Header-Footer/Header buttons/Header_Button_About us' are matched.

2018-04-03 10:45:19 - [TEST_STEP][PASSED] - click: Object: 'Object Repository/Header-Footer/Header buttons/Language_Button_EN' is clicked on

2018-04-03 10:45:20 - [MESSAGE][PASSED] - Object: 'Object Repository/Header-Footer/Header buttons/Language_Button_EN' is clicked on

2018-04-03 10:45:20 - [TEST_STEP][PASSED] - waitForElementPresent: Object 'Object Repository/Header-Footer/Header buttons/Header_Button_Create a report' is present

2018-04-03 10:45:20 - [MESSAGE][PASSED] - Object 'Object Repository/Header-Footer/Header buttons/Header_Button_Create a report' is present

2018-04-03 10:45:20 - [TEST_STEP][PASSED] - verifyElementText: Actual text and expected text of test object 'Object Repository/Header-Footer/Header buttons/Header_Button_About us' are matched.

2018-04-03 10:45:20 - [MESSAGE][PASSED] - Actual text and expected text of test object 'Object Repository/Header-Footer/Header buttons/Header_Button_About us' are matched.

2018-04-03 10:45:20 - [TEST_STEP][PASSED] - closeBrowser: Browser is closed

2018-04-03 10:45:20 - [MESSAGE][PASSED] - Browser is closed]]></system-out>
         <system-err><![CDATA[]]></system-err>
      </testcase>
      <testcase name="Test Cases/Language_test_cases/Language_Change_News" classname="Test Cases/Language_test_cases/Language_Change_News" status="FAILED">
         <failure type="FAILED" message="Verify element text of test object 'Object Repository/Header-Footer/Header buttons/Header_Button_About us' FAILED. (Root cause: Actual text 'О ПРОЕКТЕ' and expected text 'À PROPOS DE NOUS' of test object 'Object Repository/Header-Footer/Header buttons/Header_Button_About us' are NOT matched.)"/>
         <system-out><![CDATA[2018-04-03 10:45:20 - [TEST_CASE][FAILED] - Test Cases/Language_test_cases/Language_Change_News: Test Cases/Language_test_cases/Language_Change_News FAILED because (of) Verify element text of test object 'Object Repository/Header-Footer/Header buttons/Header_Button_About us' FAILED. (Root cause: Actual text 'О ПРОЕКТЕ' and expected text 'À PROPOS DE NOUS' of test object 'Object Repository/Header-Footer/Header buttons/Header_Button_About us' are NOT matched.)

2018-04-03 10:45:20 - [TEST_STEP][PASSED] - openBrowser: Browser is opened with url: ''

2018-04-03 10:45:22 - [MESSAGE][PASSED] - Browser is opened with url: ''

2018-04-03 10:45:22 - [TEST_STEP][PASSED] - navigateToUrl: Navigate to 'https://www.route-report.com/' successfully

2018-04-03 10:45:25 - [MESSAGE][PASSED] - Navigate to 'https://www.route-report.com/' successfully

2018-04-03 10:45:25 - [TEST_STEP][PASSED] - maximizeWindow: Current window maximized

2018-04-03 10:45:27 - [MESSAGE][PASSED] - Current window maximized

2018-04-03 10:45:27 - [TEST_STEP][PASSED] - click: Object: 'Object Repository/Header-Footer/Header buttons/Header_Button_NewsOffers' is clicked on

2018-04-03 10:45:27 - [MESSAGE][PASSED] - Object: 'Object Repository/Header-Footer/Header buttons/Header_Button_NewsOffers' is clicked on

2018-04-03 10:45:27 - [TEST_STEP][PASSED] - waitForElementPresent: Object 'Object Repository/Header-Footer/Ver_Buttons/ver_news' is present

2018-04-03 10:45:28 - [MESSAGE][PASSED] - Object 'Object Repository/Header-Footer/Ver_Buttons/ver_news' is present

2018-04-03 10:45:28 - [TEST_STEP][PASSED] - click: Object: 'Object Repository/Header-Footer/Header buttons/Language_Button_DE' is clicked on

2018-04-03 10:45:29 - [MESSAGE][PASSED] - Object: 'Object Repository/Header-Footer/Header buttons/Language_Button_DE' is clicked on

2018-04-03 10:45:29 - [TEST_STEP][PASSED] - waitForElementPresent: Object 'Object Repository/Header-Footer/Header buttons/Header_Button_Create a report' is not present after 2 second(s)

2018-04-03 10:45:32 - [MESSAGE][WARNING] - Object 'Object Repository/Header-Footer/Header buttons/Header_Button_Create a report' is not present after 2 second(s)

2018-04-03 10:45:32 - [TEST_STEP][PASSED] - verifyElementText: Actual text and expected text of test object 'Object Repository/Header-Footer/Header buttons/Header_Button_About us' are matched.

2018-04-03 10:45:32 - [MESSAGE][PASSED] - Actual text and expected text of test object 'Object Repository/Header-Footer/Header buttons/Header_Button_About us' are matched.

2018-04-03 10:45:32 - [TEST_STEP][PASSED] - click: Object: 'Object Repository/Header-Footer/Header buttons/Language_Button_RU' is clicked on

2018-04-03 10:45:33 - [MESSAGE][PASSED] - Object: 'Object Repository/Header-Footer/Header buttons/Language_Button_RU' is clicked on

2018-04-03 10:45:33 - [TEST_STEP][PASSED] - waitForElementPresent: Object 'Object Repository/Header-Footer/Header buttons/Header_Button_Create a report' is not present after 2 second(s)

2018-04-03 10:45:36 - [MESSAGE][WARNING] - Object 'Object Repository/Header-Footer/Header buttons/Header_Button_Create a report' is not present after 2 second(s)

2018-04-03 10:45:36 - [TEST_STEP][PASSED] - verifyElementText: Actual text and expected text of test object 'Object Repository/Header-Footer/Header buttons/Header_Button_About us' are matched.

2018-04-03 10:45:36 - [MESSAGE][PASSED] - Actual text and expected text of test object 'Object Repository/Header-Footer/Header buttons/Header_Button_About us' are matched.

2018-04-03 10:45:36 - [TEST_STEP][PASSED] - click: Object: 'Object Repository/Header-Footer/Header buttons/Language_Button_FR' is clicked on

2018-04-03 10:45:36 - [MESSAGE][PASSED] - Object: 'Object Repository/Header-Footer/Header buttons/Language_Button_FR' is clicked on

2018-04-03 10:45:36 - [TEST_STEP][PASSED] - waitForElementPresent: Object 'Object Repository/Header-Footer/Header buttons/Header_Button_Create a report' is not present after 2 second(s)

2018-04-03 10:45:38 - [MESSAGE][WARNING] - Object 'Object Repository/Header-Footer/Header buttons/Header_Button_Create a report' is not present after 2 second(s)

2018-04-03 10:45:38 - [TEST_STEP][FAILED] - verifyElementText: Verify element text of test object 'Object Repository/Header-Footer/Header buttons/Header_Button_About us' FAILED. (Root cause: Actual text 'О ПРОЕКТЕ' and expected text 'À PROPOS DE NOUS' of test object 'Object Repository/Header-Footer/Header buttons/Header_Button_About us' are NOT matched.)

2018-04-03 10:45:39 - [MESSAGE][FAILED] - Actual text 'О ПРОЕКТЕ' and expected text 'À PROPOS DE NOUS' of test object 'Object Repository/Header-Footer/Header buttons/Header_Button_About us' are NOT matched.
[[ATTACHMENT|C:\\Users\\user\\Katalon Studio\\Route_report_WEB\\Reports\\Language_test_cases\\20180403_103615\\1522741538811.png]]

2018-04-03 10:45:39 - [MESSAGE][FAILED] - Verify element text of test object 'Object Repository/Header-Footer/Header buttons/Header_Button_About us' FAILED. (Root cause: Actual text 'О ПРОЕКТЕ' and expected text 'À PROPOS DE NOUS' of test object 'Object Repository/Header-Footer/Header buttons/Header_Button_About us' are NOT matched.)
[[ATTACHMENT|C:\\Users\\user\\Katalon Studio\\Route_report_WEB\\Reports\\Language_test_cases\\20180403_103615\\1522741539362.png]]]]></system-out>
         <system-err><![CDATA[2018-04-03 10:45:20 - [TEST_CASE][FAILED] - Test Cases/Language_test_cases/Language_Change_News: Test Cases/Language_test_cases/Language_Change_News FAILED because (of) Verify element text of test object 'Object Repository/Header-Footer/Header buttons/Header_Button_About us' FAILED. (Root cause: Actual text 'О ПРОЕКТЕ' and expected text 'À PROPOS DE NOUS' of test object 'Object Repository/Header-Footer/Header buttons/Header_Button_About us' are NOT matched.)]]></system-err>
      </testcase>
      <testcase name="Test Cases/Language_test_cases/Language_Change_Search" classname="Test Cases/Language_test_cases/Language_Change_Search" status="PASSED">
         <system-out><![CDATA[2018-04-03 10:45:39 - [TEST_CASE][PASSED] - Test Cases/Language_test_cases/Language_Change_Search: Test Cases/Language_test_cases/Language_Change_Search

2018-04-03 10:45:39 - [TEST_STEP][PASSED] - openBrowser: Browser is opened with url: ''

2018-04-03 10:45:39 - [MESSAGE][WARNING] - A browser is already opened. Closing browser and opening a new one

2018-04-03 10:45:42 - [MESSAGE][PASSED] - Browser is opened with url: ''

2018-04-03 10:45:42 - [TEST_STEP][PASSED] - navigateToUrl: Navigate to 'https://www.route-report.com/' successfully

2018-04-03 10:45:56 - [MESSAGE][PASSED] - Navigate to 'https://www.route-report.com/' successfully

2018-04-03 10:45:56 - [TEST_STEP][PASSED] - maximizeWindow: Current window maximized

2018-04-03 10:45:57 - [MESSAGE][PASSED] - Current window maximized

2018-04-03 10:45:57 - [TEST_STEP][PASSED] - click: Object: 'Object Repository/Header-Footer/Header buttons/Header_Button_Search report' is clicked on

2018-04-03 10:46:08 - [MESSAGE][PASSED] - Object: 'Object Repository/Header-Footer/Header buttons/Header_Button_Search report' is clicked on

2018-04-03 10:46:08 - [TEST_STEP][PASSED] - waitForElementPresent: Object 'Object Repository/Header-Footer/Ver_Buttons/ver_Search block' is present

2018-04-03 10:46:08 - [MESSAGE][PASSED] - Object 'Object Repository/Header-Footer/Ver_Buttons/ver_Search block' is present

2018-04-03 10:46:08 - [TEST_STEP][PASSED] - click: Object: 'Object Repository/Header-Footer/Header buttons/Language_Button_DE' is clicked on

2018-04-03 10:46:09 - [MESSAGE][PASSED] - Object: 'Object Repository/Header-Footer/Header buttons/Language_Button_DE' is clicked on

2018-04-03 10:46:09 - [TEST_STEP][PASSED] - waitForElementPresent: Object 'Object Repository/Header-Footer/Header buttons/Header_Button_Create a report' is not present after 2 second(s)

2018-04-03 10:46:11 - [MESSAGE][WARNING] - Object 'Object Repository/Header-Footer/Header buttons/Header_Button_Create a report' is not present after 2 second(s)

2018-04-03 10:46:11 - [TEST_STEP][PASSED] - verifyElementText: Actual text and expected text of test object 'Object Repository/Header-Footer/Header buttons/Header_Button_About us' are matched.

2018-04-03 10:46:12 - [MESSAGE][PASSED] - Actual text and expected text of test object 'Object Repository/Header-Footer/Header buttons/Header_Button_About us' are matched.

2018-04-03 10:46:12 - [TEST_STEP][PASSED] - click: Object: 'Object Repository/Header-Footer/Header buttons/Language_Button_RU' is clicked on

2018-04-03 10:46:13 - [MESSAGE][PASSED] - Object: 'Object Repository/Header-Footer/Header buttons/Language_Button_RU' is clicked on

2018-04-03 10:46:13 - [TEST_STEP][PASSED] - waitForElementPresent: Object 'Object Repository/Header-Footer/Header buttons/Header_Button_Create a report' is not present after 2 second(s)

2018-04-03 10:46:15 - [MESSAGE][WARNING] - Object 'Object Repository/Header-Footer/Header buttons/Header_Button_Create a report' is not present after 2 second(s)

2018-04-03 10:46:15 - [TEST_STEP][PASSED] - verifyElementText: Actual text and expected text of test object 'Object Repository/Header-Footer/Header buttons/Header_Button_About us' are matched.

2018-04-03 10:46:16 - [MESSAGE][PASSED] - Actual text and expected text of test object 'Object Repository/Header-Footer/Header buttons/Header_Button_About us' are matched.

2018-04-03 10:46:16 - [TEST_STEP][PASSED] - click: Object: 'Object Repository/Header-Footer/Header buttons/Language_Button_FR' is clicked on

2018-04-03 10:46:17 - [MESSAGE][PASSED] - Object: 'Object Repository/Header-Footer/Header buttons/Language_Button_FR' is clicked on

2018-04-03 10:46:17 - [TEST_STEP][PASSED] - waitForElementPresent: Object 'Object Repository/Header-Footer/Header buttons/Header_Button_Create a report' is not present after 2 second(s)

2018-04-03 10:46:20 - [MESSAGE][WARNING] - Object 'Object Repository/Header-Footer/Header buttons/Header_Button_Create a report' is not present after 2 second(s)

2018-04-03 10:46:20 - [TEST_STEP][PASSED] - verifyElementText: Actual text and expected text of test object 'Object Repository/Header-Footer/Header buttons/Header_Button_About us' are matched.

2018-04-03 10:46:20 - [MESSAGE][PASSED] - Actual text and expected text of test object 'Object Repository/Header-Footer/Header buttons/Header_Button_About us' are matched.

2018-04-03 10:46:20 - [TEST_STEP][PASSED] - click: Object: 'Object Repository/Header-Footer/Header buttons/Language_Button_ES' is clicked on

2018-04-03 10:46:26 - [MESSAGE][PASSED] - Object: 'Object Repository/Header-Footer/Header buttons/Language_Button_ES' is clicked on

2018-04-03 10:46:26 - [TEST_STEP][PASSED] - waitForElementPresent: Object 'Object Repository/Header-Footer/Header buttons/Header_Button_Create a report' is not present after 2 second(s)

2018-04-03 10:46:29 - [MESSAGE][WARNING] - Object 'Object Repository/Header-Footer/Header buttons/Header_Button_Create a report' is not present after 2 second(s)

2018-04-03 10:46:29 - [TEST_STEP][PASSED] - verifyElementText: Actual text and expected text of test object 'Object Repository/Header-Footer/Header buttons/Header_Button_About us' are matched.

2018-04-03 10:46:29 - [MESSAGE][PASSED] - Actual text and expected text of test object 'Object Repository/Header-Footer/Header buttons/Header_Button_About us' are matched.

2018-04-03 10:46:29 - [TEST_STEP][PASSED] - click: Object: 'Object Repository/Header-Footer/Header buttons/Language_Button_IT' is clicked on

2018-04-03 10:46:30 - [MESSAGE][PASSED] - Object: 'Object Repository/Header-Footer/Header buttons/Language_Button_IT' is clicked on

2018-04-03 10:46:30 - [TEST_STEP][PASSED] - waitForElementPresent: Object 'Object Repository/Header-Footer/Header buttons/Header_Button_Create a report' is not present after 2 second(s)

2018-04-03 10:46:32 - [MESSAGE][WARNING] - Object 'Object Repository/Header-Footer/Header buttons/Header_Button_Create a report' is not present after 2 second(s)

2018-04-03 10:46:32 - [TEST_STEP][PASSED] - verifyElementText: Actual text and expected text of test object 'Object Repository/Header-Footer/Header buttons/Header_Button_About us' are matched.

2018-04-03 10:46:33 - [MESSAGE][PASSED] - Actual text and expected text of test object 'Object Repository/Header-Footer/Header buttons/Header_Button_About us' are matched.

2018-04-03 10:46:33 - [TEST_STEP][PASSED] - click: Object: 'Object Repository/Header-Footer/Header buttons/Language_Button_PL' is clicked on

2018-04-03 10:46:34 - [MESSAGE][PASSED] - Object: 'Object Repository/Header-Footer/Header buttons/Language_Button_PL' is clicked on

2018-04-03 10:46:34 - [TEST_STEP][PASSED] - waitForElementPresent: Object 'Object Repository/Header-Footer/Header buttons/Header_Button_Create a report' is not present after 2 second(s)

2018-04-03 10:46:36 - [MESSAGE][WARNING] - Object 'Object Repository/Header-Footer/Header buttons/Header_Button_Create a report' is not present after 2 second(s)

2018-04-03 10:46:36 - [TEST_STEP][PASSED] - verifyElementText: Actual text and expected text of test object 'Object Repository/Header-Footer/Header buttons/Header_Button_About us' are matched.

2018-04-03 10:46:36 - [MESSAGE][PASSED] - Actual text and expected text of test object 'Object Repository/Header-Footer/Header buttons/Header_Button_About us' are matched.

2018-04-03 10:46:36 - [TEST_STEP][PASSED] - click: Object: 'Object Repository/Header-Footer/Header buttons/Language_Button_EN' is clicked on

2018-04-03 10:46:37 - [MESSAGE][PASSED] - Object: 'Object Repository/Header-Footer/Header buttons/Language_Button_EN' is clicked on

2018-04-03 10:46:37 - [TEST_STEP][PASSED] - waitForElementPresent: Object 'Object Repository/Header-Footer/Header buttons/Header_Button_Create a report' is present

2018-04-03 10:46:37 - [MESSAGE][PASSED] - Object 'Object Repository/Header-Footer/Header buttons/Header_Button_Create a report' is present

2018-04-03 10:46:37 - [TEST_STEP][PASSED] - verifyElementText: Actual text and expected text of test object 'Object Repository/Header-Footer/Header buttons/Header_Button_About us' are matched.

2018-04-03 10:46:37 - [MESSAGE][PASSED] - Actual text and expected text of test object 'Object Repository/Header-Footer/Header buttons/Header_Button_About us' are matched.

2018-04-03 10:46:37 - [TEST_STEP][PASSED] - closeBrowser: Browser is closed

2018-04-03 10:46:38 - [MESSAGE][PASSED] - Browser is closed]]></system-out>
         <system-err><![CDATA[]]></system-err>
      </testcase>
      <testcase name="Test Cases/Language_test_cases/Language_Change_Account" classname="Test Cases/Language_test_cases/Language_Change_Account" status="FAILED">
         <failure type="FAILED" message="Unable to click on object 'Object Repository/Login_registration/button_LOG IN' (Root cause: org.openqa.selenium.WebDriverException: unknown error: Element &lt;button class=&quot;button&quot; id=&quot;open_go_login&quot; style=&quot;width: 100%;&quot;>...&lt;/button> is not clickable at point (837, 450). Other element would receive the click: &lt;div class=&quot;srm_loading&quot;>...&lt;/div>
  (Session info: chrome=65.0.3325.181)
  (Driver info: chromedriver=2.35.528161 (5b82f2d2aae0ca24b877009200ced9065a772e73),platform=Windows NT 6.3.9600 x86_64) (WARNING: The server did not provide any stacktrace information)
Command duration or timeout: 0 milliseconds
Build info: version: '3.7.1', revision: '8a0099a', time: '2017-11-06T21:07:36.161Z'
System info: host: 'BRAINPC', ip: '192.168.137.2', os.name: 'Windows 8.1', os.arch: 'amd64', os.version: '6.3', java.version: '1.8.0_102'
Driver info: com.kms.katalon.selenium.driver.CChromeDriver
Capabilities {acceptInsecureCerts: false, acceptSslCerts: false, applicationCacheEnabled: false, browserConnectionEnabled: false, browserName: chrome, chrome: {chromedriverVersion: 2.35.528161 (5b82f2d2aae0ca..., userDataDir: C:\Users\user\AppData\Local...}, cssSelectorsEnabled: true, databaseEnabled: false, handlesAlerts: true, hasTouchScreen: false, javascriptEnabled: true, locationContextEnabled: true, mobileEmulationEnabled: false, nativeEvents: true, networkConnectionEnabled: false, pageLoadStrategy: normal, platform: XP, platformName: XP, rotatable: false, setWindowRect: true, takesHeapSnapshot: true, takesScreenshot: true, unexpectedAlertBehaviour: , unhandledPromptBehavior: , version: 65.0.3325.181, webStorageEnabled: true}
Session ID: 9d8188f2dd887d5058b5348898c79357)"/>
         <system-out><![CDATA[2018-04-03 10:46:38 - [TEST_CASE][FAILED] - Test Cases/Language_test_cases/Language_Change_Account: Test Cases/Language_test_cases/Language_Change_Account FAILED because (of) Unable to click on object 'Object Repository/Login_registration/button_LOG IN' (Root cause: org.openqa.selenium.WebDriverException: unknown error: Element <button class="button" id="open_go_login" style="width: 100%;">...</button> is not clickable at point (837, 450). Other element would receive the click: <div class="srm_loading">...</div>
  (Session info: chrome=65.0.3325.181)
  (Driver info: chromedriver=2.35.528161 (5b82f2d2aae0ca24b877009200ced9065a772e73),platform=Windows NT 6.3.9600 x86_64) (WARNING: The server did not provide any stacktrace information)
Command duration or timeout: 0 milliseconds
Build info: version: '3.7.1', revision: '8a0099a', time: '2017-11-06T21:07:36.161Z'
System info: host: 'BRAINPC', ip: '192.168.137.2', os.name: 'Windows 8.1', os.arch: 'amd64', os.version: '6.3', java.version: '1.8.0_102'
Driver info: com.kms.katalon.selenium.driver.CChromeDriver
Capabilities {acceptInsecureCerts: false, acceptSslCerts: false, applicationCacheEnabled: false, browserConnectionEnabled: false, browserName: chrome, chrome: {chromedriverVersion: 2.35.528161 (5b82f2d2aae0ca..., userDataDir: C:\Users\user\AppData\Local...}, cssSelectorsEnabled: true, databaseEnabled: false, handlesAlerts: true, hasTouchScreen: false, javascriptEnabled: true, locationContextEnabled: true, mobileEmulationEnabled: false, nativeEvents: true, networkConnectionEnabled: false, pageLoadStrategy: normal, platform: XP, platformName: XP, rotatable: false, setWindowRect: true, takesHeapSnapshot: true, takesScreenshot: true, unexpectedAlertBehaviour: , unhandledPromptBehavior: , version: 65.0.3325.181, webStorageEnabled: true}
Session ID: 9d8188f2dd887d5058b5348898c79357)

2018-04-03 10:46:39 - [TEST_STEP][PASSED] - openBrowser: Browser is opened with url: ''

2018-04-03 10:46:41 - [MESSAGE][PASSED] - Browser is opened with url: ''

2018-04-03 10:46:41 - [TEST_STEP][PASSED] - navigateToUrl: Navigate to 'https://www.route-report.com/' successfully

2018-04-03 10:46:44 - [MESSAGE][PASSED] - Navigate to 'https://www.route-report.com/' successfully

2018-04-03 10:46:44 - [TEST_STEP][PASSED] - maximizeWindow: Current window maximized

2018-04-03 10:46:45 - [MESSAGE][PASSED] - Current window maximized

2018-04-03 10:46:45 - [TEST_STEP][PASSED] - click: Object: 'Object Repository/Login_registration/span_Login' is clicked on

2018-04-03 10:46:45 - [MESSAGE][PASSED] - Object: 'Object Repository/Login_registration/span_Login' is clicked on

2018-04-03 10:46:45 - [TEST_STEP][PASSED] - setText: Text 'rostyslav.biliaiev@route-report.com' is set on object 'Object Repository/Login_registration/input_in_login'

2018-04-03 10:46:46 - [MESSAGE][PASSED] - Text 'rostyslav.biliaiev@route-report.com' is set on object 'Object Repository/Login_registration/input_in_login'

2018-04-03 10:46:46 - [TEST_STEP][PASSED] - setText: Text '111111' is set on object 'Object Repository/Login_registration/input_in_password'

2018-04-03 10:46:46 - [MESSAGE][PASSED] - Text '111111' is set on object 'Object Repository/Login_registration/input_in_password'

2018-04-03 10:46:46 - [TEST_STEP][FAILED] - click: Unable to click on object 'Object Repository/Login_registration/button_LOG IN' (Root cause: org.openqa.selenium.WebDriverException: unknown error: Element <button class="button" id="open_go_login" style="width: 100%;">...</button> is not clickable at point (837, 450). Other element would receive the click: <div class="srm_loading">...</div>
  (Session info: chrome=65.0.3325.181)
  (Driver info: chromedriver=2.35.528161 (5b82f2d2aae0ca24b877009200ced9065a772e73),platform=Windows NT 6.3.9600 x86_64) (WARNING: The server did not provide any stacktrace information)
Command duration or timeout: 0 milliseconds
Build info: version: '3.7.1', revision: '8a0099a', time: '2017-11-06T21:07:36.161Z'
System info: host: 'BRAINPC', ip: '192.168.137.2', os.name: 'Windows 8.1', os.arch: 'amd64', os.version: '6.3', java.version: '1.8.0_102'
Driver info: com.kms.katalon.selenium.driver.CChromeDriver
Capabilities {acceptInsecureCerts: false, acceptSslCerts: false, applicationCacheEnabled: false, browserConnectionEnabled: false, browserName: chrome, chrome: {chromedriverVersion: 2.35.528161 (5b82f2d2aae0ca..., userDataDir: C:\Users\user\AppData\Local...}, cssSelectorsEnabled: true, databaseEnabled: false, handlesAlerts: true, hasTouchScreen: false, javascriptEnabled: true, locationContextEnabled: true, mobileEmulationEnabled: false, nativeEvents: true, networkConnectionEnabled: false, pageLoadStrategy: normal, platform: XP, platformName: XP, rotatable: false, setWindowRect: true, takesHeapSnapshot: true, takesScreenshot: true, unexpectedAlertBehaviour: , unhandledPromptBehavior: , version: 65.0.3325.181, webStorageEnabled: true}
Session ID: 9d8188f2dd887d5058b5348898c79357)

2018-04-03 10:46:47 - [MESSAGE][FAILED] - Unable to click on object 'Object Repository/Login_registration/button_LOG IN' (Root cause: org.openqa.selenium.WebDriverException: unknown error: Element <button class="button" id="open_go_login" style="width: 100%;">...</button> is not clickable at point (837, 450). Other element would receive the click: <div class="srm_loading">...</div>
  (Session info: chrome=65.0.3325.181)
  (Driver info: chromedriver=2.35.528161 (5b82f2d2aae0ca24b877009200ced9065a772e73),platform=Windows NT 6.3.9600 x86_64) (WARNING: The server did not provide any stacktrace information)
Command duration or timeout: 0 milliseconds
Build info: version: '3.7.1', revision: '8a0099a', time: '2017-11-06T21:07:36.161Z'
System info: host: 'BRAINPC', ip: '192.168.137.2', os.name: 'Windows 8.1', os.arch: 'amd64', os.version: '6.3', java.version: '1.8.0_102'
Driver info: com.kms.katalon.selenium.driver.CChromeDriver
Capabilities {acceptInsecureCerts: false, acceptSslCerts: false, applicationCacheEnabled: false, browserConnectionEnabled: false, browserName: chrome, chrome: {chromedriverVersion: 2.35.528161 (5b82f2d2aae0ca..., userDataDir: C:\Users\user\AppData\Local...}, cssSelectorsEnabled: true, databaseEnabled: false, handlesAlerts: true, hasTouchScreen: false, javascriptEnabled: true, locationContextEnabled: true, mobileEmulationEnabled: false, nativeEvents: true, networkConnectionEnabled: false, pageLoadStrategy: normal, platform: XP, platformName: XP, rotatable: false, setWindowRect: true, takesHeapSnapshot: true, takesScreenshot: true, unexpectedAlertBehaviour: , unhandledPromptBehavior: , version: 65.0.3325.181, webStorageEnabled: true}
Session ID: 9d8188f2dd887d5058b5348898c79357)
[[ATTACHMENT|C:\\Users\\user\\Katalon Studio\\Route_report_WEB\\Reports\\Language_test_cases\\20180403_103615\\1522741607002.png]]]]></system-out>
         <system-err><![CDATA[2018-04-03 10:46:38 - [TEST_CASE][FAILED] - Test Cases/Language_test_cases/Language_Change_Account: Test Cases/Language_test_cases/Language_Change_Account FAILED because (of) Unable to click on object 'Object Repository/Login_registration/button_LOG IN' (Root cause: org.openqa.selenium.WebDriverException: unknown error: Element <button class="button" id="open_go_login" style="width: 100%;">...</button> is not clickable at point (837, 450). Other element would receive the click: <div class="srm_loading">...</div>
  (Session info: chrome=65.0.3325.181)
  (Driver info: chromedriver=2.35.528161 (5b82f2d2aae0ca24b877009200ced9065a772e73),platform=Windows NT 6.3.9600 x86_64) (WARNING: The server did not provide any stacktrace information)
Command duration or timeout: 0 milliseconds
Build info: version: '3.7.1', revision: '8a0099a', time: '2017-11-06T21:07:36.161Z'
System info: host: 'BRAINPC', ip: '192.168.137.2', os.name: 'Windows 8.1', os.arch: 'amd64', os.version: '6.3', java.version: '1.8.0_102'
Driver info: com.kms.katalon.selenium.driver.CChromeDriver
Capabilities {acceptInsecureCerts: false, acceptSslCerts: false, applicationCacheEnabled: false, browserConnectionEnabled: false, browserName: chrome, chrome: {chromedriverVersion: 2.35.528161 (5b82f2d2aae0ca..., userDataDir: C:\Users\user\AppData\Local...}, cssSelectorsEnabled: true, databaseEnabled: false, handlesAlerts: true, hasTouchScreen: false, javascriptEnabled: true, locationContextEnabled: true, mobileEmulationEnabled: false, nativeEvents: true, networkConnectionEnabled: false, pageLoadStrategy: normal, platform: XP, platformName: XP, rotatable: false, setWindowRect: true, takesHeapSnapshot: true, takesScreenshot: true, unexpectedAlertBehaviour: , unhandledPromptBehavior: , version: 65.0.3325.181, webStorageEnabled: true}
Session ID: 9d8188f2dd887d5058b5348898c79357)]]></system-err>
      </testcase>
      <testcase name="Test Cases/Language_test_cases/Language_change_report_Detail_page" classname="Test Cases/Language_test_cases/Language_change_report_Detail_page" status="FAILED">
         <failure type="FAILED" message="Verify element text of test object 'Object Repository/Header-Footer/Header buttons/Header_Button_About us' FAILED. (Root cause: Actual text 'SOBRE NOSOTROS' and expected text 'SU DI NOI' of test object 'Object Repository/Header-Footer/Header buttons/Header_Button_About us' are NOT matched.)"/>
         <system-out><![CDATA[2018-04-03 10:46:47 - [TEST_CASE][FAILED] - Test Cases/Language_test_cases/Language_change_report_Detail_page: Test Cases/Language_test_cases/Language_change_report_Detail_page FAILED because (of) Verify element text of test object 'Object Repository/Header-Footer/Header buttons/Header_Button_About us' FAILED. (Root cause: Actual text 'SOBRE NOSOTROS' and expected text 'SU DI NOI' of test object 'Object Repository/Header-Footer/Header buttons/Header_Button_About us' are NOT matched.)

2018-04-03 10:46:47 - [TEST_STEP][PASSED] - openBrowser: Browser is opened with url: ''

2018-04-03 10:46:47 - [MESSAGE][WARNING] - A browser is already opened. Closing browser and opening a new one

2018-04-03 10:46:50 - [MESSAGE][PASSED] - Browser is opened with url: ''

2018-04-03 10:46:50 - [TEST_STEP][PASSED] - navigateToUrl: Navigate to 'https://www.route-report.com/' successfully

2018-04-03 10:46:53 - [MESSAGE][PASSED] - Navigate to 'https://www.route-report.com/' successfully

2018-04-03 10:46:53 - [TEST_STEP][PASSED] - maximizeWindow: Current window maximized

2018-04-03 10:46:54 - [MESSAGE][PASSED] - Current window maximized

2018-04-03 10:46:54 - [TEST_STEP][PASSED] - click: Object: 'Object Repository/Header-Footer/Header buttons/Header_Button__Authors' is clicked on

2018-04-03 10:46:56 - [MESSAGE][PASSED] - Object: 'Object Repository/Header-Footer/Header buttons/Header_Button__Authors' is clicked on

2018-04-03 10:46:56 - [TEST_STEP][PASSED] - waitForElementPresent: Object 'Object Repository/Header-Footer/Ver_Buttons/ver_block_TOP AUTHORS' is present

2018-04-03 10:46:57 - [MESSAGE][PASSED] - Object 'Object Repository/Header-Footer/Ver_Buttons/ver_block_TOP AUTHORS' is present

2018-04-03 10:46:57 - [TEST_STEP][PASSED] - click: Object: 'Object Repository/Search_Authors/link_Ana Maria Diez Venezuela01' is clicked on

2018-04-03 10:46:57 - [MESSAGE][PASSED] - Object: 'Object Repository/Search_Authors/link_Ana Maria Diez Venezuela01' is clicked on

2018-04-03 10:46:57 - [TEST_STEP][PASSED] - switchToWindowIndex: Switched to window with index: '1'

2018-04-03 10:46:57 - [MESSAGE][PASSED] - Switched to window with index: '1'

2018-04-03 10:46:57 - [TEST_STEP][PASSED] - waitForElementPresent: Object 'Object Repository/Header-Footer/Ver_Buttons/ver_Authors_page' is present

2018-04-03 10:47:03 - [MESSAGE][PASSED] - Object 'Object Repository/Header-Footer/Ver_Buttons/ver_Authors_page' is present

2018-04-03 10:47:03 - [TEST_STEP][PASSED] - click: Object: 'Object Repository/Header-Footer/link-details detail' is clicked on

2018-04-03 10:47:03 - [MESSAGE][PASSED] - Object: 'Object Repository/Header-Footer/link-details detail' is clicked on

2018-04-03 10:47:03 - [TEST_STEP][PASSED] - switchToWindowIndex: Switched to window with index: '2'

2018-04-03 10:47:03 - [MESSAGE][PASSED] - Switched to window with index: '2'

2018-04-03 10:47:03 - [TEST_STEP][PASSED] - waitForElementPresent: Object 'Object Repository/Header-Footer/Ver_Buttons/ver_detail_report_page' is present

2018-04-03 10:47:03 - [MESSAGE][WARNING] - Timeout '0' is invalid. Using default page load timeout: '30'

2018-04-03 10:47:06 - [MESSAGE][PASSED] - Object 'Object Repository/Header-Footer/Ver_Buttons/ver_detail_report_page' is present

2018-04-03 10:47:06 - [TEST_STEP][PASSED] - click: Object: 'Object Repository/Header-Footer/Header buttons/Language_Button_DE' is clicked on

2018-04-03 10:47:25 - [MESSAGE][PASSED] - Object: 'Object Repository/Header-Footer/Header buttons/Language_Button_DE' is clicked on

2018-04-03 10:47:25 - [TEST_STEP][PASSED] - waitForElementPresent: Object 'Object Repository/Header-Footer/Header buttons/Header_Button_Create a report' is not present after 2 second(s)

2018-04-03 10:47:27 - [MESSAGE][WARNING] - Object 'Object Repository/Header-Footer/Header buttons/Header_Button_Create a report' is not present after 2 second(s)

2018-04-03 10:47:27 - [TEST_STEP][PASSED] - verifyElementText: Actual text and expected text of test object 'Object Repository/Header-Footer/Header buttons/Header_Button_About us' are matched.

2018-04-03 10:47:27 - [MESSAGE][PASSED] - Actual text and expected text of test object 'Object Repository/Header-Footer/Header buttons/Header_Button_About us' are matched.

2018-04-03 10:47:27 - [TEST_STEP][PASSED] - click: Object: 'Object Repository/Header-Footer/Header buttons/Language_Button_RU' is clicked on

2018-04-03 10:47:30 - [MESSAGE][PASSED] - Object: 'Object Repository/Header-Footer/Header buttons/Language_Button_RU' is clicked on

2018-04-03 10:47:30 - [TEST_STEP][PASSED] - waitForElementPresent: Object 'Object Repository/Header-Footer/Header buttons/Header_Button_Create a report' is not present after 2 second(s)

2018-04-03 10:47:32 - [MESSAGE][WARNING] - Object 'Object Repository/Header-Footer/Header buttons/Header_Button_Create a report' is not present after 2 second(s)

2018-04-03 10:47:32 - [TEST_STEP][PASSED] - verifyElementText: Actual text and expected text of test object 'Object Repository/Header-Footer/Header buttons/Header_Button_About us' are matched.

2018-04-03 10:47:32 - [MESSAGE][PASSED] - Actual text and expected text of test object 'Object Repository/Header-Footer/Header buttons/Header_Button_About us' are matched.

2018-04-03 10:47:32 - [TEST_STEP][PASSED] - click: Object: 'Object Repository/Header-Footer/Header buttons/Language_Button_FR' is clicked on

2018-04-03 10:47:34 - [MESSAGE][PASSED] - Object: 'Object Repository/Header-Footer/Header buttons/Language_Button_FR' is clicked on

2018-04-03 10:47:34 - [TEST_STEP][PASSED] - waitForElementPresent: Object 'Object Repository/Header-Footer/Header buttons/Header_Button_Create a report' is not present after 3 second(s)

2018-04-03 10:47:38 - [MESSAGE][WARNING] - Object 'Object Repository/Header-Footer/Header buttons/Header_Button_Create a report' is not present after 3 second(s)

2018-04-03 10:47:38 - [TEST_STEP][PASSED] - verifyElementText: Actual text and expected text of test object 'Object Repository/Header-Footer/Header buttons/Header_Button_About us' are matched.

2018-04-03 10:47:38 - [MESSAGE][PASSED] - Actual text and expected text of test object 'Object Repository/Header-Footer/Header buttons/Header_Button_About us' are matched.

2018-04-03 10:47:38 - [TEST_STEP][PASSED] - click: Object: 'Object Repository/Header-Footer/Header buttons/Language_Button_ES' is clicked on

2018-04-03 10:47:40 - [MESSAGE][PASSED] - Object: 'Object Repository/Header-Footer/Header buttons/Language_Button_ES' is clicked on

2018-04-03 10:47:40 - [TEST_STEP][PASSED] - waitForElementPresent: Object 'Object Repository/Header-Footer/Header buttons/Header_Button_Create a report' is not present after 3 second(s)

2018-04-03 10:47:43 - [MESSAGE][WARNING] - Object 'Object Repository/Header-Footer/Header buttons/Header_Button_Create a report' is not present after 3 second(s)

2018-04-03 10:47:43 - [TEST_STEP][PASSED] - verifyElementText: Actual text and expected text of test object 'Object Repository/Header-Footer/Header buttons/Header_Button_About us' are matched.

2018-04-03 10:47:44 - [MESSAGE][PASSED] - Actual text and expected text of test object 'Object Repository/Header-Footer/Header buttons/Header_Button_About us' are matched.

2018-04-03 10:47:44 - [TEST_STEP][PASSED] - click: Object: 'Object Repository/Header-Footer/Header buttons/Language_Button_IT' is clicked on

2018-04-03 10:47:46 - [MESSAGE][PASSED] - Object: 'Object Repository/Header-Footer/Header buttons/Language_Button_IT' is clicked on

2018-04-03 10:47:46 - [TEST_STEP][PASSED] - waitForElementPresent: Object 'Object Repository/Header-Footer/Header buttons/Header_Button_Create a report' is not present after 2 second(s)

2018-04-03 10:47:49 - [MESSAGE][WARNING] - Object 'Object Repository/Header-Footer/Header buttons/Header_Button_Create a report' is not present after 2 second(s)

2018-04-03 10:47:49 - [TEST_STEP][FAILED] - verifyElementText: Verify element text of test object 'Object Repository/Header-Footer/Header buttons/Header_Button_About us' FAILED. (Root cause: Actual text 'SOBRE NOSOTROS' and expected text 'SU DI NOI' of test object 'Object Repository/Header-Footer/Header buttons/Header_Button_About us' are NOT matched.)

2018-04-03 10:47:49 - [MESSAGE][FAILED] - Actual text 'SOBRE NOSOTROS' and expected text 'SU DI NOI' of test object 'Object Repository/Header-Footer/Header buttons/Header_Button_About us' are NOT matched.
[[ATTACHMENT|C:\\Users\\user\\Katalon Studio\\Route_report_WEB\\Reports\\Language_test_cases\\20180403_103615\\1522741669113.png]]

2018-04-03 10:47:50 - [MESSAGE][FAILED] - Verify element text of test object 'Object Repository/Header-Footer/Header buttons/Header_Button_About us' FAILED. (Root cause: Actual text 'SOBRE NOSOTROS' and expected text 'SU DI NOI' of test object 'Object Repository/Header-Footer/Header buttons/Header_Button_About us' are NOT matched.)
[[ATTACHMENT|C:\\Users\\user\\Katalon Studio\\Route_report_WEB\\Reports\\Language_test_cases\\20180403_103615\\1522741669606.png]]]]></system-out>
         <system-err><![CDATA[2018-04-03 10:46:47 - [TEST_CASE][FAILED] - Test Cases/Language_test_cases/Language_change_report_Detail_page: Test Cases/Language_test_cases/Language_change_report_Detail_page FAILED because (of) Verify element text of test object 'Object Repository/Header-Footer/Header buttons/Header_Button_About us' FAILED. (Root cause: Actual text 'SOBRE NOSOTROS' and expected text 'SU DI NOI' of test object 'Object Repository/Header-Footer/Header buttons/Header_Button_About us' are NOT matched.)]]></system-err>
      </testcase>
      <testcase name="Test Cases/Language_test_cases/Languge_Change_Report_View" classname="Test Cases/Language_test_cases/Languge_Change_Report_View" status="FAILED">
         <failure type="FAILED" message="Unable to click on object 'Object Repository/Login_registration/button_LOG IN' (Root cause: org.openqa.selenium.WebDriverException: unknown error: Element &lt;button class=&quot;button&quot; id=&quot;open_go_login&quot; style=&quot;width: 100%;&quot;>...&lt;/button> is not clickable at point (837, 450). Other element would receive the click: &lt;div class=&quot;srm_loading&quot;>...&lt;/div>
  (Session info: chrome=65.0.3325.181)
  (Driver info: chromedriver=2.35.528161 (5b82f2d2aae0ca24b877009200ced9065a772e73),platform=Windows NT 6.3.9600 x86_64) (WARNING: The server did not provide any stacktrace information)
Command duration or timeout: 0 milliseconds
Build info: version: '3.7.1', revision: '8a0099a', time: '2017-11-06T21:07:36.161Z'
System info: host: 'BRAINPC', ip: '192.168.137.2', os.name: 'Windows 8.1', os.arch: 'amd64', os.version: '6.3', java.version: '1.8.0_102'
Driver info: com.kms.katalon.selenium.driver.CChromeDriver
Capabilities {acceptInsecureCerts: false, acceptSslCerts: false, applicationCacheEnabled: false, browserConnectionEnabled: false, browserName: chrome, chrome: {chromedriverVersion: 2.35.528161 (5b82f2d2aae0ca..., userDataDir: C:\Users\user\AppData\Local...}, cssSelectorsEnabled: true, databaseEnabled: false, handlesAlerts: true, hasTouchScreen: false, javascriptEnabled: true, locationContextEnabled: true, mobileEmulationEnabled: false, nativeEvents: true, networkConnectionEnabled: false, pageLoadStrategy: normal, platform: XP, platformName: XP, rotatable: false, setWindowRect: true, takesHeapSnapshot: true, takesScreenshot: true, unexpectedAlertBehaviour: , unhandledPromptBehavior: , version: 65.0.3325.181, webStorageEnabled: true}
Session ID: b6897aac50706225e2f4b58fc2e4aeed)"/>
         <system-out><![CDATA[2018-04-03 10:47:50 - [TEST_CASE][FAILED] - Test Cases/Language_test_cases/Languge_Change_Report_View: Test Cases/Language_test_cases/Languge_Change_Report_View FAILED because (of) Unable to click on object 'Object Repository/Login_registration/button_LOG IN' (Root cause: org.openqa.selenium.WebDriverException: unknown error: Element <button class="button" id="open_go_login" style="width: 100%;">...</button> is not clickable at point (837, 450). Other element would receive the click: <div class="srm_loading">...</div>
  (Session info: chrome=65.0.3325.181)
  (Driver info: chromedriver=2.35.528161 (5b82f2d2aae0ca24b877009200ced9065a772e73),platform=Windows NT 6.3.9600 x86_64) (WARNING: The server did not provide any stacktrace information)
Command duration or timeout: 0 milliseconds
Build info: version: '3.7.1', revision: '8a0099a', time: '2017-11-06T21:07:36.161Z'
System info: host: 'BRAINPC', ip: '192.168.137.2', os.name: 'Windows 8.1', os.arch: 'amd64', os.version: '6.3', java.version: '1.8.0_102'
Driver info: com.kms.katalon.selenium.driver.CChromeDriver
Capabilities {acceptInsecureCerts: false, acceptSslCerts: false, applicationCacheEnabled: false, browserConnectionEnabled: false, browserName: chrome, chrome: {chromedriverVersion: 2.35.528161 (5b82f2d2aae0ca..., userDataDir: C:\Users\user\AppData\Local...}, cssSelectorsEnabled: true, databaseEnabled: false, handlesAlerts: true, hasTouchScreen: false, javascriptEnabled: true, locationContextEnabled: true, mobileEmulationEnabled: false, nativeEvents: true, networkConnectionEnabled: false, pageLoadStrategy: normal, platform: XP, platformName: XP, rotatable: false, setWindowRect: true, takesHeapSnapshot: true, takesScreenshot: true, unexpectedAlertBehaviour: , unhandledPromptBehavior: , version: 65.0.3325.181, webStorageEnabled: true}
Session ID: b6897aac50706225e2f4b58fc2e4aeed)

2018-04-03 10:47:50 - [TEST_STEP][PASSED] - openBrowser: Browser is opened with url: ''

2018-04-03 10:47:50 - [MESSAGE][WARNING] - A browser is already opened. Closing browser and opening a new one

2018-04-03 10:47:53 - [MESSAGE][PASSED] - Browser is opened with url: ''

2018-04-03 10:47:53 - [TEST_STEP][PASSED] - navigateToUrl: Navigate to 'https://www.route-report.com/' successfully

2018-04-03 10:47:56 - [MESSAGE][PASSED] - Navigate to 'https://www.route-report.com/' successfully

2018-04-03 10:47:56 - [TEST_STEP][PASSED] - maximizeWindow: Current window maximized

2018-04-03 10:47:57 - [MESSAGE][PASSED] - Current window maximized

2018-04-03 10:47:57 - [TEST_STEP][PASSED] - click: Object: 'Object Repository/Login_registration/span_Login' is clicked on

2018-04-03 10:47:57 - [MESSAGE][PASSED] - Object: 'Object Repository/Login_registration/span_Login' is clicked on

2018-04-03 10:47:57 - [TEST_STEP][PASSED] - setText: Text 'rostyslav.biliaiev@route-report.com' is set on object 'Object Repository/Login_registration/input_in_login'

2018-04-03 10:47:57 - [MESSAGE][PASSED] - Text 'rostyslav.biliaiev@route-report.com' is set on object 'Object Repository/Login_registration/input_in_login'

2018-04-03 10:47:57 - [TEST_STEP][PASSED] - setText: Text '111111' is set on object 'Object Repository/Login_registration/input_in_password'

2018-04-03 10:47:58 - [MESSAGE][PASSED] - Text '111111' is set on object 'Object Repository/Login_registration/input_in_password'

2018-04-03 10:47:58 - [TEST_STEP][FAILED] - click: Unable to click on object 'Object Repository/Login_registration/button_LOG IN' (Root cause: org.openqa.selenium.WebDriverException: unknown error: Element <button class="button" id="open_go_login" style="width: 100%;">...</button> is not clickable at point (837, 450). Other element would receive the click: <div class="srm_loading">...</div>
  (Session info: chrome=65.0.3325.181)
  (Driver info: chromedriver=2.35.528161 (5b82f2d2aae0ca24b877009200ced9065a772e73),platform=Windows NT 6.3.9600 x86_64) (WARNING: The server did not provide any stacktrace information)
Command duration or timeout: 0 milliseconds
Build info: version: '3.7.1', revision: '8a0099a', time: '2017-11-06T21:07:36.161Z'
System info: host: 'BRAINPC', ip: '192.168.137.2', os.name: 'Windows 8.1', os.arch: 'amd64', os.version: '6.3', java.version: '1.8.0_102'
Driver info: com.kms.katalon.selenium.driver.CChromeDriver
Capabilities {acceptInsecureCerts: false, acceptSslCerts: false, applicationCacheEnabled: false, browserConnectionEnabled: false, browserName: chrome, chrome: {chromedriverVersion: 2.35.528161 (5b82f2d2aae0ca..., userDataDir: C:\Users\user\AppData\Local...}, cssSelectorsEnabled: true, databaseEnabled: false, handlesAlerts: true, hasTouchScreen: false, javascriptEnabled: true, locationContextEnabled: true, mobileEmulationEnabled: false, nativeEvents: true, networkConnectionEnabled: false, pageLoadStrategy: normal, platform: XP, platformName: XP, rotatable: false, setWindowRect: true, takesHeapSnapshot: true, takesScreenshot: true, unexpectedAlertBehaviour: , unhandledPromptBehavior: , version: 65.0.3325.181, webStorageEnabled: true}
Session ID: b6897aac50706225e2f4b58fc2e4aeed)

2018-04-03 10:47:58 - [MESSAGE][FAILED] - Unable to click on object 'Object Repository/Login_registration/button_LOG IN' (Root cause: org.openqa.selenium.WebDriverException: unknown error: Element <button class="button" id="open_go_login" style="width: 100%;">...</button> is not clickable at point (837, 450). Other element would receive the click: <div class="srm_loading">...</div>
  (Session info: chrome=65.0.3325.181)
  (Driver info: chromedriver=2.35.528161 (5b82f2d2aae0ca24b877009200ced9065a772e73),platform=Windows NT 6.3.9600 x86_64) (WARNING: The server did not provide any stacktrace information)
Command duration or timeout: 0 milliseconds
Build info: version: '3.7.1', revision: '8a0099a', time: '2017-11-06T21:07:36.161Z'
System info: host: 'BRAINPC', ip: '192.168.137.2', os.name: 'Windows 8.1', os.arch: 'amd64', os.version: '6.3', java.version: '1.8.0_102'
Driver info: com.kms.katalon.selenium.driver.CChromeDriver
Capabilities {acceptInsecureCerts: false, acceptSslCerts: false, applicationCacheEnabled: false, browserConnectionEnabled: false, browserName: chrome, chrome: {chromedriverVersion: 2.35.528161 (5b82f2d2aae0ca..., userDataDir: C:\Users\user\AppData\Local...}, cssSelectorsEnabled: true, databaseEnabled: false, handlesAlerts: true, hasTouchScreen: false, javascriptEnabled: true, locationContextEnabled: true, mobileEmulationEnabled: false, nativeEvents: true, networkConnectionEnabled: false, pageLoadStrategy: normal, platform: XP, platformName: XP, rotatable: false, setWindowRect: true, takesHeapSnapshot: true, takesScreenshot: true, unexpectedAlertBehaviour: , unhandledPromptBehavior: , version: 65.0.3325.181, webStorageEnabled: true}
Session ID: b6897aac50706225e2f4b58fc2e4aeed)
[[ATTACHMENT|C:\\Users\\user\\Katalon Studio\\Route_report_WEB\\Reports\\Language_test_cases\\20180403_103615\\1522741678158.png]]]]></system-out>
         <system-err><![CDATA[2018-04-03 10:47:50 - [TEST_CASE][FAILED] - Test Cases/Language_test_cases/Languge_Change_Report_View: Test Cases/Language_test_cases/Languge_Change_Report_View FAILED because (of) Unable to click on object 'Object Repository/Login_registration/button_LOG IN' (Root cause: org.openqa.selenium.WebDriverException: unknown error: Element <button class="button" id="open_go_login" style="width: 100%;">...</button> is not clickable at point (837, 450). Other element would receive the click: <div class="srm_loading">...</div>
  (Session info: chrome=65.0.3325.181)
  (Driver info: chromedriver=2.35.528161 (5b82f2d2aae0ca24b877009200ced9065a772e73),platform=Windows NT 6.3.9600 x86_64) (WARNING: The server did not provide any stacktrace information)
Command duration or timeout: 0 milliseconds
Build info: version: '3.7.1', revision: '8a0099a', time: '2017-11-06T21:07:36.161Z'
System info: host: 'BRAINPC', ip: '192.168.137.2', os.name: 'Windows 8.1', os.arch: 'amd64', os.version: '6.3', java.version: '1.8.0_102'
Driver info: com.kms.katalon.selenium.driver.CChromeDriver
Capabilities {acceptInsecureCerts: false, acceptSslCerts: false, applicationCacheEnabled: false, browserConnectionEnabled: false, browserName: chrome, chrome: {chromedriverVersion: 2.35.528161 (5b82f2d2aae0ca..., userDataDir: C:\Users\user\AppData\Local...}, cssSelectorsEnabled: true, databaseEnabled: false, handlesAlerts: true, hasTouchScreen: false, javascriptEnabled: true, locationContextEnabled: true, mobileEmulationEnabled: false, nativeEvents: true, networkConnectionEnabled: false, pageLoadStrategy: normal, platform: XP, platformName: XP, rotatable: false, setWindowRect: true, takesHeapSnapshot: true, takesScreenshot: true, unexpectedAlertBehaviour: , unhandledPromptBehavior: , version: 65.0.3325.181, webStorageEnabled: true}
Session ID: b6897aac50706225e2f4b58fc2e4aeed)]]></system-err>
      </testcase>
      <testcase name="Test Cases/Language_test_cases/Language_Change_Authors_page" classname="Test Cases/Language_test_cases/Language_Change_Authors_page" status="FAILED">
         <failure type="FAILED" message="Verify element text of test object 'Object Repository/Header-Footer/Header buttons/Header_Button_About us' FAILED. (Root cause: Actual text 'ABOUT US' and expected text 'ÜBER UNS' of test object 'Object Repository/Header-Footer/Header buttons/Header_Button_About us' are NOT matched.)"/>
         <system-out><![CDATA[2018-04-03 10:47:58 - [TEST_CASE][FAILED] - Test Cases/Language_test_cases/Language_Change_Authors_page: Test Cases/Language_test_cases/Language_Change_Authors_page FAILED because (of) Verify element text of test object 'Object Repository/Header-Footer/Header buttons/Header_Button_About us' FAILED. (Root cause: Actual text 'ABOUT US' and expected text 'ÜBER UNS' of test object 'Object Repository/Header-Footer/Header buttons/Header_Button_About us' are NOT matched.)

2018-04-03 10:47:58 - [TEST_STEP][PASSED] - openBrowser: Browser is opened with url: ''

2018-04-03 10:47:58 - [MESSAGE][WARNING] - A browser is already opened. Closing browser and opening a new one

2018-04-03 10:48:01 - [MESSAGE][PASSED] - Browser is opened with url: ''

2018-04-03 10:48:01 - [TEST_STEP][PASSED] - navigateToUrl: Navigate to 'https://www.route-report.com/' successfully

2018-04-03 10:48:04 - [MESSAGE][PASSED] - Navigate to 'https://www.route-report.com/' successfully

2018-04-03 10:48:04 - [TEST_STEP][PASSED] - maximizeWindow: Current window maximized

2018-04-03 10:48:05 - [MESSAGE][PASSED] - Current window maximized

2018-04-03 10:48:05 - [TEST_STEP][PASSED] - click: Object: 'Object Repository/Header-Footer/Header buttons/Header_Button__Authors' is clicked on

2018-04-03 10:48:07 - [MESSAGE][PASSED] - Object: 'Object Repository/Header-Footer/Header buttons/Header_Button__Authors' is clicked on

2018-04-03 10:48:07 - [TEST_STEP][PASSED] - waitForElementPresent: Object 'Object Repository/Header-Footer/Ver_Buttons/ver_block_TOP AUTHORS' is present

2018-04-03 10:48:07 - [MESSAGE][PASSED] - Object 'Object Repository/Header-Footer/Ver_Buttons/ver_block_TOP AUTHORS' is present

2018-04-03 10:48:07 - [TEST_STEP][PASSED] - click: Object: 'Object Repository/Search_Authors/link_Ana Maria Diez Venezuela01' is clicked on

2018-04-03 10:48:08 - [MESSAGE][PASSED] - Object: 'Object Repository/Search_Authors/link_Ana Maria Diez Venezuela01' is clicked on

2018-04-03 10:48:08 - [TEST_STEP][PASSED] - switchToWindowIndex: Switched to window with index: '1'

2018-04-03 10:48:08 - [MESSAGE][PASSED] - Switched to window with index: '1'

2018-04-03 10:48:08 - [TEST_STEP][PASSED] - waitForElementPresent: Object 'Object Repository/Header-Footer/Ver_Buttons/ver_Authors_page' is present

2018-04-03 10:48:14 - [MESSAGE][PASSED] - Object 'Object Repository/Header-Footer/Ver_Buttons/ver_Authors_page' is present

2018-04-03 10:48:14 - [TEST_STEP][PASSED] - click: Object: 'Object Repository/Header-Footer/Header buttons/Language_Button_DE' is clicked on

2018-04-03 10:48:14 - [MESSAGE][PASSED] - Object: 'Object Repository/Header-Footer/Header buttons/Language_Button_DE' is clicked on

2018-04-03 10:48:14 - [TEST_STEP][PASSED] - waitForElementPresent: Object 'Object Repository/Header-Footer/Header buttons/Header_Button_Create a report' is present

2018-04-03 10:48:17 - [MESSAGE][PASSED] - Object 'Object Repository/Header-Footer/Header buttons/Header_Button_Create a report' is present

2018-04-03 10:48:17 - [TEST_STEP][FAILED] - verifyElementText: Verify element text of test object 'Object Repository/Header-Footer/Header buttons/Header_Button_About us' FAILED. (Root cause: Actual text 'ABOUT US' and expected text 'ÜBER UNS' of test object 'Object Repository/Header-Footer/Header buttons/Header_Button_About us' are NOT matched.)

2018-04-03 10:48:17 - [MESSAGE][FAILED] - Actual text 'ABOUT US' and expected text 'ÜBER UNS' of test object 'Object Repository/Header-Footer/Header buttons/Header_Button_About us' are NOT matched.
[[ATTACHMENT|C:\\Users\\user\\Katalon Studio\\Route_report_WEB\\Reports\\Language_test_cases\\20180403_103615\\1522741697282.png]]

2018-04-03 10:48:18 - [MESSAGE][FAILED] - Verify element text of test object 'Object Repository/Header-Footer/Header buttons/Header_Button_About us' FAILED. (Root cause: Actual text 'ABOUT US' and expected text 'ÜBER UNS' of test object 'Object Repository/Header-Footer/Header buttons/Header_Button_About us' are NOT matched.)
[[ATTACHMENT|C:\\Users\\user\\Katalon Studio\\Route_report_WEB\\Reports\\Language_test_cases\\20180403_103615\\1522741697765.png]]]]></system-out>
         <system-err><![CDATA[2018-04-03 10:47:58 - [TEST_CASE][FAILED] - Test Cases/Language_test_cases/Language_Change_Authors_page: Test Cases/Language_test_cases/Language_Change_Authors_page FAILED because (of) Verify element text of test object 'Object Repository/Header-Footer/Header buttons/Header_Button_About us' FAILED. (Root cause: Actual text 'ABOUT US' and expected text 'ÜBER UNS' of test object 'Object Repository/Header-Footer/Header buttons/Header_Button_About us' are NOT matched.)]]></system-err>
      </testcase>
      <system-out><![CDATA[2018-04-03 10:42:05 - [TEST_SUITE][FAILED] - Language_test_cases: Test Cases/Language_test_cases/Language_Change_News FAILED because (of) Verify element text of test object 'Object Repository/Header-Footer/Header buttons/Header_Button_About us' FAILED. (Root cause: Actual text 'О ПРОЕКТЕ' and expected text 'À PROPOS DE NOUS' of test object 'Object Repository/Header-Footer/Header buttons/Header_Button_About us' are NOT matched.)]]></system-out>
      <system-err><![CDATA[2018-04-03 10:42:05 - [TEST_SUITE][FAILED] - Language_test_cases: Test Cases/Language_test_cases/Language_Change_News FAILED because (of) Verify element text of test object 'Object Repository/Header-Footer/Header buttons/Header_Button_About us' FAILED. (Root cause: Actual text 'О ПРОЕКТЕ' and expected text 'À PROPOS DE NOUS' of test object 'Object Repository/Header-Footer/Header buttons/Header_Button_About us' are NOT matched.)]]></system-err>
   </testsuite>
</testsuites>
