<?xml version="1.0" encoding="UTF-8"?>
<testsuites name="Language_test_cases" time="436" tests="8" failures="3" errors="0">
   <testsuite name="Language_test_cases" tests="8" failures="3" errors="0" time="436" timestamp="2018-03-27 11:49:40" hostname="user - BrainPc" id="Test Suites/Language_test_cases">
      <properties>
         <property name="deviceName" value=""/>
         <property name="devicePlatform" value=""/>
         <property name="logFolder" value="C:\\Users\\user\\Katalon Studio\\Route_report_WEB\\Reports\\Language_test_cases\\20180327_114938"/>
         <property name="logFiles" value="C:\\Users\\user\\Katalon Studio\\Route_report_WEB\\Reports\\Language_test_cases\\20180327_114938\\execution0.log"/>
         <property name="attachments" value="C:\\Users\\user\\Katalon Studio\\Route_report_WEB\\Reports\\Language_test_cases\\20180327_114938\\1522140589523.png, C:\\Users\\user\\Katalon Studio\\Route_report_WEB\\Reports\\Language_test_cases\\20180327_114938\\1522140590154.png, C:\\Users\\user\\Katalon Studio\\Route_report_WEB\\Reports\\Language_test_cases\\20180327_114938\\1522140844084.png, C:\\Users\\user\\Katalon Studio\\Route_report_WEB\\Reports\\Language_test_cases\\20180327_114938\\1522140861651.png"/>
         <property name="hostName" value="user - BrainPc"/>
         <property name="os" value="Windows 8.1 64bit"/>
         <property name="katalonVersion" value="5.3.1.1"/>
         <property name="browser" value="Chrome 65.0.3325.181"/>
         <property name="hostAddress" value="10.1.2.105"/>
         <property name="sessionId" value="d444d23dea668449b76f7ca628db0282"/>
         <property name="seleniumVersion" value="3.7.1"/>
         <property name="proxyInformation" value="ProxyInformation{proxyOption=NO_PROXY, proxyServerType=HTTP, password=, proxyServerAddress=, proxyServerPort=0}"/>
         <property name="platform" value="Windows 8.1"/>
      </properties>
      <testcase name="Test Cases/Language_test_cases/Language_Change_About_Us" classname="Test Cases/Language_test_cases/Language_Change_About_Us" status="FAILED">
         <failure type="FAILED" message="Verify element text of test object 'Object Repository/Header-Footer/Header buttons/Header_Button_About us' FAILED. (Root cause: Actual text 'ABOUT US' and expected text 'ÜBER UNS' of test object 'Object Repository/Header-Footer/Header buttons/Header_Button_About us' are NOT matched.)"/>
         <system-out><![CDATA[2018-03-27 11:49:40 - [TEST_CASE][FAILED] - Test Cases/Language_test_cases/Language_Change_About_Us: Test Cases/Language_test_cases/Language_Change_About_Us FAILED because (of) Verify element text of test object 'Object Repository/Header-Footer/Header buttons/Header_Button_About us' FAILED. (Root cause: Actual text 'ABOUT US' and expected text 'ÜBER UNS' of test object 'Object Repository/Header-Footer/Header buttons/Header_Button_About us' are NOT matched.)

2018-03-27 11:49:41 - [TEST_STEP][PASSED] - openBrowser: Browser is opened with url: ''

2018-03-27 11:49:44 - [MESSAGE][PASSED] - Browser is opened with url: ''

2018-03-27 11:49:44 - [TEST_STEP][PASSED] - navigateToUrl: Navigate to 'https://www.route-report.com/' successfully

2018-03-27 11:49:47 - [MESSAGE][PASSED] - Navigate to 'https://www.route-report.com/' successfully

2018-03-27 11:49:47 - [TEST_STEP][PASSED] - maximizeWindow: Current window maximized

2018-03-27 11:49:48 - [MESSAGE][PASSED] - Current window maximized

2018-03-27 11:49:48 - [TEST_STEP][PASSED] - click: Object: 'Object Repository/Header-Footer/Header buttons/Header_Button_About us' is clicked on

2018-03-27 11:49:49 - [MESSAGE][PASSED] - Object: 'Object Repository/Header-Footer/Header buttons/Header_Button_About us' is clicked on

2018-03-27 11:49:49 - [TEST_STEP][PASSED] - waitForElementPresent: Object 'Object Repository/Header-Footer/Ver_Buttons/ver_JOIN US NOW' is present

2018-03-27 11:49:49 - [MESSAGE][PASSED] - Object 'Object Repository/Header-Footer/Ver_Buttons/ver_JOIN US NOW' is present

2018-03-27 11:49:49 - [TEST_STEP][FAILED] - verifyElementText: Verify element text of test object 'Object Repository/Header-Footer/Header buttons/Header_Button_About us' FAILED. (Root cause: Actual text 'ABOUT US' and expected text 'ÜBER UNS' of test object 'Object Repository/Header-Footer/Header buttons/Header_Button_About us' are NOT matched.)

2018-03-27 11:49:50 - [MESSAGE][FAILED] - Actual text 'ABOUT US' and expected text 'ÜBER UNS' of test object 'Object Repository/Header-Footer/Header buttons/Header_Button_About us' are NOT matched.
[[ATTACHMENT|C:\\Users\\user\\Katalon Studio\\Route_report_WEB\\Reports\\Language_test_cases\\20180327_114938\\1522140589523.png]]

2018-03-27 11:49:50 - [MESSAGE][FAILED] - Verify element text of test object 'Object Repository/Header-Footer/Header buttons/Header_Button_About us' FAILED. (Root cause: Actual text 'ABOUT US' and expected text 'ÜBER UNS' of test object 'Object Repository/Header-Footer/Header buttons/Header_Button_About us' are NOT matched.)
[[ATTACHMENT|C:\\Users\\user\\Katalon Studio\\Route_report_WEB\\Reports\\Language_test_cases\\20180327_114938\\1522140590154.png]]]]></system-out>
         <system-err><![CDATA[2018-03-27 11:49:40 - [TEST_CASE][FAILED] - Test Cases/Language_test_cases/Language_Change_About_Us: Test Cases/Language_test_cases/Language_Change_About_Us FAILED because (of) Verify element text of test object 'Object Repository/Header-Footer/Header buttons/Header_Button_About us' FAILED. (Root cause: Actual text 'ABOUT US' and expected text 'ÜBER UNS' of test object 'Object Repository/Header-Footer/Header buttons/Header_Button_About us' are NOT matched.)]]></system-err>
      </testcase>
      <testcase name="Test Cases/Language_test_cases/Language_Change_Authors" classname="Test Cases/Language_test_cases/Language_Change_Authors" status="PASSED">
         <system-out><![CDATA[2018-03-27 11:49:50 - [TEST_CASE][PASSED] - Test Cases/Language_test_cases/Language_Change_Authors: Test Cases/Language_test_cases/Language_Change_Authors

2018-03-27 11:49:50 - [TEST_STEP][PASSED] - openBrowser: Browser is opened with url: ''

2018-03-27 11:49:50 - [MESSAGE][WARNING] - A browser is already opened. Closing browser and opening a new one

2018-03-27 11:49:53 - [MESSAGE][PASSED] - Browser is opened with url: ''

2018-03-27 11:49:53 - [TEST_STEP][PASSED] - navigateToUrl: Navigate to 'https://www.route-report.com/' successfully

2018-03-27 11:49:56 - [MESSAGE][PASSED] - Navigate to 'https://www.route-report.com/' successfully

2018-03-27 11:49:56 - [TEST_STEP][PASSED] - maximizeWindow: Current window maximized

2018-03-27 11:49:57 - [MESSAGE][PASSED] - Current window maximized

2018-03-27 11:49:57 - [TEST_STEP][PASSED] - click: Object: 'Object Repository/Header-Footer/Header buttons/Header_Button__Authors' is clicked on

2018-03-27 11:50:00 - [MESSAGE][PASSED] - Object: 'Object Repository/Header-Footer/Header buttons/Header_Button__Authors' is clicked on

2018-03-27 11:50:00 - [TEST_STEP][PASSED] - waitForElementPresent: Object 'Object Repository/Header-Footer/Ver_Buttons/ver_block_TOP AUTHORS' is present

2018-03-27 11:50:00 - [MESSAGE][PASSED] - Object 'Object Repository/Header-Footer/Ver_Buttons/ver_block_TOP AUTHORS' is present

2018-03-27 11:50:00 - [TEST_STEP][PASSED] - delay: Delayed 4 second(s)

2018-03-27 11:50:04 - [MESSAGE][PASSED] - Delayed 4 second(s)

2018-03-27 11:50:04 - [TEST_STEP][PASSED] - click: Object: 'Object Repository/Header-Footer/Header buttons/Language_Button_DE' is clicked on

2018-03-27 11:50:14 - [MESSAGE][PASSED] - Object: 'Object Repository/Header-Footer/Header buttons/Language_Button_DE' is clicked on

2018-03-27 11:50:14 - [TEST_STEP][PASSED] - waitForElementPresent: Object 'Object Repository/Header-Footer/Header buttons/Header_Button_Create a report' is not present after 2 second(s)

2018-03-27 11:50:17 - [MESSAGE][WARNING] - Object 'Object Repository/Header-Footer/Header buttons/Header_Button_Create a report' is not present after 2 second(s)

2018-03-27 11:50:17 - [TEST_STEP][PASSED] - verifyElementText: Actual text and expected text of test object 'Object Repository/Header-Footer/Header buttons/Header_Button_About us' are matched.

2018-03-27 11:50:17 - [MESSAGE][PASSED] - Actual text and expected text of test object 'Object Repository/Header-Footer/Header buttons/Header_Button_About us' are matched.

2018-03-27 11:50:17 - [TEST_STEP][PASSED] - click: Object: 'Object Repository/Header-Footer/Header buttons/Language_Button_RU' is clicked on

2018-03-27 11:50:26 - [MESSAGE][PASSED] - Object: 'Object Repository/Header-Footer/Header buttons/Language_Button_RU' is clicked on

2018-03-27 11:50:26 - [TEST_STEP][PASSED] - waitForElementPresent: Object 'Object Repository/Header-Footer/Header buttons/Header_Button_Create a report' is not present after 2 second(s)

2018-03-27 11:50:28 - [MESSAGE][WARNING] - Object 'Object Repository/Header-Footer/Header buttons/Header_Button_Create a report' is not present after 2 second(s)

2018-03-27 11:50:28 - [TEST_STEP][PASSED] - verifyElementText: Actual text and expected text of test object 'Object Repository/Header-Footer/Header buttons/Header_Button_About us' are matched.

2018-03-27 11:50:29 - [MESSAGE][PASSED] - Actual text and expected text of test object 'Object Repository/Header-Footer/Header buttons/Header_Button_About us' are matched.

2018-03-27 11:50:29 - [TEST_STEP][PASSED] - click: Object: 'Object Repository/Header-Footer/Header buttons/Language_Button_FR' is clicked on

2018-03-27 11:50:38 - [MESSAGE][PASSED] - Object: 'Object Repository/Header-Footer/Header buttons/Language_Button_FR' is clicked on

2018-03-27 11:50:38 - [TEST_STEP][PASSED] - waitForElementPresent: Object 'Object Repository/Header-Footer/Header buttons/Header_Button_Create a report' is not present after 3 second(s)

2018-03-27 11:50:42 - [MESSAGE][WARNING] - Object 'Object Repository/Header-Footer/Header buttons/Header_Button_Create a report' is not present after 3 second(s)

2018-03-27 11:50:42 - [TEST_STEP][PASSED] - verifyElementText: Actual text and expected text of test object 'Object Repository/Header-Footer/Header buttons/Header_Button_About us' are matched.

2018-03-27 11:50:42 - [MESSAGE][PASSED] - Actual text and expected text of test object 'Object Repository/Header-Footer/Header buttons/Header_Button_About us' are matched.

2018-03-27 11:50:42 - [TEST_STEP][PASSED] - click: Object: 'Object Repository/Header-Footer/Header buttons/Language_Button_ES' is clicked on

2018-03-27 11:50:51 - [MESSAGE][PASSED] - Object: 'Object Repository/Header-Footer/Header buttons/Language_Button_ES' is clicked on

2018-03-27 11:50:51 - [TEST_STEP][PASSED] - waitForElementPresent: Object 'Object Repository/Header-Footer/Header buttons/Header_Button_Create a report' is not present after 3 second(s)

2018-03-27 11:50:54 - [MESSAGE][WARNING] - Object 'Object Repository/Header-Footer/Header buttons/Header_Button_Create a report' is not present after 3 second(s)

2018-03-27 11:50:54 - [TEST_STEP][PASSED] - verifyElementText: Actual text and expected text of test object 'Object Repository/Header-Footer/Header buttons/Header_Button_About us' are matched.

2018-03-27 11:50:54 - [MESSAGE][PASSED] - Actual text and expected text of test object 'Object Repository/Header-Footer/Header buttons/Header_Button_About us' are matched.

2018-03-27 11:50:54 - [TEST_STEP][PASSED] - click: Object: 'Object Repository/Header-Footer/Header buttons/Language_Button_IT' is clicked on

2018-03-27 11:51:04 - [MESSAGE][PASSED] - Object: 'Object Repository/Header-Footer/Header buttons/Language_Button_IT' is clicked on

2018-03-27 11:51:04 - [TEST_STEP][PASSED] - waitForElementPresent: Object 'Object Repository/Header-Footer/Header buttons/Header_Button_Create a report' is not present after 2 second(s)

2018-03-27 11:51:06 - [MESSAGE][WARNING] - Object 'Object Repository/Header-Footer/Header buttons/Header_Button_Create a report' is not present after 2 second(s)

2018-03-27 11:51:06 - [TEST_STEP][PASSED] - verifyElementText: Actual text and expected text of test object 'Object Repository/Header-Footer/Header buttons/Header_Button_About us' are matched.

2018-03-27 11:51:06 - [MESSAGE][PASSED] - Actual text and expected text of test object 'Object Repository/Header-Footer/Header buttons/Header_Button_About us' are matched.

2018-03-27 11:51:06 - [TEST_STEP][PASSED] - click: Object: 'Object Repository/Header-Footer/Header buttons/Language_Button_PL' is clicked on

2018-03-27 11:51:16 - [MESSAGE][PASSED] - Object: 'Object Repository/Header-Footer/Header buttons/Language_Button_PL' is clicked on

2018-03-27 11:51:16 - [TEST_STEP][PASSED] - waitForElementPresent: Object 'Object Repository/Header-Footer/Header buttons/Header_Button_Create a report' is not present after 2 second(s)

2018-03-27 11:51:18 - [MESSAGE][WARNING] - Object 'Object Repository/Header-Footer/Header buttons/Header_Button_Create a report' is not present after 2 second(s)

2018-03-27 11:51:18 - [TEST_STEP][PASSED] - verifyElementText: Actual text and expected text of test object 'Object Repository/Header-Footer/Header buttons/Header_Button_About us' are matched.

2018-03-27 11:51:18 - [MESSAGE][PASSED] - Actual text and expected text of test object 'Object Repository/Header-Footer/Header buttons/Header_Button_About us' are matched.

2018-03-27 11:51:18 - [TEST_STEP][PASSED] - click: Object: 'Object Repository/Header-Footer/Header buttons/Language_Button_EN' is clicked on

2018-03-27 11:51:27 - [MESSAGE][PASSED] - Object: 'Object Repository/Header-Footer/Header buttons/Language_Button_EN' is clicked on

2018-03-27 11:51:27 - [TEST_STEP][PASSED] - waitForElementPresent: Object 'Object Repository/Header-Footer/Header buttons/Header_Button_Create a report' is present

2018-03-27 11:51:27 - [MESSAGE][PASSED] - Object 'Object Repository/Header-Footer/Header buttons/Header_Button_Create a report' is present

2018-03-27 11:51:27 - [TEST_STEP][PASSED] - verifyElementText: Actual text and expected text of test object 'Object Repository/Header-Footer/Header buttons/Header_Button_About us' are matched.

2018-03-27 11:51:28 - [MESSAGE][PASSED] - Actual text and expected text of test object 'Object Repository/Header-Footer/Header buttons/Header_Button_About us' are matched.

2018-03-27 11:51:28 - [TEST_STEP][PASSED] - closeBrowser: Browser is closed

2018-03-27 11:51:29 - [MESSAGE][PASSED] - Browser is closed]]></system-out>
         <system-err><![CDATA[]]></system-err>
      </testcase>
      <testcase name="Test Cases/Language_test_cases/Language_Change_Contacts_Us" classname="Test Cases/Language_test_cases/Language_Change_Contacts_Us" status="PASSED">
         <system-out><![CDATA[2018-03-27 11:51:29 - [TEST_CASE][PASSED] - Test Cases/Language_test_cases/Language_Change_Contacts_Us: Test Cases/Language_test_cases/Language_Change_Contacts_Us

2018-03-27 11:51:29 - [TEST_STEP][PASSED] - openBrowser: Browser is opened with url: ''

2018-03-27 11:51:31 - [MESSAGE][PASSED] - Browser is opened with url: ''

2018-03-27 11:51:31 - [TEST_STEP][PASSED] - navigateToUrl: Navigate to 'https://www.route-report.com/' successfully

2018-03-27 11:51:35 - [MESSAGE][PASSED] - Navigate to 'https://www.route-report.com/' successfully

2018-03-27 11:51:35 - [TEST_STEP][PASSED] - maximizeWindow: Current window maximized

2018-03-27 11:51:36 - [MESSAGE][PASSED] - Current window maximized

2018-03-27 11:51:36 - [TEST_STEP][PASSED] - click: Object: 'Object Repository/Header-Footer/Header buttons/Header_Button_Contact us' is clicked on

2018-03-27 11:51:37 - [MESSAGE][PASSED] - Object: 'Object Repository/Header-Footer/Header buttons/Header_Button_Contact us' is clicked on

2018-03-27 11:51:37 - [TEST_STEP][PASSED] - waitForElementPresent: Object 'Object Repository/Header-Footer/Ver_Buttons/ver_Contact form' is present

2018-03-27 11:51:37 - [MESSAGE][PASSED] - Object 'Object Repository/Header-Footer/Ver_Buttons/ver_Contact form' is present

2018-03-27 11:51:37 - [TEST_STEP][PASSED] - click: Object: 'Object Repository/Header-Footer/Header buttons/Language_Button_DE' is clicked on

2018-03-27 11:51:38 - [MESSAGE][PASSED] - Object: 'Object Repository/Header-Footer/Header buttons/Language_Button_DE' is clicked on

2018-03-27 11:51:38 - [TEST_STEP][PASSED] - waitForElementPresent: Object 'Object Repository/Header-Footer/Header buttons/Header_Button_Create a report' is not present after 2 second(s)

2018-03-27 11:51:40 - [MESSAGE][WARNING] - Object 'Object Repository/Header-Footer/Header buttons/Header_Button_Create a report' is not present after 2 second(s)

2018-03-27 11:51:40 - [TEST_STEP][PASSED] - verifyElementText: Actual text and expected text of test object 'Object Repository/Header-Footer/Header buttons/Header_Button_About us' are matched.

2018-03-27 11:51:40 - [MESSAGE][PASSED] - Actual text and expected text of test object 'Object Repository/Header-Footer/Header buttons/Header_Button_About us' are matched.

2018-03-27 11:51:40 - [TEST_STEP][PASSED] - click: Object: 'Object Repository/Header-Footer/Header buttons/Language_Button_RU' is clicked on

2018-03-27 11:51:41 - [MESSAGE][PASSED] - Object: 'Object Repository/Header-Footer/Header buttons/Language_Button_RU' is clicked on

2018-03-27 11:51:41 - [TEST_STEP][PASSED] - waitForElementPresent: Object 'Object Repository/Header-Footer/Header buttons/Header_Button_Create a report' is not present after 2 second(s)

2018-03-27 11:51:43 - [MESSAGE][WARNING] - Object 'Object Repository/Header-Footer/Header buttons/Header_Button_Create a report' is not present after 2 second(s)

2018-03-27 11:51:43 - [TEST_STEP][PASSED] - verifyElementText: Actual text and expected text of test object 'Object Repository/Header-Footer/Header buttons/Header_Button_About us' are matched.

2018-03-27 11:51:43 - [MESSAGE][PASSED] - Actual text and expected text of test object 'Object Repository/Header-Footer/Header buttons/Header_Button_About us' are matched.

2018-03-27 11:51:43 - [TEST_STEP][PASSED] - click: Object: 'Object Repository/Header-Footer/Header buttons/Language_Button_FR' is clicked on

2018-03-27 11:51:44 - [MESSAGE][PASSED] - Object: 'Object Repository/Header-Footer/Header buttons/Language_Button_FR' is clicked on

2018-03-27 11:51:44 - [TEST_STEP][PASSED] - waitForElementPresent: Object 'Object Repository/Header-Footer/Header buttons/Header_Button_Create a report' is not present after 2 second(s)

2018-03-27 11:51:46 - [MESSAGE][WARNING] - Object 'Object Repository/Header-Footer/Header buttons/Header_Button_Create a report' is not present after 2 second(s)

2018-03-27 11:51:46 - [TEST_STEP][PASSED] - verifyElementText: Actual text and expected text of test object 'Object Repository/Header-Footer/Header buttons/Header_Button_About us' are matched.

2018-03-27 11:51:46 - [MESSAGE][PASSED] - Actual text and expected text of test object 'Object Repository/Header-Footer/Header buttons/Header_Button_About us' are matched.

2018-03-27 11:51:46 - [TEST_STEP][PASSED] - click: Object: 'Object Repository/Header-Footer/Header buttons/Language_Button_ES' is clicked on

2018-03-27 11:51:47 - [MESSAGE][PASSED] - Object: 'Object Repository/Header-Footer/Header buttons/Language_Button_ES' is clicked on

2018-03-27 11:51:47 - [TEST_STEP][PASSED] - waitForElementPresent: Object 'Object Repository/Header-Footer/Header buttons/Header_Button_Create a report' is not present after 2 second(s)

2018-03-27 11:51:49 - [MESSAGE][WARNING] - Object 'Object Repository/Header-Footer/Header buttons/Header_Button_Create a report' is not present after 2 second(s)

2018-03-27 11:51:49 - [TEST_STEP][PASSED] - verifyElementText: Actual text and expected text of test object 'Object Repository/Header-Footer/Header buttons/Header_Button_About us' are matched.

2018-03-27 11:51:49 - [MESSAGE][PASSED] - Actual text and expected text of test object 'Object Repository/Header-Footer/Header buttons/Header_Button_About us' are matched.

2018-03-27 11:51:49 - [TEST_STEP][PASSED] - click: Object: 'Object Repository/Header-Footer/Header buttons/Language_Button_IT' is clicked on

2018-03-27 11:51:50 - [MESSAGE][PASSED] - Object: 'Object Repository/Header-Footer/Header buttons/Language_Button_IT' is clicked on

2018-03-27 11:51:50 - [TEST_STEP][PASSED] - waitForElementPresent: Object 'Object Repository/Header-Footer/Header buttons/Header_Button_Create a report' is not present after 2 second(s)

2018-03-27 11:51:52 - [MESSAGE][WARNING] - Object 'Object Repository/Header-Footer/Header buttons/Header_Button_Create a report' is not present after 2 second(s)

2018-03-27 11:51:52 - [TEST_STEP][PASSED] - verifyElementText: Actual text and expected text of test object 'Object Repository/Header-Footer/Header buttons/Header_Button_About us' are matched.

2018-03-27 11:51:52 - [MESSAGE][PASSED] - Actual text and expected text of test object 'Object Repository/Header-Footer/Header buttons/Header_Button_About us' are matched.

2018-03-27 11:51:52 - [TEST_STEP][PASSED] - click: Object: 'Object Repository/Header-Footer/Header buttons/Language_Button_PL' is clicked on

2018-03-27 11:51:53 - [MESSAGE][PASSED] - Object: 'Object Repository/Header-Footer/Header buttons/Language_Button_PL' is clicked on

2018-03-27 11:51:53 - [TEST_STEP][PASSED] - waitForElementPresent: Object 'Object Repository/Header-Footer/Header buttons/Header_Button_Create a report' is not present after 2 second(s)

2018-03-27 11:51:55 - [MESSAGE][WARNING] - Object 'Object Repository/Header-Footer/Header buttons/Header_Button_Create a report' is not present after 2 second(s)

2018-03-27 11:51:55 - [TEST_STEP][PASSED] - verifyElementText: Actual text and expected text of test object 'Object Repository/Header-Footer/Header buttons/Header_Button_About us' are matched.

2018-03-27 11:51:55 - [MESSAGE][PASSED] - Actual text and expected text of test object 'Object Repository/Header-Footer/Header buttons/Header_Button_About us' are matched.

2018-03-27 11:51:55 - [TEST_STEP][PASSED] - click: Object: 'Object Repository/Header-Footer/Header buttons/Language_Button_EN' is clicked on

2018-03-27 11:51:56 - [MESSAGE][PASSED] - Object: 'Object Repository/Header-Footer/Header buttons/Language_Button_EN' is clicked on

2018-03-27 11:51:56 - [TEST_STEP][PASSED] - waitForElementPresent: Object 'Object Repository/Header-Footer/Header buttons/Header_Button_Create a report' is present

2018-03-27 11:51:56 - [MESSAGE][PASSED] - Object 'Object Repository/Header-Footer/Header buttons/Header_Button_Create a report' is present

2018-03-27 11:51:56 - [TEST_STEP][PASSED] - verifyElementText: Actual text and expected text of test object 'Object Repository/Header-Footer/Header buttons/Header_Button_About us' are matched.

2018-03-27 11:51:56 - [MESSAGE][PASSED] - Actual text and expected text of test object 'Object Repository/Header-Footer/Header buttons/Header_Button_About us' are matched.

2018-03-27 11:51:56 - [TEST_STEP][PASSED] - closeBrowser: Browser is closed

2018-03-27 11:51:57 - [MESSAGE][PASSED] - Browser is closed]]></system-out>
         <system-err><![CDATA[]]></system-err>
      </testcase>
      <testcase name="Test Cases/Language_test_cases/Language_Change_FAQ" classname="Test Cases/Language_test_cases/Language_Change_FAQ" status="PASSED">
         <system-out><![CDATA[2018-03-27 11:51:57 - [TEST_CASE][PASSED] - Test Cases/Language_test_cases/Language_Change_FAQ: Test Cases/Language_test_cases/Language_Change_FAQ

2018-03-27 11:51:57 - [TEST_STEP][PASSED] - openBrowser: Browser is opened with url: ''

2018-03-27 11:52:00 - [MESSAGE][PASSED] - Browser is opened with url: ''

2018-03-27 11:52:00 - [TEST_STEP][PASSED] - navigateToUrl: Navigate to 'https://www.route-report.com/' successfully

2018-03-27 11:52:02 - [MESSAGE][PASSED] - Navigate to 'https://www.route-report.com/' successfully

2018-03-27 11:52:02 - [TEST_STEP][PASSED] - maximizeWindow: Current window maximized

2018-03-27 11:52:03 - [MESSAGE][PASSED] - Current window maximized

2018-03-27 11:52:03 - [TEST_STEP][PASSED] - click: Object: 'Object Repository/Header-Footer/Header buttons/Header_Button_FAQ' is clicked on

2018-03-27 11:52:05 - [MESSAGE][PASSED] - Object: 'Object Repository/Header-Footer/Header buttons/Header_Button_FAQ' is clicked on

2018-03-27 11:52:05 - [TEST_STEP][PASSED] - waitForElementPresent: Object 'Object Repository/Header-Footer/Ver_Buttons/ver_FAQ' is present

2018-03-27 11:52:05 - [MESSAGE][PASSED] - Object 'Object Repository/Header-Footer/Ver_Buttons/ver_FAQ' is present

2018-03-27 11:52:05 - [TEST_STEP][PASSED] - click: Object: 'Object Repository/Header-Footer/Header buttons/Language_Button_DE' is clicked on

2018-03-27 11:52:06 - [MESSAGE][PASSED] - Object: 'Object Repository/Header-Footer/Header buttons/Language_Button_DE' is clicked on

2018-03-27 11:52:06 - [TEST_STEP][PASSED] - waitForElementPresent: Object 'Object Repository/Header-Footer/Header buttons/Header_Button_Create a report' is not present after 2 second(s)

2018-03-27 11:52:08 - [MESSAGE][WARNING] - Object 'Object Repository/Header-Footer/Header buttons/Header_Button_Create a report' is not present after 2 second(s)

2018-03-27 11:52:08 - [TEST_STEP][PASSED] - verifyElementText: Actual text and expected text of test object 'Object Repository/Header-Footer/Header buttons/Header_Button_About us' are matched.

2018-03-27 11:52:08 - [MESSAGE][PASSED] - Actual text and expected text of test object 'Object Repository/Header-Footer/Header buttons/Header_Button_About us' are matched.

2018-03-27 11:52:08 - [TEST_STEP][PASSED] - click: Object: 'Object Repository/Header-Footer/Header buttons/Language_Button_RU' is clicked on

2018-03-27 11:52:09 - [MESSAGE][PASSED] - Object: 'Object Repository/Header-Footer/Header buttons/Language_Button_RU' is clicked on

2018-03-27 11:52:09 - [TEST_STEP][PASSED] - waitForElementPresent: Object 'Object Repository/Header-Footer/Header buttons/Header_Button_Create a report' is not present after 2 second(s)

2018-03-27 11:52:11 - [MESSAGE][WARNING] - Object 'Object Repository/Header-Footer/Header buttons/Header_Button_Create a report' is not present after 2 second(s)

2018-03-27 11:52:11 - [TEST_STEP][PASSED] - verifyElementText: Actual text and expected text of test object 'Object Repository/Header-Footer/Header buttons/Header_Button_About us' are matched.

2018-03-27 11:52:11 - [MESSAGE][PASSED] - Actual text and expected text of test object 'Object Repository/Header-Footer/Header buttons/Header_Button_About us' are matched.

2018-03-27 11:52:11 - [TEST_STEP][PASSED] - click: Object: 'Object Repository/Header-Footer/Header buttons/Language_Button_FR' is clicked on

2018-03-27 11:52:12 - [MESSAGE][PASSED] - Object: 'Object Repository/Header-Footer/Header buttons/Language_Button_FR' is clicked on

2018-03-27 11:52:12 - [TEST_STEP][PASSED] - waitForElementPresent: Object 'Object Repository/Header-Footer/Header buttons/Header_Button_Create a report' is not present after 2 second(s)

2018-03-27 11:52:14 - [MESSAGE][WARNING] - Object 'Object Repository/Header-Footer/Header buttons/Header_Button_Create a report' is not present after 2 second(s)

2018-03-27 11:52:14 - [TEST_STEP][PASSED] - verifyElementText: Actual text and expected text of test object 'Object Repository/Header-Footer/Header buttons/Header_Button_About us' are matched.

2018-03-27 11:52:14 - [MESSAGE][PASSED] - Actual text and expected text of test object 'Object Repository/Header-Footer/Header buttons/Header_Button_About us' are matched.

2018-03-27 11:52:14 - [TEST_STEP][PASSED] - click: Object: 'Object Repository/Header-Footer/Header buttons/Language_Button_ES' is clicked on

2018-03-27 11:52:15 - [MESSAGE][PASSED] - Object: 'Object Repository/Header-Footer/Header buttons/Language_Button_ES' is clicked on

2018-03-27 11:52:15 - [TEST_STEP][PASSED] - waitForElementPresent: Object 'Object Repository/Header-Footer/Header buttons/Header_Button_Create a report' is not present after 2 second(s)

2018-03-27 11:52:17 - [MESSAGE][WARNING] - Object 'Object Repository/Header-Footer/Header buttons/Header_Button_Create a report' is not present after 2 second(s)

2018-03-27 11:52:17 - [TEST_STEP][PASSED] - verifyElementText: Actual text and expected text of test object 'Object Repository/Header-Footer/Header buttons/Header_Button_About us' are matched.

2018-03-27 11:52:17 - [MESSAGE][PASSED] - Actual text and expected text of test object 'Object Repository/Header-Footer/Header buttons/Header_Button_About us' are matched.

2018-03-27 11:52:17 - [TEST_STEP][PASSED] - click: Object: 'Object Repository/Header-Footer/Header buttons/Language_Button_IT' is clicked on

2018-03-27 11:52:18 - [MESSAGE][PASSED] - Object: 'Object Repository/Header-Footer/Header buttons/Language_Button_IT' is clicked on

2018-03-27 11:52:18 - [TEST_STEP][PASSED] - waitForElementPresent: Object 'Object Repository/Header-Footer/Header buttons/Header_Button_Create a report' is not present after 2 second(s)

2018-03-27 11:52:20 - [MESSAGE][WARNING] - Object 'Object Repository/Header-Footer/Header buttons/Header_Button_Create a report' is not present after 2 second(s)

2018-03-27 11:52:20 - [TEST_STEP][PASSED] - verifyElementText: Actual text and expected text of test object 'Object Repository/Header-Footer/Header buttons/Header_Button_About us' are matched.

2018-03-27 11:52:20 - [MESSAGE][PASSED] - Actual text and expected text of test object 'Object Repository/Header-Footer/Header buttons/Header_Button_About us' are matched.

2018-03-27 11:52:20 - [TEST_STEP][PASSED] - click: Object: 'Object Repository/Header-Footer/Header buttons/Language_Button_PL' is clicked on

2018-03-27 11:52:21 - [MESSAGE][PASSED] - Object: 'Object Repository/Header-Footer/Header buttons/Language_Button_PL' is clicked on

2018-03-27 11:52:21 - [TEST_STEP][PASSED] - waitForElementPresent: Object 'Object Repository/Header-Footer/Header buttons/Header_Button_Create a report' is not present after 2 second(s)

2018-03-27 11:52:23 - [MESSAGE][WARNING] - Object 'Object Repository/Header-Footer/Header buttons/Header_Button_Create a report' is not present after 2 second(s)

2018-03-27 11:52:23 - [TEST_STEP][PASSED] - verifyElementText: Actual text and expected text of test object 'Object Repository/Header-Footer/Header buttons/Header_Button_About us' are matched.

2018-03-27 11:52:23 - [MESSAGE][PASSED] - Actual text and expected text of test object 'Object Repository/Header-Footer/Header buttons/Header_Button_About us' are matched.

2018-03-27 11:52:23 - [TEST_STEP][PASSED] - click: Object: 'Object Repository/Header-Footer/Header buttons/Language_Button_EN' is clicked on

2018-03-27 11:52:25 - [MESSAGE][PASSED] - Object: 'Object Repository/Header-Footer/Header buttons/Language_Button_EN' is clicked on

2018-03-27 11:52:25 - [TEST_STEP][PASSED] - waitForElementPresent: Object 'Object Repository/Header-Footer/Header buttons/Header_Button_Create a report' is present

2018-03-27 11:52:25 - [MESSAGE][PASSED] - Object 'Object Repository/Header-Footer/Header buttons/Header_Button_Create a report' is present

2018-03-27 11:52:25 - [TEST_STEP][PASSED] - verifyElementText: Actual text and expected text of test object 'Object Repository/Header-Footer/Header buttons/Header_Button_About us' are matched.

2018-03-27 11:52:25 - [MESSAGE][PASSED] - Actual text and expected text of test object 'Object Repository/Header-Footer/Header buttons/Header_Button_About us' are matched.

2018-03-27 11:52:25 - [TEST_STEP][PASSED] - closeBrowser: Browser is closed

2018-03-27 11:52:25 - [MESSAGE][PASSED] - Browser is closed]]></system-out>
         <system-err><![CDATA[]]></system-err>
      </testcase>
      <testcase name="Test Cases/Language_test_cases/Language_Change_Manual" classname="Test Cases/Language_test_cases/Language_Change_Manual" status="PASSED">
         <system-out><![CDATA[2018-03-27 11:52:25 - [TEST_CASE][PASSED] - Test Cases/Language_test_cases/Language_Change_Manual: Test Cases/Language_test_cases/Language_Change_Manual

2018-03-27 11:52:26 - [TEST_STEP][PASSED] - openBrowser: Browser is opened with url: ''

2018-03-27 11:52:28 - [MESSAGE][PASSED] - Browser is opened with url: ''

2018-03-27 11:52:28 - [TEST_STEP][PASSED] - navigateToUrl: Navigate to 'https://www.route-report.com/' successfully

2018-03-27 11:52:32 - [MESSAGE][PASSED] - Navigate to 'https://www.route-report.com/' successfully

2018-03-27 11:52:32 - [TEST_STEP][PASSED] - maximizeWindow: Current window maximized

2018-03-27 11:52:33 - [MESSAGE][PASSED] - Current window maximized

2018-03-27 11:52:33 - [TEST_STEP][PASSED] - click: Object: 'Object Repository/Header-Footer/Header buttons/Header_Button_User Manual' is clicked on

2018-03-27 11:52:34 - [MESSAGE][PASSED] - Object: 'Object Repository/Header-Footer/Header buttons/Header_Button_User Manual' is clicked on

2018-03-27 11:52:34 - [TEST_STEP][PASSED] - waitForElementPresent: Object 'Object Repository/Header-Footer/Ver_Buttons/ver_Users Manual' is present

2018-03-27 11:52:34 - [MESSAGE][PASSED] - Object 'Object Repository/Header-Footer/Ver_Buttons/ver_Users Manual' is present

2018-03-27 11:52:34 - [TEST_STEP][PASSED] - click: Object: 'Object Repository/Header-Footer/Header buttons/Language_Button_DE' is clicked on

2018-03-27 11:52:35 - [MESSAGE][PASSED] - Object: 'Object Repository/Header-Footer/Header buttons/Language_Button_DE' is clicked on

2018-03-27 11:52:35 - [TEST_STEP][PASSED] - waitForElementPresent: Object 'Object Repository/Header-Footer/Header buttons/Header_Button_Create a report' is not present after 2 second(s)

2018-03-27 11:52:37 - [MESSAGE][WARNING] - Object 'Object Repository/Header-Footer/Header buttons/Header_Button_Create a report' is not present after 2 second(s)

2018-03-27 11:52:37 - [TEST_STEP][PASSED] - verifyElementText: Actual text and expected text of test object 'Object Repository/Header-Footer/Header buttons/Header_Button_About us' are matched.

2018-03-27 11:52:37 - [MESSAGE][PASSED] - Actual text and expected text of test object 'Object Repository/Header-Footer/Header buttons/Header_Button_About us' are matched.

2018-03-27 11:52:37 - [TEST_STEP][PASSED] - click: Object: 'Object Repository/Header-Footer/Header buttons/Language_Button_RU' is clicked on

2018-03-27 11:52:38 - [MESSAGE][PASSED] - Object: 'Object Repository/Header-Footer/Header buttons/Language_Button_RU' is clicked on

2018-03-27 11:52:38 - [TEST_STEP][PASSED] - waitForElementPresent: Object 'Object Repository/Header-Footer/Header buttons/Header_Button_Create a report' is not present after 2 second(s)

2018-03-27 11:52:40 - [MESSAGE][WARNING] - Object 'Object Repository/Header-Footer/Header buttons/Header_Button_Create a report' is not present after 2 second(s)

2018-03-27 11:52:40 - [TEST_STEP][PASSED] - verifyElementText: Actual text and expected text of test object 'Object Repository/Header-Footer/Header buttons/Header_Button_About us' are matched.

2018-03-27 11:52:40 - [MESSAGE][PASSED] - Actual text and expected text of test object 'Object Repository/Header-Footer/Header buttons/Header_Button_About us' are matched.

2018-03-27 11:52:40 - [TEST_STEP][PASSED] - click: Object: 'Object Repository/Header-Footer/Header buttons/Language_Button_FR' is clicked on

2018-03-27 11:52:41 - [MESSAGE][PASSED] - Object: 'Object Repository/Header-Footer/Header buttons/Language_Button_FR' is clicked on

2018-03-27 11:52:41 - [TEST_STEP][PASSED] - waitForElementPresent: Object 'Object Repository/Header-Footer/Header buttons/Header_Button_Create a report' is not present after 2 second(s)

2018-03-27 11:52:43 - [MESSAGE][WARNING] - Object 'Object Repository/Header-Footer/Header buttons/Header_Button_Create a report' is not present after 2 second(s)

2018-03-27 11:52:43 - [TEST_STEP][PASSED] - verifyElementText: Actual text and expected text of test object 'Object Repository/Header-Footer/Header buttons/Header_Button_About us' are matched.

2018-03-27 11:52:43 - [MESSAGE][PASSED] - Actual text and expected text of test object 'Object Repository/Header-Footer/Header buttons/Header_Button_About us' are matched.

2018-03-27 11:52:43 - [TEST_STEP][PASSED] - click: Object: 'Object Repository/Header-Footer/Header buttons/Language_Button_ES' is clicked on

2018-03-27 11:52:45 - [MESSAGE][PASSED] - Object: 'Object Repository/Header-Footer/Header buttons/Language_Button_ES' is clicked on

2018-03-27 11:52:45 - [TEST_STEP][PASSED] - waitForElementPresent: Object 'Object Repository/Header-Footer/Header buttons/Header_Button_Create a report' is not present after 2 second(s)

2018-03-27 11:52:47 - [MESSAGE][WARNING] - Object 'Object Repository/Header-Footer/Header buttons/Header_Button_Create a report' is not present after 2 second(s)

2018-03-27 11:52:47 - [TEST_STEP][PASSED] - verifyElementText: Actual text and expected text of test object 'Object Repository/Header-Footer/Header buttons/Header_Button_About us' are matched.

2018-03-27 11:52:47 - [MESSAGE][PASSED] - Actual text and expected text of test object 'Object Repository/Header-Footer/Header buttons/Header_Button_About us' are matched.

2018-03-27 11:52:47 - [TEST_STEP][PASSED] - click: Object: 'Object Repository/Header-Footer/Header buttons/Language_Button_IT' is clicked on

2018-03-27 11:52:48 - [MESSAGE][PASSED] - Object: 'Object Repository/Header-Footer/Header buttons/Language_Button_IT' is clicked on

2018-03-27 11:52:48 - [TEST_STEP][PASSED] - waitForElementPresent: Object 'Object Repository/Header-Footer/Header buttons/Header_Button_Create a report' is not present after 2 second(s)

2018-03-27 11:52:50 - [MESSAGE][WARNING] - Object 'Object Repository/Header-Footer/Header buttons/Header_Button_Create a report' is not present after 2 second(s)

2018-03-27 11:52:50 - [TEST_STEP][PASSED] - verifyElementText: Actual text and expected text of test object 'Object Repository/Header-Footer/Header buttons/Header_Button_About us' are matched.

2018-03-27 11:52:50 - [MESSAGE][PASSED] - Actual text and expected text of test object 'Object Repository/Header-Footer/Header buttons/Header_Button_About us' are matched.

2018-03-27 11:52:50 - [TEST_STEP][PASSED] - click: Object: 'Object Repository/Header-Footer/Header buttons/Language_Button_PL' is clicked on

2018-03-27 11:52:51 - [MESSAGE][PASSED] - Object: 'Object Repository/Header-Footer/Header buttons/Language_Button_PL' is clicked on

2018-03-27 11:52:51 - [TEST_STEP][PASSED] - waitForElementPresent: Object 'Object Repository/Header-Footer/Header buttons/Header_Button_Create a report' is not present after 2 second(s)

2018-03-27 11:52:53 - [MESSAGE][WARNING] - Object 'Object Repository/Header-Footer/Header buttons/Header_Button_Create a report' is not present after 2 second(s)

2018-03-27 11:52:53 - [TEST_STEP][PASSED] - verifyElementText: Actual text and expected text of test object 'Object Repository/Header-Footer/Header buttons/Header_Button_About us' are matched.

2018-03-27 11:52:53 - [MESSAGE][PASSED] - Actual text and expected text of test object 'Object Repository/Header-Footer/Header buttons/Header_Button_About us' are matched.

2018-03-27 11:52:53 - [TEST_STEP][PASSED] - click: Object: 'Object Repository/Header-Footer/Header buttons/Language_Button_EN' is clicked on

2018-03-27 11:52:54 - [MESSAGE][PASSED] - Object: 'Object Repository/Header-Footer/Header buttons/Language_Button_EN' is clicked on

2018-03-27 11:52:54 - [TEST_STEP][PASSED] - waitForElementPresent: Object 'Object Repository/Header-Footer/Header buttons/Header_Button_Create a report' is present

2018-03-27 11:52:54 - [MESSAGE][PASSED] - Object 'Object Repository/Header-Footer/Header buttons/Header_Button_Create a report' is present

2018-03-27 11:52:54 - [TEST_STEP][PASSED] - verifyElementText: Actual text and expected text of test object 'Object Repository/Header-Footer/Header buttons/Header_Button_About us' are matched.

2018-03-27 11:52:54 - [MESSAGE][PASSED] - Actual text and expected text of test object 'Object Repository/Header-Footer/Header buttons/Header_Button_About us' are matched.

2018-03-27 11:52:54 - [TEST_STEP][PASSED] - closeBrowser: Browser is closed

2018-03-27 11:52:55 - [MESSAGE][PASSED] - Browser is closed]]></system-out>
         <system-err><![CDATA[]]></system-err>
      </testcase>
      <testcase name="Test Cases/Language_test_cases/Language_Change_News" classname="Test Cases/Language_test_cases/Language_Change_News" status="PASSED">
         <system-out><![CDATA[2018-03-27 11:52:55 - [TEST_CASE][PASSED] - Test Cases/Language_test_cases/Language_Change_News: Test Cases/Language_test_cases/Language_Change_News

2018-03-27 11:52:55 - [TEST_STEP][PASSED] - openBrowser: Browser is opened with url: ''

2018-03-27 11:52:57 - [MESSAGE][PASSED] - Browser is opened with url: ''

2018-03-27 11:52:57 - [TEST_STEP][PASSED] - navigateToUrl: Navigate to 'https://www.route-report.com/' successfully

2018-03-27 11:53:00 - [MESSAGE][PASSED] - Navigate to 'https://www.route-report.com/' successfully

2018-03-27 11:53:00 - [TEST_STEP][PASSED] - maximizeWindow: Current window maximized

2018-03-27 11:53:01 - [MESSAGE][PASSED] - Current window maximized

2018-03-27 11:53:01 - [TEST_STEP][PASSED] - click: Object: 'Object Repository/Header-Footer/Header buttons/Header_Button_NewsOffers' is clicked on

2018-03-27 11:53:03 - [MESSAGE][PASSED] - Object: 'Object Repository/Header-Footer/Header buttons/Header_Button_NewsOffers' is clicked on

2018-03-27 11:53:03 - [TEST_STEP][PASSED] - waitForElementPresent: Object 'Object Repository/Header-Footer/Ver_Buttons/ver_news' is present

2018-03-27 11:53:04 - [MESSAGE][PASSED] - Object 'Object Repository/Header-Footer/Ver_Buttons/ver_news' is present

2018-03-27 11:53:04 - [TEST_STEP][PASSED] - click: Object: 'Object Repository/Header-Footer/Header buttons/Language_Button_DE' is clicked on

2018-03-27 11:53:05 - [MESSAGE][PASSED] - Object: 'Object Repository/Header-Footer/Header buttons/Language_Button_DE' is clicked on

2018-03-27 11:53:05 - [TEST_STEP][PASSED] - waitForElementPresent: Object 'Object Repository/Header-Footer/Header buttons/Header_Button_Create a report' is not present after 2 second(s)

2018-03-27 11:53:07 - [MESSAGE][WARNING] - Object 'Object Repository/Header-Footer/Header buttons/Header_Button_Create a report' is not present after 2 second(s)

2018-03-27 11:53:07 - [TEST_STEP][PASSED] - verifyElementText: Actual text and expected text of test object 'Object Repository/Header-Footer/Header buttons/Header_Button_About us' are matched.

2018-03-27 11:53:07 - [MESSAGE][PASSED] - Actual text and expected text of test object 'Object Repository/Header-Footer/Header buttons/Header_Button_About us' are matched.

2018-03-27 11:53:07 - [TEST_STEP][PASSED] - click: Object: 'Object Repository/Header-Footer/Header buttons/Language_Button_RU' is clicked on

2018-03-27 11:53:09 - [MESSAGE][PASSED] - Object: 'Object Repository/Header-Footer/Header buttons/Language_Button_RU' is clicked on

2018-03-27 11:53:09 - [TEST_STEP][PASSED] - waitForElementPresent: Object 'Object Repository/Header-Footer/Header buttons/Header_Button_Create a report' is not present after 2 second(s)

2018-03-27 11:53:11 - [MESSAGE][WARNING] - Object 'Object Repository/Header-Footer/Header buttons/Header_Button_Create a report' is not present after 2 second(s)

2018-03-27 11:53:11 - [TEST_STEP][PASSED] - verifyElementText: Actual text and expected text of test object 'Object Repository/Header-Footer/Header buttons/Header_Button_About us' are matched.

2018-03-27 11:53:11 - [MESSAGE][PASSED] - Actual text and expected text of test object 'Object Repository/Header-Footer/Header buttons/Header_Button_About us' are matched.

2018-03-27 11:53:11 - [TEST_STEP][PASSED] - click: Object: 'Object Repository/Header-Footer/Header buttons/Language_Button_FR' is clicked on

2018-03-27 11:53:12 - [MESSAGE][PASSED] - Object: 'Object Repository/Header-Footer/Header buttons/Language_Button_FR' is clicked on

2018-03-27 11:53:12 - [TEST_STEP][PASSED] - waitForElementPresent: Object 'Object Repository/Header-Footer/Header buttons/Header_Button_Create a report' is not present after 2 second(s)

2018-03-27 11:53:14 - [MESSAGE][WARNING] - Object 'Object Repository/Header-Footer/Header buttons/Header_Button_Create a report' is not present after 2 second(s)

2018-03-27 11:53:14 - [TEST_STEP][PASSED] - verifyElementText: Actual text and expected text of test object 'Object Repository/Header-Footer/Header buttons/Header_Button_About us' are matched.

2018-03-27 11:53:14 - [MESSAGE][PASSED] - Actual text and expected text of test object 'Object Repository/Header-Footer/Header buttons/Header_Button_About us' are matched.

2018-03-27 11:53:14 - [TEST_STEP][PASSED] - click: Object: 'Object Repository/Header-Footer/Header buttons/Language_Button_ES' is clicked on

2018-03-27 11:53:16 - [MESSAGE][PASSED] - Object: 'Object Repository/Header-Footer/Header buttons/Language_Button_ES' is clicked on

2018-03-27 11:53:16 - [TEST_STEP][PASSED] - waitForElementPresent: Object 'Object Repository/Header-Footer/Header buttons/Header_Button_Create a report' is not present after 2 second(s)

2018-03-27 11:53:18 - [MESSAGE][WARNING] - Object 'Object Repository/Header-Footer/Header buttons/Header_Button_Create a report' is not present after 2 second(s)

2018-03-27 11:53:18 - [TEST_STEP][PASSED] - verifyElementText: Actual text and expected text of test object 'Object Repository/Header-Footer/Header buttons/Header_Button_About us' are matched.

2018-03-27 11:53:18 - [MESSAGE][PASSED] - Actual text and expected text of test object 'Object Repository/Header-Footer/Header buttons/Header_Button_About us' are matched.

2018-03-27 11:53:18 - [TEST_STEP][PASSED] - click: Object: 'Object Repository/Header-Footer/Header buttons/Language_Button_IT' is clicked on

2018-03-27 11:53:19 - [MESSAGE][PASSED] - Object: 'Object Repository/Header-Footer/Header buttons/Language_Button_IT' is clicked on

2018-03-27 11:53:19 - [TEST_STEP][PASSED] - waitForElementPresent: Object 'Object Repository/Header-Footer/Header buttons/Header_Button_Create a report' is not present after 2 second(s)

2018-03-27 11:53:21 - [MESSAGE][WARNING] - Object 'Object Repository/Header-Footer/Header buttons/Header_Button_Create a report' is not present after 2 second(s)

2018-03-27 11:53:21 - [TEST_STEP][PASSED] - verifyElementText: Actual text and expected text of test object 'Object Repository/Header-Footer/Header buttons/Header_Button_About us' are matched.

2018-03-27 11:53:21 - [MESSAGE][PASSED] - Actual text and expected text of test object 'Object Repository/Header-Footer/Header buttons/Header_Button_About us' are matched.

2018-03-27 11:53:21 - [TEST_STEP][PASSED] - click: Object: 'Object Repository/Header-Footer/Header buttons/Language_Button_PL' is clicked on

2018-03-27 11:53:23 - [MESSAGE][PASSED] - Object: 'Object Repository/Header-Footer/Header buttons/Language_Button_PL' is clicked on

2018-03-27 11:53:23 - [TEST_STEP][PASSED] - waitForElementPresent: Object 'Object Repository/Header-Footer/Header buttons/Header_Button_Create a report' is not present after 2 second(s)

2018-03-27 11:53:25 - [MESSAGE][WARNING] - Object 'Object Repository/Header-Footer/Header buttons/Header_Button_Create a report' is not present after 2 second(s)

2018-03-27 11:53:25 - [TEST_STEP][PASSED] - verifyElementText: Actual text and expected text of test object 'Object Repository/Header-Footer/Header buttons/Header_Button_About us' are matched.

2018-03-27 11:53:25 - [MESSAGE][PASSED] - Actual text and expected text of test object 'Object Repository/Header-Footer/Header buttons/Header_Button_About us' are matched.

2018-03-27 11:53:25 - [TEST_STEP][PASSED] - click: Object: 'Object Repository/Header-Footer/Header buttons/Language_Button_EN' is clicked on

2018-03-27 11:53:28 - [MESSAGE][PASSED] - Object: 'Object Repository/Header-Footer/Header buttons/Language_Button_EN' is clicked on

2018-03-27 11:53:28 - [TEST_STEP][PASSED] - waitForElementPresent: Object 'Object Repository/Header-Footer/Header buttons/Header_Button_Create a report' is present

2018-03-27 11:53:28 - [MESSAGE][PASSED] - Object 'Object Repository/Header-Footer/Header buttons/Header_Button_Create a report' is present

2018-03-27 11:53:28 - [TEST_STEP][PASSED] - verifyElementText: Actual text and expected text of test object 'Object Repository/Header-Footer/Header buttons/Header_Button_About us' are matched.

2018-03-27 11:53:28 - [MESSAGE][PASSED] - Actual text and expected text of test object 'Object Repository/Header-Footer/Header buttons/Header_Button_About us' are matched.

2018-03-27 11:53:28 - [TEST_STEP][PASSED] - closeBrowser: Browser is closed

2018-03-27 11:53:28 - [MESSAGE][PASSED] - Browser is closed]]></system-out>
         <system-err><![CDATA[]]></system-err>
      </testcase>
      <testcase name="Test Cases/Language_test_cases/Language_Change_Search" classname="Test Cases/Language_test_cases/Language_Change_Search" status="FAILED">
         <failure type="FAILED" message="Unable to click on object 'Object Repository/Header-Footer/Header buttons/Language_Button_PL' (Root cause: org.openqa.selenium.WebDriverException: unknown error: Element &lt;a href=&quot;https://www.route-report.com/pl/report-search-set/report-search-route-report/&quot; class=&quot;lang_item_l hfg-pl-PL&quot; data-language=&quot;pl-PL&quot;>&lt;/a> is not clickable at point (1437, 19). Other element would receive the click: &lt;div id=&quot;body_fail_server&quot; class=&quot;body_fail_server&quot;>...&lt;/div>
  (Session info: chrome=65.0.3325.181)
  (Driver info: chromedriver=2.35.528161 (5b82f2d2aae0ca24b877009200ced9065a772e73),platform=Windows NT 6.3.9600 x86_64) (WARNING: The server did not provide any stacktrace information)
Command duration or timeout: 0 milliseconds
Build info: version: '3.7.1', revision: '8a0099a', time: '2017-11-06T21:07:36.161Z'
System info: host: 'BRAINPC', ip: '10.1.2.105', os.name: 'Windows 8.1', os.arch: 'amd64', os.version: '6.3', java.version: '1.8.0_102'
Driver info: com.kms.katalon.selenium.driver.CChromeDriver
Capabilities {acceptInsecureCerts: false, acceptSslCerts: false, applicationCacheEnabled: false, browserConnectionEnabled: false, browserName: chrome, chrome: {chromedriverVersion: 2.35.528161 (5b82f2d2aae0ca..., userDataDir: C:\Users\user\AppData\Local...}, cssSelectorsEnabled: true, databaseEnabled: false, handlesAlerts: true, hasTouchScreen: false, javascriptEnabled: true, locationContextEnabled: true, mobileEmulationEnabled: false, nativeEvents: true, networkConnectionEnabled: false, pageLoadStrategy: normal, platform: XP, platformName: XP, rotatable: false, setWindowRect: true, takesHeapSnapshot: true, takesScreenshot: true, unexpectedAlertBehaviour: , unhandledPromptBehavior: , version: 65.0.3325.181, webStorageEnabled: true}
Session ID: ae416bc6880dd15379df333699f2f90c)"/>
         <system-out><![CDATA[2018-03-27 11:53:28 - [TEST_CASE][FAILED] - Test Cases/Language_test_cases/Language_Change_Search: Test Cases/Language_test_cases/Language_Change_Search FAILED because (of) Unable to click on object 'Object Repository/Header-Footer/Header buttons/Language_Button_PL' (Root cause: org.openqa.selenium.WebDriverException: unknown error: Element <a href="https://www.route-report.com/pl/report-search-set/report-search-route-report/" class="lang_item_l hfg-pl-PL" data-language="pl-PL"></a> is not clickable at point (1437, 19). Other element would receive the click: <div id="body_fail_server" class="body_fail_server">...</div>
  (Session info: chrome=65.0.3325.181)
  (Driver info: chromedriver=2.35.528161 (5b82f2d2aae0ca24b877009200ced9065a772e73),platform=Windows NT 6.3.9600 x86_64) (WARNING: The server did not provide any stacktrace information)
Command duration or timeout: 0 milliseconds
Build info: version: '3.7.1', revision: '8a0099a', time: '2017-11-06T21:07:36.161Z'
System info: host: 'BRAINPC', ip: '10.1.2.105', os.name: 'Windows 8.1', os.arch: 'amd64', os.version: '6.3', java.version: '1.8.0_102'
Driver info: com.kms.katalon.selenium.driver.CChromeDriver
Capabilities {acceptInsecureCerts: false, acceptSslCerts: false, applicationCacheEnabled: false, browserConnectionEnabled: false, browserName: chrome, chrome: {chromedriverVersion: 2.35.528161 (5b82f2d2aae0ca..., userDataDir: C:\Users\user\AppData\Local...}, cssSelectorsEnabled: true, databaseEnabled: false, handlesAlerts: true, hasTouchScreen: false, javascriptEnabled: true, locationContextEnabled: true, mobileEmulationEnabled: false, nativeEvents: true, networkConnectionEnabled: false, pageLoadStrategy: normal, platform: XP, platformName: XP, rotatable: false, setWindowRect: true, takesHeapSnapshot: true, takesScreenshot: true, unexpectedAlertBehaviour: , unhandledPromptBehavior: , version: 65.0.3325.181, webStorageEnabled: true}
Session ID: ae416bc6880dd15379df333699f2f90c)

2018-03-27 11:53:29 - [TEST_STEP][PASSED] - openBrowser: Browser is opened with url: ''

2018-03-27 11:53:31 - [MESSAGE][PASSED] - Browser is opened with url: ''

2018-03-27 11:53:31 - [TEST_STEP][PASSED] - navigateToUrl: Navigate to 'https://www.route-report.com/' successfully

2018-03-27 11:53:34 - [MESSAGE][PASSED] - Navigate to 'https://www.route-report.com/' successfully

2018-03-27 11:53:34 - [TEST_STEP][PASSED] - maximizeWindow: Current window maximized

2018-03-27 11:53:35 - [MESSAGE][PASSED] - Current window maximized

2018-03-27 11:53:35 - [TEST_STEP][PASSED] - click: Object: 'Object Repository/Header-Footer/Header buttons/Header_Button_Search report' is clicked on

2018-03-27 11:53:39 - [MESSAGE][PASSED] - Object: 'Object Repository/Header-Footer/Header buttons/Header_Button_Search report' is clicked on

2018-03-27 11:53:39 - [TEST_STEP][PASSED] - waitForElementPresent: Object 'Object Repository/Header-Footer/Ver_Buttons/ver_Search block' is not present after 2 second(s)

2018-03-27 11:53:41 - [MESSAGE][WARNING] - Object 'Object Repository/Header-Footer/Ver_Buttons/ver_Search block' is not present after 2 second(s)

2018-03-27 11:53:41 - [TEST_STEP][PASSED] - click: Object: 'Object Repository/Header-Footer/Header buttons/Language_Button_DE' is clicked on

2018-03-27 11:53:43 - [MESSAGE][PASSED] - Object: 'Object Repository/Header-Footer/Header buttons/Language_Button_DE' is clicked on

2018-03-27 11:53:43 - [TEST_STEP][PASSED] - waitForElementPresent: Object 'Object Repository/Header-Footer/Header buttons/Header_Button_Create a report' is not present after 2 second(s)

2018-03-27 11:53:45 - [MESSAGE][WARNING] - Object 'Object Repository/Header-Footer/Header buttons/Header_Button_Create a report' is not present after 2 second(s)

2018-03-27 11:53:45 - [TEST_STEP][PASSED] - verifyElementText: Actual text and expected text of test object 'Object Repository/Header-Footer/Header buttons/Header_Button_About us' are matched.

2018-03-27 11:53:46 - [MESSAGE][PASSED] - Actual text and expected text of test object 'Object Repository/Header-Footer/Header buttons/Header_Button_About us' are matched.

2018-03-27 11:53:46 - [TEST_STEP][PASSED] - click: Object: 'Object Repository/Header-Footer/Header buttons/Language_Button_RU' is clicked on

2018-03-27 11:53:47 - [MESSAGE][PASSED] - Object: 'Object Repository/Header-Footer/Header buttons/Language_Button_RU' is clicked on

2018-03-27 11:53:47 - [TEST_STEP][PASSED] - waitForElementPresent: Object 'Object Repository/Header-Footer/Header buttons/Header_Button_Create a report' is not present after 2 second(s)

2018-03-27 11:53:49 - [MESSAGE][WARNING] - Object 'Object Repository/Header-Footer/Header buttons/Header_Button_Create a report' is not present after 2 second(s)

2018-03-27 11:53:49 - [TEST_STEP][PASSED] - verifyElementText: Actual text and expected text of test object 'Object Repository/Header-Footer/Header buttons/Header_Button_About us' are matched.

2018-03-27 11:53:50 - [MESSAGE][PASSED] - Actual text and expected text of test object 'Object Repository/Header-Footer/Header buttons/Header_Button_About us' are matched.

2018-03-27 11:53:50 - [TEST_STEP][PASSED] - click: Object: 'Object Repository/Header-Footer/Header buttons/Language_Button_FR' is clicked on

2018-03-27 11:53:51 - [MESSAGE][PASSED] - Object: 'Object Repository/Header-Footer/Header buttons/Language_Button_FR' is clicked on

2018-03-27 11:53:52 - [TEST_STEP][PASSED] - waitForElementPresent: Object 'Object Repository/Header-Footer/Header buttons/Header_Button_Create a report' is not present after 2 second(s)

2018-03-27 11:53:54 - [MESSAGE][WARNING] - Object 'Object Repository/Header-Footer/Header buttons/Header_Button_Create a report' is not present after 2 second(s)

2018-03-27 11:53:54 - [TEST_STEP][PASSED] - verifyElementText: Actual text and expected text of test object 'Object Repository/Header-Footer/Header buttons/Header_Button_About us' are matched.

2018-03-27 11:53:55 - [MESSAGE][PASSED] - Actual text and expected text of test object 'Object Repository/Header-Footer/Header buttons/Header_Button_About us' are matched.

2018-03-27 11:53:55 - [TEST_STEP][PASSED] - click: Object: 'Object Repository/Header-Footer/Header buttons/Language_Button_ES' is clicked on

2018-03-27 11:53:56 - [MESSAGE][PASSED] - Object: 'Object Repository/Header-Footer/Header buttons/Language_Button_ES' is clicked on

2018-03-27 11:53:56 - [TEST_STEP][PASSED] - waitForElementPresent: Object 'Object Repository/Header-Footer/Header buttons/Header_Button_Create a report' is not present after 2 second(s)

2018-03-27 11:53:58 - [MESSAGE][WARNING] - Object 'Object Repository/Header-Footer/Header buttons/Header_Button_Create a report' is not present after 2 second(s)

2018-03-27 11:53:58 - [TEST_STEP][PASSED] - verifyElementText: Actual text and expected text of test object 'Object Repository/Header-Footer/Header buttons/Header_Button_About us' are matched.

2018-03-27 11:53:59 - [MESSAGE][PASSED] - Actual text and expected text of test object 'Object Repository/Header-Footer/Header buttons/Header_Button_About us' are matched.

2018-03-27 11:53:59 - [TEST_STEP][PASSED] - click: Object: 'Object Repository/Header-Footer/Header buttons/Language_Button_IT' is clicked on

2018-03-27 11:54:01 - [MESSAGE][PASSED] - Object: 'Object Repository/Header-Footer/Header buttons/Language_Button_IT' is clicked on

2018-03-27 11:54:01 - [TEST_STEP][PASSED] - waitForElementPresent: Object 'Object Repository/Header-Footer/Header buttons/Header_Button_Create a report' is not present after 2 second(s)

2018-03-27 11:54:03 - [MESSAGE][WARNING] - Object 'Object Repository/Header-Footer/Header buttons/Header_Button_Create a report' is not present after 2 second(s)

2018-03-27 11:54:03 - [TEST_STEP][PASSED] - verifyElementText: Actual text and expected text of test object 'Object Repository/Header-Footer/Header buttons/Header_Button_About us' are matched.

2018-03-27 11:54:03 - [MESSAGE][PASSED] - Actual text and expected text of test object 'Object Repository/Header-Footer/Header buttons/Header_Button_About us' are matched.

2018-03-27 11:54:03 - [TEST_STEP][FAILED] - click: Unable to click on object 'Object Repository/Header-Footer/Header buttons/Language_Button_PL' (Root cause: org.openqa.selenium.WebDriverException: unknown error: Element <a href="https://www.route-report.com/pl/report-search-set/report-search-route-report/" class="lang_item_l hfg-pl-PL" data-language="pl-PL"></a> is not clickable at point (1437, 19). Other element would receive the click: <div id="body_fail_server" class="body_fail_server">...</div>
  (Session info: chrome=65.0.3325.181)
  (Driver info: chromedriver=2.35.528161 (5b82f2d2aae0ca24b877009200ced9065a772e73),platform=Windows NT 6.3.9600 x86_64) (WARNING: The server did not provide any stacktrace information)
Command duration or timeout: 0 milliseconds
Build info: version: '3.7.1', revision: '8a0099a', time: '2017-11-06T21:07:36.161Z'
System info: host: 'BRAINPC', ip: '10.1.2.105', os.name: 'Windows 8.1', os.arch: 'amd64', os.version: '6.3', java.version: '1.8.0_102'
Driver info: com.kms.katalon.selenium.driver.CChromeDriver
Capabilities {acceptInsecureCerts: false, acceptSslCerts: false, applicationCacheEnabled: false, browserConnectionEnabled: false, browserName: chrome, chrome: {chromedriverVersion: 2.35.528161 (5b82f2d2aae0ca..., userDataDir: C:\Users\user\AppData\Local...}, cssSelectorsEnabled: true, databaseEnabled: false, handlesAlerts: true, hasTouchScreen: false, javascriptEnabled: true, locationContextEnabled: true, mobileEmulationEnabled: false, nativeEvents: true, networkConnectionEnabled: false, pageLoadStrategy: normal, platform: XP, platformName: XP, rotatable: false, setWindowRect: true, takesHeapSnapshot: true, takesScreenshot: true, unexpectedAlertBehaviour: , unhandledPromptBehavior: , version: 65.0.3325.181, webStorageEnabled: true}
Session ID: ae416bc6880dd15379df333699f2f90c)

2018-03-27 11:54:04 - [MESSAGE][FAILED] - Unable to click on object 'Object Repository/Header-Footer/Header buttons/Language_Button_PL' (Root cause: org.openqa.selenium.WebDriverException: unknown error: Element <a href="https://www.route-report.com/pl/report-search-set/report-search-route-report/" class="lang_item_l hfg-pl-PL" data-language="pl-PL"></a> is not clickable at point (1437, 19). Other element would receive the click: <div id="body_fail_server" class="body_fail_server">...</div>
  (Session info: chrome=65.0.3325.181)
  (Driver info: chromedriver=2.35.528161 (5b82f2d2aae0ca24b877009200ced9065a772e73),platform=Windows NT 6.3.9600 x86_64) (WARNING: The server did not provide any stacktrace information)
Command duration or timeout: 0 milliseconds
Build info: version: '3.7.1', revision: '8a0099a', time: '2017-11-06T21:07:36.161Z'
System info: host: 'BRAINPC', ip: '10.1.2.105', os.name: 'Windows 8.1', os.arch: 'amd64', os.version: '6.3', java.version: '1.8.0_102'
Driver info: com.kms.katalon.selenium.driver.CChromeDriver
Capabilities {acceptInsecureCerts: false, acceptSslCerts: false, applicationCacheEnabled: false, browserConnectionEnabled: false, browserName: chrome, chrome: {chromedriverVersion: 2.35.528161 (5b82f2d2aae0ca..., userDataDir: C:\Users\user\AppData\Local...}, cssSelectorsEnabled: true, databaseEnabled: false, handlesAlerts: true, hasTouchScreen: false, javascriptEnabled: true, locationContextEnabled: true, mobileEmulationEnabled: false, nativeEvents: true, networkConnectionEnabled: false, pageLoadStrategy: normal, platform: XP, platformName: XP, rotatable: false, setWindowRect: true, takesHeapSnapshot: true, takesScreenshot: true, unexpectedAlertBehaviour: , unhandledPromptBehavior: , version: 65.0.3325.181, webStorageEnabled: true}
Session ID: ae416bc6880dd15379df333699f2f90c)
[[ATTACHMENT|C:\\Users\\user\\Katalon Studio\\Route_report_WEB\\Reports\\Language_test_cases\\20180327_114938\\1522140844084.png]]]]></system-out>
         <system-err><![CDATA[2018-03-27 11:53:28 - [TEST_CASE][FAILED] - Test Cases/Language_test_cases/Language_Change_Search: Test Cases/Language_test_cases/Language_Change_Search FAILED because (of) Unable to click on object 'Object Repository/Header-Footer/Header buttons/Language_Button_PL' (Root cause: org.openqa.selenium.WebDriverException: unknown error: Element <a href="https://www.route-report.com/pl/report-search-set/report-search-route-report/" class="lang_item_l hfg-pl-PL" data-language="pl-PL"></a> is not clickable at point (1437, 19). Other element would receive the click: <div id="body_fail_server" class="body_fail_server">...</div>
  (Session info: chrome=65.0.3325.181)
  (Driver info: chromedriver=2.35.528161 (5b82f2d2aae0ca24b877009200ced9065a772e73),platform=Windows NT 6.3.9600 x86_64) (WARNING: The server did not provide any stacktrace information)
Command duration or timeout: 0 milliseconds
Build info: version: '3.7.1', revision: '8a0099a', time: '2017-11-06T21:07:36.161Z'
System info: host: 'BRAINPC', ip: '10.1.2.105', os.name: 'Windows 8.1', os.arch: 'amd64', os.version: '6.3', java.version: '1.8.0_102'
Driver info: com.kms.katalon.selenium.driver.CChromeDriver
Capabilities {acceptInsecureCerts: false, acceptSslCerts: false, applicationCacheEnabled: false, browserConnectionEnabled: false, browserName: chrome, chrome: {chromedriverVersion: 2.35.528161 (5b82f2d2aae0ca..., userDataDir: C:\Users\user\AppData\Local...}, cssSelectorsEnabled: true, databaseEnabled: false, handlesAlerts: true, hasTouchScreen: false, javascriptEnabled: true, locationContextEnabled: true, mobileEmulationEnabled: false, nativeEvents: true, networkConnectionEnabled: false, pageLoadStrategy: normal, platform: XP, platformName: XP, rotatable: false, setWindowRect: true, takesHeapSnapshot: true, takesScreenshot: true, unexpectedAlertBehaviour: , unhandledPromptBehavior: , version: 65.0.3325.181, webStorageEnabled: true}
Session ID: ae416bc6880dd15379df333699f2f90c)]]></system-err>
      </testcase>
      <testcase name="Test Cases/Language_test_cases/Language_Change_Account" classname="Test Cases/Language_test_cases/Language_Change_Account" status="FAILED">
         <failure type="FAILED" message="Unable to click on object 'Object Repository/Header-Footer/Header buttons/Language_Button_DE' (Root cause: org.openqa.selenium.WebDriverException: unknown error: Element &lt;a href=&quot;https://www.route-report.com/de/personal-cabinet/&quot; class=&quot;lang_item_l hfg-de-DE&quot; data-language=&quot;de-DE&quot;>&lt;/a> is not clickable at point (1277, 19). Other element would receive the click: &lt;div class=&quot;srm_loading&quot;>...&lt;/div>
  (Session info: chrome=65.0.3325.181)
  (Driver info: chromedriver=2.35.528161 (5b82f2d2aae0ca24b877009200ced9065a772e73),platform=Windows NT 6.3.9600 x86_64) (WARNING: The server did not provide any stacktrace information)
Command duration or timeout: 0 milliseconds
Build info: version: '3.7.1', revision: '8a0099a', time: '2017-11-06T21:07:36.161Z'
System info: host: 'BRAINPC', ip: '10.1.2.105', os.name: 'Windows 8.1', os.arch: 'amd64', os.version: '6.3', java.version: '1.8.0_102'
Driver info: com.kms.katalon.selenium.driver.CChromeDriver
Capabilities {acceptInsecureCerts: false, acceptSslCerts: false, applicationCacheEnabled: false, browserConnectionEnabled: false, browserName: chrome, chrome: {chromedriverVersion: 2.35.528161 (5b82f2d2aae0ca..., userDataDir: C:\Users\user\AppData\Local...}, cssSelectorsEnabled: true, databaseEnabled: false, handlesAlerts: true, hasTouchScreen: false, javascriptEnabled: true, locationContextEnabled: true, mobileEmulationEnabled: false, nativeEvents: true, networkConnectionEnabled: false, pageLoadStrategy: normal, platform: XP, platformName: XP, rotatable: false, setWindowRect: true, takesHeapSnapshot: true, takesScreenshot: true, unexpectedAlertBehaviour: , unhandledPromptBehavior: , version: 65.0.3325.181, webStorageEnabled: true}
Session ID: 0ffe9eb6afcee4a87401db67bec3ce92)"/>
         <system-out><![CDATA[2018-03-27 11:54:04 - [TEST_CASE][FAILED] - Test Cases/Language_test_cases/Language_Change_Account: Test Cases/Language_test_cases/Language_Change_Account FAILED because (of) Unable to click on object 'Object Repository/Header-Footer/Header buttons/Language_Button_DE' (Root cause: org.openqa.selenium.WebDriverException: unknown error: Element <a href="https://www.route-report.com/de/personal-cabinet/" class="lang_item_l hfg-de-DE" data-language="de-DE"></a> is not clickable at point (1277, 19). Other element would receive the click: <div class="srm_loading">...</div>
  (Session info: chrome=65.0.3325.181)
  (Driver info: chromedriver=2.35.528161 (5b82f2d2aae0ca24b877009200ced9065a772e73),platform=Windows NT 6.3.9600 x86_64) (WARNING: The server did not provide any stacktrace information)
Command duration or timeout: 0 milliseconds
Build info: version: '3.7.1', revision: '8a0099a', time: '2017-11-06T21:07:36.161Z'
System info: host: 'BRAINPC', ip: '10.1.2.105', os.name: 'Windows 8.1', os.arch: 'amd64', os.version: '6.3', java.version: '1.8.0_102'
Driver info: com.kms.katalon.selenium.driver.CChromeDriver
Capabilities {acceptInsecureCerts: false, acceptSslCerts: false, applicationCacheEnabled: false, browserConnectionEnabled: false, browserName: chrome, chrome: {chromedriverVersion: 2.35.528161 (5b82f2d2aae0ca..., userDataDir: C:\Users\user\AppData\Local...}, cssSelectorsEnabled: true, databaseEnabled: false, handlesAlerts: true, hasTouchScreen: false, javascriptEnabled: true, locationContextEnabled: true, mobileEmulationEnabled: false, nativeEvents: true, networkConnectionEnabled: false, pageLoadStrategy: normal, platform: XP, platformName: XP, rotatable: false, setWindowRect: true, takesHeapSnapshot: true, takesScreenshot: true, unexpectedAlertBehaviour: , unhandledPromptBehavior: , version: 65.0.3325.181, webStorageEnabled: true}
Session ID: 0ffe9eb6afcee4a87401db67bec3ce92)

2018-03-27 11:54:04 - [TEST_STEP][PASSED] - openBrowser: Browser is opened with url: ''

2018-03-27 11:54:04 - [MESSAGE][WARNING] - A browser is already opened. Closing browser and opening a new one

2018-03-27 11:54:07 - [MESSAGE][PASSED] - Browser is opened with url: ''

2018-03-27 11:54:07 - [TEST_STEP][PASSED] - navigateToUrl: Navigate to 'https://www.route-report.com/' successfully

2018-03-27 11:54:11 - [MESSAGE][PASSED] - Navigate to 'https://www.route-report.com/' successfully

2018-03-27 11:54:11 - [TEST_STEP][PASSED] - maximizeWindow: Current window maximized

2018-03-27 11:54:12 - [MESSAGE][PASSED] - Current window maximized

2018-03-27 11:54:12 - [TEST_STEP][PASSED] - click: Object: 'Object Repository/Login_registration/span_Login' is clicked on

2018-03-27 11:54:12 - [MESSAGE][PASSED] - Object: 'Object Repository/Login_registration/span_Login' is clicked on

2018-03-27 11:54:12 - [TEST_STEP][PASSED] - setText: Text 'rostyslav.biliaiev@route-report.com' is set on object 'Object Repository/Login_registration/input_in_login'

2018-03-27 11:54:13 - [MESSAGE][PASSED] - Text 'rostyslav.biliaiev@route-report.com' is set on object 'Object Repository/Login_registration/input_in_login'

2018-03-27 11:54:13 - [TEST_STEP][PASSED] - setText: Text '111111' is set on object 'Object Repository/Login_registration/input_in_password'

2018-03-27 11:54:13 - [MESSAGE][PASSED] - Text '111111' is set on object 'Object Repository/Login_registration/input_in_password'

2018-03-27 11:54:13 - [TEST_STEP][PASSED] - click: Object: 'Object Repository/Login_registration/button_LOG IN' is clicked on

2018-03-27 11:54:13 - [MESSAGE][PASSED] - Object: 'Object Repository/Login_registration/button_LOG IN' is clicked on

2018-03-27 11:54:13 - [TEST_STEP][PASSED] - verifyElementPresent: Object 'Object Repository/Login_registration/span_My spoken languages' is present

2018-03-27 11:54:21 - [MESSAGE][PASSED] - Object 'Object Repository/Login_registration/span_My spoken languages' is present

2018-03-27 11:54:21 - [TEST_STEP][FAILED] - click: Unable to click on object 'Object Repository/Header-Footer/Header buttons/Language_Button_DE' (Root cause: org.openqa.selenium.WebDriverException: unknown error: Element <a href="https://www.route-report.com/de/personal-cabinet/" class="lang_item_l hfg-de-DE" data-language="de-DE"></a> is not clickable at point (1277, 19). Other element would receive the click: <div class="srm_loading">...</div>
  (Session info: chrome=65.0.3325.181)
  (Driver info: chromedriver=2.35.528161 (5b82f2d2aae0ca24b877009200ced9065a772e73),platform=Windows NT 6.3.9600 x86_64) (WARNING: The server did not provide any stacktrace information)
Command duration or timeout: 0 milliseconds
Build info: version: '3.7.1', revision: '8a0099a', time: '2017-11-06T21:07:36.161Z'
System info: host: 'BRAINPC', ip: '10.1.2.105', os.name: 'Windows 8.1', os.arch: 'amd64', os.version: '6.3', java.version: '1.8.0_102'
Driver info: com.kms.katalon.selenium.driver.CChromeDriver
Capabilities {acceptInsecureCerts: false, acceptSslCerts: false, applicationCacheEnabled: false, browserConnectionEnabled: false, browserName: chrome, chrome: {chromedriverVersion: 2.35.528161 (5b82f2d2aae0ca..., userDataDir: C:\Users\user\AppData\Local...}, cssSelectorsEnabled: true, databaseEnabled: false, handlesAlerts: true, hasTouchScreen: false, javascriptEnabled: true, locationContextEnabled: true, mobileEmulationEnabled: false, nativeEvents: true, networkConnectionEnabled: false, pageLoadStrategy: normal, platform: XP, platformName: XP, rotatable: false, setWindowRect: true, takesHeapSnapshot: true, takesScreenshot: true, unexpectedAlertBehaviour: , unhandledPromptBehavior: , version: 65.0.3325.181, webStorageEnabled: true}
Session ID: 0ffe9eb6afcee4a87401db67bec3ce92)

2018-03-27 11:54:22 - [MESSAGE][FAILED] - Unable to click on object 'Object Repository/Header-Footer/Header buttons/Language_Button_DE' (Root cause: org.openqa.selenium.WebDriverException: unknown error: Element <a href="https://www.route-report.com/de/personal-cabinet/" class="lang_item_l hfg-de-DE" data-language="de-DE"></a> is not clickable at point (1277, 19). Other element would receive the click: <div class="srm_loading">...</div>
  (Session info: chrome=65.0.3325.181)
  (Driver info: chromedriver=2.35.528161 (5b82f2d2aae0ca24b877009200ced9065a772e73),platform=Windows NT 6.3.9600 x86_64) (WARNING: The server did not provide any stacktrace information)
Command duration or timeout: 0 milliseconds
Build info: version: '3.7.1', revision: '8a0099a', time: '2017-11-06T21:07:36.161Z'
System info: host: 'BRAINPC', ip: '10.1.2.105', os.name: 'Windows 8.1', os.arch: 'amd64', os.version: '6.3', java.version: '1.8.0_102'
Driver info: com.kms.katalon.selenium.driver.CChromeDriver
Capabilities {acceptInsecureCerts: false, acceptSslCerts: false, applicationCacheEnabled: false, browserConnectionEnabled: false, browserName: chrome, chrome: {chromedriverVersion: 2.35.528161 (5b82f2d2aae0ca..., userDataDir: C:\Users\user\AppData\Local...}, cssSelectorsEnabled: true, databaseEnabled: false, handlesAlerts: true, hasTouchScreen: false, javascriptEnabled: true, locationContextEnabled: true, mobileEmulationEnabled: false, nativeEvents: true, networkConnectionEnabled: false, pageLoadStrategy: normal, platform: XP, platformName: XP, rotatable: false, setWindowRect: true, takesHeapSnapshot: true, takesScreenshot: true, unexpectedAlertBehaviour: , unhandledPromptBehavior: , version: 65.0.3325.181, webStorageEnabled: true}
Session ID: 0ffe9eb6afcee4a87401db67bec3ce92)
[[ATTACHMENT|C:\\Users\\user\\Katalon Studio\\Route_report_WEB\\Reports\\Language_test_cases\\20180327_114938\\1522140861651.png]]]]></system-out>
         <system-err><![CDATA[2018-03-27 11:54:04 - [TEST_CASE][FAILED] - Test Cases/Language_test_cases/Language_Change_Account: Test Cases/Language_test_cases/Language_Change_Account FAILED because (of) Unable to click on object 'Object Repository/Header-Footer/Header buttons/Language_Button_DE' (Root cause: org.openqa.selenium.WebDriverException: unknown error: Element <a href="https://www.route-report.com/de/personal-cabinet/" class="lang_item_l hfg-de-DE" data-language="de-DE"></a> is not clickable at point (1277, 19). Other element would receive the click: <div class="srm_loading">...</div>
  (Session info: chrome=65.0.3325.181)
  (Driver info: chromedriver=2.35.528161 (5b82f2d2aae0ca24b877009200ced9065a772e73),platform=Windows NT 6.3.9600 x86_64) (WARNING: The server did not provide any stacktrace information)
Command duration or timeout: 0 milliseconds
Build info: version: '3.7.1', revision: '8a0099a', time: '2017-11-06T21:07:36.161Z'
System info: host: 'BRAINPC', ip: '10.1.2.105', os.name: 'Windows 8.1', os.arch: 'amd64', os.version: '6.3', java.version: '1.8.0_102'
Driver info: com.kms.katalon.selenium.driver.CChromeDriver
Capabilities {acceptInsecureCerts: false, acceptSslCerts: false, applicationCacheEnabled: false, browserConnectionEnabled: false, browserName: chrome, chrome: {chromedriverVersion: 2.35.528161 (5b82f2d2aae0ca..., userDataDir: C:\Users\user\AppData\Local...}, cssSelectorsEnabled: true, databaseEnabled: false, handlesAlerts: true, hasTouchScreen: false, javascriptEnabled: true, locationContextEnabled: true, mobileEmulationEnabled: false, nativeEvents: true, networkConnectionEnabled: false, pageLoadStrategy: normal, platform: XP, platformName: XP, rotatable: false, setWindowRect: true, takesHeapSnapshot: true, takesScreenshot: true, unexpectedAlertBehaviour: , unhandledPromptBehavior: , version: 65.0.3325.181, webStorageEnabled: true}
Session ID: 0ffe9eb6afcee4a87401db67bec3ce92)]]></system-err>
      </testcase>
      <testcase name="Test Cases/Language_test_cases/Language_change_report_Detail_page" classname="Test Cases/Language_test_cases/Language_change_report_Detail_page" status="PASSED">
         <system-out><![CDATA[2018-03-27 11:54:22 - [TEST_CASE][PASSED] - Test Cases/Language_test_cases/Language_change_report_Detail_page: Test Cases/Language_test_cases/Language_change_report_Detail_page

2018-03-27 11:54:22 - [TEST_STEP][PASSED] - openBrowser: Browser is opened with url: ''

2018-03-27 11:54:22 - [MESSAGE][WARNING] - A browser is already opened. Closing browser and opening a new one

2018-03-27 11:54:25 - [MESSAGE][PASSED] - Browser is opened with url: ''

2018-03-27 11:54:25 - [TEST_STEP][PASSED] - navigateToUrl: Navigate to 'https://www.route-report.com/' successfully

2018-03-27 11:54:29 - [MESSAGE][PASSED] - Navigate to 'https://www.route-report.com/' successfully

2018-03-27 11:54:29 - [TEST_STEP][PASSED] - maximizeWindow: Current window maximized

2018-03-27 11:54:31 - [MESSAGE][PASSED] - Current window maximized

2018-03-27 11:54:31 - [TEST_STEP][PASSED] - click: Object: 'Object Repository/Header-Footer/Header buttons/Header_Button__Authors' is clicked on

2018-03-27 11:54:33 - [MESSAGE][PASSED] - Object: 'Object Repository/Header-Footer/Header buttons/Header_Button__Authors' is clicked on

2018-03-27 11:54:33 - [TEST_STEP][PASSED] - waitForElementPresent: Object 'Object Repository/Header-Footer/Ver_Buttons/ver_block_TOP AUTHORS' is present

2018-03-27 11:54:33 - [MESSAGE][PASSED] - Object 'Object Repository/Header-Footer/Ver_Buttons/ver_block_TOP AUTHORS' is present

2018-03-27 11:54:33 - [TEST_STEP][PASSED] - click: Object: 'Object Repository/Search_Authors/link_Ana Maria Diez Venezuela01' is clicked on

2018-03-27 11:54:33 - [MESSAGE][PASSED] - Object: 'Object Repository/Search_Authors/link_Ana Maria Diez Venezuela01' is clicked on

2018-03-27 11:54:33 - [TEST_STEP][PASSED] - switchToWindowIndex: Switched to window with index: '1'

2018-03-27 11:54:33 - [MESSAGE][PASSED] - Switched to window with index: '1'

2018-03-27 11:54:33 - [TEST_STEP][PASSED] - waitForElementPresent: Object 'Object Repository/Header-Footer/Ver_Buttons/ver_Authors_page' is present

2018-03-27 11:54:40 - [MESSAGE][PASSED] - Object 'Object Repository/Header-Footer/Ver_Buttons/ver_Authors_page' is present

2018-03-27 11:54:40 - [TEST_STEP][PASSED] - click: Object: 'Object Repository/Header-Footer/link-details detail' is clicked on

2018-03-27 11:54:40 - [MESSAGE][PASSED] - Object: 'Object Repository/Header-Footer/link-details detail' is clicked on

2018-03-27 11:54:40 - [TEST_STEP][PASSED] - switchToWindowIndex: Switched to window with index: '2'

2018-03-27 11:54:40 - [MESSAGE][PASSED] - Switched to window with index: '2'

2018-03-27 11:54:40 - [TEST_STEP][PASSED] - waitForElementPresent: Object 'Object Repository/Header-Footer/Ver_Buttons/ver_detail_report_page' is present

2018-03-27 11:54:40 - [MESSAGE][WARNING] - Timeout '0' is invalid. Using default page load timeout: '30'

2018-03-27 11:54:43 - [MESSAGE][PASSED] - Object 'Object Repository/Header-Footer/Ver_Buttons/ver_detail_report_page' is present

2018-03-27 11:54:43 - [TEST_STEP][PASSED] - click: Object: 'Object Repository/Header-Footer/Header buttons/Language_Button_DE' is clicked on

2018-03-27 11:54:47 - [MESSAGE][PASSED] - Object: 'Object Repository/Header-Footer/Header buttons/Language_Button_DE' is clicked on

2018-03-27 11:54:47 - [TEST_STEP][PASSED] - waitForElementPresent: Object 'Object Repository/Header-Footer/Header buttons/Header_Button_Create a report' is not present after 2 second(s)

2018-03-27 11:54:49 - [MESSAGE][WARNING] - Object 'Object Repository/Header-Footer/Header buttons/Header_Button_Create a report' is not present after 2 second(s)

2018-03-27 11:54:49 - [TEST_STEP][PASSED] - verifyElementText: Actual text and expected text of test object 'Object Repository/Header-Footer/Header buttons/Header_Button_About us' are matched.

2018-03-27 11:54:49 - [MESSAGE][PASSED] - Actual text and expected text of test object 'Object Repository/Header-Footer/Header buttons/Header_Button_About us' are matched.

2018-03-27 11:54:49 - [TEST_STEP][PASSED] - click: Object: 'Object Repository/Header-Footer/Header buttons/Language_Button_RU' is clicked on

2018-03-27 11:54:52 - [MESSAGE][PASSED] - Object: 'Object Repository/Header-Footer/Header buttons/Language_Button_RU' is clicked on

2018-03-27 11:54:52 - [TEST_STEP][PASSED] - waitForElementPresent: Object 'Object Repository/Header-Footer/Header buttons/Header_Button_Create a report' is not present after 2 second(s)

2018-03-27 11:54:54 - [MESSAGE][WARNING] - Object 'Object Repository/Header-Footer/Header buttons/Header_Button_Create a report' is not present after 2 second(s)

2018-03-27 11:54:54 - [TEST_STEP][PASSED] - verifyElementText: Actual text and expected text of test object 'Object Repository/Header-Footer/Header buttons/Header_Button_About us' are matched.

2018-03-27 11:54:54 - [MESSAGE][PASSED] - Actual text and expected text of test object 'Object Repository/Header-Footer/Header buttons/Header_Button_About us' are matched.

2018-03-27 11:54:54 - [TEST_STEP][PASSED] - click: Object: 'Object Repository/Header-Footer/Header buttons/Language_Button_FR' is clicked on

2018-03-27 11:54:57 - [MESSAGE][PASSED] - Object: 'Object Repository/Header-Footer/Header buttons/Language_Button_FR' is clicked on

2018-03-27 11:54:57 - [TEST_STEP][PASSED] - waitForElementPresent: Object 'Object Repository/Header-Footer/Header buttons/Header_Button_Create a report' is not present after 3 second(s)

2018-03-27 11:55:00 - [MESSAGE][WARNING] - Object 'Object Repository/Header-Footer/Header buttons/Header_Button_Create a report' is not present after 3 second(s)

2018-03-27 11:55:00 - [TEST_STEP][PASSED] - verifyElementText: Actual text and expected text of test object 'Object Repository/Header-Footer/Header buttons/Header_Button_About us' are matched.

2018-03-27 11:55:00 - [MESSAGE][PASSED] - Actual text and expected text of test object 'Object Repository/Header-Footer/Header buttons/Header_Button_About us' are matched.

2018-03-27 11:55:00 - [TEST_STEP][PASSED] - click: Object: 'Object Repository/Header-Footer/Header buttons/Language_Button_ES' is clicked on

2018-03-27 11:55:03 - [MESSAGE][PASSED] - Object: 'Object Repository/Header-Footer/Header buttons/Language_Button_ES' is clicked on

2018-03-27 11:55:03 - [TEST_STEP][PASSED] - waitForElementPresent: Object 'Object Repository/Header-Footer/Header buttons/Header_Button_Create a report' is not present after 3 second(s)

2018-03-27 11:55:06 - [MESSAGE][WARNING] - Object 'Object Repository/Header-Footer/Header buttons/Header_Button_Create a report' is not present after 3 second(s)

2018-03-27 11:55:06 - [TEST_STEP][PASSED] - verifyElementText: Actual text and expected text of test object 'Object Repository/Header-Footer/Header buttons/Header_Button_About us' are matched.

2018-03-27 11:55:06 - [MESSAGE][PASSED] - Actual text and expected text of test object 'Object Repository/Header-Footer/Header buttons/Header_Button_About us' are matched.

2018-03-27 11:55:06 - [TEST_STEP][PASSED] - click: Object: 'Object Repository/Header-Footer/Header buttons/Language_Button_IT' is clicked on

2018-03-27 11:55:10 - [MESSAGE][PASSED] - Object: 'Object Repository/Header-Footer/Header buttons/Language_Button_IT' is clicked on

2018-03-27 11:55:10 - [TEST_STEP][PASSED] - waitForElementPresent: Object 'Object Repository/Header-Footer/Header buttons/Header_Button_Create a report' is not present after 2 second(s)

2018-03-27 11:55:12 - [MESSAGE][WARNING] - Object 'Object Repository/Header-Footer/Header buttons/Header_Button_Create a report' is not present after 2 second(s)

2018-03-27 11:55:12 - [TEST_STEP][PASSED] - verifyElementText: Actual text and expected text of test object 'Object Repository/Header-Footer/Header buttons/Header_Button_About us' are matched.

2018-03-27 11:55:12 - [MESSAGE][PASSED] - Actual text and expected text of test object 'Object Repository/Header-Footer/Header buttons/Header_Button_About us' are matched.

2018-03-27 11:55:12 - [TEST_STEP][PASSED] - click: Object: 'Object Repository/Header-Footer/Header buttons/Language_Button_PL' is clicked on

2018-03-27 11:55:15 - [MESSAGE][PASSED] - Object: 'Object Repository/Header-Footer/Header buttons/Language_Button_PL' is clicked on

2018-03-27 11:55:15 - [TEST_STEP][PASSED] - waitForElementPresent: Object 'Object Repository/Header-Footer/Header buttons/Header_Button_Create a report' is not present after 2 second(s)

2018-03-27 11:55:17 - [MESSAGE][WARNING] - Object 'Object Repository/Header-Footer/Header buttons/Header_Button_Create a report' is not present after 2 second(s)

2018-03-27 11:55:17 - [TEST_STEP][PASSED] - verifyElementText: Actual text and expected text of test object 'Object Repository/Header-Footer/Header buttons/Header_Button_About us' are matched.

2018-03-27 11:55:18 - [MESSAGE][PASSED] - Actual text and expected text of test object 'Object Repository/Header-Footer/Header buttons/Header_Button_About us' are matched.

2018-03-27 11:55:18 - [TEST_STEP][PASSED] - click: Object: 'Object Repository/Header-Footer/Header buttons/Language_Button_EN' is clicked on

2018-03-27 11:55:21 - [MESSAGE][PASSED] - Object: 'Object Repository/Header-Footer/Header buttons/Language_Button_EN' is clicked on

2018-03-27 11:55:21 - [TEST_STEP][PASSED] - waitForElementPresent: Object 'Object Repository/Header-Footer/Header buttons/Header_Button_Create a report' is present

2018-03-27 11:55:21 - [MESSAGE][PASSED] - Object 'Object Repository/Header-Footer/Header buttons/Header_Button_Create a report' is present

2018-03-27 11:55:21 - [TEST_STEP][PASSED] - verifyElementText: Actual text and expected text of test object 'Object Repository/Header-Footer/Header buttons/Header_Button_About us' are matched.

2018-03-27 11:55:21 - [MESSAGE][PASSED] - Actual text and expected text of test object 'Object Repository/Header-Footer/Header buttons/Header_Button_About us' are matched.

2018-03-27 11:55:21 - [TEST_STEP][PASSED] - closeBrowser: Browser is closed

2018-03-27 11:55:22 - [MESSAGE][PASSED] - Browser is closed]]></system-out>
         <system-err><![CDATA[]]></system-err>
      </testcase>
      <testcase name="Test Cases/Language_test_cases/Languge_Change_Report_View" classname="Test Cases/Language_test_cases/Languge_Change_Report_View" status="PASSED">
         <system-out><![CDATA[2018-03-27 11:55:22 - [TEST_CASE][PASSED] - Test Cases/Language_test_cases/Languge_Change_Report_View: Test Cases/Language_test_cases/Languge_Change_Report_View

2018-03-27 11:55:23 - [TEST_STEP][PASSED] - openBrowser: Browser is opened with url: ''

2018-03-27 11:55:26 - [MESSAGE][PASSED] - Browser is opened with url: ''

2018-03-27 11:55:26 - [TEST_STEP][PASSED] - navigateToUrl: Navigate to 'https://www.route-report.com/' successfully

2018-03-27 11:55:31 - [MESSAGE][PASSED] - Navigate to 'https://www.route-report.com/' successfully

2018-03-27 11:55:31 - [TEST_STEP][PASSED] - maximizeWindow: Current window maximized

2018-03-27 11:55:32 - [MESSAGE][PASSED] - Current window maximized

2018-03-27 11:55:32 - [TEST_STEP][PASSED] - click: Object: 'Object Repository/Login_registration/span_Login' is clicked on

2018-03-27 11:55:32 - [MESSAGE][PASSED] - Object: 'Object Repository/Login_registration/span_Login' is clicked on

2018-03-27 11:55:32 - [TEST_STEP][PASSED] - setText: Text 'rostyslav.biliaiev@route-report.com' is set on object 'Object Repository/Login_registration/input_in_login'

2018-03-27 11:55:33 - [MESSAGE][PASSED] - Text 'rostyslav.biliaiev@route-report.com' is set on object 'Object Repository/Login_registration/input_in_login'

2018-03-27 11:55:33 - [TEST_STEP][PASSED] - setText: Text '111111' is set on object 'Object Repository/Login_registration/input_in_password'

2018-03-27 11:55:33 - [MESSAGE][PASSED] - Text '111111' is set on object 'Object Repository/Login_registration/input_in_password'

2018-03-27 11:55:33 - [TEST_STEP][PASSED] - click: Object: 'Object Repository/Login_registration/button_LOG IN' is clicked on

2018-03-27 11:55:34 - [MESSAGE][PASSED] - Object: 'Object Repository/Login_registration/button_LOG IN' is clicked on

2018-03-27 11:55:34 - [TEST_STEP][PASSED] - verifyElementPresent: Object 'Object Repository/Login_registration/span_My spoken languages' is present

2018-03-27 11:55:40 - [MESSAGE][PASSED] - Object 'Object Repository/Login_registration/span_My spoken languages' is present

2018-03-27 11:55:40 - [TEST_STEP][PASSED] - delay: Delayed 1 second(s)

2018-03-27 11:55:41 - [MESSAGE][PASSED] - Delayed 1 second(s)

2018-03-27 11:55:41 - [TEST_STEP][PASSED] - click: Object: 'Object Repository/Header-Footer/Block_Purchased reports' is clicked on

2018-03-27 11:55:41 - [MESSAGE][PASSED] - Object: 'Object Repository/Header-Footer/Block_Purchased reports' is clicked on

2018-03-27 11:55:41 - [TEST_STEP][PASSED] - waitForElementPresent: Object 'Object Repository/Header-Footer/Button_More' is present

2018-03-27 11:55:41 - [MESSAGE][WARNING] - Timeout '0' is invalid. Using default page load timeout: '30'

2018-03-27 11:55:42 - [MESSAGE][PASSED] - Object 'Object Repository/Header-Footer/Button_More' is present

2018-03-27 11:55:42 - [TEST_STEP][PASSED] - click: Object: 'Object Repository/Header-Footer/Button_More' is clicked on

2018-03-27 11:55:43 - [MESSAGE][PASSED] - Object: 'Object Repository/Header-Footer/Button_More' is clicked on

2018-03-27 11:55:43 - [TEST_STEP][PASSED] - switchToWindowIndex: Switched to window with index: '1'

2018-03-27 11:55:43 - [MESSAGE][PASSED] - Switched to window with index: '1'

2018-03-27 11:55:43 - [TEST_STEP][PASSED] - waitForPageLoad: Wait for page load successfully

2018-03-27 11:55:45 - [MESSAGE][PASSED] - Wait for page load successfully

2018-03-27 11:55:45 - [TEST_STEP][PASSED] - delay: Delayed 2 second(s)

2018-03-27 11:55:47 - [MESSAGE][PASSED] - Delayed 2 second(s)

2018-03-27 11:55:47 - [TEST_STEP][PASSED] - click: Object: 'Object Repository/Header-Footer/View report language buttons/View_report_a_lang_item_l de' is clicked on

2018-03-27 11:55:49 - [MESSAGE][PASSED] - Object: 'Object Repository/Header-Footer/View report language buttons/View_report_a_lang_item_l de' is clicked on

2018-03-27 11:55:49 - [TEST_STEP][PASSED] - waitForElementPresent: Object 'Object Repository/Header-Footer/Ver_Buttons/ver_View_report' is present

2018-03-27 11:55:49 - [MESSAGE][WARNING] - Timeout '0' is invalid. Using default page load timeout: '30'

2018-03-27 11:55:49 - [MESSAGE][PASSED] - Object 'Object Repository/Header-Footer/Ver_Buttons/ver_View_report' is present

2018-03-27 11:55:49 - [TEST_STEP][PASSED] - verifyElementText: Actual text and expected text of test object 'Object Repository/Header-Footer/Button_Download the report' are matched.

2018-03-27 11:55:49 - [MESSAGE][PASSED] - Actual text and expected text of test object 'Object Repository/Header-Footer/Button_Download the report' are matched.

2018-03-27 11:55:49 - [TEST_STEP][PASSED] - click: Object: 'Object Repository/Header-Footer/View report language buttons/View_report_a_lang_item_l ru' is clicked on

2018-03-27 11:55:51 - [MESSAGE][PASSED] - Object: 'Object Repository/Header-Footer/View report language buttons/View_report_a_lang_item_l ru' is clicked on

2018-03-27 11:55:51 - [TEST_STEP][PASSED] - waitForElementPresent: Object 'Object Repository/Header-Footer/Ver_Buttons/ver_View_report' is present

2018-03-27 11:55:51 - [MESSAGE][WARNING] - Timeout '0' is invalid. Using default page load timeout: '30'

2018-03-27 11:55:51 - [MESSAGE][PASSED] - Object 'Object Repository/Header-Footer/Ver_Buttons/ver_View_report' is present

2018-03-27 11:55:51 - [TEST_STEP][PASSED] - verifyElementText: Actual text and expected text of test object 'Object Repository/Header-Footer/Button_Download the report' are matched.

2018-03-27 11:55:51 - [MESSAGE][PASSED] - Actual text and expected text of test object 'Object Repository/Header-Footer/Button_Download the report' are matched.

2018-03-27 11:55:51 - [TEST_STEP][PASSED] - click: Object: 'Object Repository/Header-Footer/View report language buttons/View_report_a_lang_item_l fr' is clicked on

2018-03-27 11:55:53 - [MESSAGE][PASSED] - Object: 'Object Repository/Header-Footer/View report language buttons/View_report_a_lang_item_l fr' is clicked on

2018-03-27 11:55:53 - [TEST_STEP][PASSED] - waitForElementPresent: Object 'Object Repository/Header-Footer/Ver_Buttons/ver_View_report' is present

2018-03-27 11:55:53 - [MESSAGE][WARNING] - Timeout '0' is invalid. Using default page load timeout: '30'

2018-03-27 11:55:53 - [MESSAGE][PASSED] - Object 'Object Repository/Header-Footer/Ver_Buttons/ver_View_report' is present

2018-03-27 11:55:53 - [TEST_STEP][PASSED] - verifyElementText: Actual text and expected text of test object 'Object Repository/Header-Footer/Button_Download the report' are matched.

2018-03-27 11:55:53 - [MESSAGE][PASSED] - Actual text and expected text of test object 'Object Repository/Header-Footer/Button_Download the report' are matched.

2018-03-27 11:55:53 - [TEST_STEP][PASSED] - click: Object: 'Object Repository/Header-Footer/View report language buttons/View_report_a_lang_item_l es' is clicked on

2018-03-27 11:55:55 - [MESSAGE][PASSED] - Object: 'Object Repository/Header-Footer/View report language buttons/View_report_a_lang_item_l es' is clicked on

2018-03-27 11:55:55 - [TEST_STEP][PASSED] - waitForElementPresent: Object 'Object Repository/Header-Footer/Ver_Buttons/ver_View_report' is present

2018-03-27 11:55:55 - [MESSAGE][WARNING] - Timeout '0' is invalid. Using default page load timeout: '30'

2018-03-27 11:55:55 - [MESSAGE][PASSED] - Object 'Object Repository/Header-Footer/Ver_Buttons/ver_View_report' is present

2018-03-27 11:55:55 - [TEST_STEP][PASSED] - verifyElementText: Actual text and expected text of test object 'Object Repository/Header-Footer/Button_Download the report' are matched.

2018-03-27 11:55:55 - [MESSAGE][PASSED] - Actual text and expected text of test object 'Object Repository/Header-Footer/Button_Download the report' are matched.

2018-03-27 11:55:55 - [TEST_STEP][PASSED] - click: Object: 'Object Repository/Header-Footer/View report language buttons/View_report_a_lang_item_l it' is clicked on

2018-03-27 11:55:56 - [MESSAGE][PASSED] - Object: 'Object Repository/Header-Footer/View report language buttons/View_report_a_lang_item_l it' is clicked on

2018-03-27 11:55:56 - [TEST_STEP][PASSED] - waitForElementPresent: Object 'Object Repository/Header-Footer/Ver_Buttons/ver_View_report' is present

2018-03-27 11:55:56 - [MESSAGE][WARNING] - Timeout '0' is invalid. Using default page load timeout: '30'

2018-03-27 11:55:56 - [MESSAGE][PASSED] - Object 'Object Repository/Header-Footer/Ver_Buttons/ver_View_report' is present

2018-03-27 11:55:56 - [TEST_STEP][PASSED] - verifyElementText: Actual text and expected text of test object 'Object Repository/Header-Footer/Button_Download the report' are matched.

2018-03-27 11:55:57 - [MESSAGE][PASSED] - Actual text and expected text of test object 'Object Repository/Header-Footer/Button_Download the report' are matched.

2018-03-27 11:55:57 - [TEST_STEP][PASSED] - click: Object: 'Object Repository/Header-Footer/View report language buttons/View_report_a_lang_item_l pl' is clicked on

2018-03-27 11:55:58 - [MESSAGE][PASSED] - Object: 'Object Repository/Header-Footer/View report language buttons/View_report_a_lang_item_l pl' is clicked on

2018-03-27 11:55:58 - [TEST_STEP][PASSED] - waitForElementPresent: Object 'Object Repository/Header-Footer/Ver_Buttons/ver_View_report' is present

2018-03-27 11:55:58 - [MESSAGE][WARNING] - Timeout '0' is invalid. Using default page load timeout: '30'

2018-03-27 11:55:58 - [MESSAGE][PASSED] - Object 'Object Repository/Header-Footer/Ver_Buttons/ver_View_report' is present

2018-03-27 11:55:58 - [TEST_STEP][PASSED] - verifyElementText: Actual text and expected text of test object 'Object Repository/Header-Footer/Button_Download the report' are matched.

2018-03-27 11:55:58 - [MESSAGE][PASSED] - Actual text and expected text of test object 'Object Repository/Header-Footer/Button_Download the report' are matched.

2018-03-27 11:55:58 - [TEST_STEP][PASSED] - click: Object: 'Object Repository/Header-Footer/View report language buttons/View_report_a_lang_item_l gb' is clicked on

2018-03-27 11:56:01 - [MESSAGE][PASSED] - Object: 'Object Repository/Header-Footer/View report language buttons/View_report_a_lang_item_l gb' is clicked on

2018-03-27 11:56:01 - [TEST_STEP][PASSED] - waitForElementPresent: Object 'Object Repository/Header-Footer/Ver_Buttons/ver_View_report' is present

2018-03-27 11:56:01 - [MESSAGE][WARNING] - Timeout '0' is invalid. Using default page load timeout: '30'

2018-03-27 11:56:01 - [MESSAGE][PASSED] - Object 'Object Repository/Header-Footer/Ver_Buttons/ver_View_report' is present

2018-03-27 11:56:01 - [TEST_STEP][PASSED] - verifyElementText: Actual text and expected text of test object 'Object Repository/Header-Footer/Button_Download the report' are matched.

2018-03-27 11:56:01 - [MESSAGE][PASSED] - Actual text and expected text of test object 'Object Repository/Header-Footer/Button_Download the report' are matched.

2018-03-27 11:56:01 - [TEST_STEP][PASSED] - closeBrowser: Browser is closed

2018-03-27 11:56:01 - [MESSAGE][PASSED] - Browser is closed]]></system-out>
         <system-err><![CDATA[]]></system-err>
      </testcase>
      <testcase name="Test Cases/Language_test_cases/Language_Change_Authors_page" classname="Test Cases/Language_test_cases/Language_Change_Authors_page" status="PASSED">
         <system-out><![CDATA[2018-03-27 11:56:01 - [TEST_CASE][PASSED] - Test Cases/Language_test_cases/Language_Change_Authors_page: Test Cases/Language_test_cases/Language_Change_Authors_page

2018-03-27 11:56:02 - [TEST_STEP][PASSED] - openBrowser: Browser is opened with url: ''

2018-03-27 11:56:04 - [MESSAGE][PASSED] - Browser is opened with url: ''

2018-03-27 11:56:04 - [TEST_STEP][PASSED] - navigateToUrl: Navigate to 'https://www.route-report.com/' successfully

2018-03-27 11:56:08 - [MESSAGE][PASSED] - Navigate to 'https://www.route-report.com/' successfully

2018-03-27 11:56:08 - [TEST_STEP][PASSED] - maximizeWindow: Current window maximized

2018-03-27 11:56:09 - [MESSAGE][PASSED] - Current window maximized

2018-03-27 11:56:09 - [TEST_STEP][PASSED] - click: Object: 'Object Repository/Header-Footer/Header buttons/Header_Button__Authors' is clicked on

2018-03-27 11:56:11 - [MESSAGE][PASSED] - Object: 'Object Repository/Header-Footer/Header buttons/Header_Button__Authors' is clicked on

2018-03-27 11:56:11 - [TEST_STEP][PASSED] - waitForElementPresent: Object 'Object Repository/Header-Footer/Ver_Buttons/ver_block_TOP AUTHORS' is present

2018-03-27 11:56:11 - [MESSAGE][PASSED] - Object 'Object Repository/Header-Footer/Ver_Buttons/ver_block_TOP AUTHORS' is present

2018-03-27 11:56:11 - [TEST_STEP][PASSED] - click: Object: 'Object Repository/Search_Authors/link_Ana Maria Diez Venezuela01' is clicked on

2018-03-27 11:56:12 - [MESSAGE][PASSED] - Object: 'Object Repository/Search_Authors/link_Ana Maria Diez Venezuela01' is clicked on

2018-03-27 11:56:12 - [TEST_STEP][PASSED] - switchToWindowIndex: Switched to window with index: '1'

2018-03-27 11:56:12 - [MESSAGE][PASSED] - Switched to window with index: '1'

2018-03-27 11:56:12 - [TEST_STEP][PASSED] - waitForElementPresent: Object 'Object Repository/Header-Footer/Ver_Buttons/ver_Authors_page' is present

2018-03-27 11:56:18 - [MESSAGE][PASSED] - Object 'Object Repository/Header-Footer/Ver_Buttons/ver_Authors_page' is present

2018-03-27 11:56:18 - [TEST_STEP][PASSED] - click: Object: 'Object Repository/Header-Footer/Header buttons/Language_Button_DE' is clicked on

2018-03-27 11:56:21 - [MESSAGE][PASSED] - Object: 'Object Repository/Header-Footer/Header buttons/Language_Button_DE' is clicked on

2018-03-27 11:56:21 - [TEST_STEP][PASSED] - waitForElementPresent: Object 'Object Repository/Header-Footer/Header buttons/Header_Button_Create a report' is not present after 2 second(s)

2018-03-27 11:56:23 - [MESSAGE][WARNING] - Object 'Object Repository/Header-Footer/Header buttons/Header_Button_Create a report' is not present after 2 second(s)

2018-03-27 11:56:23 - [TEST_STEP][PASSED] - verifyElementText: Actual text and expected text of test object 'Object Repository/Header-Footer/Header buttons/Header_Button_About us' are matched.

2018-03-27 11:56:23 - [MESSAGE][PASSED] - Actual text and expected text of test object 'Object Repository/Header-Footer/Header buttons/Header_Button_About us' are matched.

2018-03-27 11:56:23 - [TEST_STEP][PASSED] - click: Object: 'Object Repository/Header-Footer/Header buttons/Language_Button_RU' is clicked on

2018-03-27 11:56:27 - [MESSAGE][PASSED] - Object: 'Object Repository/Header-Footer/Header buttons/Language_Button_RU' is clicked on

2018-03-27 11:56:27 - [TEST_STEP][PASSED] - waitForElementPresent: Object 'Object Repository/Header-Footer/Header buttons/Header_Button_Create a report' is not present after 2 second(s)

2018-03-27 11:56:29 - [MESSAGE][WARNING] - Object 'Object Repository/Header-Footer/Header buttons/Header_Button_Create a report' is not present after 2 second(s)

2018-03-27 11:56:29 - [TEST_STEP][PASSED] - verifyElementText: Actual text and expected text of test object 'Object Repository/Header-Footer/Header buttons/Header_Button_About us' are matched.

2018-03-27 11:56:29 - [MESSAGE][PASSED] - Actual text and expected text of test object 'Object Repository/Header-Footer/Header buttons/Header_Button_About us' are matched.

2018-03-27 11:56:29 - [TEST_STEP][PASSED] - click: Object: 'Object Repository/Header-Footer/Header buttons/Language_Button_FR' is clicked on

2018-03-27 11:56:32 - [MESSAGE][PASSED] - Object: 'Object Repository/Header-Footer/Header buttons/Language_Button_FR' is clicked on

2018-03-27 11:56:32 - [TEST_STEP][PASSED] - waitForElementPresent: Object 'Object Repository/Header-Footer/Header buttons/Header_Button_Create a report' is not present after 3 second(s)

2018-03-27 11:56:35 - [MESSAGE][WARNING] - Object 'Object Repository/Header-Footer/Header buttons/Header_Button_Create a report' is not present after 3 second(s)

2018-03-27 11:56:35 - [TEST_STEP][PASSED] - verifyElementText: Actual text and expected text of test object 'Object Repository/Header-Footer/Header buttons/Header_Button_About us' are matched.

2018-03-27 11:56:35 - [MESSAGE][PASSED] - Actual text and expected text of test object 'Object Repository/Header-Footer/Header buttons/Header_Button_About us' are matched.

2018-03-27 11:56:35 - [TEST_STEP][PASSED] - click: Object: 'Object Repository/Header-Footer/Header buttons/Language_Button_ES' is clicked on

2018-03-27 11:56:39 - [MESSAGE][PASSED] - Object: 'Object Repository/Header-Footer/Header buttons/Language_Button_ES' is clicked on

2018-03-27 11:56:39 - [TEST_STEP][PASSED] - waitForElementPresent: Object 'Object Repository/Header-Footer/Header buttons/Header_Button_Create a report' is not present after 3 second(s)

2018-03-27 11:56:42 - [MESSAGE][WARNING] - Object 'Object Repository/Header-Footer/Header buttons/Header_Button_Create a report' is not present after 3 second(s)

2018-03-27 11:56:42 - [TEST_STEP][PASSED] - verifyElementText: Actual text and expected text of test object 'Object Repository/Header-Footer/Header buttons/Header_Button_About us' are matched.

2018-03-27 11:56:42 - [MESSAGE][PASSED] - Actual text and expected text of test object 'Object Repository/Header-Footer/Header buttons/Header_Button_About us' are matched.

2018-03-27 11:56:42 - [TEST_STEP][PASSED] - click: Object: 'Object Repository/Header-Footer/Header buttons/Language_Button_IT' is clicked on

2018-03-27 11:56:45 - [MESSAGE][PASSED] - Object: 'Object Repository/Header-Footer/Header buttons/Language_Button_IT' is clicked on

2018-03-27 11:56:45 - [TEST_STEP][PASSED] - waitForElementPresent: Object 'Object Repository/Header-Footer/Header buttons/Header_Button_Create a report' is not present after 2 second(s)

2018-03-27 11:56:47 - [MESSAGE][WARNING] - Object 'Object Repository/Header-Footer/Header buttons/Header_Button_Create a report' is not present after 2 second(s)

2018-03-27 11:56:47 - [TEST_STEP][PASSED] - verifyElementText: Actual text and expected text of test object 'Object Repository/Header-Footer/Header buttons/Header_Button_About us' are matched.

2018-03-27 11:56:47 - [MESSAGE][PASSED] - Actual text and expected text of test object 'Object Repository/Header-Footer/Header buttons/Header_Button_About us' are matched.

2018-03-27 11:56:47 - [TEST_STEP][PASSED] - click: Object: 'Object Repository/Header-Footer/Header buttons/Language_Button_PL' is clicked on

2018-03-27 11:56:50 - [MESSAGE][PASSED] - Object: 'Object Repository/Header-Footer/Header buttons/Language_Button_PL' is clicked on

2018-03-27 11:56:50 - [TEST_STEP][PASSED] - waitForElementPresent: Object 'Object Repository/Header-Footer/Header buttons/Header_Button_Create a report' is not present after 2 second(s)

2018-03-27 11:56:52 - [MESSAGE][WARNING] - Object 'Object Repository/Header-Footer/Header buttons/Header_Button_Create a report' is not present after 2 second(s)

2018-03-27 11:56:52 - [TEST_STEP][PASSED] - verifyElementText: Actual text and expected text of test object 'Object Repository/Header-Footer/Header buttons/Header_Button_About us' are matched.

2018-03-27 11:56:52 - [MESSAGE][PASSED] - Actual text and expected text of test object 'Object Repository/Header-Footer/Header buttons/Header_Button_About us' are matched.

2018-03-27 11:56:52 - [TEST_STEP][PASSED] - click: Object: 'Object Repository/Header-Footer/Header buttons/Language_Button_EN' is clicked on

2018-03-27 11:56:56 - [MESSAGE][PASSED] - Object: 'Object Repository/Header-Footer/Header buttons/Language_Button_EN' is clicked on

2018-03-27 11:56:56 - [TEST_STEP][PASSED] - waitForElementPresent: Object 'Object Repository/Header-Footer/Header buttons/Header_Button_Create a report' is present

2018-03-27 11:56:56 - [MESSAGE][PASSED] - Object 'Object Repository/Header-Footer/Header buttons/Header_Button_Create a report' is present

2018-03-27 11:56:56 - [TEST_STEP][PASSED] - verifyElementText: Actual text and expected text of test object 'Object Repository/Header-Footer/Header buttons/Header_Button_About us' are matched.

2018-03-27 11:56:56 - [MESSAGE][PASSED] - Actual text and expected text of test object 'Object Repository/Header-Footer/Header buttons/Header_Button_About us' are matched.

2018-03-27 11:56:56 - [TEST_STEP][PASSED] - closeBrowser: Browser is closed

2018-03-27 11:56:57 - [MESSAGE][PASSED] - Browser is closed]]></system-out>
         <system-err><![CDATA[]]></system-err>
      </testcase>
      <system-out><![CDATA[2018-03-27 11:49:40 - [TEST_SUITE][FAILED] - Language_test_cases: Test Cases/Language_test_cases/Language_Change_About_Us FAILED because (of) Verify element text of test object 'Object Repository/Header-Footer/Header buttons/Header_Button_About us' FAILED. (Root cause: Actual text 'ABOUT US' and expected text 'ÜBER UNS' of test object 'Object Repository/Header-Footer/Header buttons/Header_Button_About us' are NOT matched.)]]></system-out>
      <system-err><![CDATA[2018-03-27 11:49:40 - [TEST_SUITE][FAILED] - Language_test_cases: Test Cases/Language_test_cases/Language_Change_About_Us FAILED because (of) Verify element text of test object 'Object Repository/Header-Footer/Header buttons/Header_Button_About us' FAILED. (Root cause: Actual text 'ABOUT US' and expected text 'ÜBER UNS' of test object 'Object Repository/Header-Footer/Header buttons/Header_Button_About us' are NOT matched.)]]></system-err>
   </testsuite>
</testsuites>
