<?xml version="1.0" encoding="UTF-8"?>
<testsuites name="Login_Registration" time="93" tests="7" failures="1" errors="0">
   <testsuite name="Login_Registration" tests="7" failures="1" errors="0" time="93" timestamp="2018-03-23 13:42:57" hostname="user - BrainPc" id="Test Suites/Login_Registration">
      <properties>
         <property name="deviceName" value=""/>
         <property name="devicePlatform" value=""/>
         <property name="logFolder" value="C:\\Users\\user\\Katalon Studio\\Route_report_WEB\\Reports\\Login_Registration\\20180323_134256"/>
         <property name="logFiles" value="C:\\Users\\user\\Katalon Studio\\Route_report_WEB\\Reports\\Login_Registration\\20180323_134256\\execution0.log"/>
         <property name="attachments" value="C:\\Users\\user\\Katalon Studio\\Route_report_WEB\\Reports\\Login_Registration\\20180323_134256\\1521805469357.png"/>
         <property name="hostName" value="user - BrainPc"/>
         <property name="os" value="Windows 8.1 64bit"/>
         <property name="katalonVersion" value="5.3.1.1"/>
         <property name="browser" value="Chrome 65.0.3325.181"/>
         <property name="hostAddress" value="10.1.2.105"/>
         <property name="sessionId" value="df5608c44273236752de9a36bbbe104b"/>
         <property name="seleniumVersion" value="3.7.1"/>
         <property name="proxyInformation" value="ProxyInformation{proxyOption=NO_PROXY, proxyServerType=HTTP, password=, proxyServerAddress=, proxyServerPort=0}"/>
         <property name="platform" value="Windows 8.1"/>
      </properties>
      <testcase name="Test Cases/Login_Reg-Login with a valid email and password" classname="Test Cases/Login_Reg-Login with a valid email and password" status="PASSED">
         <system-out><![CDATA[2018-03-23 13:42:58 - [TEST_CASE][PASSED] - Test Cases/Login_Reg-Login with a valid email and password: Test Cases/Login_Reg-Login with a valid email and password

2018-03-23 13:42:58 - [TEST_STEP][PASSED] - openBrowser: Browser is opened with url: ''

2018-03-23 13:43:01 - [MESSAGE][PASSED] - Browser is opened with url: ''

2018-03-23 13:43:01 - [TEST_STEP][PASSED] - navigateToUrl: Navigate to 'https://www.route-report.com/' successfully

2018-03-23 13:43:04 - [MESSAGE][PASSED] - Navigate to 'https://www.route-report.com/' successfully

2018-03-23 13:43:04 - [TEST_STEP][PASSED] - maximizeWindow: Current window maximized

2018-03-23 13:43:05 - [MESSAGE][PASSED] - Current window maximized

2018-03-23 13:43:05 - [TEST_STEP][PASSED] - click: Object: 'Object Repository/Login_registration/span_Login' is clicked on

2018-03-23 13:43:05 - [MESSAGE][PASSED] - Object: 'Object Repository/Login_registration/span_Login' is clicked on

2018-03-23 13:43:05 - [TEST_STEP][PASSED] - setText: Text 'rostyslav.biliaiev@route-report.com' is set on object 'Object Repository/Login_registration/input_in_login'

2018-03-23 13:43:06 - [MESSAGE][PASSED] - Text 'rostyslav.biliaiev@route-report.com' is set on object 'Object Repository/Login_registration/input_in_login'

2018-03-23 13:43:06 - [TEST_STEP][PASSED] - setText: Text '111111' is set on object 'Object Repository/Login_registration/input_in_password'

2018-03-23 13:43:07 - [MESSAGE][PASSED] - Text '111111' is set on object 'Object Repository/Login_registration/input_in_password'

2018-03-23 13:43:07 - [TEST_STEP][PASSED] - click: Object: 'Object Repository/Login_registration/button_LOG IN' is clicked on

2018-03-23 13:43:07 - [MESSAGE][PASSED] - Object: 'Object Repository/Login_registration/button_LOG IN' is clicked on

2018-03-23 13:43:07 - [TEST_STEP][PASSED] - verifyElementPresent: Object 'Object Repository/Page_Account - Report Report/span_My spoken languages' is present

2018-03-23 13:43:13 - [MESSAGE][PASSED] - Object 'Object Repository/Page_Account - Report Report/span_My spoken languages' is present

2018-03-23 13:43:13 - [TEST_STEP][PASSED] - closeBrowser: Browser is closed

2018-03-23 13:43:14 - [MESSAGE][PASSED] - Browser is closed]]></system-out>
         <system-err><![CDATA[]]></system-err>
      </testcase>
      <testcase name="Test Cases/Login_Reg-Log in with incorrect invalid email or password" classname="Test Cases/Login_Reg-Log in with incorrect invalid email or password" status="PASSED">
         <system-out><![CDATA[2018-03-23 13:43:14 - [TEST_CASE][PASSED] - Test Cases/Login_Reg-Log in with incorrect invalid email or password: Test Cases/Login_Reg-Log in with incorrect invalid email or password

2018-03-23 13:43:14 - [TEST_STEP][PASSED] - openBrowser: Browser is opened with url: ''

2018-03-23 13:43:16 - [MESSAGE][PASSED] - Browser is opened with url: ''

2018-03-23 13:43:16 - [TEST_STEP][PASSED] - navigateToUrl: Navigate to 'https://www.route-report.com/' successfully

2018-03-23 13:43:20 - [MESSAGE][PASSED] - Navigate to 'https://www.route-report.com/' successfully

2018-03-23 13:43:20 - [TEST_STEP][PASSED] - maximizeWindow: Current window maximized

2018-03-23 13:43:21 - [MESSAGE][PASSED] - Current window maximized

2018-03-23 13:43:21 - [TEST_STEP][PASSED] - click: Object: 'Object Repository/Login_registration/span_Login' is clicked on

2018-03-23 13:43:21 - [MESSAGE][PASSED] - Object: 'Object Repository/Login_registration/span_Login' is clicked on

2018-03-23 13:43:21 - [TEST_STEP][PASSED] - setText: Text 'wrongmail@mail.mail' is set on object 'Object Repository/Login_registration/input_in_login'

2018-03-23 13:43:22 - [MESSAGE][PASSED] - Text 'wrongmail@mail.mail' is set on object 'Object Repository/Login_registration/input_in_login'

2018-03-23 13:43:22 - [TEST_STEP][PASSED] - setText: Text '1111111' is set on object 'Object Repository/Login_registration/input_in_password'

2018-03-23 13:43:22 - [MESSAGE][PASSED] - Text '1111111' is set on object 'Object Repository/Login_registration/input_in_password'

2018-03-23 13:43:22 - [TEST_STEP][PASSED] - click: Object: 'Object Repository/Login_registration/button_LOG IN' is clicked on

2018-03-23 13:43:23 - [MESSAGE][PASSED] - Object: 'Object Repository/Login_registration/button_LOG IN' is clicked on

2018-03-23 13:43:23 - [TEST_STEP][PASSED] - verifyElementPresent: Object 'Object Repository/Login_registration/div_Verify that the email and' is present

2018-03-23 13:43:23 - [MESSAGE][PASSED] - Object 'Object Repository/Login_registration/div_Verify that the email and' is present

2018-03-23 13:43:23 - [TEST_STEP][PASSED] - closeBrowser: Browser is closed

2018-03-23 13:43:24 - [MESSAGE][PASSED] - Browser is closed]]></system-out>
         <system-err><![CDATA[]]></system-err>
      </testcase>
      <testcase name="Test Cases/Login_Reg-Entering non-valid mail in the mail input field" classname="Test Cases/Login_Reg-Entering non-valid mail in the mail input field" status="PASSED">
         <system-out><![CDATA[2018-03-23 13:43:24 - [TEST_CASE][PASSED] - Test Cases/Login_Reg-Entering non-valid mail in the mail input field: Test Cases/Login_Reg-Entering non-valid mail in the mail input field

2018-03-23 13:43:24 - [TEST_STEP][PASSED] - openBrowser: Browser is opened with url: ''

2018-03-23 13:43:27 - [MESSAGE][PASSED] - Browser is opened with url: ''

2018-03-23 13:43:27 - [TEST_STEP][PASSED] - navigateToUrl: Navigate to 'https://www.route-report.com/' successfully

2018-03-23 13:43:30 - [MESSAGE][PASSED] - Navigate to 'https://www.route-report.com/' successfully

2018-03-23 13:43:30 - [TEST_STEP][PASSED] - maximizeWindow: Current window maximized

2018-03-23 13:43:31 - [MESSAGE][PASSED] - Current window maximized

2018-03-23 13:43:31 - [TEST_STEP][PASSED] - click: Object: 'Object Repository/Login_registration/a_JOIN US NOW' is clicked on

2018-03-23 13:43:31 - [MESSAGE][PASSED] - Object: 'Object Repository/Login_registration/a_JOIN US NOW' is clicked on

2018-03-23 13:43:31 - [TEST_STEP][PASSED] - setText: Text 'sgfsjhdgf' is set on object 'Object Repository/Login_registration/input_in_login'

2018-03-23 13:43:32 - [MESSAGE][PASSED] - Text 'sgfsjhdgf' is set on object 'Object Repository/Login_registration/input_in_login'

2018-03-23 13:43:32 - [TEST_STEP][PASSED] - verifyElementPresent: Object 'Object Repository/Login_registration/div_Please enter a valid email' is present

2018-03-23 13:43:34 - [MESSAGE][PASSED] - Object 'Object Repository/Login_registration/div_Please enter a valid email' is present

2018-03-23 13:43:34 - [TEST_STEP][PASSED] - closeBrowser: Browser is closed

2018-03-23 13:43:34 - [MESSAGE][PASSED] - Browser is closed]]></system-out>
         <system-err><![CDATA[]]></system-err>
      </testcase>
      <testcase name="Test Cases/Login_Reg-Login with input only mail (no password)" classname="Test Cases/Login_Reg-Login with input only mail (no password)" status="PASSED">
         <system-out><![CDATA[2018-03-23 13:43:34 - [TEST_CASE][PASSED] - Test Cases/Login_Reg-Login with input only mail (no password): Test Cases/Login_Reg-Login with input only mail (no password)

2018-03-23 13:43:35 - [TEST_STEP][PASSED] - openBrowser: Browser is opened with url: ''

2018-03-23 13:43:37 - [MESSAGE][PASSED] - Browser is opened with url: ''

2018-03-23 13:43:37 - [TEST_STEP][PASSED] - navigateToUrl: Navigate to 'https://www.route-report.com/' successfully

2018-03-23 13:43:40 - [MESSAGE][PASSED] - Navigate to 'https://www.route-report.com/' successfully

2018-03-23 13:43:40 - [TEST_STEP][PASSED] - maximizeWindow: Current window maximized

2018-03-23 13:43:41 - [MESSAGE][PASSED] - Current window maximized

2018-03-23 13:43:41 - [TEST_STEP][PASSED] - click: Object: 'Object Repository/Login_registration/span_Login' is clicked on

2018-03-23 13:43:41 - [MESSAGE][PASSED] - Object: 'Object Repository/Login_registration/span_Login' is clicked on

2018-03-23 13:43:41 - [TEST_STEP][PASSED] - setText: Text 'rostyslav.biliaiev@route-report.com' is set on object 'Object Repository/Login_registration/input_in_login'

2018-03-23 13:43:42 - [MESSAGE][PASSED] - Text 'rostyslav.biliaiev@route-report.com' is set on object 'Object Repository/Login_registration/input_in_login'

2018-03-23 13:43:42 - [TEST_STEP][PASSED] - click: Object: 'Object Repository/Login_registration/button_LOG IN' is clicked on

2018-03-23 13:43:42 - [MESSAGE][PASSED] - Object: 'Object Repository/Login_registration/button_LOG IN' is clicked on

2018-03-23 13:43:42 - [TEST_STEP][PASSED] - verifyElementPresent: Object 'Object Repository/Login_registration/div_Required field' is present

2018-03-23 13:43:43 - [MESSAGE][PASSED] - Object 'Object Repository/Login_registration/div_Required field' is present

2018-03-23 13:43:43 - [TEST_STEP][PASSED] - closeBrowser: Browser is closed

2018-03-23 13:43:43 - [MESSAGE][PASSED] - Browser is closed]]></system-out>
         <system-err><![CDATA[]]></system-err>
      </testcase>
      <testcase name="Test Cases/Login_Reg-Login with password only (no mail)" classname="Test Cases/Login_Reg-Login with password only (no mail)" status="PASSED">
         <system-out><![CDATA[2018-03-23 13:43:43 - [TEST_CASE][PASSED] - Test Cases/Login_Reg-Login with password only (no mail): Test Cases/Login_Reg-Login with password only (no mail)

2018-03-23 13:43:44 - [TEST_STEP][PASSED] - openBrowser: Browser is opened with url: ''

2018-03-23 13:43:46 - [MESSAGE][PASSED] - Browser is opened with url: ''

2018-03-23 13:43:46 - [TEST_STEP][PASSED] - navigateToUrl: Navigate to 'https://www.route-report.com/' successfully

2018-03-23 13:43:49 - [MESSAGE][PASSED] - Navigate to 'https://www.route-report.com/' successfully

2018-03-23 13:43:49 - [TEST_STEP][PASSED] - maximizeWindow: Current window maximized

2018-03-23 13:43:50 - [MESSAGE][PASSED] - Current window maximized

2018-03-23 13:43:50 - [TEST_STEP][PASSED] - click: Object: 'Object Repository/Login_registration/span_Login' is clicked on

2018-03-23 13:43:50 - [MESSAGE][PASSED] - Object: 'Object Repository/Login_registration/span_Login' is clicked on

2018-03-23 13:43:50 - [TEST_STEP][PASSED] - setText: Text '111111' is set on object 'Object Repository/Login_registration/input_in_password'

2018-03-23 13:43:51 - [MESSAGE][PASSED] - Text '111111' is set on object 'Object Repository/Login_registration/input_in_password'

2018-03-23 13:43:51 - [TEST_STEP][PASSED] - delay: Delayed 2 second(s)

2018-03-23 13:43:53 - [MESSAGE][PASSED] - Delayed 2 second(s)

2018-03-23 13:43:53 - [TEST_STEP][PASSED] - click: Object: 'Object Repository/Login_registration/button_LOG IN' is clicked on

2018-03-23 13:43:53 - [MESSAGE][PASSED] - Object: 'Object Repository/Login_registration/button_LOG IN' is clicked on

2018-03-23 13:43:53 - [TEST_STEP][PASSED] - verifyElementPresent: Object 'Object Repository/Login_registration/div_Required field' is present

2018-03-23 13:43:53 - [MESSAGE][PASSED] - Object 'Object Repository/Login_registration/div_Required field' is present

2018-03-23 13:43:53 - [TEST_STEP][PASSED] - closeBrowser: Browser is closed

2018-03-23 13:43:54 - [MESSAGE][PASSED] - Browser is closed]]></system-out>
         <system-err><![CDATA[]]></system-err>
      </testcase>
      <testcase name="Test Cases/Login_Reg-Recovering the password with the wrong key" classname="Test Cases/Login_Reg-Recovering the password with the wrong key" status="PASSED">
         <system-out><![CDATA[2018-03-23 13:43:54 - [TEST_CASE][PASSED] - Test Cases/Login_Reg-Recovering the password with the wrong key: Test Cases/Login_Reg-Recovering the password with the wrong key

2018-03-23 13:43:55 - [TEST_STEP][PASSED] - openBrowser: Browser is opened with url: ''

2018-03-23 13:43:57 - [MESSAGE][PASSED] - Browser is opened with url: ''

2018-03-23 13:43:57 - [TEST_STEP][PASSED] - navigateToUrl: Navigate to 'https://www.route-report.com/' successfully

2018-03-23 13:44:00 - [MESSAGE][PASSED] - Navigate to 'https://www.route-report.com/' successfully

2018-03-23 13:44:00 - [TEST_STEP][PASSED] - maximizeWindow: Current window maximized

2018-03-23 13:44:01 - [MESSAGE][PASSED] - Current window maximized

2018-03-23 13:44:01 - [TEST_STEP][PASSED] - click: Object: 'Object Repository/Login_registration/span_Login' is clicked on

2018-03-23 13:44:01 - [MESSAGE][PASSED] - Object: 'Object Repository/Login_registration/span_Login' is clicked on

2018-03-23 13:44:01 - [TEST_STEP][PASSED] - setText: Text 'rostyslav.biliaiev@route-report.com' is set on object 'Object Repository/Login_registration/input_in_login'

2018-03-23 13:44:02 - [MESSAGE][PASSED] - Text 'rostyslav.biliaiev@route-report.com' is set on object 'Object Repository/Login_registration/input_in_login'

2018-03-23 13:44:02 - [TEST_STEP][PASSED] - click: Object: 'Object Repository/Login_registration/div_Forgot password' is clicked on

2018-03-23 13:44:03 - [MESSAGE][PASSED] - Object: 'Object Repository/Login_registration/div_Forgot password' is clicked on

2018-03-23 13:44:03 - [TEST_STEP][PASSED] - delay: Delayed 2 second(s)

2018-03-23 13:44:05 - [MESSAGE][PASSED] - Delayed 2 second(s)

2018-03-23 13:44:05 - [TEST_STEP][PASSED] - setText: Text '111111' is set on object 'Object Repository/Login_registration/input_in_key_password_recover'

2018-03-23 13:44:05 - [MESSAGE][PASSED] - Text '111111' is set on object 'Object Repository/Login_registration/input_in_key_password_recover'

2018-03-23 13:44:05 - [TEST_STEP][PASSED] - setText: Text '111111' is set on object 'Object Repository/Login_registration/input_in_password_new'

2018-03-23 13:44:05 - [MESSAGE][PASSED] - Text '111111' is set on object 'Object Repository/Login_registration/input_in_password_new'

2018-03-23 13:44:05 - [TEST_STEP][PASSED] - setText: Text '111111111' is set on object 'Object Repository/Login_registration/input_in_password_confirm'

2018-03-23 13:44:05 - [MESSAGE][PASSED] - Text '111111111' is set on object 'Object Repository/Login_registration/input_in_password_confirm'

2018-03-23 13:44:05 - [TEST_STEP][PASSED] - click: Object: 'Object Repository/Login_registration/button_LOG IN_recover_password' is clicked on

2018-03-23 13:44:05 - [MESSAGE][PASSED] - Object: 'Object Repository/Login_registration/button_LOG IN_recover_password' is clicked on

2018-03-23 13:44:05 - [TEST_STEP][PASSED] - waitForElementPresent: Object 'Object Repository/Login_registration/div_Passwords do not match' is present

2018-03-23 13:44:06 - [MESSAGE][PASSED] - Object 'Object Repository/Login_registration/div_Passwords do not match' is present

2018-03-23 13:44:06 - [TEST_STEP][PASSED] - closeBrowser: Browser is closed

2018-03-23 13:44:07 - [MESSAGE][PASSED] - Browser is closed]]></system-out>
         <system-err><![CDATA[]]></system-err>
      </testcase>
      <testcase name="Test Cases/Login_Reg-Password recovery with no key input" classname="Test Cases/Login_Reg-Password recovery with no key input" status="PASSED">
         <system-out><![CDATA[2018-03-23 13:44:07 - [TEST_CASE][PASSED] - Test Cases/Login_Reg-Password recovery with no key input: Test Cases/Login_Reg-Password recovery with no key input

2018-03-23 13:44:07 - [TEST_STEP][PASSED] - openBrowser: Browser is opened with url: ''

2018-03-23 13:44:09 - [MESSAGE][PASSED] - Browser is opened with url: ''

2018-03-23 13:44:09 - [TEST_STEP][PASSED] - navigateToUrl: Navigate to 'https://www.route-report.com/' successfully

2018-03-23 13:44:13 - [MESSAGE][PASSED] - Navigate to 'https://www.route-report.com/' successfully

2018-03-23 13:44:13 - [TEST_STEP][PASSED] - maximizeWindow: Current window maximized

2018-03-23 13:44:14 - [MESSAGE][PASSED] - Current window maximized

2018-03-23 13:44:14 - [TEST_STEP][PASSED] - click: Object: 'Object Repository/Login_registration/span_Login' is clicked on

2018-03-23 13:44:14 - [MESSAGE][PASSED] - Object: 'Object Repository/Login_registration/span_Login' is clicked on

2018-03-23 13:44:14 - [TEST_STEP][PASSED] - setText: Text 'rostyslav.biliaiev@route-report.com' is set on object 'Object Repository/Login_registration/input_in_login'

2018-03-23 13:44:15 - [MESSAGE][PASSED] - Text 'rostyslav.biliaiev@route-report.com' is set on object 'Object Repository/Login_registration/input_in_login'

2018-03-23 13:44:15 - [TEST_STEP][PASSED] - click: Object: 'Object Repository/Login_registration/div_Forgot password' is clicked on

2018-03-23 13:44:16 - [MESSAGE][PASSED] - Object: 'Object Repository/Login_registration/div_Forgot password' is clicked on

2018-03-23 13:44:16 - [TEST_STEP][PASSED] - delay: Delayed 2 second(s)

2018-03-23 13:44:18 - [MESSAGE][PASSED] - Delayed 2 second(s)

2018-03-23 13:44:18 - [TEST_STEP][PASSED] - setText: Text '111111' is set on object 'Object Repository/Login_registration/input_in_password_new'

2018-03-23 13:44:18 - [MESSAGE][PASSED] - Text '111111' is set on object 'Object Repository/Login_registration/input_in_password_new'

2018-03-23 13:44:18 - [TEST_STEP][PASSED] - setText: Text '111111' is set on object 'Object Repository/Login_registration/input_in_password_confirm'

2018-03-23 13:44:18 - [MESSAGE][PASSED] - Text '111111' is set on object 'Object Repository/Login_registration/input_in_password_confirm'

2018-03-23 13:44:18 - [TEST_STEP][PASSED] - click: Object: 'Object Repository/Login_registration/button_LOG IN_recover_password' is clicked on

2018-03-23 13:44:18 - [MESSAGE][PASSED] - Object: 'Object Repository/Login_registration/button_LOG IN_recover_password' is clicked on

2018-03-23 13:44:18 - [TEST_STEP][PASSED] - waitForElementPresent: Object 'Object Repository/Login_registration/div_Required field' is present

2018-03-23 13:44:18 - [MESSAGE][PASSED] - Object 'Object Repository/Login_registration/div_Required field' is present

2018-03-23 13:44:18 - [TEST_STEP][PASSED] - closeBrowser: Browser is closed

2018-03-23 13:44:19 - [MESSAGE][PASSED] - Browser is closed]]></system-out>
         <system-err><![CDATA[]]></system-err>
      </testcase>
      <testcase name="Test Cases/Login_reg- Password recovery with different new passwords" classname="Test Cases/Login_reg- Password recovery with different new passwords" status="FAILED">
         <failure type="FAILED" message="Unable to click on object 'Object Repository/Login_registration/div_Forgot password' (Root cause: org.openqa.selenium.WebDriverException: unknown error: Element &lt;div class=&quot;form_a&quot; id=&quot;form_forget_password&quot; style=&quot;margin-top: 5px;&quot;>...&lt;/div> is not clickable at point (837, 485). Other element would receive the click: &lt;div class=&quot;srm_loading&quot;>...&lt;/div>
  (Session info: chrome=65.0.3325.181)
  (Driver info: chromedriver=2.35.528161 (5b82f2d2aae0ca24b877009200ced9065a772e73),platform=Windows NT 6.3.9600 x86_64) (WARNING: The server did not provide any stacktrace information)
Command duration or timeout: 0 milliseconds
Build info: version: '3.7.1', revision: '8a0099a', time: '2017-11-06T21:07:36.161Z'
System info: host: 'BRAINPC', ip: '10.1.2.105', os.name: 'Windows 8.1', os.arch: 'amd64', os.version: '6.3', java.version: '1.8.0_102'
Driver info: com.kms.katalon.selenium.driver.CChromeDriver
Capabilities {acceptInsecureCerts: false, acceptSslCerts: false, applicationCacheEnabled: false, browserConnectionEnabled: false, browserName: chrome, chrome: {chromedriverVersion: 2.35.528161 (5b82f2d2aae0ca..., userDataDir: C:\Users\user\AppData\Local...}, cssSelectorsEnabled: true, databaseEnabled: false, handlesAlerts: true, hasTouchScreen: false, javascriptEnabled: true, locationContextEnabled: true, mobileEmulationEnabled: false, nativeEvents: true, networkConnectionEnabled: false, pageLoadStrategy: normal, platform: XP, platformName: XP, rotatable: false, setWindowRect: true, takesHeapSnapshot: true, takesScreenshot: true, unexpectedAlertBehaviour: , unhandledPromptBehavior: , version: 65.0.3325.181, webStorageEnabled: true}
Session ID: df5608c44273236752de9a36bbbe104b)"/>
         <system-out><![CDATA[2018-03-23 13:44:19 - [TEST_CASE][FAILED] - Test Cases/Login_reg- Password recovery with different new passwords: Test Cases/Login_reg- Password recovery with different new passwords FAILED because (of) Unable to click on object 'Object Repository/Login_registration/div_Forgot password' (Root cause: org.openqa.selenium.WebDriverException: unknown error: Element <div class="form_a" id="form_forget_password" style="margin-top: 5px;">...</div> is not clickable at point (837, 485). Other element would receive the click: <div class="srm_loading">...</div>
  (Session info: chrome=65.0.3325.181)
  (Driver info: chromedriver=2.35.528161 (5b82f2d2aae0ca24b877009200ced9065a772e73),platform=Windows NT 6.3.9600 x86_64) (WARNING: The server did not provide any stacktrace information)
Command duration or timeout: 0 milliseconds
Build info: version: '3.7.1', revision: '8a0099a', time: '2017-11-06T21:07:36.161Z'
System info: host: 'BRAINPC', ip: '10.1.2.105', os.name: 'Windows 8.1', os.arch: 'amd64', os.version: '6.3', java.version: '1.8.0_102'
Driver info: com.kms.katalon.selenium.driver.CChromeDriver
Capabilities {acceptInsecureCerts: false, acceptSslCerts: false, applicationCacheEnabled: false, browserConnectionEnabled: false, browserName: chrome, chrome: {chromedriverVersion: 2.35.528161 (5b82f2d2aae0ca..., userDataDir: C:\Users\user\AppData\Local...}, cssSelectorsEnabled: true, databaseEnabled: false, handlesAlerts: true, hasTouchScreen: false, javascriptEnabled: true, locationContextEnabled: true, mobileEmulationEnabled: false, nativeEvents: true, networkConnectionEnabled: false, pageLoadStrategy: normal, platform: XP, platformName: XP, rotatable: false, setWindowRect: true, takesHeapSnapshot: true, takesScreenshot: true, unexpectedAlertBehaviour: , unhandledPromptBehavior: , version: 65.0.3325.181, webStorageEnabled: true}
Session ID: df5608c44273236752de9a36bbbe104b)

2018-03-23 13:44:19 - [TEST_STEP][PASSED] - openBrowser: Browser is opened with url: ''

2018-03-23 13:44:22 - [MESSAGE][PASSED] - Browser is opened with url: ''

2018-03-23 13:44:22 - [TEST_STEP][PASSED] - navigateToUrl: Navigate to 'https://www.route-report.com/' successfully

2018-03-23 13:44:27 - [MESSAGE][PASSED] - Navigate to 'https://www.route-report.com/' successfully

2018-03-23 13:44:27 - [TEST_STEP][PASSED] - maximizeWindow: Current window maximized

2018-03-23 13:44:28 - [MESSAGE][PASSED] - Current window maximized

2018-03-23 13:44:28 - [TEST_STEP][PASSED] - click: Object: 'Object Repository/Login_registration/span_Login' is clicked on

2018-03-23 13:44:28 - [MESSAGE][PASSED] - Object: 'Object Repository/Login_registration/span_Login' is clicked on

2018-03-23 13:44:28 - [TEST_STEP][PASSED] - setText: Text 'rostyslav.biliaiev@route-report.com' is set on object 'Object Repository/Login_registration/input_in_login'

2018-03-23 13:44:29 - [MESSAGE][PASSED] - Text 'rostyslav.biliaiev@route-report.com' is set on object 'Object Repository/Login_registration/input_in_login'

2018-03-23 13:44:29 - [TEST_STEP][FAILED] - click: Unable to click on object 'Object Repository/Login_registration/div_Forgot password' (Root cause: org.openqa.selenium.WebDriverException: unknown error: Element <div class="form_a" id="form_forget_password" style="margin-top: 5px;">...</div> is not clickable at point (837, 485). Other element would receive the click: <div class="srm_loading">...</div>
  (Session info: chrome=65.0.3325.181)
  (Driver info: chromedriver=2.35.528161 (5b82f2d2aae0ca24b877009200ced9065a772e73),platform=Windows NT 6.3.9600 x86_64) (WARNING: The server did not provide any stacktrace information)
Command duration or timeout: 0 milliseconds
Build info: version: '3.7.1', revision: '8a0099a', time: '2017-11-06T21:07:36.161Z'
System info: host: 'BRAINPC', ip: '10.1.2.105', os.name: 'Windows 8.1', os.arch: 'amd64', os.version: '6.3', java.version: '1.8.0_102'
Driver info: com.kms.katalon.selenium.driver.CChromeDriver
Capabilities {acceptInsecureCerts: false, acceptSslCerts: false, applicationCacheEnabled: false, browserConnectionEnabled: false, browserName: chrome, chrome: {chromedriverVersion: 2.35.528161 (5b82f2d2aae0ca..., userDataDir: C:\Users\user\AppData\Local...}, cssSelectorsEnabled: true, databaseEnabled: false, handlesAlerts: true, hasTouchScreen: false, javascriptEnabled: true, locationContextEnabled: true, mobileEmulationEnabled: false, nativeEvents: true, networkConnectionEnabled: false, pageLoadStrategy: normal, platform: XP, platformName: XP, rotatable: false, setWindowRect: true, takesHeapSnapshot: true, takesScreenshot: true, unexpectedAlertBehaviour: , unhandledPromptBehavior: , version: 65.0.3325.181, webStorageEnabled: true}
Session ID: df5608c44273236752de9a36bbbe104b)

2018-03-23 13:44:30 - [MESSAGE][FAILED] - Unable to click on object 'Object Repository/Login_registration/div_Forgot password' (Root cause: org.openqa.selenium.WebDriverException: unknown error: Element <div class="form_a" id="form_forget_password" style="margin-top: 5px;">...</div> is not clickable at point (837, 485). Other element would receive the click: <div class="srm_loading">...</div>
  (Session info: chrome=65.0.3325.181)
  (Driver info: chromedriver=2.35.528161 (5b82f2d2aae0ca24b877009200ced9065a772e73),platform=Windows NT 6.3.9600 x86_64) (WARNING: The server did not provide any stacktrace information)
Command duration or timeout: 0 milliseconds
Build info: version: '3.7.1', revision: '8a0099a', time: '2017-11-06T21:07:36.161Z'
System info: host: 'BRAINPC', ip: '10.1.2.105', os.name: 'Windows 8.1', os.arch: 'amd64', os.version: '6.3', java.version: '1.8.0_102'
Driver info: com.kms.katalon.selenium.driver.CChromeDriver
Capabilities {acceptInsecureCerts: false, acceptSslCerts: false, applicationCacheEnabled: false, browserConnectionEnabled: false, browserName: chrome, chrome: {chromedriverVersion: 2.35.528161 (5b82f2d2aae0ca..., userDataDir: C:\Users\user\AppData\Local...}, cssSelectorsEnabled: true, databaseEnabled: false, handlesAlerts: true, hasTouchScreen: false, javascriptEnabled: true, locationContextEnabled: true, mobileEmulationEnabled: false, nativeEvents: true, networkConnectionEnabled: false, pageLoadStrategy: normal, platform: XP, platformName: XP, rotatable: false, setWindowRect: true, takesHeapSnapshot: true, takesScreenshot: true, unexpectedAlertBehaviour: , unhandledPromptBehavior: , version: 65.0.3325.181, webStorageEnabled: true}
Session ID: df5608c44273236752de9a36bbbe104b)
[[ATTACHMENT|C:\\Users\\user\\Katalon Studio\\Route_report_WEB\\Reports\\Login_Registration\\20180323_134256\\1521805469357.png]]]]></system-out>
         <system-err><![CDATA[2018-03-23 13:44:19 - [TEST_CASE][FAILED] - Test Cases/Login_reg- Password recovery with different new passwords: Test Cases/Login_reg- Password recovery with different new passwords FAILED because (of) Unable to click on object 'Object Repository/Login_registration/div_Forgot password' (Root cause: org.openqa.selenium.WebDriverException: unknown error: Element <div class="form_a" id="form_forget_password" style="margin-top: 5px;">...</div> is not clickable at point (837, 485). Other element would receive the click: <div class="srm_loading">...</div>
  (Session info: chrome=65.0.3325.181)
  (Driver info: chromedriver=2.35.528161 (5b82f2d2aae0ca24b877009200ced9065a772e73),platform=Windows NT 6.3.9600 x86_64) (WARNING: The server did not provide any stacktrace information)
Command duration or timeout: 0 milliseconds
Build info: version: '3.7.1', revision: '8a0099a', time: '2017-11-06T21:07:36.161Z'
System info: host: 'BRAINPC', ip: '10.1.2.105', os.name: 'Windows 8.1', os.arch: 'amd64', os.version: '6.3', java.version: '1.8.0_102'
Driver info: com.kms.katalon.selenium.driver.CChromeDriver
Capabilities {acceptInsecureCerts: false, acceptSslCerts: false, applicationCacheEnabled: false, browserConnectionEnabled: false, browserName: chrome, chrome: {chromedriverVersion: 2.35.528161 (5b82f2d2aae0ca..., userDataDir: C:\Users\user\AppData\Local...}, cssSelectorsEnabled: true, databaseEnabled: false, handlesAlerts: true, hasTouchScreen: false, javascriptEnabled: true, locationContextEnabled: true, mobileEmulationEnabled: false, nativeEvents: true, networkConnectionEnabled: false, pageLoadStrategy: normal, platform: XP, platformName: XP, rotatable: false, setWindowRect: true, takesHeapSnapshot: true, takesScreenshot: true, unexpectedAlertBehaviour: , unhandledPromptBehavior: , version: 65.0.3325.181, webStorageEnabled: true}
Session ID: df5608c44273236752de9a36bbbe104b)]]></system-err>
      </testcase>
      <system-out><![CDATA[2018-03-23 13:42:57 - [TEST_SUITE][FAILED] - Login_Registration: Test Cases/Login_reg- Password recovery with different new passwords FAILED because (of) Unable to click on object 'Object Repository/Login_registration/div_Forgot password' (Root cause: org.openqa.selenium.WebDriverException: unknown error: Element <div class="form_a" id="form_forget_password" style="margin-top: 5px;">...</div> is not clickable at point (837, 485). Other element would receive the click: <div class="srm_loading">...</div>
  (Session info: chrome=65.0.3325.181)
  (Driver info: chromedriver=2.35.528161 (5b82f2d2aae0ca24b877009200ced9065a772e73),platform=Windows NT 6.3.9600 x86_64) (WARNING: The server did not provide any stacktrace information)
Command duration or timeout: 0 milliseconds
Build info: version: '3.7.1', revision: '8a0099a', time: '2017-11-06T21:07:36.161Z'
System info: host: 'BRAINPC', ip: '10.1.2.105', os.name: 'Windows 8.1', os.arch: 'amd64', os.version: '6.3', java.version: '1.8.0_102'
Driver info: com.kms.katalon.selenium.driver.CChromeDriver
Capabilities {acceptInsecureCerts: false, acceptSslCerts: false, applicationCacheEnabled: false, browserConnectionEnabled: false, browserName: chrome, chrome: {chromedriverVersion: 2.35.528161 (5b82f2d2aae0ca..., userDataDir: C:\Users\user\AppData\Local...}, cssSelectorsEnabled: true, databaseEnabled: false, handlesAlerts: true, hasTouchScreen: false, javascriptEnabled: true, locationContextEnabled: true, mobileEmulationEnabled: false, nativeEvents: true, networkConnectionEnabled: false, pageLoadStrategy: normal, platform: XP, platformName: XP, rotatable: false, setWindowRect: true, takesHeapSnapshot: true, takesScreenshot: true, unexpectedAlertBehaviour: , unhandledPromptBehavior: , version: 65.0.3325.181, webStorageEnabled: true}
Session ID: df5608c44273236752de9a36bbbe104b)]]></system-out>
      <system-err><![CDATA[2018-03-23 13:42:57 - [TEST_SUITE][FAILED] - Login_Registration: Test Cases/Login_reg- Password recovery with different new passwords FAILED because (of) Unable to click on object 'Object Repository/Login_registration/div_Forgot password' (Root cause: org.openqa.selenium.WebDriverException: unknown error: Element <div class="form_a" id="form_forget_password" style="margin-top: 5px;">...</div> is not clickable at point (837, 485). Other element would receive the click: <div class="srm_loading">...</div>
  (Session info: chrome=65.0.3325.181)
  (Driver info: chromedriver=2.35.528161 (5b82f2d2aae0ca24b877009200ced9065a772e73),platform=Windows NT 6.3.9600 x86_64) (WARNING: The server did not provide any stacktrace information)
Command duration or timeout: 0 milliseconds
Build info: version: '3.7.1', revision: '8a0099a', time: '2017-11-06T21:07:36.161Z'
System info: host: 'BRAINPC', ip: '10.1.2.105', os.name: 'Windows 8.1', os.arch: 'amd64', os.version: '6.3', java.version: '1.8.0_102'
Driver info: com.kms.katalon.selenium.driver.CChromeDriver
Capabilities {acceptInsecureCerts: false, acceptSslCerts: false, applicationCacheEnabled: false, browserConnectionEnabled: false, browserName: chrome, chrome: {chromedriverVersion: 2.35.528161 (5b82f2d2aae0ca..., userDataDir: C:\Users\user\AppData\Local...}, cssSelectorsEnabled: true, databaseEnabled: false, handlesAlerts: true, hasTouchScreen: false, javascriptEnabled: true, locationContextEnabled: true, mobileEmulationEnabled: false, nativeEvents: true, networkConnectionEnabled: false, pageLoadStrategy: normal, platform: XP, platformName: XP, rotatable: false, setWindowRect: true, takesHeapSnapshot: true, takesScreenshot: true, unexpectedAlertBehaviour: , unhandledPromptBehavior: , version: 65.0.3325.181, webStorageEnabled: true}
Session ID: df5608c44273236752de9a36bbbe104b)]]></system-err>
   </testsuite>
</testsuites>
