<?xml version="1.0" encoding="UTF-8"?>
<testsuites name="Account" time="462" tests="6" failures="4" errors="0">
   <testsuite name="Account" tests="6" failures="4" errors="0" time="462" timestamp="2018-04-03 11:13:24" hostname="user - BrainPc" id="Test Suites/Account">
      <properties>
         <property name="deviceName" value=""/>
         <property name="devicePlatform" value=""/>
         <property name="logFolder" value="C:\\Users\\user\\Katalon Studio\\Route_report_WEB\\Reports\\Account\\20180403_111318"/>
         <property name="logFiles" value="C:\\Users\\user\\Katalon Studio\\Route_report_WEB\\Reports\\Account\\20180403_111318\\execution0.log"/>
         <property name="attachments" value="C:\\Users\\user\\Katalon Studio\\Route_report_WEB\\Reports\\Account\\20180403_111318\\1522743224897.png, C:\\Users\\user\\Katalon Studio\\Route_report_WEB\\Reports\\Account\\20180403_111318\\1522743444393.png, C:\\Users\\user\\Katalon Studio\\Route_report_WEB\\Reports\\Account\\20180403_111318\\1522743504578.png, C:\\Users\\user\\Katalon Studio\\Route_report_WEB\\Reports\\Account\\20180403_111318\\1522743666073.png"/>
         <property name="hostName" value="user - BrainPc"/>
         <property name="os" value="Windows 8.1 64bit"/>
         <property name="katalonVersion" value="5.3.1.1"/>
         <property name="browser" value="Chrome 65.0.3325.181"/>
         <property name="hostAddress" value="192.168.137.2"/>
         <property name="sessionId" value="27002036821a19e805485a5a6bc99ddb"/>
         <property name="seleniumVersion" value="3.7.1"/>
         <property name="proxyInformation" value="ProxyInformation{proxyOption=NO_PROXY, proxyServerType=HTTP, password=, proxyServerAddress=, proxyServerPort=0}"/>
         <property name="platform" value="Windows 8.1"/>
      </properties>
      <testcase name="Test Cases/Account/Account_Change_data" classname="Test Cases/Account/Account_Change_data" status="FAILED">
         <failure type="FAILED" message="Unable to click on object 'Object Repository/Account/Buttons/button_change_name_mail_phone' (Root cause: org.openqa.selenium.WebDriverException: unknown error: Element &lt;i class=&quot;acc acc-edit change_lc_edit&quot;>&lt;/i> is not clickable at point (1034, 246). Other element would receive the click: &lt;div class=&quot;srm_loading&quot;>...&lt;/div>
  (Session info: chrome=65.0.3325.181)
  (Driver info: chromedriver=2.35.528161 (5b82f2d2aae0ca24b877009200ced9065a772e73),platform=Windows NT 6.3.9600 x86_64) (WARNING: The server did not provide any stacktrace information)
Command duration or timeout: 0 milliseconds
Build info: version: '3.7.1', revision: '8a0099a', time: '2017-11-06T21:07:36.161Z'
System info: host: 'BRAINPC', ip: '192.168.137.2', os.name: 'Windows 8.1', os.arch: 'amd64', os.version: '6.3', java.version: '1.8.0_102'
Driver info: com.kms.katalon.selenium.driver.CChromeDriver
Capabilities {acceptInsecureCerts: false, acceptSslCerts: false, applicationCacheEnabled: false, browserConnectionEnabled: false, browserName: chrome, chrome: {chromedriverVersion: 2.35.528161 (5b82f2d2aae0ca..., userDataDir: C:\Users\user\AppData\Local...}, cssSelectorsEnabled: true, databaseEnabled: false, handlesAlerts: true, hasTouchScreen: false, javascriptEnabled: true, locationContextEnabled: true, mobileEmulationEnabled: false, nativeEvents: true, networkConnectionEnabled: false, pageLoadStrategy: normal, platform: XP, platformName: XP, rotatable: false, setWindowRect: true, takesHeapSnapshot: true, takesScreenshot: true, unexpectedAlertBehaviour: , unhandledPromptBehavior: , version: 65.0.3325.181, webStorageEnabled: true}
Session ID: 30cb26253a29a6719a1ef69ef88d2196)"/>
         <system-out><![CDATA[2018-04-03 11:13:25 - [TEST_CASE][FAILED] - Test Cases/Account/Account_Change_data: Test Cases/Account/Account_Change_data FAILED because (of) Unable to click on object 'Object Repository/Account/Buttons/button_change_name_mail_phone' (Root cause: org.openqa.selenium.WebDriverException: unknown error: Element <i class="acc acc-edit change_lc_edit"></i> is not clickable at point (1034, 246). Other element would receive the click: <div class="srm_loading">...</div>
  (Session info: chrome=65.0.3325.181)
  (Driver info: chromedriver=2.35.528161 (5b82f2d2aae0ca24b877009200ced9065a772e73),platform=Windows NT 6.3.9600 x86_64) (WARNING: The server did not provide any stacktrace information)
Command duration or timeout: 0 milliseconds
Build info: version: '3.7.1', revision: '8a0099a', time: '2017-11-06T21:07:36.161Z'
System info: host: 'BRAINPC', ip: '192.168.137.2', os.name: 'Windows 8.1', os.arch: 'amd64', os.version: '6.3', java.version: '1.8.0_102'
Driver info: com.kms.katalon.selenium.driver.CChromeDriver
Capabilities {acceptInsecureCerts: false, acceptSslCerts: false, applicationCacheEnabled: false, browserConnectionEnabled: false, browserName: chrome, chrome: {chromedriverVersion: 2.35.528161 (5b82f2d2aae0ca..., userDataDir: C:\Users\user\AppData\Local...}, cssSelectorsEnabled: true, databaseEnabled: false, handlesAlerts: true, hasTouchScreen: false, javascriptEnabled: true, locationContextEnabled: true, mobileEmulationEnabled: false, nativeEvents: true, networkConnectionEnabled: false, pageLoadStrategy: normal, platform: XP, platformName: XP, rotatable: false, setWindowRect: true, takesHeapSnapshot: true, takesScreenshot: true, unexpectedAlertBehaviour: , unhandledPromptBehavior: , version: 65.0.3325.181, webStorageEnabled: true}
Session ID: 30cb26253a29a6719a1ef69ef88d2196)

2018-04-03 11:13:25 - [TEST_STEP][PASSED] - openBrowser: Browser is opened with url: ''

2018-04-03 11:13:28 - [MESSAGE][PASSED] - Browser is opened with url: ''

2018-04-03 11:13:28 - [TEST_STEP][PASSED] - navigateToUrl: Navigate to 'http://route-report.doinsane.com/' successfully

2018-04-03 11:13:36 - [MESSAGE][PASSED] - Navigate to 'http://route-report.doinsane.com/' successfully

2018-04-03 11:13:36 - [TEST_STEP][PASSED] - maximizeWindow: Current window maximized

2018-04-03 11:13:38 - [MESSAGE][PASSED] - Current window maximized

2018-04-03 11:13:38 - [TEST_STEP][PASSED] - click: Object: 'Object Repository/Login_registration/span_Login' is clicked on

2018-04-03 11:13:38 - [MESSAGE][PASSED] - Object: 'Object Repository/Login_registration/span_Login' is clicked on

2018-04-03 11:13:38 - [TEST_STEP][PASSED] - Statement - mydate = new java.util.Date(): null

2018-04-03 11:13:38 - [TEST_STEP][PASSED] - Statement - dateHour = mydate.format("HHmmss"): null

2018-04-03 11:13:38 - [TEST_STEP][PASSED] - Statement - x = "time" + dateHour: null

2018-04-03 11:13:38 - [TEST_STEP][PASSED] - setText: Text 'time111338' is set on object 'Object Repository/Login_registration/input_in_nickname'

2018-04-03 11:13:39 - [MESSAGE][PASSED] - Text 'time111338' is set on object 'Object Repository/Login_registration/input_in_nickname'

2018-04-03 11:13:39 - [TEST_STEP][PASSED] - setText: Text 'time111338@test.com' is set on object 'Object Repository/Login_registration/input_in_email_registration_field'

2018-04-03 11:13:39 - [MESSAGE][PASSED] - Text 'time111338@test.com' is set on object 'Object Repository/Login_registration/input_in_email_registration_field'

2018-04-03 11:13:39 - [TEST_STEP][PASSED] - click: Object: 'Object Repository/Login_registration/button_SIGN UP' is clicked on

2018-04-03 11:13:39 - [MESSAGE][PASSED] - Object: 'Object Repository/Login_registration/button_SIGN UP' is clicked on

2018-04-03 11:13:39 - [TEST_STEP][PASSED] - waitForElementPresent: Object 'Object Repository/Login_registration/span_My spoken languages' is present

2018-04-03 11:13:44 - [MESSAGE][PASSED] - Object 'Object Repository/Login_registration/span_My spoken languages' is present

2018-04-03 11:13:44 - [TEST_STEP][PASSED] - verifyElementText: Actual text and expected text of test object 'Object Repository/Login_registration/span_mail_field_account' are matched.

2018-04-03 11:13:44 - [MESSAGE][PASSED] - Actual text and expected text of test object 'Object Repository/Login_registration/span_mail_field_account' are matched.

2018-04-03 11:13:44 - [TEST_STEP][FAILED] - click: Unable to click on object 'Object Repository/Account/Buttons/button_change_name_mail_phone' (Root cause: org.openqa.selenium.WebDriverException: unknown error: Element <i class="acc acc-edit change_lc_edit"></i> is not clickable at point (1034, 246). Other element would receive the click: <div class="srm_loading">...</div>
  (Session info: chrome=65.0.3325.181)
  (Driver info: chromedriver=2.35.528161 (5b82f2d2aae0ca24b877009200ced9065a772e73),platform=Windows NT 6.3.9600 x86_64) (WARNING: The server did not provide any stacktrace information)
Command duration or timeout: 0 milliseconds
Build info: version: '3.7.1', revision: '8a0099a', time: '2017-11-06T21:07:36.161Z'
System info: host: 'BRAINPC', ip: '192.168.137.2', os.name: 'Windows 8.1', os.arch: 'amd64', os.version: '6.3', java.version: '1.8.0_102'
Driver info: com.kms.katalon.selenium.driver.CChromeDriver
Capabilities {acceptInsecureCerts: false, acceptSslCerts: false, applicationCacheEnabled: false, browserConnectionEnabled: false, browserName: chrome, chrome: {chromedriverVersion: 2.35.528161 (5b82f2d2aae0ca..., userDataDir: C:\Users\user\AppData\Local...}, cssSelectorsEnabled: true, databaseEnabled: false, handlesAlerts: true, hasTouchScreen: false, javascriptEnabled: true, locationContextEnabled: true, mobileEmulationEnabled: false, nativeEvents: true, networkConnectionEnabled: false, pageLoadStrategy: normal, platform: XP, platformName: XP, rotatable: false, setWindowRect: true, takesHeapSnapshot: true, takesScreenshot: true, unexpectedAlertBehaviour: , unhandledPromptBehavior: , version: 65.0.3325.181, webStorageEnabled: true}
Session ID: 30cb26253a29a6719a1ef69ef88d2196)

2018-04-03 11:13:45 - [MESSAGE][FAILED] - Unable to click on object 'Object Repository/Account/Buttons/button_change_name_mail_phone' (Root cause: org.openqa.selenium.WebDriverException: unknown error: Element <i class="acc acc-edit change_lc_edit"></i> is not clickable at point (1034, 246). Other element would receive the click: <div class="srm_loading">...</div>
  (Session info: chrome=65.0.3325.181)
  (Driver info: chromedriver=2.35.528161 (5b82f2d2aae0ca24b877009200ced9065a772e73),platform=Windows NT 6.3.9600 x86_64) (WARNING: The server did not provide any stacktrace information)
Command duration or timeout: 0 milliseconds
Build info: version: '3.7.1', revision: '8a0099a', time: '2017-11-06T21:07:36.161Z'
System info: host: 'BRAINPC', ip: '192.168.137.2', os.name: 'Windows 8.1', os.arch: 'amd64', os.version: '6.3', java.version: '1.8.0_102'
Driver info: com.kms.katalon.selenium.driver.CChromeDriver
Capabilities {acceptInsecureCerts: false, acceptSslCerts: false, applicationCacheEnabled: false, browserConnectionEnabled: false, browserName: chrome, chrome: {chromedriverVersion: 2.35.528161 (5b82f2d2aae0ca..., userDataDir: C:\Users\user\AppData\Local...}, cssSelectorsEnabled: true, databaseEnabled: false, handlesAlerts: true, hasTouchScreen: false, javascriptEnabled: true, locationContextEnabled: true, mobileEmulationEnabled: false, nativeEvents: true, networkConnectionEnabled: false, pageLoadStrategy: normal, platform: XP, platformName: XP, rotatable: false, setWindowRect: true, takesHeapSnapshot: true, takesScreenshot: true, unexpectedAlertBehaviour: , unhandledPromptBehavior: , version: 65.0.3325.181, webStorageEnabled: true}
Session ID: 30cb26253a29a6719a1ef69ef88d2196)
[[ATTACHMENT|C:\\Users\\user\\Katalon Studio\\Route_report_WEB\\Reports\\Account\\20180403_111318\\1522743224897.png]]]]></system-out>
         <system-err><![CDATA[2018-04-03 11:13:25 - [TEST_CASE][FAILED] - Test Cases/Account/Account_Change_data: Test Cases/Account/Account_Change_data FAILED because (of) Unable to click on object 'Object Repository/Account/Buttons/button_change_name_mail_phone' (Root cause: org.openqa.selenium.WebDriverException: unknown error: Element <i class="acc acc-edit change_lc_edit"></i> is not clickable at point (1034, 246). Other element would receive the click: <div class="srm_loading">...</div>
  (Session info: chrome=65.0.3325.181)
  (Driver info: chromedriver=2.35.528161 (5b82f2d2aae0ca24b877009200ced9065a772e73),platform=Windows NT 6.3.9600 x86_64) (WARNING: The server did not provide any stacktrace information)
Command duration or timeout: 0 milliseconds
Build info: version: '3.7.1', revision: '8a0099a', time: '2017-11-06T21:07:36.161Z'
System info: host: 'BRAINPC', ip: '192.168.137.2', os.name: 'Windows 8.1', os.arch: 'amd64', os.version: '6.3', java.version: '1.8.0_102'
Driver info: com.kms.katalon.selenium.driver.CChromeDriver
Capabilities {acceptInsecureCerts: false, acceptSslCerts: false, applicationCacheEnabled: false, browserConnectionEnabled: false, browserName: chrome, chrome: {chromedriverVersion: 2.35.528161 (5b82f2d2aae0ca..., userDataDir: C:\Users\user\AppData\Local...}, cssSelectorsEnabled: true, databaseEnabled: false, handlesAlerts: true, hasTouchScreen: false, javascriptEnabled: true, locationContextEnabled: true, mobileEmulationEnabled: false, nativeEvents: true, networkConnectionEnabled: false, pageLoadStrategy: normal, platform: XP, platformName: XP, rotatable: false, setWindowRect: true, takesHeapSnapshot: true, takesScreenshot: true, unexpectedAlertBehaviour: , unhandledPromptBehavior: , version: 65.0.3325.181, webStorageEnabled: true}
Session ID: 30cb26253a29a6719a1ef69ef88d2196)]]></system-err>
      </testcase>
      <testcase name="Test Cases/Account/Account_Change_Password" classname="Test Cases/Account/Account_Change_Password" status="PASSED">
         <system-out><![CDATA[2018-04-03 11:13:45 - [TEST_CASE][PASSED] - Test Cases/Account/Account_Change_Password: Test Cases/Account/Account_Change_Password

2018-04-03 11:13:45 - [TEST_STEP][PASSED] - openBrowser: Browser is opened with url: ''

2018-04-03 11:13:45 - [MESSAGE][WARNING] - A browser is already opened. Closing browser and opening a new one

2018-04-03 11:13:48 - [MESSAGE][PASSED] - Browser is opened with url: ''

2018-04-03 11:13:48 - [TEST_STEP][PASSED] - navigateToUrl: Navigate to 'https://www.route-report.com/' successfully

2018-04-03 11:14:00 - [MESSAGE][PASSED] - Navigate to 'https://www.route-report.com/' successfully

2018-04-03 11:14:00 - [TEST_STEP][PASSED] - maximizeWindow: Current window maximized

2018-04-03 11:14:01 - [MESSAGE][PASSED] - Current window maximized

2018-04-03 11:14:01 - [TEST_STEP][PASSED] - Statement - pass = "111111": null

2018-04-03 11:14:01 - [TEST_STEP][PASSED] - Statement - wrongpass = "123123123123": null

2018-04-03 11:14:01 - [TEST_STEP][PASSED] - Statement - newpass = "222222": null

2018-04-03 11:14:01 - [TEST_STEP][PASSED] - Statement - mail = "rostyslav.biliaiev@route-report.com": null

2018-04-03 11:14:01 - [TEST_STEP][PASSED] - click: Object: 'Object Repository/Login_registration/span_Login' is clicked on

2018-04-03 11:14:01 - [MESSAGE][PASSED] - Object: 'Object Repository/Login_registration/span_Login' is clicked on

2018-04-03 11:14:01 - [TEST_STEP][PASSED] - setText: Text 'rostyslav.biliaiev@route-report.com' is set on object 'Object Repository/Login_registration/input_in_login'

2018-04-03 11:14:02 - [MESSAGE][PASSED] - Text 'rostyslav.biliaiev@route-report.com' is set on object 'Object Repository/Login_registration/input_in_login'

2018-04-03 11:14:02 - [TEST_STEP][PASSED] - setText: Text '111111' is set on object 'Object Repository/Login_registration/input_in_password'

2018-04-03 11:14:03 - [MESSAGE][PASSED] - Text '111111' is set on object 'Object Repository/Login_registration/input_in_password'

2018-04-03 11:14:03 - [TEST_STEP][PASSED] - click: Object: 'Object Repository/Login_registration/button_LOG IN' is clicked on

2018-04-03 11:14:04 - [MESSAGE][PASSED] - Object: 'Object Repository/Login_registration/button_LOG IN' is clicked on

2018-04-03 11:14:04 - [TEST_STEP][PASSED] - verifyElementPresent: Object 'Object Repository/Login_registration/span_My spoken languages' is present

2018-04-03 11:14:19 - [MESSAGE][PASSED] - Object 'Object Repository/Login_registration/span_My spoken languages' is present

2018-04-03 11:14:19 - [TEST_STEP][PASSED] - delay: Delayed 1 second(s)

2018-04-03 11:14:20 - [MESSAGE][PASSED] - Delayed 1 second(s)

2018-04-03 11:14:20 - [TEST_STEP][PASSED] - click: Object: 'Object Repository/Account/Buttons/button_change_password' is clicked on

2018-04-03 11:14:21 - [MESSAGE][PASSED] - Object: 'Object Repository/Account/Buttons/button_change_password' is clicked on

2018-04-03 11:14:21 - [TEST_STEP][PASSED] - waitForElementVisible: Object 'Object Repository/Account/ver/ver_change_pass_form_shows' is visible

2018-04-03 11:14:21 - [MESSAGE][PASSED] - Object 'Object Repository/Account/ver/ver_change_pass_form_shows' is visible

2018-04-03 11:14:21 - [TEST_STEP][PASSED] - setText: Text '123123123123' is set on object 'Object Repository/Account/Input_fields/input_old_password_field'

2018-04-03 11:14:21 - [MESSAGE][PASSED] - Text '123123123123' is set on object 'Object Repository/Account/Input_fields/input_old_password_field'

2018-04-03 11:14:21 - [TEST_STEP][PASSED] - setText: Text '222222' is set on object 'Object Repository/Account/Input_fields/input_newpass_field'

2018-04-03 11:14:22 - [MESSAGE][PASSED] - Text '222222' is set on object 'Object Repository/Account/Input_fields/input_newpass_field'

2018-04-03 11:14:22 - [TEST_STEP][PASSED] - setText: Text '222222' is set on object 'Object Repository/Account/Input_fields/input_confirm_newpass_field'

2018-04-03 11:14:22 - [MESSAGE][PASSED] - Text '222222' is set on object 'Object Repository/Account/Input_fields/input_confirm_newpass_field'

2018-04-03 11:14:22 - [TEST_STEP][PASSED] - click: Object: 'Object Repository/Account/Buttons/button_save_new_pass' is clicked on

2018-04-03 11:14:22 - [MESSAGE][PASSED] - Object: 'Object Repository/Account/Buttons/button_save_new_pass' is clicked on

2018-04-03 11:14:22 - [TEST_STEP][PASSED] - delay: Delayed 3 second(s)

2018-04-03 11:14:25 - [MESSAGE][PASSED] - Delayed 3 second(s)

2018-04-03 11:14:25 - [TEST_STEP][PASSED] - waitForElementVisible: Object 'Object Repository/Account/warnings(validator_msg)/ver_msg_old_pass_incorrect_shows' is visible

2018-04-03 11:14:25 - [MESSAGE][PASSED] - Object 'Object Repository/Account/warnings(validator_msg)/ver_msg_old_pass_incorrect_shows' is visible

2018-04-03 11:14:25 - [TEST_STEP][PASSED] - clearText: Text of object 'Object Repository/Account/Input_fields/input_old_password_field' is cleared

2018-04-03 11:14:25 - [MESSAGE][PASSED] - Text of object 'Object Repository/Account/Input_fields/input_old_password_field' is cleared

2018-04-03 11:14:25 - [TEST_STEP][PASSED] - clearText: Text of object 'Object Repository/Account/Input_fields/input_newpass_field' is cleared

2018-04-03 11:14:25 - [MESSAGE][PASSED] - Text of object 'Object Repository/Account/Input_fields/input_newpass_field' is cleared

2018-04-03 11:14:25 - [TEST_STEP][PASSED] - clearText: Text of object 'Object Repository/Account/Input_fields/input_confirm_newpass_field' is cleared

2018-04-03 11:14:25 - [MESSAGE][PASSED] - Text of object 'Object Repository/Account/Input_fields/input_confirm_newpass_field' is cleared

2018-04-03 11:14:25 - [TEST_STEP][PASSED] - click: Object: 'Object Repository/Account/Buttons/button_save_new_pass' is clicked on

2018-04-03 11:14:25 - [MESSAGE][PASSED] - Object: 'Object Repository/Account/Buttons/button_save_new_pass' is clicked on

2018-04-03 11:14:25 - [TEST_STEP][PASSED] - verifyElementVisible: Object 'Object Repository/Account/ver/ver_error_msg_old_pass_field' is visible

2018-04-03 11:14:25 - [MESSAGE][PASSED] - Object 'Object Repository/Account/ver/ver_error_msg_old_pass_field' is visible

2018-04-03 11:14:25 - [TEST_STEP][PASSED] - verifyElementVisible: Object 'Object Repository/Account/ver/ver_error_msg_new_pass' is visible

2018-04-03 11:14:25 - [MESSAGE][PASSED] - Object 'Object Repository/Account/ver/ver_error_msg_new_pass' is visible

2018-04-03 11:14:25 - [TEST_STEP][PASSED] - verifyElementVisible: Object 'Object Repository/Account/ver/ver_error_msg_confirm_pass_field' is visible

2018-04-03 11:14:25 - [MESSAGE][PASSED] - Object 'Object Repository/Account/ver/ver_error_msg_confirm_pass_field' is visible

2018-04-03 11:14:25 - [TEST_STEP][PASSED] - delay: Delayed 1 second(s)

2018-04-03 11:14:26 - [MESSAGE][PASSED] - Delayed 1 second(s)

2018-04-03 11:14:26 - [TEST_STEP][PASSED] - click: Object: 'Object Repository/Account/Buttons/button_Cancel_change_pass' is clicked on

2018-04-03 11:14:27 - [MESSAGE][PASSED] - Object: 'Object Repository/Account/Buttons/button_Cancel_change_pass' is clicked on

2018-04-03 11:14:27 - [TEST_STEP][PASSED] - delay: Delayed 2 second(s)

2018-04-03 11:14:29 - [MESSAGE][PASSED] - Delayed 2 second(s)

2018-04-03 11:14:29 - [TEST_STEP][PASSED] - click: Object: 'Object Repository/Account/Buttons/button_change_password' is clicked on

2018-04-03 11:14:29 - [MESSAGE][PASSED] - Object: 'Object Repository/Account/Buttons/button_change_password' is clicked on

2018-04-03 11:14:29 - [TEST_STEP][PASSED] - verifyElementVisible: Object 'Object Repository/Account/ver/ver_change_pass_form_shows' is visible

2018-04-03 11:14:30 - [MESSAGE][PASSED] - Object 'Object Repository/Account/ver/ver_change_pass_form_shows' is visible

2018-04-03 11:14:30 - [TEST_STEP][PASSED] - setText: Text '111111' is set on object 'Object Repository/Account/Input_fields/input_old_password_field'

2018-04-03 11:14:30 - [MESSAGE][PASSED] - Text '111111' is set on object 'Object Repository/Account/Input_fields/input_old_password_field'

2018-04-03 11:14:30 - [TEST_STEP][PASSED] - setText: Text '222222' is set on object 'Object Repository/Account/Input_fields/input_newpass_field'

2018-04-03 11:14:31 - [MESSAGE][PASSED] - Text '222222' is set on object 'Object Repository/Account/Input_fields/input_newpass_field'

2018-04-03 11:14:31 - [TEST_STEP][PASSED] - setText: Text '123123123123' is set on object 'Object Repository/Account/Input_fields/input_confirm_newpass_field'

2018-04-03 11:14:31 - [MESSAGE][PASSED] - Text '123123123123' is set on object 'Object Repository/Account/Input_fields/input_confirm_newpass_field'

2018-04-03 11:14:31 - [TEST_STEP][PASSED] - delay: Delayed 1 second(s)

2018-04-03 11:14:32 - [MESSAGE][PASSED] - Delayed 1 second(s)

2018-04-03 11:14:32 - [TEST_STEP][PASSED] - verifyElementVisible: Object 'Object Repository/Account/ver/ver_error_msg_confirm_pass_field' is visible

2018-04-03 11:14:32 - [MESSAGE][PASSED] - Object 'Object Repository/Account/ver/ver_error_msg_confirm_pass_field' is visible

2018-04-03 11:14:32 - [TEST_STEP][PASSED] - delay: Delayed 2 second(s)

2018-04-03 11:14:34 - [MESSAGE][PASSED] - Delayed 2 second(s)

2018-04-03 11:14:34 - [TEST_STEP][PASSED] - clearText: Text of object 'Object Repository/Account/Input_fields/input_old_password_field' is cleared

2018-04-03 11:14:34 - [MESSAGE][PASSED] - Text of object 'Object Repository/Account/Input_fields/input_old_password_field' is cleared

2018-04-03 11:14:34 - [TEST_STEP][PASSED] - clearText: Text of object 'Object Repository/Account/Input_fields/input_newpass_field' is cleared

2018-04-03 11:14:34 - [MESSAGE][PASSED] - Text of object 'Object Repository/Account/Input_fields/input_newpass_field' is cleared

2018-04-03 11:14:34 - [TEST_STEP][PASSED] - clearText: Text of object 'Object Repository/Account/Input_fields/input_confirm_newpass_field' is cleared

2018-04-03 11:14:34 - [MESSAGE][PASSED] - Text of object 'Object Repository/Account/Input_fields/input_confirm_newpass_field' is cleared

2018-04-03 11:14:34 - [TEST_STEP][PASSED] - setText: Text '111111' is set on object 'Object Repository/Account/Input_fields/input_old_password_field'

2018-04-03 11:14:34 - [MESSAGE][PASSED] - Text '111111' is set on object 'Object Repository/Account/Input_fields/input_old_password_field'

2018-04-03 11:14:34 - [TEST_STEP][PASSED] - setText: Text '222222' is set on object 'Object Repository/Account/Input_fields/input_newpass_field'

2018-04-03 11:14:34 - [MESSAGE][PASSED] - Text '222222' is set on object 'Object Repository/Account/Input_fields/input_newpass_field'

2018-04-03 11:14:34 - [TEST_STEP][PASSED] - setText: Text '222222' is set on object 'Object Repository/Account/Input_fields/input_confirm_newpass_field'

2018-04-03 11:14:34 - [MESSAGE][PASSED] - Text '222222' is set on object 'Object Repository/Account/Input_fields/input_confirm_newpass_field'

2018-04-03 11:14:34 - [TEST_STEP][PASSED] - click: Object: 'Object Repository/Account/Buttons/button_save_new_pass' is clicked on

2018-04-03 11:14:34 - [MESSAGE][PASSED] - Object: 'Object Repository/Account/Buttons/button_save_new_pass' is clicked on

2018-04-03 11:14:34 - [TEST_STEP][PASSED] - delay: Delayed 1 second(s)

2018-04-03 11:14:35 - [MESSAGE][PASSED] - Delayed 1 second(s)

2018-04-03 11:14:35 - [TEST_STEP][PASSED] - click: Object: 'Object Repository/Account/Buttons/button_Log-out' is clicked on

2018-04-03 11:14:37 - [MESSAGE][PASSED] - Object: 'Object Repository/Account/Buttons/button_Log-out' is clicked on

2018-04-03 11:14:37 - [TEST_STEP][PASSED] - delay: Delayed 1 second(s)

2018-04-03 11:14:38 - [MESSAGE][PASSED] - Delayed 1 second(s)

2018-04-03 11:14:38 - [TEST_STEP][PASSED] - verifyElementPresent: Object 'Object Repository/Account/ver/ver_log_out_OK' is present

2018-04-03 11:14:38 - [MESSAGE][PASSED] - Object 'Object Repository/Account/ver/ver_log_out_OK' is present

2018-04-03 11:14:38 - [TEST_STEP][PASSED] - click: Object: 'Object Repository/Login_registration/span_Login' is clicked on

2018-04-03 11:14:38 - [MESSAGE][PASSED] - Object: 'Object Repository/Login_registration/span_Login' is clicked on

2018-04-03 11:14:38 - [TEST_STEP][PASSED] - setText: Text 'rostyslav.biliaiev@route-report.com' is set on object 'Object Repository/Login_registration/input_in_login'

2018-04-03 11:14:39 - [MESSAGE][PASSED] - Text 'rostyslav.biliaiev@route-report.com' is set on object 'Object Repository/Login_registration/input_in_login'

2018-04-03 11:14:39 - [TEST_STEP][PASSED] - setText: Text '222222' is set on object 'Object Repository/Login_registration/input_in_password'

2018-04-03 11:14:39 - [MESSAGE][PASSED] - Text '222222' is set on object 'Object Repository/Login_registration/input_in_password'

2018-04-03 11:14:39 - [TEST_STEP][PASSED] - click: Object: 'Object Repository/Login_registration/button_LOG IN' is clicked on

2018-04-03 11:14:39 - [MESSAGE][PASSED] - Object: 'Object Repository/Login_registration/button_LOG IN' is clicked on

2018-04-03 11:14:39 - [TEST_STEP][PASSED] - verifyElementPresent: Object 'Object Repository/Login_registration/span_My spoken languages' is present

2018-04-03 11:14:43 - [MESSAGE][PASSED] - Object 'Object Repository/Login_registration/span_My spoken languages' is present

2018-04-03 11:14:43 - [TEST_STEP][PASSED] - delay: Delayed 1 second(s)

2018-04-03 11:14:44 - [MESSAGE][PASSED] - Delayed 1 second(s)

2018-04-03 11:14:44 - [TEST_STEP][PASSED] - click: Object: 'Object Repository/Account/Buttons/button_change_password' is clicked on

2018-04-03 11:14:45 - [MESSAGE][PASSED] - Object: 'Object Repository/Account/Buttons/button_change_password' is clicked on

2018-04-03 11:14:45 - [TEST_STEP][PASSED] - waitForElementVisible: Object 'Object Repository/Account/ver/ver_change_pass_form_shows' is visible

2018-04-03 11:14:45 - [MESSAGE][PASSED] - Object 'Object Repository/Account/ver/ver_change_pass_form_shows' is visible

2018-04-03 11:14:45 - [TEST_STEP][PASSED] - setText: Text '222222' is set on object 'Object Repository/Account/Input_fields/input_old_password_field'

2018-04-03 11:14:45 - [MESSAGE][PASSED] - Text '222222' is set on object 'Object Repository/Account/Input_fields/input_old_password_field'

2018-04-03 11:14:45 - [TEST_STEP][PASSED] - setText: Text '111111' is set on object 'Object Repository/Account/Input_fields/input_newpass_field'

2018-04-03 11:14:45 - [MESSAGE][PASSED] - Text '111111' is set on object 'Object Repository/Account/Input_fields/input_newpass_field'

2018-04-03 11:14:45 - [TEST_STEP][PASSED] - setText: Text '111111' is set on object 'Object Repository/Account/Input_fields/input_confirm_newpass_field'

2018-04-03 11:14:46 - [MESSAGE][PASSED] - Text '111111' is set on object 'Object Repository/Account/Input_fields/input_confirm_newpass_field'

2018-04-03 11:14:46 - [TEST_STEP][PASSED] - click: Object: 'Object Repository/Account/Buttons/button_save_new_pass' is clicked on

2018-04-03 11:14:46 - [MESSAGE][PASSED] - Object: 'Object Repository/Account/Buttons/button_save_new_pass' is clicked on

2018-04-03 11:14:46 - [TEST_STEP][PASSED] - closeBrowser: Browser is closed

2018-04-03 11:14:46 - [MESSAGE][PASSED] - Browser is closed]]></system-out>
         <system-err><![CDATA[]]></system-err>
      </testcase>
      <testcase name="Test Cases/Account/Account_Add_and_Edit_Post" classname="Test Cases/Account/Account_Add_and_Edit_Post" status="PASSED">
         <system-out><![CDATA[2018-04-03 11:14:46 - [TEST_CASE][PASSED] - Test Cases/Account/Account_Add_and_Edit_Post: Test Cases/Account/Account_Add_and_Edit_Post

2018-04-03 11:14:47 - [TEST_STEP][PASSED] - openBrowser: Browser is opened with url: ''

2018-04-03 11:14:49 - [MESSAGE][PASSED] - Browser is opened with url: ''

2018-04-03 11:14:49 - [TEST_STEP][PASSED] - navigateToUrl: Navigate to 'http://route-report.doinsane.com/' successfully

2018-04-03 11:15:15 - [MESSAGE][PASSED] - Navigate to 'http://route-report.doinsane.com/' successfully

2018-04-03 11:15:15 - [TEST_STEP][PASSED] - maximizeWindow: Current window maximized

2018-04-03 11:15:16 - [MESSAGE][PASSED] - Current window maximized

2018-04-03 11:15:16 - [TEST_STEP][PASSED] - Statement - mydate = new java.util.Date(): null

2018-04-03 11:15:16 - [TEST_STEP][PASSED] - Statement - formattedDate = mydate.format("MMdd"): null

2018-04-03 11:15:16 - [TEST_STEP][PASSED] - Statement - dateHour = mydate.format("HHmm"): null

2018-04-03 11:15:16 - [TEST_STEP][PASSED] - Statement - dateHourfull = mydate.format("HHmmss"): null

2018-04-03 11:15:16 - [TEST_STEP][PASSED] - Statement - pass = "111111": null

2018-04-03 11:15:16 - [TEST_STEP][PASSED] - Statement - mail = "rostyslav.biliaiev@route-report.com": null

2018-04-03 11:15:16 - [TEST_STEP][PASSED] - Statement - title_small = "YO": null

2018-04-03 11:15:16 - [TEST_STEP][PASSED] - Statement - title = "Automated Test was executed": null

2018-04-03 11:15:16 - [TEST_STEP][PASSED] - Statement - post_text_small = "Short text": null

2018-04-03 11:15:16 - [TEST_STEP][PASSED] - Statement - post_text = "Automated Test Executed Automated Test Executed Automated Test Executed Automated Test Executed Automated Test Executed Automated Test Executed": null

2018-04-03 11:15:16 - [TEST_STEP][PASSED] - Statement - youtube = "https://youtu.be/Mb-7AWpXK-o": null

2018-04-03 11:15:16 - [TEST_STEP][PASSED] - Statement - post_text_edited = "This post was edited": null

2018-04-03 11:15:16 - [TEST_STEP][PASSED] - click: Object: 'Object Repository/Login_registration/span_Login' is clicked on

2018-04-03 11:15:16 - [MESSAGE][PASSED] - Object: 'Object Repository/Login_registration/span_Login' is clicked on

2018-04-03 11:15:16 - [TEST_STEP][PASSED] - setText: Text 'rostyslav.biliaiev@route-report.com' is set on object 'Object Repository/Login_registration/input_in_login'

2018-04-03 11:15:17 - [MESSAGE][PASSED] - Text 'rostyslav.biliaiev@route-report.com' is set on object 'Object Repository/Login_registration/input_in_login'

2018-04-03 11:15:17 - [TEST_STEP][PASSED] - setText: Text '111111' is set on object 'Object Repository/Login_registration/input_in_password'

2018-04-03 11:15:17 - [MESSAGE][PASSED] - Text '111111' is set on object 'Object Repository/Login_registration/input_in_password'

2018-04-03 11:15:17 - [TEST_STEP][PASSED] - click: Object: 'Object Repository/Login_registration/button_LOG IN' is clicked on

2018-04-03 11:15:17 - [MESSAGE][PASSED] - Object: 'Object Repository/Login_registration/button_LOG IN' is clicked on

2018-04-03 11:15:17 - [TEST_STEP][PASSED] - verifyElementPresent: Object 'Object Repository/Login_registration/span_My spoken languages' is present

2018-04-03 11:15:22 - [MESSAGE][PASSED] - Object 'Object Repository/Login_registration/span_My spoken languages' is present

2018-04-03 11:15:22 - [TEST_STEP][PASSED] - delay: Delayed 1 second(s)

2018-04-03 11:15:23 - [MESSAGE][PASSED] - Delayed 1 second(s)

2018-04-03 11:15:23 - [TEST_STEP][PASSED] - click: Object: 'Object Repository/Account/Buttons/button_block_add_posts' is clicked on

2018-04-03 11:15:24 - [MESSAGE][PASSED] - Object: 'Object Repository/Account/Buttons/button_block_add_posts' is clicked on

2018-04-03 11:15:24 - [TEST_STEP][PASSED] - delay: Delayed 1 second(s)

2018-04-03 11:15:25 - [MESSAGE][PASSED] - Delayed 1 second(s)

2018-04-03 11:15:25 - [TEST_STEP][PASSED] - click: Object: 'Object Repository/Account/Buttons/button_Add_post' is clicked on

2018-04-03 11:15:25 - [MESSAGE][PASSED] - Object: 'Object Repository/Account/Buttons/button_Add_post' is clicked on

2018-04-03 11:15:25 - [TEST_STEP][PASSED] - waitForElementVisible: Object 'Object Repository/Account/Buttons/button_Pulish_post' is visible

2018-04-03 11:15:25 - [MESSAGE][PASSED] - Object 'Object Repository/Account/Buttons/button_Pulish_post' is visible

2018-04-03 11:15:25 - [TEST_STEP][PASSED] - click: Object: 'Object Repository/Account/Buttons/button_Pulish_post' is clicked on

2018-04-03 11:15:26 - [MESSAGE][PASSED] - Object: 'Object Repository/Account/Buttons/button_Pulish_post' is clicked on

2018-04-03 11:15:26 - [TEST_STEP][PASSED] - verifyElementVisible: Object 'Object Repository/Account/warnings(validator_msg)/ver_error_Post_Title_field' is visible

2018-04-03 11:15:26 - [MESSAGE][PASSED] - Object 'Object Repository/Account/warnings(validator_msg)/ver_error_Post_Title_field' is visible

2018-04-03 11:15:26 - [TEST_STEP][PASSED] - verifyElementVisible: Object 'Object Repository/Account/warnings(validator_msg)/ver_error_Post_text_field' is visible

2018-04-03 11:15:26 - [MESSAGE][PASSED] - Object 'Object Repository/Account/warnings(validator_msg)/ver_error_Post_text_field' is visible

2018-04-03 11:15:26 - [TEST_STEP][PASSED] - setText: Text 'YO' is set on object 'Object Repository/Account/Input_fields/input_Post_title_field'

2018-04-03 11:15:26 - [MESSAGE][PASSED] - Text 'YO' is set on object 'Object Repository/Account/Input_fields/input_Post_title_field'

2018-04-03 11:15:26 - [TEST_STEP][PASSED] - setText: Text 'Short text' is set on object 'Object Repository/Account/Input_fields/input_Post_text_field'

2018-04-03 11:15:26 - [MESSAGE][PASSED] - Text 'Short text' is set on object 'Object Repository/Account/Input_fields/input_Post_text_field'

2018-04-03 11:15:26 - [TEST_STEP][PASSED] - delay: Delayed 1 second(s)

2018-04-03 11:15:27 - [MESSAGE][PASSED] - Delayed 1 second(s)

2018-04-03 11:15:27 - [TEST_STEP][PASSED] - click: Object: 'Object Repository/Account/Buttons/button_Pulish_post' is clicked on

2018-04-03 11:15:27 - [MESSAGE][PASSED] - Object: 'Object Repository/Account/Buttons/button_Pulish_post' is clicked on

2018-04-03 11:15:27 - [TEST_STEP][PASSED] - verifyElementVisible: Object 'Object Repository/Account/warnings(validator_msg)/ver_error_Post_Title_field' is visible

2018-04-03 11:15:27 - [MESSAGE][PASSED] - Object 'Object Repository/Account/warnings(validator_msg)/ver_error_Post_Title_field' is visible

2018-04-03 11:15:27 - [TEST_STEP][PASSED] - verifyElementVisible: Object 'Object Repository/Account/warnings(validator_msg)/ver_error_Post_text_field' is visible

2018-04-03 11:15:27 - [MESSAGE][PASSED] - Object 'Object Repository/Account/warnings(validator_msg)/ver_error_Post_text_field' is visible

2018-04-03 11:15:27 - [TEST_STEP][PASSED] - clearText: Text of object 'Object Repository/Account/Input_fields/input_Post_title_field' is cleared

2018-04-03 11:15:27 - [MESSAGE][PASSED] - Text of object 'Object Repository/Account/Input_fields/input_Post_title_field' is cleared

2018-04-03 11:15:27 - [TEST_STEP][PASSED] - clearText: Text of object 'Object Repository/Account/Input_fields/input_Post_text_field' is cleared

2018-04-03 11:15:27 - [MESSAGE][PASSED] - Text of object 'Object Repository/Account/Input_fields/input_Post_text_field' is cleared

2018-04-03 11:15:27 - [TEST_STEP][PASSED] - setText: Text 'Automated Test was executed_date_0403_time_1115' is set on object 'Object Repository/Account/Input_fields/input_Post_title_field'

2018-04-03 11:15:28 - [MESSAGE][PASSED] - Text 'Automated Test was executed_date_0403_time_1115' is set on object 'Object Repository/Account/Input_fields/input_Post_title_field'

2018-04-03 11:15:28 - [TEST_STEP][PASSED] - setText: Text 'Automated Test Executed Automated Test Executed Automated Test Executed Automated Test Executed Automated Test Executed Automated Test Executed' is set on object 'Object Repository/Account/Input_fields/input_Post_text_field'

2018-04-03 11:15:29 - [MESSAGE][PASSED] - Text 'Automated Test Executed Automated Test Executed Automated Test Executed Automated Test Executed Automated Test Executed Automated Test Executed' is set on object 'Object Repository/Account/Input_fields/input_Post_text_field'

2018-04-03 11:15:29 - [TEST_STEP][PASSED] - uploadFile: File 'D:\test-photo.jpg' sent to object: 'Object Repository/Account/Buttons/button_add_photo_to_post'

2018-04-03 11:15:29 - [MESSAGE][PASSED] - File 'D:\test-photo.jpg' sent to object: 'Object Repository/Account/Buttons/button_add_photo_to_post'

2018-04-03 11:15:29 - [TEST_STEP][PASSED] - waitForElementVisible: Object 'Object Repository/Account/ver/ver_pop_up_with_loaded_photo' is visible

2018-04-03 11:15:35 - [MESSAGE][PASSED] - Object 'Object Repository/Account/ver/ver_pop_up_with_loaded_photo' is visible

2018-04-03 11:15:35 - [TEST_STEP][PASSED] - click: Object: 'Object Repository/Account/Buttons/button_Add_photo_to_the_post_popup' is clicked on

2018-04-03 11:15:35 - [MESSAGE][PASSED] - Object: 'Object Repository/Account/Buttons/button_Add_photo_to_the_post_popup' is clicked on

2018-04-03 11:15:35 - [TEST_STEP][PASSED] - delay: Delayed 1 second(s)

2018-04-03 11:15:36 - [MESSAGE][PASSED] - Delayed 1 second(s)

2018-04-03 11:15:36 - [TEST_STEP][PASSED] - click: Object: 'Object Repository/Account/Buttons/button_open_Youtube' is clicked on

2018-04-03 11:15:36 - [MESSAGE][PASSED] - Object: 'Object Repository/Account/Buttons/button_open_Youtube' is clicked on

2018-04-03 11:15:36 - [TEST_STEP][PASSED] - waitForElementVisible: Object 'Object Repository/Account/ver/ver_popup_upload_Youtube_shows' is visible

2018-04-03 11:15:36 - [MESSAGE][PASSED] - Object 'Object Repository/Account/ver/ver_popup_upload_Youtube_shows' is visible

2018-04-03 11:15:36 - [TEST_STEP][PASSED] - setText: Text 'https://youtu.be/Mb-7AWpXK-o' is set on object 'Object Repository/Account/Input_fields/input_field_Add_video_code_Youtube'

2018-04-03 11:15:36 - [MESSAGE][PASSED] - Text 'https://youtu.be/Mb-7AWpXK-o' is set on object 'Object Repository/Account/Input_fields/input_field_Add_video_code_Youtube'

2018-04-03 11:15:36 - [TEST_STEP][PASSED] - delay: Delayed 1 second(s)

2018-04-03 11:15:37 - [MESSAGE][PASSED] - Delayed 1 second(s)

2018-04-03 11:15:37 - [TEST_STEP][PASSED] - click: Object: 'Object Repository/Account/Buttons/button_add_Youtube_code' is clicked on

2018-04-03 11:15:38 - [MESSAGE][PASSED] - Object: 'Object Repository/Account/Buttons/button_add_Youtube_code' is clicked on

2018-04-03 11:15:38 - [TEST_STEP][PASSED] - delay: Delayed 1 second(s)

2018-04-03 11:15:39 - [MESSAGE][PASSED] - Delayed 1 second(s)

2018-04-03 11:15:39 - [TEST_STEP][PASSED] - waitForElementVisible: Object 'Object Repository/Account/ver/ver_pupup_youtube' is visible

2018-04-03 11:15:39 - [MESSAGE][PASSED] - Object 'Object Repository/Account/ver/ver_pupup_youtube' is visible

2018-04-03 11:15:39 - [TEST_STEP][PASSED] - click: Object: 'Object Repository/Account/Buttons/button_Add_photo_to_the_post_popup' is clicked on

2018-04-03 11:15:39 - [MESSAGE][PASSED] - Object: 'Object Repository/Account/Buttons/button_Add_photo_to_the_post_popup' is clicked on

2018-04-03 11:15:39 - [TEST_STEP][PASSED] - delay: Delayed 1 second(s)

2018-04-03 11:15:40 - [MESSAGE][PASSED] - Delayed 1 second(s)

2018-04-03 11:15:40 - [TEST_STEP][PASSED] - click: Object: 'Object Repository/Account/Buttons/button_Pulish_post' is clicked on

2018-04-03 11:15:40 - [MESSAGE][PASSED] - Object: 'Object Repository/Account/Buttons/button_Pulish_post' is clicked on

2018-04-03 11:15:40 - [TEST_STEP][PASSED] - delay: Delayed 2 second(s)

2018-04-03 11:15:42 - [MESSAGE][PASSED] - Delayed 2 second(s)

2018-04-03 11:15:42 - [TEST_STEP][PASSED] - click: Object: 'Object Repository/Account/Buttons/button_Edit_last_post' is clicked on

2018-04-03 11:15:42 - [MESSAGE][PASSED] - Object: 'Object Repository/Account/Buttons/button_Edit_last_post' is clicked on

2018-04-03 11:15:42 - [TEST_STEP][PASSED] - waitForElementVisible: Object 'Object Repository/Account/Buttons/button_Pulish_post' is visible

2018-04-03 11:15:43 - [MESSAGE][PASSED] - Object 'Object Repository/Account/Buttons/button_Pulish_post' is visible

2018-04-03 11:15:43 - [TEST_STEP][PASSED] - clearText: Text of object 'Object Repository/Account/Input_fields/input_Post_text_field' is cleared

2018-04-03 11:15:43 - [MESSAGE][PASSED] - Text of object 'Object Repository/Account/Input_fields/input_Post_text_field' is cleared

2018-04-03 11:15:43 - [TEST_STEP][PASSED] - delay: Delayed 2 second(s)

2018-04-03 11:15:45 - [MESSAGE][PASSED] - Delayed 2 second(s)

2018-04-03 11:15:45 - [TEST_STEP][PASSED] - setText: Text 'This post was edited_time_111516This post was editedThis post was editedThis post was editedThis post was edited' is set on object 'Object Repository/Account/Input_fields/input_Post_text_field'

2018-04-03 11:15:46 - [MESSAGE][PASSED] - Text 'This post was edited_time_111516This post was editedThis post was editedThis post was editedThis post was edited' is set on object 'Object Repository/Account/Input_fields/input_Post_text_field'

2018-04-03 11:15:46 - [TEST_STEP][PASSED] - click: Object: 'Object Repository/Account/Buttons/button_Pulish_post' is clicked on

2018-04-03 11:15:46 - [MESSAGE][PASSED] - Object: 'Object Repository/Account/Buttons/button_Pulish_post' is clicked on

2018-04-03 11:15:46 - [TEST_STEP][PASSED] - closeBrowser: Browser is closed

2018-04-03 11:15:47 - [MESSAGE][PASSED] - Browser is closed]]></system-out>
         <system-err><![CDATA[]]></system-err>
      </testcase>
      <testcase name="Test Cases/Account/Account_Add_Remove_post" classname="Test Cases/Account/Account_Add_Remove_post" status="PASSED">
         <system-out><![CDATA[2018-04-03 11:15:47 - [TEST_CASE][PASSED] - Test Cases/Account/Account_Add_Remove_post: Test Cases/Account/Account_Add_Remove_post

2018-04-03 11:15:47 - [TEST_STEP][PASSED] - openBrowser: Browser is opened with url: ''

2018-04-03 11:15:49 - [MESSAGE][PASSED] - Browser is opened with url: ''

2018-04-03 11:15:49 - [TEST_STEP][PASSED] - navigateToUrl: Navigate to 'http://route-report.doinsane.com/' successfully

2018-04-03 11:15:52 - [MESSAGE][PASSED] - Navigate to 'http://route-report.doinsane.com/' successfully

2018-04-03 11:15:52 - [TEST_STEP][PASSED] - maximizeWindow: Current window maximized

2018-04-03 11:15:53 - [MESSAGE][PASSED] - Current window maximized

2018-04-03 11:15:53 - [TEST_STEP][PASSED] - Statement - mydate = new java.util.Date(): null

2018-04-03 11:15:53 - [TEST_STEP][PASSED] - Statement - formattedDate = mydate.format("MMdd"): null

2018-04-03 11:15:53 - [TEST_STEP][PASSED] - Statement - dateHour = mydate.format("HHmm"): null

2018-04-03 11:15:53 - [TEST_STEP][PASSED] - Statement - dateHourfull = mydate.format("HHmmss"): null

2018-04-03 11:15:53 - [TEST_STEP][PASSED] - Statement - pass = "111111": null

2018-04-03 11:15:53 - [TEST_STEP][PASSED] - Statement - mail = "rostyslav.biliaiev@route-report.com": null

2018-04-03 11:15:53 - [TEST_STEP][PASSED] - Statement - title = "Automated Test was executed": null

2018-04-03 11:15:53 - [TEST_STEP][PASSED] - Statement - post_text = "Automated Test Executed Automated Test Executed Automated Test Executed Automated Test Executed Automated Test Executed Automated Test Executed": null

2018-04-03 11:15:53 - [TEST_STEP][PASSED] - Statement - youtube = "https://youtu.be/Mb-7AWpXK-o": null

2018-04-03 11:15:53 - [TEST_STEP][PASSED] - click: Object: 'Object Repository/Login_registration/span_Login' is clicked on

2018-04-03 11:15:53 - [MESSAGE][PASSED] - Object: 'Object Repository/Login_registration/span_Login' is clicked on

2018-04-03 11:15:53 - [TEST_STEP][PASSED] - setText: Text 'rostyslav.biliaiev@route-report.com' is set on object 'Object Repository/Login_registration/input_in_login'

2018-04-03 11:15:54 - [MESSAGE][PASSED] - Text 'rostyslav.biliaiev@route-report.com' is set on object 'Object Repository/Login_registration/input_in_login'

2018-04-03 11:15:54 - [TEST_STEP][PASSED] - setText: Text '111111' is set on object 'Object Repository/Login_registration/input_in_password'

2018-04-03 11:15:54 - [MESSAGE][PASSED] - Text '111111' is set on object 'Object Repository/Login_registration/input_in_password'

2018-04-03 11:15:54 - [TEST_STEP][PASSED] - click: Object: 'Object Repository/Login_registration/button_LOG IN' is clicked on

2018-04-03 11:15:55 - [MESSAGE][PASSED] - Object: 'Object Repository/Login_registration/button_LOG IN' is clicked on

2018-04-03 11:15:55 - [TEST_STEP][PASSED] - verifyElementPresent: Object 'Object Repository/Login_registration/span_My spoken languages' is present

2018-04-03 11:15:59 - [MESSAGE][PASSED] - Object 'Object Repository/Login_registration/span_My spoken languages' is present

2018-04-03 11:15:59 - [TEST_STEP][PASSED] - delay: Delayed 1 second(s)

2018-04-03 11:16:00 - [MESSAGE][PASSED] - Delayed 1 second(s)

2018-04-03 11:16:00 - [TEST_STEP][PASSED] - click: Object: 'Object Repository/Account/Buttons/button_block_add_posts' is clicked on

2018-04-03 11:16:01 - [MESSAGE][PASSED] - Object: 'Object Repository/Account/Buttons/button_block_add_posts' is clicked on

2018-04-03 11:16:01 - [TEST_STEP][PASSED] - delay: Delayed 1 second(s)

2018-04-03 11:16:02 - [MESSAGE][PASSED] - Delayed 1 second(s)

2018-04-03 11:16:02 - [TEST_STEP][PASSED] - click: Object: 'Object Repository/Account/Buttons/button_Add_post' is clicked on

2018-04-03 11:16:03 - [MESSAGE][PASSED] - Object: 'Object Repository/Account/Buttons/button_Add_post' is clicked on

2018-04-03 11:16:03 - [TEST_STEP][PASSED] - waitForElementVisible: Object 'Object Repository/Account/Buttons/button_Pulish_post' is visible

2018-04-03 11:16:03 - [MESSAGE][PASSED] - Object 'Object Repository/Account/Buttons/button_Pulish_post' is visible

2018-04-03 11:16:03 - [TEST_STEP][PASSED] - delay: Delayed 1 second(s)

2018-04-03 11:16:04 - [MESSAGE][PASSED] - Delayed 1 second(s)

2018-04-03 11:16:04 - [TEST_STEP][PASSED] - setText: Text 'Automated Test was executed_date_0403_time_1115' is set on object 'Object Repository/Account/Input_fields/input_Post_title_field'

2018-04-03 11:16:04 - [MESSAGE][PASSED] - Text 'Automated Test was executed_date_0403_time_1115' is set on object 'Object Repository/Account/Input_fields/input_Post_title_field'

2018-04-03 11:16:04 - [TEST_STEP][PASSED] - setText: Text 'Automated Test Executed Automated Test Executed Automated Test Executed Automated Test Executed Automated Test Executed Automated Test Executed' is set on object 'Object Repository/Account/Input_fields/input_Post_text_field'

2018-04-03 11:16:05 - [MESSAGE][PASSED] - Text 'Automated Test Executed Automated Test Executed Automated Test Executed Automated Test Executed Automated Test Executed Automated Test Executed' is set on object 'Object Repository/Account/Input_fields/input_Post_text_field'

2018-04-03 11:16:05 - [TEST_STEP][PASSED] - click: Object: 'Object Repository/Account/Buttons/button_Pulish_post' is clicked on

2018-04-03 11:16:05 - [MESSAGE][PASSED] - Object: 'Object Repository/Account/Buttons/button_Pulish_post' is clicked on

2018-04-03 11:16:05 - [TEST_STEP][PASSED] - delay: Delayed 1 second(s)

2018-04-03 11:16:06 - [MESSAGE][PASSED] - Delayed 1 second(s)

2018-04-03 11:16:06 - [TEST_STEP][PASSED] - click: Object: 'Object Repository/Account/Buttons/Button_Remove_Post' is clicked on

2018-04-03 11:16:07 - [MESSAGE][PASSED] - Object: 'Object Repository/Account/Buttons/Button_Remove_Post' is clicked on

2018-04-03 11:16:07 - [TEST_STEP][PASSED] - closeBrowser: Browser is closed

2018-04-03 11:16:07 - [MESSAGE][PASSED] - Browser is closed]]></system-out>
         <system-err><![CDATA[]]></system-err>
      </testcase>
      <testcase name="Test Cases/Account/Account_Clicks" classname="Test Cases/Account/Account_Clicks" status="PASSED">
         <system-out><![CDATA[2018-04-03 11:16:07 - [TEST_CASE][PASSED] - Test Cases/Account/Account_Clicks: Test Cases/Account/Account_Clicks

2018-04-03 11:16:08 - [TEST_STEP][PASSED] - openBrowser: Browser is opened with url: ''

2018-04-03 11:16:10 - [MESSAGE][PASSED] - Browser is opened with url: ''

2018-04-03 11:16:10 - [TEST_STEP][PASSED] - navigateToUrl: Navigate to 'https://route-report.com/' successfully

2018-04-03 11:16:13 - [MESSAGE][PASSED] - Navigate to 'https://route-report.com/' successfully

2018-04-03 11:16:13 - [TEST_STEP][PASSED] - maximizeWindow: Current window maximized

2018-04-03 11:16:14 - [MESSAGE][PASSED] - Current window maximized

2018-04-03 11:16:14 - [TEST_STEP][PASSED] - Statement - pass = "111111": null

2018-04-03 11:16:14 - [TEST_STEP][PASSED] - Statement - mail = "rostyslav.biliaiev@route-report.com": null

2018-04-03 11:16:14 - [TEST_STEP][PASSED] - click: Object: 'Object Repository/Login_registration/span_Login' is clicked on

2018-04-03 11:16:14 - [MESSAGE][PASSED] - Object: 'Object Repository/Login_registration/span_Login' is clicked on

2018-04-03 11:16:14 - [TEST_STEP][PASSED] - setText: Text 'rostyslav.biliaiev@route-report.com' is set on object 'Object Repository/Login_registration/input_in_login'

2018-04-03 11:16:15 - [MESSAGE][PASSED] - Text 'rostyslav.biliaiev@route-report.com' is set on object 'Object Repository/Login_registration/input_in_login'

2018-04-03 11:16:15 - [TEST_STEP][PASSED] - setText: Text '111111' is set on object 'Object Repository/Login_registration/input_in_password'

2018-04-03 11:16:15 - [MESSAGE][PASSED] - Text '111111' is set on object 'Object Repository/Login_registration/input_in_password'

2018-04-03 11:16:15 - [TEST_STEP][PASSED] - click: Object: 'Object Repository/Login_registration/button_LOG IN' is clicked on

2018-04-03 11:16:16 - [MESSAGE][PASSED] - Object: 'Object Repository/Login_registration/button_LOG IN' is clicked on

2018-04-03 11:16:16 - [TEST_STEP][PASSED] - verifyElementPresent: Object 'Object Repository/Login_registration/span_My spoken languages' is present

2018-04-03 11:16:20 - [MESSAGE][PASSED] - Object 'Object Repository/Login_registration/span_My spoken languages' is present

2018-04-03 11:16:20 - [TEST_STEP][PASSED] - delay: Delayed 1 second(s)

2018-04-03 11:16:21 - [MESSAGE][PASSED] - Delayed 1 second(s)

2018-04-03 11:16:21 - [TEST_STEP][PASSED] - click: Object: 'Object Repository/Account/Buttons/button_trophy' is clicked on

2018-04-03 11:16:21 - [MESSAGE][PASSED] - Object: 'Object Repository/Account/Buttons/button_trophy' is clicked on

2018-04-03 11:16:21 - [TEST_STEP][PASSED] - waitForElementPresent: Object 'Object Repository/Account/ver/ver_Trophy_board_shows' is present

2018-04-03 11:16:22 - [MESSAGE][PASSED] - Object 'Object Repository/Account/ver/ver_Trophy_board_shows' is present

2018-04-03 11:16:22 - [TEST_STEP][PASSED] - delay: Delayed 1 second(s)

2018-04-03 11:16:23 - [MESSAGE][PASSED] - Delayed 1 second(s)

2018-04-03 11:16:23 - [TEST_STEP][PASSED] - click: Object: 'Object Repository/Account/Buttons/button_Close_Trophy_boaed' is clicked on

2018-04-03 11:16:23 - [MESSAGE][PASSED] - Object: 'Object Repository/Account/Buttons/button_Close_Trophy_boaed' is clicked on

2018-04-03 11:16:23 - [TEST_STEP][PASSED] - click: Object: 'Object Repository/Account/Buttons/but_Support' is clicked on

2018-04-03 11:16:23 - [MESSAGE][PASSED] - Object: 'Object Repository/Account/Buttons/but_Support' is clicked on

2018-04-03 11:16:23 - [TEST_STEP][PASSED] - waitForElementPresent: Object 'Object Repository/Account/ver/ver_Popup_support_shows' is present

2018-04-03 11:16:24 - [MESSAGE][PASSED] - Object 'Object Repository/Account/ver/ver_Popup_support_shows' is present

2018-04-03 11:16:24 - [TEST_STEP][PASSED] - delay: Delayed 1 second(s)

2018-04-03 11:16:25 - [MESSAGE][PASSED] - Delayed 1 second(s)

2018-04-03 11:16:25 - [TEST_STEP][PASSED] - click: Object: 'Object Repository/Account/Buttons/button_close_Popup_support' is clicked on

2018-04-03 11:16:25 - [MESSAGE][PASSED] - Object: 'Object Repository/Account/Buttons/button_close_Popup_support' is clicked on

2018-04-03 11:16:25 - [TEST_STEP][PASSED] - click: Object: 'Object Repository/Account/Buttons/button_withdrowal' is clicked on

2018-04-03 11:16:25 - [MESSAGE][PASSED] - Object: 'Object Repository/Account/Buttons/button_withdrowal' is clicked on

2018-04-03 11:16:25 - [TEST_STEP][PASSED] - delay: Delayed 1 second(s)

2018-04-03 11:16:26 - [MESSAGE][PASSED] - Delayed 1 second(s)

2018-04-03 11:16:26 - [TEST_STEP][PASSED] - waitForElementPresent: Object 'Object Repository/Account/ver/ver_Popup_need_more_money_for_withdr' is present

2018-04-03 11:16:26 - [MESSAGE][PASSED] - Object 'Object Repository/Account/ver/ver_Popup_need_more_money_for_withdr' is present

2018-04-03 11:16:26 - [TEST_STEP][PASSED] - click: Object: 'Object Repository/Account/Buttons/button_close_popup_withdrawal' is clicked on

2018-04-03 11:16:26 - [MESSAGE][PASSED] - Object: 'Object Repository/Account/Buttons/button_close_popup_withdrawal' is clicked on

2018-04-03 11:16:26 - [TEST_STEP][PASSED] - click: Object: 'Object Repository/Account/Buttons/button_block_add_posts' is clicked on

2018-04-03 11:16:27 - [MESSAGE][PASSED] - Object: 'Object Repository/Account/Buttons/button_block_add_posts' is clicked on

2018-04-03 11:16:27 - [TEST_STEP][PASSED] - waitForElementVisible: Object 'Object Repository/Account/Buttons/button_Add_post' is visible

2018-04-03 11:16:27 - [MESSAGE][PASSED] - Object 'Object Repository/Account/Buttons/button_Add_post' is visible

2018-04-03 11:16:27 - [TEST_STEP][PASSED] - delay: Delayed 1 second(s)

2018-04-03 11:16:28 - [MESSAGE][PASSED] - Delayed 1 second(s)

2018-04-03 11:16:28 - [TEST_STEP][PASSED] - click: Object: 'Object Repository/Account/Buttons/button_block_purchased_reports' is clicked on

2018-04-03 11:16:28 - [MESSAGE][PASSED] - Object: 'Object Repository/Account/Buttons/button_block_purchased_reports' is clicked on

2018-04-03 11:16:28 - [TEST_STEP][PASSED] - waitForElementVisible: Object 'Object Repository/Account/ver/ver_purchesed_block_shows' is visible

2018-04-03 11:16:29 - [MESSAGE][PASSED] - Object 'Object Repository/Account/ver/ver_purchesed_block_shows' is visible

2018-04-03 11:16:29 - [TEST_STEP][PASSED] - delay: Delayed 1 second(s)

2018-04-03 11:16:30 - [MESSAGE][PASSED] - Delayed 1 second(s)

2018-04-03 11:16:30 - [TEST_STEP][PASSED] - click: Object: 'Object Repository/Account/Buttons/button_Block_reports' is clicked on

2018-04-03 11:16:30 - [MESSAGE][PASSED] - Object: 'Object Repository/Account/Buttons/button_Block_reports' is clicked on

2018-04-03 11:16:30 - [TEST_STEP][PASSED] - waitForElementVisible: Object 'Object Repository/Account/ver/ver_Block_reports_shows' is visible

2018-04-03 11:16:32 - [MESSAGE][PASSED] - Object 'Object Repository/Account/ver/ver_Block_reports_shows' is visible

2018-04-03 11:16:32 - [TEST_STEP][PASSED] - closeBrowser: Browser is closed

2018-04-03 11:16:32 - [MESSAGE][PASSED] - Browser is closed]]></system-out>
         <system-err><![CDATA[]]></system-err>
      </testcase>
      <testcase name="Test Cases/Account/Add_comment_and_like_to_a POST_Authors" classname="Test Cases/Account/Add_comment_and_like_to_a POST_Authors" status="FAILED">
         <failure type="FAILED" message="Unable to click on object 'Object Repository/Authors_and_Author_page/button_Add_comment_if_there_is_another_comment' (Root cause: com.kms.katalon.core.webui.exception.WebElementNotFoundException: Web element with id: 'Object Repository/Authors_and_Author_page/button_Add_comment_if_there_is_another_comment' located by 'By.xpath: //span[@class=&quot;add_coment&quot;]' not found)"/>
         <system-out><![CDATA[2018-04-03 11:16:32 - [TEST_CASE][FAILED] - Test Cases/Account/Add_comment_and_like_to_a POST_Authors: Test Cases/Account/Add_comment_and_like_to_a POST_Authors FAILED because (of) Unable to click on object 'Object Repository/Authors_and_Author_page/button_Add_comment_if_there_is_another_comment' (Root cause: com.kms.katalon.core.webui.exception.WebElementNotFoundException: Web element with id: 'Object Repository/Authors_and_Author_page/button_Add_comment_if_there_is_another_comment' located by 'By.xpath: //span[@class="add_coment"]' not found)

2018-04-03 11:16:33 - [TEST_STEP][PASSED] - openBrowser: Browser is opened with url: ''

2018-04-03 11:16:35 - [MESSAGE][PASSED] - Browser is opened with url: ''

2018-04-03 11:16:35 - [TEST_STEP][PASSED] - navigateToUrl: Navigate to 'http://route-report.doinsane.com/' successfully

2018-04-03 11:16:37 - [MESSAGE][PASSED] - Navigate to 'http://route-report.doinsane.com/' successfully

2018-04-03 11:16:37 - [TEST_STEP][PASSED] - maximizeWindow: Current window maximized

2018-04-03 11:16:39 - [MESSAGE][PASSED] - Current window maximized

2018-04-03 11:16:39 - [TEST_STEP][PASSED] - Statement - mydate = new java.util.Date(): null

2018-04-03 11:16:39 - [TEST_STEP][PASSED] - Statement - formattedDate = mydate.format("MMdd"): null

2018-04-03 11:16:39 - [TEST_STEP][PASSED] - Statement - dateHour = mydate.format("HHmmss"): null

2018-04-03 11:16:39 - [TEST_STEP][PASSED] - Statement - x = "date_" + formattedDate + "_time_" + dateHour: null

2018-04-03 11:16:39 - [TEST_STEP][PASSED] - Statement - s = "Comment was added by automated test at" + "date_" + formattedDate + "_time_" + dateHour: null

2018-04-03 11:16:39 - [TEST_STEP][PASSED] - click: Object: 'Object Repository/Header-Footer/Header buttons/Header_Button__Authors' is clicked on

2018-04-03 11:16:45 - [MESSAGE][PASSED] - Object: 'Object Repository/Header-Footer/Header buttons/Header_Button__Authors' is clicked on

2018-04-03 11:16:45 - [TEST_STEP][PASSED] - delay: Delayed 1 second(s)

2018-04-03 11:16:46 - [MESSAGE][PASSED] - Delayed 1 second(s)

2018-04-03 11:16:46 - [TEST_STEP][PASSED] - click: Object: 'Object Repository/Login_registration/span_Login' is clicked on

2018-04-03 11:16:46 - [MESSAGE][PASSED] - Object: 'Object Repository/Login_registration/span_Login' is clicked on

2018-04-03 11:16:46 - [TEST_STEP][PASSED] - setText: Text 'date_0403_time_111639' is set on object 'Object Repository/Login_registration/input_in_nickname'

2018-04-03 11:16:47 - [MESSAGE][PASSED] - Text 'date_0403_time_111639' is set on object 'Object Repository/Login_registration/input_in_nickname'

2018-04-03 11:16:47 - [TEST_STEP][PASSED] - setText: Text 'date_0403_time_111639@test.com' is set on object 'Object Repository/Login_registration/input_in_email_registration_field'

2018-04-03 11:16:48 - [MESSAGE][PASSED] - Text 'date_0403_time_111639@test.com' is set on object 'Object Repository/Login_registration/input_in_email_registration_field'

2018-04-03 11:16:48 - [TEST_STEP][PASSED] - click: Object: 'Object Repository/Login_registration/button_SIGN UP' is clicked on

2018-04-03 11:16:48 - [MESSAGE][PASSED] - Object: 'Object Repository/Login_registration/button_SIGN UP' is clicked on

2018-04-03 11:16:48 - [TEST_STEP][PASSED] - delay: Delayed 3 second(s)

2018-04-03 11:16:51 - [MESSAGE][PASSED] - Delayed 3 second(s)

2018-04-03 11:16:51 - [TEST_STEP][PASSED] - click: Object: 'Object Repository/Authors_and_Author_page/button_Like_last_post' is clicked on

2018-04-03 11:16:51 - [MESSAGE][PASSED] - Object: 'Object Repository/Authors_and_Author_page/button_Like_last_post' is clicked on

2018-04-03 11:16:51 - [TEST_STEP][PASSED] - delay: Delayed 1 second(s)

2018-04-03 11:16:52 - [MESSAGE][PASSED] - Delayed 1 second(s)

2018-04-03 11:16:52 - [TEST_STEP][PASSED] - verifyElementAttributeValue: Object 'Object Repository/Authors_and_Author_page/button_Like_last_post' has attribute 'data-is-like' with value '1'

2018-04-03 11:16:52 - [MESSAGE][PASSED] - Object 'Object Repository/Authors_and_Author_page/button_Like_last_post' has attribute 'data-is-like' with value '1'

2018-04-03 11:16:52 - [TEST_STEP][PASSED] - click: Object: 'Object Repository/Authors_and_Author_page/Button_add_comment' is clicked on

2018-04-03 11:16:52 - [MESSAGE][PASSED] - Object: 'Object Repository/Authors_and_Author_page/Button_add_comment' is clicked on

2018-04-03 11:16:52 - [TEST_STEP][FAILED] - click: Unable to click on object 'Object Repository/Authors_and_Author_page/button_Add_comment_if_there_is_another_comment' (Root cause: com.kms.katalon.core.webui.exception.WebElementNotFoundException: Web element with id: 'Object Repository/Authors_and_Author_page/button_Add_comment_if_there_is_another_comment' located by 'By.xpath: //span[@class="add_coment"]' not found)

2018-04-03 11:17:24 - [MESSAGE][FAILED] - Unable to click on object 'Object Repository/Authors_and_Author_page/button_Add_comment_if_there_is_another_comment' (Root cause: com.kms.katalon.core.webui.exception.WebElementNotFoundException: Web element with id: 'Object Repository/Authors_and_Author_page/button_Add_comment_if_there_is_another_comment' located by 'By.xpath: //span[@class="add_coment"]' not found)
[[ATTACHMENT|C:\\Users\\user\\Katalon Studio\\Route_report_WEB\\Reports\\Account\\20180403_111318\\1522743444393.png]]

2018-04-03 11:17:24 - [TEST_STEP][PASSED] - waitForElementVisible: Object 'Object Repository/Authors_and_Author_page/ver_popup_add_comment_shows' is visible

2018-04-03 11:17:24 - [MESSAGE][PASSED] - Object 'Object Repository/Authors_and_Author_page/ver_popup_add_comment_shows' is visible

2018-04-03 11:17:24 - [TEST_STEP][PASSED] - setText: Text 'Comment was added by automated test atdate_0403_time_111639' is set on object 'Object Repository/Authors_and_Author_page/input_commnt_text_field'

2018-04-03 11:17:25 - [MESSAGE][PASSED] - Text 'Comment was added by automated test atdate_0403_time_111639' is set on object 'Object Repository/Authors_and_Author_page/input_commnt_text_field'

2018-04-03 11:17:25 - [TEST_STEP][PASSED] - click: Object: 'Object Repository/Authors_and_Author_page/button_Publish_added_comment' is clicked on

2018-04-03 11:17:25 - [MESSAGE][PASSED] - Object: 'Object Repository/Authors_and_Author_page/button_Publish_added_comment' is clicked on

2018-04-03 11:17:25 - [TEST_STEP][PASSED] - waitForElementVisible: Object 'Object Repository/Authors_and_Author_page/ver_popup_add_comment_shows' is visible

2018-04-03 11:17:25 - [MESSAGE][PASSED] - Object 'Object Repository/Authors_and_Author_page/ver_popup_add_comment_shows' is visible

2018-04-03 11:17:25 - [TEST_STEP][PASSED] - delay: Delayed 3 second(s)

2018-04-03 11:17:28 - [MESSAGE][PASSED] - Delayed 3 second(s)

2018-04-03 11:17:28 - [TEST_STEP][PASSED] - closeBrowser: Browser is closed

2018-04-03 11:17:29 - [MESSAGE][PASSED] - Browser is closed]]></system-out>
         <system-err><![CDATA[2018-04-03 11:16:32 - [TEST_CASE][FAILED] - Test Cases/Account/Add_comment_and_like_to_a POST_Authors: Test Cases/Account/Add_comment_and_like_to_a POST_Authors FAILED because (of) Unable to click on object 'Object Repository/Authors_and_Author_page/button_Add_comment_if_there_is_another_comment' (Root cause: com.kms.katalon.core.webui.exception.WebElementNotFoundException: Web element with id: 'Object Repository/Authors_and_Author_page/button_Add_comment_if_there_is_another_comment' located by 'By.xpath: //span[@class="add_coment"]' not found)]]></system-err>
      </testcase>
      <testcase name="Test Cases/Account/Add_comment_and_like_to_a POST_Author_page" classname="Test Cases/Account/Add_comment_and_like_to_a POST_Author_page" status="FAILED">
         <failure type="FAILED" message="Unable to click on object 'Object Repository/Authors_and_Author_page/button_Add_comment_if_there_is_another_comment' (Root cause: com.kms.katalon.core.webui.exception.WebElementNotFoundException: Web element with id: 'Object Repository/Authors_and_Author_page/button_Add_comment_if_there_is_another_comment' located by 'By.xpath: //span[@class=&quot;add_coment&quot;]' not found)"/>
         <system-out><![CDATA[2018-04-03 11:17:29 - [TEST_CASE][FAILED] - Test Cases/Account/Add_comment_and_like_to_a POST_Author_page: Test Cases/Account/Add_comment_and_like_to_a POST_Author_page FAILED because (of) Unable to click on object 'Object Repository/Authors_and_Author_page/button_Add_comment_if_there_is_another_comment' (Root cause: com.kms.katalon.core.webui.exception.WebElementNotFoundException: Web element with id: 'Object Repository/Authors_and_Author_page/button_Add_comment_if_there_is_another_comment' located by 'By.xpath: //span[@class="add_coment"]' not found)

2018-04-03 11:17:29 - [TEST_STEP][PASSED] - openBrowser: Browser is opened with url: ''

2018-04-03 11:17:31 - [MESSAGE][PASSED] - Browser is opened with url: ''

2018-04-03 11:17:31 - [TEST_STEP][PASSED] - navigateToUrl: Navigate to 'http://route-report.doinsane.com/' successfully

2018-04-03 11:17:34 - [MESSAGE][PASSED] - Navigate to 'http://route-report.doinsane.com/' successfully

2018-04-03 11:17:34 - [TEST_STEP][PASSED] - maximizeWindow: Current window maximized

2018-04-03 11:17:35 - [MESSAGE][PASSED] - Current window maximized

2018-04-03 11:17:35 - [TEST_STEP][PASSED] - Statement - mydate = new java.util.Date(): null

2018-04-03 11:17:35 - [TEST_STEP][PASSED] - Statement - formattedDate = mydate.format("MMdd"): null

2018-04-03 11:17:35 - [TEST_STEP][PASSED] - Statement - dateHour = mydate.format("HHmmss"): null

2018-04-03 11:17:35 - [TEST_STEP][PASSED] - Statement - x = "date_" + formattedDate + "_time_" + dateHour: null

2018-04-03 11:17:35 - [TEST_STEP][PASSED] - Statement - s = "Comment was added by automated test at" + "date_" + formattedDate + "_time_" + dateHour: null

2018-04-03 11:17:35 - [TEST_STEP][PASSED] - click: Object: 'Object Repository/Header-Footer/Header buttons/Header_Button__Authors' is clicked on

2018-04-03 11:17:41 - [MESSAGE][PASSED] - Object: 'Object Repository/Header-Footer/Header buttons/Header_Button__Authors' is clicked on

2018-04-03 11:17:41 - [TEST_STEP][PASSED] - delay: Delayed 1 second(s)

2018-04-03 11:17:42 - [MESSAGE][PASSED] - Delayed 1 second(s)

2018-04-03 11:17:42 - [TEST_STEP][PASSED] - click: Object: 'Object Repository/Login_registration/span_Login' is clicked on

2018-04-03 11:17:42 - [MESSAGE][PASSED] - Object: 'Object Repository/Login_registration/span_Login' is clicked on

2018-04-03 11:17:42 - [TEST_STEP][PASSED] - setText: Text 'date_0403_time_111735' is set on object 'Object Repository/Login_registration/input_in_nickname'

2018-04-03 11:17:43 - [MESSAGE][PASSED] - Text 'date_0403_time_111735' is set on object 'Object Repository/Login_registration/input_in_nickname'

2018-04-03 11:17:43 - [TEST_STEP][PASSED] - setText: Text 'date_0403_time_111735@test.com' is set on object 'Object Repository/Login_registration/input_in_email_registration_field'

2018-04-03 11:17:44 - [MESSAGE][PASSED] - Text 'date_0403_time_111735@test.com' is set on object 'Object Repository/Login_registration/input_in_email_registration_field'

2018-04-03 11:17:44 - [TEST_STEP][PASSED] - click: Object: 'Object Repository/Login_registration/button_SIGN UP' is clicked on

2018-04-03 11:17:44 - [MESSAGE][PASSED] - Object: 'Object Repository/Login_registration/button_SIGN UP' is clicked on

2018-04-03 11:17:44 - [TEST_STEP][PASSED] - delay: Delayed 3 second(s)

2018-04-03 11:17:47 - [MESSAGE][PASSED] - Delayed 3 second(s)

2018-04-03 11:17:47 - [TEST_STEP][PASSED] - click: Object: 'Object Repository/Authors_and_Author_page/button_top_author_first' is clicked on

2018-04-03 11:17:47 - [MESSAGE][PASSED] - Object: 'Object Repository/Authors_and_Author_page/button_top_author_first' is clicked on

2018-04-03 11:17:47 - [TEST_STEP][PASSED] - switchToWindowIndex: Switched to window with index: '1'

2018-04-03 11:17:47 - [MESSAGE][PASSED] - Switched to window with index: '1'

2018-04-03 11:17:47 - [TEST_STEP][PASSED] - waitForElementVisible: Object 'Object Repository/Authors_and_Author_page/ver_Authors_Page_is_loaded' is visible

2018-04-03 11:17:49 - [MESSAGE][PASSED] - Object 'Object Repository/Authors_and_Author_page/ver_Authors_Page_is_loaded' is visible

2018-04-03 11:17:49 - [TEST_STEP][PASSED] - delay: Delayed 2 second(s)

2018-04-03 11:17:51 - [MESSAGE][PASSED] - Delayed 2 second(s)

2018-04-03 11:17:51 - [TEST_STEP][PASSED] - click: Object: 'Object Repository/Authors_and_Author_page/button_Like_last_post' is clicked on

2018-04-03 11:17:52 - [MESSAGE][PASSED] - Object: 'Object Repository/Authors_and_Author_page/button_Like_last_post' is clicked on

2018-04-03 11:17:52 - [TEST_STEP][PASSED] - delay: Delayed 1 second(s)

2018-04-03 11:17:53 - [MESSAGE][PASSED] - Delayed 1 second(s)

2018-04-03 11:17:53 - [TEST_STEP][PASSED] - verifyElementAttributeValue: Object 'Object Repository/Authors_and_Author_page/button_Like_last_post' has attribute 'data-is-like' with value '1'

2018-04-03 11:17:53 - [MESSAGE][PASSED] - Object 'Object Repository/Authors_and_Author_page/button_Like_last_post' has attribute 'data-is-like' with value '1'

2018-04-03 11:17:53 - [TEST_STEP][PASSED] - click: Object: 'Object Repository/Authors_and_Author_page/Button_add_comment' is clicked on

2018-04-03 11:17:53 - [MESSAGE][PASSED] - Object: 'Object Repository/Authors_and_Author_page/Button_add_comment' is clicked on

2018-04-03 11:17:53 - [TEST_STEP][FAILED] - click: Unable to click on object 'Object Repository/Authors_and_Author_page/button_Add_comment_if_there_is_another_comment' (Root cause: com.kms.katalon.core.webui.exception.WebElementNotFoundException: Web element with id: 'Object Repository/Authors_and_Author_page/button_Add_comment_if_there_is_another_comment' located by 'By.xpath: //span[@class="add_coment"]' not found)

2018-04-03 11:18:25 - [MESSAGE][FAILED] - Unable to click on object 'Object Repository/Authors_and_Author_page/button_Add_comment_if_there_is_another_comment' (Root cause: com.kms.katalon.core.webui.exception.WebElementNotFoundException: Web element with id: 'Object Repository/Authors_and_Author_page/button_Add_comment_if_there_is_another_comment' located by 'By.xpath: //span[@class="add_coment"]' not found)
[[ATTACHMENT|C:\\Users\\user\\Katalon Studio\\Route_report_WEB\\Reports\\Account\\20180403_111318\\1522743504578.png]]

2018-04-03 11:18:25 - [TEST_STEP][PASSED] - waitForElementVisible: Object 'Object Repository/Authors_and_Author_page/ver_popup_add_comment_shows' is visible

2018-04-03 11:18:25 - [MESSAGE][PASSED] - Object 'Object Repository/Authors_and_Author_page/ver_popup_add_comment_shows' is visible

2018-04-03 11:18:25 - [TEST_STEP][PASSED] - setText: Text 'Comment was added by automated test atdate_0403_time_111735' is set on object 'Object Repository/Authors_and_Author_page/input_commnt_text_field'

2018-04-03 11:18:25 - [MESSAGE][PASSED] - Text 'Comment was added by automated test atdate_0403_time_111735' is set on object 'Object Repository/Authors_and_Author_page/input_commnt_text_field'

2018-04-03 11:18:25 - [TEST_STEP][PASSED] - click: Object: 'Object Repository/Authors_and_Author_page/button_Publish_added_comment' is clicked on

2018-04-03 11:18:25 - [MESSAGE][PASSED] - Object: 'Object Repository/Authors_and_Author_page/button_Publish_added_comment' is clicked on

2018-04-03 11:18:25 - [TEST_STEP][PASSED] - waitForElementVisible: Object 'Object Repository/Authors_and_Author_page/ver_popup_add_comment_shows' is visible

2018-04-03 11:18:25 - [MESSAGE][PASSED] - Object 'Object Repository/Authors_and_Author_page/ver_popup_add_comment_shows' is visible

2018-04-03 11:18:25 - [TEST_STEP][PASSED] - delay: Delayed 3 second(s)

2018-04-03 11:18:28 - [MESSAGE][PASSED] - Delayed 3 second(s)

2018-04-03 11:18:28 - [TEST_STEP][PASSED] - closeBrowser: Browser is closed

2018-04-03 11:18:29 - [MESSAGE][PASSED] - Browser is closed]]></system-out>
         <system-err><![CDATA[2018-04-03 11:17:29 - [TEST_CASE][FAILED] - Test Cases/Account/Add_comment_and_like_to_a POST_Author_page: Test Cases/Account/Add_comment_and_like_to_a POST_Author_page FAILED because (of) Unable to click on object 'Object Repository/Authors_and_Author_page/button_Add_comment_if_there_is_another_comment' (Root cause: com.kms.katalon.core.webui.exception.WebElementNotFoundException: Web element with id: 'Object Repository/Authors_and_Author_page/button_Add_comment_if_there_is_another_comment' located by 'By.xpath: //span[@class="add_coment"]' not found)]]></system-err>
      </testcase>
      <testcase name="Test Cases/Account/Buy_report" classname="Test Cases/Account/Buy_report" status="PASSED">
         <system-out><![CDATA[2018-04-03 11:18:29 - [TEST_CASE][PASSED] - Test Cases/Account/Buy_report: Test Cases/Account/Buy_report

2018-04-03 11:18:29 - [TEST_STEP][PASSED] - openBrowser: Browser is opened with url: ''

2018-04-03 11:18:31 - [MESSAGE][PASSED] - Browser is opened with url: ''

2018-04-03 11:18:31 - [TEST_STEP][PASSED] - navigateToUrl: Navigate to 'http://route-report.doinsane.com/' successfully

2018-04-03 11:18:34 - [MESSAGE][PASSED] - Navigate to 'http://route-report.doinsane.com/' successfully

2018-04-03 11:18:34 - [TEST_STEP][PASSED] - maximizeWindow: Current window maximized

2018-04-03 11:18:35 - [MESSAGE][PASSED] - Current window maximized

2018-04-03 11:18:35 - [TEST_STEP][PASSED] - Statement - mydate = new java.util.Date(): null

2018-04-03 11:18:35 - [TEST_STEP][PASSED] - Statement - formattedDate = mydate.format("MMdd"): null

2018-04-03 11:18:35 - [TEST_STEP][PASSED] - Statement - dateHour = mydate.format("HHmmss"): null

2018-04-03 11:18:35 - [TEST_STEP][PASSED] - Statement - x = "date_" + formattedDate + "_time_" + dateHour: null

2018-04-03 11:18:35 - [TEST_STEP][PASSED] - Statement - card = "4111111111111111": null

2018-04-03 11:18:35 - [TEST_STEP][PASSED] - Statement - date = "1122": null

2018-04-03 11:18:35 - [TEST_STEP][PASSED] - Statement - CVV = "111": null

2018-04-03 11:18:35 - [TEST_STEP][PASSED] - Statement - name = "Test name": null

2018-04-03 11:18:35 - [TEST_STEP][PASSED] - Statement - wrongname = "63487fhsldfgh&*(^^&": null

2018-04-03 11:18:35 - [TEST_STEP][PASSED] - click: Object: 'Object Repository/Header-Footer/Header buttons/Header_Button__Authors' is clicked on

2018-04-03 11:18:41 - [MESSAGE][PASSED] - Object: 'Object Repository/Header-Footer/Header buttons/Header_Button__Authors' is clicked on

2018-04-03 11:18:41 - [TEST_STEP][PASSED] - waitForElementVisible: Web element with id: 'Object Repository/Authors_and_Author_page/ver_Authors_Page_is_loaded' located by 'By.xpath: //div[@class="heee"]' not found

2018-04-03 11:18:43 - [MESSAGE][WARNING] - Web element with id: 'Object Repository/Authors_and_Author_page/ver_Authors_Page_is_loaded' located by 'By.xpath: //div[@class="heee"]' not found

2018-04-03 11:18:43 - [TEST_STEP][PASSED] - delay: Delayed 1 second(s)

2018-04-03 11:18:44 - [MESSAGE][PASSED] - Delayed 1 second(s)

2018-04-03 11:18:44 - [TEST_STEP][PASSED] - click: Object: 'Object Repository/Login_registration/span_Login' is clicked on

2018-04-03 11:18:44 - [MESSAGE][PASSED] - Object: 'Object Repository/Login_registration/span_Login' is clicked on

2018-04-03 11:18:44 - [TEST_STEP][PASSED] - setText: Text 'date_0403_time_111835' is set on object 'Object Repository/Login_registration/input_in_nickname'

2018-04-03 11:18:45 - [MESSAGE][PASSED] - Text 'date_0403_time_111835' is set on object 'Object Repository/Login_registration/input_in_nickname'

2018-04-03 11:18:45 - [TEST_STEP][PASSED] - setText: Text 'date_0403_time_111835@test.com' is set on object 'Object Repository/Login_registration/input_in_email_registration_field'

2018-04-03 11:18:46 - [MESSAGE][PASSED] - Text 'date_0403_time_111835@test.com' is set on object 'Object Repository/Login_registration/input_in_email_registration_field'

2018-04-03 11:18:46 - [TEST_STEP][PASSED] - click: Object: 'Object Repository/Login_registration/button_SIGN UP' is clicked on

2018-04-03 11:18:46 - [MESSAGE][PASSED] - Object: 'Object Repository/Login_registration/button_SIGN UP' is clicked on

2018-04-03 11:18:46 - [TEST_STEP][PASSED] - delay: Delayed 2 second(s)

2018-04-03 11:18:48 - [MESSAGE][PASSED] - Delayed 2 second(s)

2018-04-03 11:18:48 - [TEST_STEP][PASSED] - click: Object: 'Object Repository/Payments/button_Cart_first_report' is clicked on

2018-04-03 11:18:49 - [MESSAGE][PASSED] - Object: 'Object Repository/Payments/button_Cart_first_report' is clicked on

2018-04-03 11:18:49 - [TEST_STEP][PASSED] - waitForElementVisible: Object 'Object Repository/Payments/button_Go_to_cart' is visible

2018-04-03 11:18:49 - [MESSAGE][PASSED] - Object 'Object Repository/Payments/button_Go_to_cart' is visible

2018-04-03 11:18:49 - [TEST_STEP][PASSED] - delay: Delayed 2 second(s)

2018-04-03 11:18:51 - [MESSAGE][PASSED] - Delayed 2 second(s)

2018-04-03 11:18:51 - [TEST_STEP][PASSED] - click: Object: 'Object Repository/Payments/button_Go_to_cart' is clicked on

2018-04-03 11:18:51 - [MESSAGE][PASSED] - Object: 'Object Repository/Payments/button_Go_to_cart' is clicked on

2018-04-03 11:18:51 - [TEST_STEP][PASSED] - waitForElementVisible: Object 'Object Repository/Payments/ver_Cart_is_shows' is visible

2018-04-03 11:18:52 - [MESSAGE][PASSED] - Object 'Object Repository/Payments/ver_Cart_is_shows' is visible

2018-04-03 11:18:52 - [TEST_STEP][PASSED] - waitForElementVisible: Object 'Object Repository/Payments/button_Purchase' is visible

2018-04-03 11:18:53 - [MESSAGE][PASSED] - Object 'Object Repository/Payments/button_Purchase' is visible

2018-04-03 11:18:53 - [TEST_STEP][PASSED] - click: Object: 'Object Repository/Payments/button_Purchase' is clicked on

2018-04-03 11:18:53 - [MESSAGE][PASSED] - Object: 'Object Repository/Payments/button_Purchase' is clicked on

2018-04-03 11:18:53 - [TEST_STEP][PASSED] - waitForElementVisible: Object 'Object Repository/Payments/ver_pop_card_detail_shows' is visible

2018-04-03 11:18:54 - [MESSAGE][PASSED] - Object 'Object Repository/Payments/ver_pop_card_detail_shows' is visible

2018-04-03 11:18:54 - [TEST_STEP][PASSED] - setText: Text '4111111111111111' is set on object 'Object Repository/Payments/input_Card_number_field'

2018-04-03 11:18:54 - [MESSAGE][PASSED] - Text '4111111111111111' is set on object 'Object Repository/Payments/input_Card_number_field'

2018-04-03 11:18:54 - [TEST_STEP][PASSED] - setText: Text '63487fhsldfgh&*(^^&' is set on object 'Object Repository/Payments/input_User_name_field'

2018-04-03 11:18:55 - [MESSAGE][PASSED] - Text '63487fhsldfgh&*(^^&' is set on object 'Object Repository/Payments/input_User_name_field'

2018-04-03 11:18:55 - [TEST_STEP][PASSED] - waitForElementVisible: Object 'Object Repository/Payments/ver_Error_msg' is visible

2018-04-03 11:18:55 - [MESSAGE][PASSED] - Object 'Object Repository/Payments/ver_Error_msg' is visible

2018-04-03 11:18:55 - [TEST_STEP][PASSED] - delay: Delayed 1 second(s)

2018-04-03 11:18:56 - [MESSAGE][PASSED] - Delayed 1 second(s)

2018-04-03 11:18:56 - [TEST_STEP][PASSED] - clearText: Text of object 'Object Repository/Payments/input_User_name_field' is cleared

2018-04-03 11:18:56 - [MESSAGE][PASSED] - Text of object 'Object Repository/Payments/input_User_name_field' is cleared

2018-04-03 11:18:56 - [TEST_STEP][PASSED] - setText: Text 'Test name' is set on object 'Object Repository/Payments/input_User_name_field'

2018-04-03 11:18:56 - [MESSAGE][PASSED] - Text 'Test name' is set on object 'Object Repository/Payments/input_User_name_field'

2018-04-03 11:18:56 - [TEST_STEP][PASSED] - setText: Text '111' is set on object 'Object Repository/Payments/input_CVV_field'

2018-04-03 11:18:56 - [MESSAGE][PASSED] - Text '111' is set on object 'Object Repository/Payments/input_CVV_field'

2018-04-03 11:18:56 - [TEST_STEP][PASSED] - setText: Text '1122' is set on object 'Object Repository/Payments/input_date_exp_field'

2018-04-03 11:18:56 - [MESSAGE][PASSED] - Text '1122' is set on object 'Object Repository/Payments/input_date_exp_field'

2018-04-03 11:18:56 - [TEST_STEP][PASSED] - delay: Delayed 1 second(s)

2018-04-03 11:18:57 - [MESSAGE][PASSED] - Delayed 1 second(s)

2018-04-03 11:18:57 - [TEST_STEP][PASSED] - click: Object: 'Object Repository/Payments/button_Purchase_final' is clicked on

2018-04-03 11:18:58 - [MESSAGE][PASSED] - Object: 'Object Repository/Payments/button_Purchase_final' is clicked on

2018-04-03 11:18:58 - [TEST_STEP][PASSED] - delay: Delayed 3 second(s)

2018-04-03 11:19:01 - [MESSAGE][PASSED] - Delayed 3 second(s)

2018-04-03 11:19:01 - [TEST_STEP][PASSED] - waitForElementPresent: Object 'Object Repository/Payments/ver_Payment_OK' is present

2018-04-03 11:19:04 - [MESSAGE][PASSED] - Object 'Object Repository/Payments/ver_Payment_OK' is present

2018-04-03 11:19:04 - [TEST_STEP][PASSED] - click: Object: 'Object Repository/Payments/ver_Payment_OK' is clicked on

2018-04-03 11:19:04 - [MESSAGE][PASSED] - Object: 'Object Repository/Payments/ver_Payment_OK' is clicked on

2018-04-03 11:19:04 - [TEST_STEP][PASSED] - delay: Delayed 1 second(s)

2018-04-03 11:19:05 - [MESSAGE][PASSED] - Delayed 1 second(s)

2018-04-03 11:19:05 - [TEST_STEP][PASSED] - closeBrowser: Browser is closed

2018-04-03 11:19:06 - [MESSAGE][PASSED] - Browser is closed]]></system-out>
         <system-err><![CDATA[]]></system-err>
      </testcase>
      <testcase name="Test Cases/Account/New Test Case" classname="Test Cases/Account/New Test Case" status="PASSED">
         <system-out><![CDATA[2018-04-03 11:19:06 - [TEST_CASE][PASSED] - Test Cases/Account/New Test Case: Test Cases/Account/New Test Case

2018-04-03 11:19:06 - [TEST_STEP][PASSED] - openBrowser: Browser is opened with url: ''

2018-04-03 11:19:08 - [MESSAGE][PASSED] - Browser is opened with url: ''

2018-04-03 11:19:08 - [TEST_STEP][PASSED] - navigateToUrl: Navigate to 'https://route-report.com/' successfully

2018-04-03 11:19:11 - [MESSAGE][PASSED] - Navigate to 'https://route-report.com/' successfully

2018-04-03 11:19:11 - [TEST_STEP][PASSED] - maximizeWindow: Current window maximized

2018-04-03 11:19:12 - [MESSAGE][PASSED] - Current window maximized

2018-04-03 11:19:12 - [TEST_STEP][PASSED] - Statement - pass = "111111": null

2018-04-03 11:19:12 - [TEST_STEP][PASSED] - Statement - mail = "rostyslav.biliaiev@route-report.com": null

2018-04-03 11:19:12 - [TEST_STEP][PASSED] - click: Object: 'Object Repository/Login_registration/span_Login' is clicked on

2018-04-03 11:19:12 - [MESSAGE][PASSED] - Object: 'Object Repository/Login_registration/span_Login' is clicked on

2018-04-03 11:19:12 - [TEST_STEP][PASSED] - setText: Text 'rostyslav.biliaiev@route-report.com' is set on object 'Object Repository/Login_registration/input_in_login'

2018-04-03 11:19:13 - [MESSAGE][PASSED] - Text 'rostyslav.biliaiev@route-report.com' is set on object 'Object Repository/Login_registration/input_in_login'

2018-04-03 11:19:13 - [TEST_STEP][PASSED] - setText: Text '111111' is set on object 'Object Repository/Login_registration/input_in_password'

2018-04-03 11:19:14 - [MESSAGE][PASSED] - Text '111111' is set on object 'Object Repository/Login_registration/input_in_password'

2018-04-03 11:19:14 - [TEST_STEP][PASSED] - click: Object: 'Object Repository/Login_registration/button_LOG IN' is clicked on

2018-04-03 11:19:14 - [MESSAGE][PASSED] - Object: 'Object Repository/Login_registration/button_LOG IN' is clicked on

2018-04-03 11:19:14 - [TEST_STEP][PASSED] - verifyElementPresent: Object 'Object Repository/Login_registration/span_My spoken languages' is present

2018-04-03 11:19:18 - [MESSAGE][PASSED] - Object 'Object Repository/Login_registration/span_My spoken languages' is present

2018-04-03 11:19:18 - [TEST_STEP][PASSED] - click: Object: 'Object Repository/Account/Buttons/button_Edit_report' is clicked on

2018-04-03 11:19:19 - [MESSAGE][PASSED] - Object: 'Object Repository/Account/Buttons/button_Edit_report' is clicked on

2018-04-03 11:19:19 - [TEST_STEP][PASSED] - switchToWindowIndex: Switched to window with index: '1'

2018-04-03 11:19:19 - [MESSAGE][PASSED] - Switched to window with index: '1'

2018-04-03 11:19:19 - [TEST_STEP][PASSED] - waitForElementVisible: Object 'Object Repository/Edit_report/Step_1/ver_Step_1_is_loaded' is visible

2018-04-03 11:19:24 - [MESSAGE][PASSED] - Object 'Object Repository/Edit_report/Step_1/ver_Step_1_is_loaded' is visible

2018-04-03 11:19:24 - [TEST_STEP][PASSED] - delay: Delayed 3 second(s)

2018-04-03 11:19:27 - [MESSAGE][PASSED] - Delayed 3 second(s)

2018-04-03 11:19:27 - [TEST_STEP][PASSED] - click: Object: 'Object Repository/Edit_report/but_Step_5' is clicked on

2018-04-03 11:19:27 - [MESSAGE][PASSED] - Object: 'Object Repository/Edit_report/but_Step_5' is clicked on

2018-04-03 11:19:27 - [TEST_STEP][PASSED] - waitForElementPresent: Object 'Object Repository/Edit_report/Step_5/but_request_support' is present

2018-04-03 11:19:28 - [MESSAGE][PASSED] - Object 'Object Repository/Edit_report/Step_5/but_request_support' is present

2018-04-03 11:19:28 - [TEST_STEP][PASSED] - delay: Delayed 3 second(s)

2018-04-03 11:19:31 - [MESSAGE][PASSED] - Delayed 3 second(s)

2018-04-03 11:19:31 - [TEST_STEP][PASSED] - click: Object: 'Object Repository/Edit_report/Step_5/but_request_support' is clicked on

2018-04-03 11:19:31 - [MESSAGE][PASSED] - Object: 'Object Repository/Edit_report/Step_5/but_request_support' is clicked on

2018-04-03 11:19:31 - [TEST_STEP][PASSED] - waitForElementVisible: Object 'Object Repository/Account/ver/ver_Popup_support_shows' is visible

2018-04-03 11:19:31 - [MESSAGE][PASSED] - Object 'Object Repository/Account/ver/ver_Popup_support_shows' is visible

2018-04-03 11:19:31 - [TEST_STEP][PASSED] - click: Object: 'Object Repository/Account/Other/choose_subject_to_support' is clicked on

2018-04-03 11:19:31 - [MESSAGE][PASSED] - Object: 'Object Repository/Account/Other/choose_subject_to_support' is clicked on

2018-04-03 11:19:31 - [TEST_STEP][PASSED] - waitForElementVisible: Object 'Object Repository/Account/ver/ver_popup_help_shows' is visible

2018-04-03 11:19:32 - [MESSAGE][PASSED] - Object 'Object Repository/Account/ver/ver_popup_help_shows' is visible

2018-04-03 11:19:32 - [TEST_STEP][PASSED] - click: Object: 'Object Repository/Account/Buttons/button_send_msg_to_support' is clicked on

2018-04-03 11:19:32 - [MESSAGE][PASSED] - Object: 'Object Repository/Account/Buttons/button_send_msg_to_support' is clicked on

2018-04-03 11:19:32 - [TEST_STEP][PASSED] - delay: Delayed 1 second(s)

2018-04-03 11:19:33 - [MESSAGE][PASSED] - Delayed 1 second(s)

2018-04-03 11:19:33 - [TEST_STEP][PASSED] - waitForElementVisible: Object 'Object Repository/Account/ver/ver_error_Enter_your_message_HelpPopup' is visible

2018-04-03 11:19:33 - [MESSAGE][PASSED] - Object 'Object Repository/Account/ver/ver_error_Enter_your_message_HelpPopup' is visible

2018-04-03 11:19:33 - [TEST_STEP][PASSED] - setText: Text 'testtstststststststst' is set on object 'Object Repository/Account/Input_fields/input_chat_with_support_field'

2018-04-03 11:19:34 - [MESSAGE][PASSED] - Text 'testtstststststststst' is set on object 'Object Repository/Account/Input_fields/input_chat_with_support_field'

2018-04-03 11:19:34 - [TEST_STEP][PASSED] - uploadFile: File 'D:\test-photo.jpg' sent to object: 'Object Repository/Account/Buttons/button_upload_image_in_chat_with_support'

2018-04-03 11:19:34 - [MESSAGE][PASSED] - File 'D:\test-photo.jpg' sent to object: 'Object Repository/Account/Buttons/button_upload_image_in_chat_with_support'

2018-04-03 11:19:34 - [TEST_STEP][PASSED] - waitForElementVisible: Object 'Object Repository/Account/Buttons/button_Save_img_chat_support' is visible

2018-04-03 11:19:39 - [MESSAGE][PASSED] - Object 'Object Repository/Account/Buttons/button_Save_img_chat_support' is visible

2018-04-03 11:19:39 - [TEST_STEP][PASSED] - click: Object: 'Object Repository/Account/Buttons/button_Save_img_chat_support' is clicked on

2018-04-03 11:19:39 - [MESSAGE][PASSED] - Object: 'Object Repository/Account/Buttons/button_Save_img_chat_support' is clicked on

2018-04-03 11:19:39 - [TEST_STEP][PASSED] - delay: Delayed 1 second(s)

2018-04-03 11:19:40 - [MESSAGE][PASSED] - Delayed 1 second(s)

2018-04-03 11:19:40 - [TEST_STEP][PASSED] - click: Object: 'Object Repository/Account/Buttons/button_send_msg_to_support' is clicked on

2018-04-03 11:19:40 - [MESSAGE][PASSED] - Object: 'Object Repository/Account/Buttons/button_send_msg_to_support' is clicked on

2018-04-03 11:19:40 - [TEST_STEP][PASSED] - switchToDefaultContent: Switching to default content]]></system-out>
         <system-err><![CDATA[]]></system-err>
      </testcase>
      <testcase name="Test Cases/Account/Support_request" classname="Test Cases/Account/Support_request" status="FAILED">
         <failure type="FAILED" message="Unable to click on object 'Object Repository/Account/Other/choose_subject_to_support' (Root cause: com.kms.katalon.core.webui.exception.WebElementNotFoundException: Web element with id: 'Object Repository/Account/Other/choose_subject_to_support' located by 'By.xpath: (//div[@class=&quot;every_list_ticket&quot;])[1]' not found)"/>
         <system-out><![CDATA[2018-04-03 11:19:40 - [TEST_CASE][FAILED] - Test Cases/Account/Support_request: Test Cases/Account/Support_request FAILED because (of) Unable to click on object 'Object Repository/Account/Other/choose_subject_to_support' (Root cause: com.kms.katalon.core.webui.exception.WebElementNotFoundException: Web element with id: 'Object Repository/Account/Other/choose_subject_to_support' located by 'By.xpath: (//div[@class="every_list_ticket"])[1]' not found)

2018-04-03 11:19:40 - [TEST_STEP][PASSED] - openBrowser: Browser is opened with url: ''

2018-04-03 11:19:40 - [MESSAGE][WARNING] - A browser is already opened. Closing browser and opening a new one

2018-04-03 11:19:43 - [MESSAGE][PASSED] - Browser is opened with url: ''

2018-04-03 11:19:43 - [TEST_STEP][PASSED] - navigateToUrl: Navigate to 'https://route-report.com/' successfully

2018-04-03 11:19:47 - [MESSAGE][PASSED] - Navigate to 'https://route-report.com/' successfully

2018-04-03 11:19:47 - [TEST_STEP][PASSED] - maximizeWindow: Current window maximized

2018-04-03 11:19:48 - [MESSAGE][PASSED] - Current window maximized

2018-04-03 11:19:48 - [TEST_STEP][PASSED] - Statement - pass = "111111": null

2018-04-03 11:19:48 - [TEST_STEP][PASSED] - Statement - mail = "rostyslav.biliaiev@route-report.com": null

2018-04-03 11:19:48 - [TEST_STEP][PASSED] - Statement - mydate = new java.util.Date(): null

2018-04-03 11:19:48 - [TEST_STEP][PASSED] - Statement - formattedDate = mydate.format("MMdd"): null

2018-04-03 11:19:48 - [TEST_STEP][PASSED] - Statement - dateHour = mydate.format("HHmm"): null

2018-04-03 11:19:48 - [TEST_STEP][PASSED] - Statement - x = "Automated test was executed, account (Report row)": null

2018-04-03 11:19:48 - [TEST_STEP][PASSED] - Statement - s = "Automated test was executed, account": null

2018-04-03 11:19:48 - [TEST_STEP][PASSED] - Statement - z = "Automated test was executed, contact form": null

2018-04-03 11:19:48 - [TEST_STEP][PASSED] - Statement - y = "Automated test was executed, contact form with out logging": null

2018-04-03 11:19:48 - [TEST_STEP][PASSED] - Statement - r = "Automated test was executed, Step 5": null

2018-04-03 11:19:48 - [TEST_STEP][PASSED] - click: Object: 'Object Repository/Header-Footer/Header buttons/Header_Button_Contact us' is clicked on

2018-04-03 11:19:49 - [MESSAGE][PASSED] - Object: 'Object Repository/Header-Footer/Header buttons/Header_Button_Contact us' is clicked on

2018-04-03 11:19:49 - [TEST_STEP][PASSED] - waitForElementPresent: Object 'Object Repository/Header-Footer/Ver_Buttons/ver_Contact form' is present

2018-04-03 11:19:49 - [MESSAGE][PASSED] - Object 'Object Repository/Header-Footer/Ver_Buttons/ver_Contact form' is present

2018-04-03 11:19:49 - [TEST_STEP][PASSED] - click: Object: 'Object Repository/Page_Contact us - Route Report/button_Send' is clicked on

2018-04-03 11:19:49 - [MESSAGE][PASSED] - Object: 'Object Repository/Page_Contact us - Route Report/button_Send' is clicked on

2018-04-03 11:19:49 - [TEST_STEP][PASSED] - verifyElementPresent: Object 'Object Repository/Page_Contact us - Route Report/error_Please provide your email' is present

2018-04-03 11:19:49 - [MESSAGE][WARNING] - Timeout '0' is invalid. Using default page load timeout: '30'

2018-04-03 11:19:49 - [MESSAGE][PASSED] - Object 'Object Repository/Page_Contact us - Route Report/error_Please provide your email' is present

2018-04-03 11:19:49 - [TEST_STEP][PASSED] - verifyElementPresent: Object 'Object Repository/Page_Contact us - Route Report/error_Please write your message' is present

2018-04-03 11:19:49 - [MESSAGE][WARNING] - Timeout '0' is invalid. Using default page load timeout: '30'

2018-04-03 11:19:49 - [MESSAGE][PASSED] - Object 'Object Repository/Page_Contact us - Route Report/error_Please write your message' is present

2018-04-03 11:19:49 - [TEST_STEP][PASSED] - verifyElementPresent: Object 'Object Repository/Page_Contact us - Route Report/error_Select the subject of your' is present

2018-04-03 11:19:49 - [MESSAGE][WARNING] - Timeout '0' is invalid. Using default page load timeout: '30'

2018-04-03 11:19:49 - [MESSAGE][PASSED] - Object 'Object Repository/Page_Contact us - Route Report/error_Select the subject of your' is present

2018-04-03 11:19:49 - [TEST_STEP][PASSED] - setText: Text 'rostyslav.biliaiev@route-report.com' is set on object 'Object Repository/Page_Contact us - Route Report/input_email'

2018-04-03 11:19:50 - [MESSAGE][PASSED] - Text 'rostyslav.biliaiev@route-report.com' is set on object 'Object Repository/Page_Contact us - Route Report/input_email'

2018-04-03 11:19:50 - [TEST_STEP][PASSED] - click: Object: 'Object Repository/Page_Contact us - Route Report/input_subject-name-input' is clicked on

2018-04-03 11:19:50 - [MESSAGE][PASSED] - Object: 'Object Repository/Page_Contact us - Route Report/input_subject-name-input' is clicked on

2018-04-03 11:19:50 - [TEST_STEP][PASSED] - click: Object: 'Object Repository/Page_Contact us - Route Report/Dropdown_element' is clicked on

2018-04-03 11:19:50 - [MESSAGE][PASSED] - Object: 'Object Repository/Page_Contact us - Route Report/Dropdown_element' is clicked on

2018-04-03 11:19:50 - [TEST_STEP][PASSED] - setText: Text 'Automated test was executed, contact form with out logging_date_0403_time_1119' is set on object 'Object Repository/Page_Contact us - Route Report/input_message'

2018-04-03 11:19:50 - [MESSAGE][PASSED] - Text 'Automated test was executed, contact form with out logging_date_0403_time_1119' is set on object 'Object Repository/Page_Contact us - Route Report/input_message'

2018-04-03 11:19:50 - [TEST_STEP][PASSED] - click: Object: 'Object Repository/Page_Contact us - Route Report/button_Send' is clicked on

2018-04-03 11:19:50 - [MESSAGE][PASSED] - Object: 'Object Repository/Page_Contact us - Route Report/button_Send' is clicked on

2018-04-03 11:19:50 - [TEST_STEP][PASSED] - delay: Delayed 1 second(s)

2018-04-03 11:19:51 - [MESSAGE][PASSED] - Delayed 1 second(s)

2018-04-03 11:19:51 - [TEST_STEP][PASSED] - verifyElementVisible: Object 'Object Repository/Page_Contact us - Route Report/Message is sent Thank you' is visible

2018-04-03 11:19:51 - [MESSAGE][PASSED] - Object 'Object Repository/Page_Contact us - Route Report/Message is sent Thank you' is visible

2018-04-03 11:19:51 - [TEST_STEP][PASSED] - click: Object: 'Object Repository/Login_registration/span_Login' is clicked on

2018-04-03 11:19:51 - [MESSAGE][PASSED] - Object: 'Object Repository/Login_registration/span_Login' is clicked on

2018-04-03 11:19:51 - [TEST_STEP][PASSED] - setText: Text 'rostyslav.biliaiev@route-report.com' is set on object 'Object Repository/Login_registration/input_in_login'

2018-04-03 11:19:52 - [MESSAGE][PASSED] - Text 'rostyslav.biliaiev@route-report.com' is set on object 'Object Repository/Login_registration/input_in_login'

2018-04-03 11:19:52 - [TEST_STEP][PASSED] - setText: Text '111111' is set on object 'Object Repository/Login_registration/input_in_password'

2018-04-03 11:19:53 - [MESSAGE][PASSED] - Text '111111' is set on object 'Object Repository/Login_registration/input_in_password'

2018-04-03 11:19:53 - [TEST_STEP][PASSED] - click: Object: 'Object Repository/Login_registration/button_LOG IN' is clicked on

2018-04-03 11:19:53 - [MESSAGE][PASSED] - Object: 'Object Repository/Login_registration/button_LOG IN' is clicked on

2018-04-03 11:19:53 - [TEST_STEP][PASSED] - click: Object: 'Object Repository/Header-Footer/Header buttons/Account_button' is clicked on

2018-04-03 11:19:57 - [MESSAGE][PASSED] - Object: 'Object Repository/Header-Footer/Header buttons/Account_button' is clicked on

2018-04-03 11:19:57 - [TEST_STEP][PASSED] - verifyElementPresent: Object 'Object Repository/Login_registration/span_My spoken languages' is present

2018-04-03 11:19:57 - [MESSAGE][PASSED] - Object 'Object Repository/Login_registration/span_My spoken languages' is present

2018-04-03 11:19:57 - [TEST_STEP][PASSED] - delay: Delayed 1 second(s)

2018-04-03 11:19:58 - [MESSAGE][PASSED] - Delayed 1 second(s)

2018-04-03 11:19:58 - [TEST_STEP][PASSED] - click: Object: 'Object Repository/Account/Buttons/but_Support' is clicked on

2018-04-03 11:19:58 - [MESSAGE][PASSED] - Object: 'Object Repository/Account/Buttons/but_Support' is clicked on

2018-04-03 11:19:58 - [TEST_STEP][PASSED] - waitForElementVisible: Object 'Object Repository/Account/ver/ver_Popup_support_shows' is visible

2018-04-03 11:19:59 - [MESSAGE][PASSED] - Object 'Object Repository/Account/ver/ver_Popup_support_shows' is visible

2018-04-03 11:19:59 - [TEST_STEP][PASSED] - click: Object: 'Object Repository/Account/Other/choose_subject_to_support' is clicked on

2018-04-03 11:19:59 - [MESSAGE][PASSED] - Object: 'Object Repository/Account/Other/choose_subject_to_support' is clicked on

2018-04-03 11:19:59 - [TEST_STEP][PASSED] - waitForElementVisible: Object 'Object Repository/Account/ver/ver_popup_help_shows' is visible

2018-04-03 11:20:00 - [MESSAGE][PASSED] - Object 'Object Repository/Account/ver/ver_popup_help_shows' is visible

2018-04-03 11:20:00 - [TEST_STEP][PASSED] - click: Object: 'Object Repository/Account/Buttons/button_send_msg_to_support' is clicked on

2018-04-03 11:20:00 - [MESSAGE][PASSED] - Object: 'Object Repository/Account/Buttons/button_send_msg_to_support' is clicked on

2018-04-03 11:20:00 - [TEST_STEP][PASSED] - delay: Delayed 1 second(s)

2018-04-03 11:20:01 - [MESSAGE][PASSED] - Delayed 1 second(s)

2018-04-03 11:20:01 - [TEST_STEP][PASSED] - waitForElementVisible: Object 'Object Repository/Account/ver/ver_error_Enter_your_message_HelpPopup' is visible

2018-04-03 11:20:01 - [MESSAGE][PASSED] - Object 'Object Repository/Account/ver/ver_error_Enter_your_message_HelpPopup' is visible

2018-04-03 11:20:01 - [TEST_STEP][PASSED] - setText: Text 'Automated test was executed, account (Report row)_date_0403_time_1119' is set on object 'Object Repository/Account/Input_fields/input_chat_with_support_field'

2018-04-03 11:20:01 - [MESSAGE][PASSED] - Text 'Automated test was executed, account (Report row)_date_0403_time_1119' is set on object 'Object Repository/Account/Input_fields/input_chat_with_support_field'

2018-04-03 11:20:01 - [TEST_STEP][PASSED] - uploadFile: File 'D:\test-photo.jpg' sent to object: 'Object Repository/Account/Buttons/button_upload_image_in_chat_with_support'

2018-04-03 11:20:02 - [MESSAGE][PASSED] - File 'D:\test-photo.jpg' sent to object: 'Object Repository/Account/Buttons/button_upload_image_in_chat_with_support'

2018-04-03 11:20:02 - [TEST_STEP][PASSED] - waitForElementVisible: Object 'Object Repository/Account/Buttons/button_Save_img_chat_support' is visible

2018-04-03 11:20:08 - [MESSAGE][PASSED] - Object 'Object Repository/Account/Buttons/button_Save_img_chat_support' is visible

2018-04-03 11:20:08 - [TEST_STEP][PASSED] - click: Object: 'Object Repository/Account/Buttons/button_Save_img_chat_support' is clicked on

2018-04-03 11:20:08 - [MESSAGE][PASSED] - Object: 'Object Repository/Account/Buttons/button_Save_img_chat_support' is clicked on

2018-04-03 11:20:08 - [TEST_STEP][PASSED] - delay: Delayed 1 second(s)

2018-04-03 11:20:09 - [MESSAGE][PASSED] - Delayed 1 second(s)

2018-04-03 11:20:09 - [TEST_STEP][PASSED] - click: Object: 'Object Repository/Account/Buttons/button_send_msg_to_support' is clicked on

2018-04-03 11:20:09 - [MESSAGE][PASSED] - Object: 'Object Repository/Account/Buttons/button_send_msg_to_support' is clicked on

2018-04-03 11:20:09 - [TEST_STEP][PASSED] - delay: Delayed 1 second(s)

2018-04-03 11:20:10 - [MESSAGE][PASSED] - Delayed 1 second(s)

2018-04-03 11:20:10 - [TEST_STEP][PASSED] - verifyElementText: Actual text and expected text of test object 'Object Repository/Account/ver/ver_sent_text_in_chat' are matched.

2018-04-03 11:20:10 - [MESSAGE][PASSED] - Actual text and expected text of test object 'Object Repository/Account/ver/ver_sent_text_in_chat' are matched.

2018-04-03 11:20:10 - [TEST_STEP][PASSED] - click: Object: 'Object Repository/Account/Buttons/button_close_popup_chat' is clicked on

2018-04-03 11:20:11 - [MESSAGE][PASSED] - Object: 'Object Repository/Account/Buttons/button_close_popup_chat' is clicked on

2018-04-03 11:20:11 - [TEST_STEP][PASSED] - delay: Delayed 1 second(s)

2018-04-03 11:20:12 - [MESSAGE][PASSED] - Delayed 1 second(s)

2018-04-03 11:20:12 - [TEST_STEP][PASSED] - click: Object: 'Object Repository/Account/Buttons/but_Support' is clicked on

2018-04-03 11:20:12 - [MESSAGE][PASSED] - Object: 'Object Repository/Account/Buttons/but_Support' is clicked on

2018-04-03 11:20:12 - [TEST_STEP][PASSED] - waitForElementVisible: Object 'Object Repository/Account/ver/ver_Popup_support_shows' is visible

2018-04-03 11:20:12 - [MESSAGE][WARNING] - Timeout '0' is invalid. Using default page load timeout: '30'

2018-04-03 11:20:13 - [MESSAGE][PASSED] - Object 'Object Repository/Account/ver/ver_Popup_support_shows' is visible

2018-04-03 11:20:13 - [TEST_STEP][PASSED] - click: Object: 'Object Repository/Account/Other/choose_subject_to_support' is clicked on

2018-04-03 11:20:13 - [MESSAGE][PASSED] - Object: 'Object Repository/Account/Other/choose_subject_to_support' is clicked on

2018-04-03 11:20:13 - [TEST_STEP][PASSED] - click: Object: 'Object Repository/Account/Buttons/button_send_msg_to_support' is clicked on

2018-04-03 11:20:14 - [MESSAGE][PASSED] - Object: 'Object Repository/Account/Buttons/button_send_msg_to_support' is clicked on

2018-04-03 11:20:14 - [TEST_STEP][PASSED] - waitForElementVisible: Object 'Object Repository/Account/ver/ver_error_Enter_your_message_HelpPopup' is visible

2018-04-03 11:20:14 - [MESSAGE][PASSED] - Object 'Object Repository/Account/ver/ver_error_Enter_your_message_HelpPopup' is visible

2018-04-03 11:20:14 - [TEST_STEP][PASSED] - setText: Text 'Automated test was executed, account_date_0403_time_1119' is set on object 'Object Repository/Account/Input_fields/input_chat_with_support_field'

2018-04-03 11:20:14 - [MESSAGE][PASSED] - Text 'Automated test was executed, account_date_0403_time_1119' is set on object 'Object Repository/Account/Input_fields/input_chat_with_support_field'

2018-04-03 11:20:14 - [TEST_STEP][PASSED] - uploadFile: File 'D:\test-photo.jpg' sent to object: 'Object Repository/Account/Buttons/button_upload_image_in_chat_with_support'

2018-04-03 11:20:14 - [MESSAGE][PASSED] - File 'D:\test-photo.jpg' sent to object: 'Object Repository/Account/Buttons/button_upload_image_in_chat_with_support'

2018-04-03 11:20:14 - [TEST_STEP][PASSED] - waitForElementVisible: Object 'Object Repository/Account/Buttons/button_Save_img_chat_support' is visible

2018-04-03 11:20:19 - [MESSAGE][PASSED] - Object 'Object Repository/Account/Buttons/button_Save_img_chat_support' is visible

2018-04-03 11:20:19 - [TEST_STEP][PASSED] - click: Object: 'Object Repository/Account/Buttons/button_Save_img_chat_support' is clicked on

2018-04-03 11:20:19 - [MESSAGE][PASSED] - Object: 'Object Repository/Account/Buttons/button_Save_img_chat_support' is clicked on

2018-04-03 11:20:19 - [TEST_STEP][PASSED] - delay: Delayed 1 second(s)

2018-04-03 11:20:20 - [MESSAGE][PASSED] - Delayed 1 second(s)

2018-04-03 11:20:20 - [TEST_STEP][PASSED] - click: Object: 'Object Repository/Account/Buttons/button_send_msg_to_support' is clicked on

2018-04-03 11:20:20 - [MESSAGE][PASSED] - Object: 'Object Repository/Account/Buttons/button_send_msg_to_support' is clicked on

2018-04-03 11:20:20 - [TEST_STEP][PASSED] - delay: Delayed 1 second(s)

2018-04-03 11:20:21 - [MESSAGE][PASSED] - Delayed 1 second(s)

2018-04-03 11:20:21 - [TEST_STEP][PASSED] - verifyElementText: Actual text and expected text of test object 'Object Repository/Account/ver/ver_sent_text_in_chat' are matched.

2018-04-03 11:20:21 - [MESSAGE][PASSED] - Actual text and expected text of test object 'Object Repository/Account/ver/ver_sent_text_in_chat' are matched.

2018-04-03 11:20:21 - [TEST_STEP][PASSED] - click: Object: 'Object Repository/Account/Buttons/button_close_popup_chat' is clicked on

2018-04-03 11:20:21 - [MESSAGE][PASSED] - Object: 'Object Repository/Account/Buttons/button_close_popup_chat' is clicked on

2018-04-03 11:20:21 - [TEST_STEP][PASSED] - click: Object: 'Object Repository/Account/Buttons/button_Edit_report' is clicked on

2018-04-03 11:20:21 - [MESSAGE][PASSED] - Object: 'Object Repository/Account/Buttons/button_Edit_report' is clicked on

2018-04-03 11:20:21 - [TEST_STEP][PASSED] - switchToWindowIndex: Switched to window with index: '1'

2018-04-03 11:20:21 - [MESSAGE][PASSED] - Switched to window with index: '1'

2018-04-03 11:20:21 - [TEST_STEP][PASSED] - waitForElementVisible: Object 'Object Repository/Edit_report/Step_1/ver_Step_1_is_loaded' is visible

2018-04-03 11:20:26 - [MESSAGE][PASSED] - Object 'Object Repository/Edit_report/Step_1/ver_Step_1_is_loaded' is visible

2018-04-03 11:20:26 - [TEST_STEP][PASSED] - delay: Delayed 3 second(s)

2018-04-03 11:20:29 - [MESSAGE][PASSED] - Delayed 3 second(s)

2018-04-03 11:20:29 - [TEST_STEP][PASSED] - click: Object: 'Object Repository/Edit_report/but_Step_5' is clicked on

2018-04-03 11:20:30 - [MESSAGE][PASSED] - Object: 'Object Repository/Edit_report/but_Step_5' is clicked on

2018-04-03 11:20:30 - [TEST_STEP][PASSED] - waitForElementPresent: Object 'Object Repository/Edit_report/Step_5/but_request_support' is present

2018-04-03 11:20:30 - [MESSAGE][PASSED] - Object 'Object Repository/Edit_report/Step_5/but_request_support' is present

2018-04-03 11:20:30 - [TEST_STEP][PASSED] - delay: Delayed 3 second(s)

2018-04-03 11:20:33 - [MESSAGE][PASSED] - Delayed 3 second(s)

2018-04-03 11:20:33 - [TEST_STEP][PASSED] - click: Object: 'Object Repository/Edit_report/Step_5/but_request_support' is clicked on

2018-04-03 11:20:33 - [MESSAGE][PASSED] - Object: 'Object Repository/Edit_report/Step_5/but_request_support' is clicked on

2018-04-03 11:20:33 - [TEST_STEP][PASSED] - waitForElementVisible: Object 'Object Repository/Account/ver/ver_Popup_support_shows' is visible

2018-04-03 11:20:34 - [MESSAGE][PASSED] - Object 'Object Repository/Account/ver/ver_Popup_support_shows' is visible

2018-04-03 11:20:34 - [TEST_STEP][FAILED] - click: Unable to click on object 'Object Repository/Account/Other/choose_subject_to_support' (Root cause: com.kms.katalon.core.webui.exception.WebElementNotFoundException: Web element with id: 'Object Repository/Account/Other/choose_subject_to_support' located by 'By.xpath: (//div[@class="every_list_ticket"])[1]' not found)

2018-04-03 11:21:06 - [MESSAGE][FAILED] - Unable to click on object 'Object Repository/Account/Other/choose_subject_to_support' (Root cause: com.kms.katalon.core.webui.exception.WebElementNotFoundException: Web element with id: 'Object Repository/Account/Other/choose_subject_to_support' located by 'By.xpath: (//div[@class="every_list_ticket"])[1]' not found)
[[ATTACHMENT|C:\\Users\\user\\Katalon Studio\\Route_report_WEB\\Reports\\Account\\20180403_111318\\1522743666073.png]]]]></system-out>
         <system-err><![CDATA[2018-04-03 11:19:40 - [TEST_CASE][FAILED] - Test Cases/Account/Support_request: Test Cases/Account/Support_request FAILED because (of) Unable to click on object 'Object Repository/Account/Other/choose_subject_to_support' (Root cause: com.kms.katalon.core.webui.exception.WebElementNotFoundException: Web element with id: 'Object Repository/Account/Other/choose_subject_to_support' located by 'By.xpath: (//div[@class="every_list_ticket"])[1]' not found)]]></system-err>
      </testcase>
      <system-out><![CDATA[2018-04-03 11:13:24 - [TEST_SUITE][FAILED] - Account: Test Cases/Account/Account_Change_data FAILED because (of) Unable to click on object 'Object Repository/Account/Buttons/button_change_name_mail_phone' (Root cause: org.openqa.selenium.WebDriverException: unknown error: Element <i class="acc acc-edit change_lc_edit"></i> is not clickable at point (1034, 246). Other element would receive the click: <div class="srm_loading">...</div>
  (Session info: chrome=65.0.3325.181)
  (Driver info: chromedriver=2.35.528161 (5b82f2d2aae0ca24b877009200ced9065a772e73),platform=Windows NT 6.3.9600 x86_64) (WARNING: The server did not provide any stacktrace information)
Command duration or timeout: 0 milliseconds
Build info: version: '3.7.1', revision: '8a0099a', time: '2017-11-06T21:07:36.161Z'
System info: host: 'BRAINPC', ip: '192.168.137.2', os.name: 'Windows 8.1', os.arch: 'amd64', os.version: '6.3', java.version: '1.8.0_102'
Driver info: com.kms.katalon.selenium.driver.CChromeDriver
Capabilities {acceptInsecureCerts: false, acceptSslCerts: false, applicationCacheEnabled: false, browserConnectionEnabled: false, browserName: chrome, chrome: {chromedriverVersion: 2.35.528161 (5b82f2d2aae0ca..., userDataDir: C:\Users\user\AppData\Local...}, cssSelectorsEnabled: true, databaseEnabled: false, handlesAlerts: true, hasTouchScreen: false, javascriptEnabled: true, locationContextEnabled: true, mobileEmulationEnabled: false, nativeEvents: true, networkConnectionEnabled: false, pageLoadStrategy: normal, platform: XP, platformName: XP, rotatable: false, setWindowRect: true, takesHeapSnapshot: true, takesScreenshot: true, unexpectedAlertBehaviour: , unhandledPromptBehavior: , version: 65.0.3325.181, webStorageEnabled: true}
Session ID: 30cb26253a29a6719a1ef69ef88d2196)]]></system-out>
      <system-err><![CDATA[2018-04-03 11:13:24 - [TEST_SUITE][FAILED] - Account: Test Cases/Account/Account_Change_data FAILED because (of) Unable to click on object 'Object Repository/Account/Buttons/button_change_name_mail_phone' (Root cause: org.openqa.selenium.WebDriverException: unknown error: Element <i class="acc acc-edit change_lc_edit"></i> is not clickable at point (1034, 246). Other element would receive the click: <div class="srm_loading">...</div>
  (Session info: chrome=65.0.3325.181)
  (Driver info: chromedriver=2.35.528161 (5b82f2d2aae0ca24b877009200ced9065a772e73),platform=Windows NT 6.3.9600 x86_64) (WARNING: The server did not provide any stacktrace information)
Command duration or timeout: 0 milliseconds
Build info: version: '3.7.1', revision: '8a0099a', time: '2017-11-06T21:07:36.161Z'
System info: host: 'BRAINPC', ip: '192.168.137.2', os.name: 'Windows 8.1', os.arch: 'amd64', os.version: '6.3', java.version: '1.8.0_102'
Driver info: com.kms.katalon.selenium.driver.CChromeDriver
Capabilities {acceptInsecureCerts: false, acceptSslCerts: false, applicationCacheEnabled: false, browserConnectionEnabled: false, browserName: chrome, chrome: {chromedriverVersion: 2.35.528161 (5b82f2d2aae0ca..., userDataDir: C:\Users\user\AppData\Local...}, cssSelectorsEnabled: true, databaseEnabled: false, handlesAlerts: true, hasTouchScreen: false, javascriptEnabled: true, locationContextEnabled: true, mobileEmulationEnabled: false, nativeEvents: true, networkConnectionEnabled: false, pageLoadStrategy: normal, platform: XP, platformName: XP, rotatable: false, setWindowRect: true, takesHeapSnapshot: true, takesScreenshot: true, unexpectedAlertBehaviour: , unhandledPromptBehavior: , version: 65.0.3325.181, webStorageEnabled: true}
Session ID: 30cb26253a29a6719a1ef69ef88d2196)]]></system-err>
   </testsuite>
</testsuites>
